#
# A fatal error has been detected by the Java Runtime Environment:
#
#  SIGSEGV (0xb) at pc=0x00007fef6dbebe10, pid=23549, tid=140666662377216
#
# JRE version: 7.0_17-b02
# Java VM: Java HotSpot(TM) 64-Bit Server VM (23.7-b01 mixed mode linux-amd64 compressed oops)
# Problematic frame:
# C  [libnvidia-glcore.so.270.41.06+0x10f9e10]  _nv005glcore+0x1d0d70
#
# Failed to write core dump. Core dumps have been disabled. To enable core dumping, try "ulimit -c unlimited" before starting Java again
#
# If you would like to submit a bug report, please visit:
#   http://bugreport.sun.com/bugreport/crash.jsp
# The crash happened outside the Java Virtual Machine in native code.
# See problematic frame for where to report the bug.
#

---------------  T H R E A D  ---------------

Current thread (0x0000000000868000):  JavaThread "main" [_thread_in_native, id=23556, stack(0x00007fef82615000,0x00007fef82716000)]

siginfo:si_signo=SIGSEGV: si_errno=0, si_code=1 (SEGV_MAPERR), si_addr=0x0000000000000000

Registers:
RAX=0x0000000000000000, RBX=0x00007fef705b5e60, RCX=0x0000000000000000, RDX=0x0000000000000000
RSP=0x00007fef827145a0, RBP=0x0000000000000001, RSI=0x00000000ffffffff, RDI=0x00007fef702cbdc0
R8 =0x0000000000000001, R9 =0x0000000000000000, R10=0x0000000000000001, R11=0x00007fef6d8b5940
R12=0x00007fef702cbdc0, R13=0x0000000000000000, R14=0x0000000041a75000, R15=0x0000000000000000
RIP=0x00007fef6dbebe10, EFLAGS=0x0000000000010202, CSGSFS=0x0000000000000033, ERR=0x0000000000000006
  TRAPNO=0x000000000000000e

Top of Stack: (sp=0x00007fef827145a0)
0x00007fef827145a0:   000000037cb15410 0000000000000001
0x00007fef827145b0:   000000003f800000 0000000000000001
0x00007fef827145c0:   0000000000000000 0000000000000001
0x00007fef827145d0:   0000000000000003 00007fef6d7d71f6
0x00007fef827145e0:   00007fef82714830 0000000041a75000
0x00007fef827145f0:   00007fef705b5e60 0000000041a75000
0x00007fef82714600:   00007fef705a1d30 0000000000000001
0x00007fef82714610:   0000000000000001 0000000000000000
0x00007fef82714620:   00007fef705b2440 00007fef6d7d786e
0x00007fef82714630:   0000000000000001 0000000000000001
0x00007fef82714640:   0000000700000000 0000000000000000
0x00007fef82714650:   000000003f800000 0000000000000000
0x00007fef82714660:   00007fef6e729160 0000000041a75000
0x00007fef82714670:   000000077e25af18 00007fef82714770
0x00007fef82714680:   0000000000868000 00007fef6d7da527
0x00007fef82714690:   0000000000000001 00007fef00000000
0x00007fef827146a0:   00007fef82714708 3f8000007cb16333
0x00007fef827146b0:   000000077e25af18 00007fef82714738
0x00007fef827146c0:   0000000000000000 00007fef7cb21f90
0x00007fef827146d0:   000000077e0e0af0 00007fef82714718
0x00007fef827146e0:   000000077e0e2368 0000000000000000
0x00007fef827146f0:   000000077e0e0b18 00007fef827146f8
0x00007fef82714700:   0000000000000000 00007fef82714770
0x00007fef82714710:   000000077e2649b0 0000000000000000
0x00007fef82714720:   000000077e25af18 0000000000000000
0x00007fef82714730:   00007fef82714758 00007fef827147b8
0x00007fef82714740:   00007fef7cb16158 00000007d6ab1308
0x00007fef82714750:   00007fef7cb1edd8 00007fef6ec2c2c0
0x00007fef82714760:   00007fef7cb16158 00007fef3f800000
0x00007fef82714770:   0000000000000000 00007fef82714778
0x00007fef82714780:   000000077e25ae08 00007fef827147e8
0x00007fef82714790:   000000077e2649b0 0000000000000000 

Instructions: (pc=0x00007fef6dbebe10)
0x00007fef6dbebdf0:   14 c5 00 00 00 00 48 c1 e0 05 48 29 d0 48 8d 44
0x00007fef6dbebe00:   01 10 49 3b 44 24 70 0f 83 ad 00 00 00 49 63 c7
0x00007fef6dbebe10:   c7 01 e0 08 03 20 c7 41 04 00 41 00 00 49 8d 84
0x00007fef6dbebe20:   c4 b0 86 07 00 85 ed 48 8d 71 10 8b 50 0c 89 51 

Register to memory mapping:

RAX=0x0000000000000000 is an unknown value
RBX=0x00007fef705b5e60 is an unknown value
RCX=0x0000000000000000 is an unknown value
RDX=0x0000000000000000 is an unknown value
RSP=0x00007fef827145a0 is pointing into the stack for thread: 0x0000000000868000
RBP=0x0000000000000001 is an unknown value
RSI=0x00000000ffffffff is an unknown value
RDI=0x00007fef702cbdc0 is an unknown value
R8 =0x0000000000000001 is an unknown value
R9 =0x0000000000000000 is an unknown value
R10=0x0000000000000001 is an unknown value
R11=0x00007fef6d8b5940: <offset 0xdc3940> in /usr/lib/nvidia-current/libnvidia-glcore.so.270.41.06 at 0x00007fef6caf2000
R12=0x00007fef702cbdc0 is an unknown value
R13=0x0000000000000000 is an unknown value
R14=0x0000000041a75000 is an unknown value
R15=0x0000000000000000 is an unknown value


Stack: [0x00007fef82615000,0x00007fef82716000],  sp=0x00007fef827145a0,  free space=1021k
Native frames: (J=compiled Java code, j=interpreted, Vv=VM code, C=native code)
C  [libnvidia-glcore.so.270.41.06+0x10f9e10]  _nv005glcore+0x1d0d70

Java frames: (J=compiled Java code, j=interpreted, Vv=VM code)
j  org.lwjgl.opengl.GL20.nglUniform1f(IFJ)V+0
j  org.lwjgl.opengl.GL20.glUniform1f(IF)V+16
j  display.FragChangeColor04.init()V+323
j  display.LWJGLWindow.start(II)V+117
j  display.LWJGLWindow.start()V+7
j  display.LevelMaker.main([Ljava/lang/String;)V+12
v  ~StubRoutines::call_stub

---------------  P R O C E S S  ---------------

Java Threads: ( => current thread )
  0x00007fef70140800 JavaThread "process reaper" daemon [_thread_blocked, id=23571, stack(0x00007fef74d08000,0x00007fef74d30000)]
  0x00007fef7011b000 JavaThread "AWT-XAWT" daemon [_thread_in_native, id=23569, stack(0x00007fef6f4ca000,0x00007fef6f5cb000)]
  0x00007fef700e6000 JavaThread "Java2D Disposer" daemon [_thread_blocked, id=23568, stack(0x00007fef7409a000,0x00007fef7419b000)]
  0x00007fef70006800 JavaThread "Service Thread" daemon [_thread_blocked, id=23566, stack(0x00007fef75358000,0x00007fef75459000)]
  0x00007fef70004000 JavaThread "C2 CompilerThread1" daemon [_thread_blocked, id=23565, stack(0x00007fef75459000,0x00007fef7555a000)]
  0x00007fef70001000 JavaThread "C2 CompilerThread0" daemon [_thread_blocked, id=23564, stack(0x00007fef7555a000,0x00007fef7565b000)]
  0x000000000094b800 JavaThread "Signal Dispatcher" daemon [_thread_blocked, id=23563, stack(0x00007fef7565b000,0x00007fef7575c000)]
  0x00000000008fe800 JavaThread "Finalizer" daemon [_thread_blocked, id=23562, stack(0x00007fef75de6000,0x00007fef75ee7000)]
  0x00000000008f6800 JavaThread "Reference Handler" daemon [_thread_blocked, id=23561, stack(0x00007fef75ee7000,0x00007fef75fe8000)]
=>0x0000000000868000 JavaThread "main" [_thread_in_native, id=23556, stack(0x00007fef82615000,0x00007fef82716000)]

Other Threads:
  0x00000000008ef000 VMThread [stack: 0x00007fef75fe8000,0x00007fef760e9000] [id=23560]
  0x00007fef70011000 WatcherThread [stack: 0x00007fef75257000,0x00007fef75358000] [id=23567]

VM state:not at safepoint (normal execution)

VM Mutex/Monitor currently owned by a thread: None

Heap
 PSYoungGen      total 37376K, used 6737K [0x00000007d64b0000, 0x00000007d8e60000, 0x0000000800000000)
  eden space 32064K, 21% used [0x00000007d64b0000,0x00000007d6b44420,0x00000007d8400000)
  from space 5312K, 0% used [0x00000007d8930000,0x00000007d8930000,0x00000007d8e60000)
  to   space 5312K, 0% used [0x00000007d8400000,0x00000007d8400000,0x00000007d8930000)
 ParOldGen       total 85376K, used 0K [0x0000000782e00000, 0x0000000788160000, 0x00000007d64b0000)
  object space 85376K, 0% used [0x0000000782e00000,0x0000000782e00000,0x0000000788160000)
 PSPermGen       total 21248K, used 6557K [0x000000077dc00000, 0x000000077f0c0000, 0x0000000782e00000)
  object space 21248K, 30% used [0x000000077dc00000,0x000000077e267450,0x000000077f0c0000)

Card table byte_map: [0x00007fef7c6fd000,0x00007fef7cb10000] byte_map_base: 0x00007fef78b0f000

Polling page: 0x00007fef82741000

Code Cache  [0x00007fef7cb10000, 0x00007fef7cd80000, 0x00007fef7fb10000)
 total_blobs=431 nmethods=22 adapters=362 free_code_cache=48621Kb largest_free_block=49773568

Compilation events (10 events):
Event: 1.373 Thread 0x00007fef70001000 nmethod 17 0x00007fef7cb90bd0 code [0x00007fef7cb90d00, 0x00007fef7cb90d78]
Event: 1.373 Thread 0x00007fef70001000   18             org.lwjgl.MemoryUtil$CharSequenceNT::charAt (28 bytes)
Event: 1.374 Thread 0x00007fef70001000 nmethod 18 0x00007fef7cb90810 code [0x00007fef7cb90960, 0x00007fef7cb90a58]
Event: 1.374 Thread 0x00007fef70001000   19             java.nio.DirectByteBuffer::put (17 bytes)
Event: 1.375 Thread 0x00007fef70001000 nmethod 19 0x00007fef7cb8e9d0 code [0x00007fef7cb8eb00, 0x00007fef7cb8eb98]
Event: 1.375 Thread 0x00007fef70001000   20             java.nio.Buffer::nextPutIndex (31 bytes)
Event: 1.375 Thread 0x00007fef70001000 nmethod 20 0x00007fef7cb8e790 code [0x00007fef7cb8e8c0, 0x00007fef7cb8e938]
Event: 1.382 Thread 0x00007fef70004000 nmethod 14 0x00007fef7cb8db10 code [0x00007fef7cb8dce0, 0x00007fef7cb8e240]
Event: 1.585 Thread 0x00007fef70001000   22             java.lang.String::startsWith (72 bytes)
Event: 1.593 Thread 0x00007fef70001000 nmethod 22 0x00007fef7cb95210 code [0x00007fef7cb95360, 0x00007fef7cb95518]

GC Heap History (0 events):
No events

Deoptimization events (0 events):
No events

Internal exceptions (10 events):
Event: 1.562 Thread 0x0000000000868000 Threw 0x00000007d6a66428 at /HUDSON/workspace/jdk7u17-2-build-linux-amd64-product/jdk7u17/hotspot/src/share/vm/prims/jvm.cpp:1166
Event: 1.563 Thread 0x0000000000868000 Threw 0x00000007d6a68688 at /HUDSON/workspace/jdk7u17-2-build-linux-amd64-product/jdk7u17/hotspot/src/share/vm/prims/jvm.cpp:1166
Event: 1.564 Thread 0x0000000000868000 Threw 0x00000007d6a6a860 at /HUDSON/workspace/jdk7u17-2-build-linux-amd64-product/jdk7u17/hotspot/src/share/vm/prims/jvm.cpp:1166
Event: 1.566 Thread 0x0000000000868000 Threw 0x00000007d6a73188 at /HUDSON/workspace/jdk7u17-2-build-linux-amd64-product/jdk7u17/hotspot/src/share/vm/prims/jvm.cpp:1166
Event: 1.571 Thread 0x0000000000868000 Threw 0x00000007d6a94eb0 at /HUDSON/workspace/jdk7u17-2-build-linux-amd64-product/jdk7u17/hotspot/src/share/vm/prims/jvm.cpp:1166
Event: 1.571 Thread 0x0000000000868000 Threw 0x00000007d6a97368 at /HUDSON/workspace/jdk7u17-2-build-linux-amd64-product/jdk7u17/hotspot/src/share/vm/prims/jvm.cpp:1166
Event: 1.572 Thread 0x0000000000868000 Threw 0x00000007d6a99308 at /HUDSON/workspace/jdk7u17-2-build-linux-amd64-product/jdk7u17/hotspot/src/share/vm/prims/jvm.cpp:1166
Event: 1.572 Thread 0x0000000000868000 Threw 0x00000007d6a9b158 at /HUDSON/workspace/jdk7u17-2-build-linux-amd64-product/jdk7u17/hotspot/src/share/vm/prims/jvm.cpp:1166
Event: 1.593 Thread 0x0000000000868000 Threw 0x00000007d6adbb40 at /HUDSON/workspace/jdk7u17-2-build-linux-amd64-product/jdk7u17/hotspot/src/share/vm/prims/jvm.cpp:1166
Event: 1.594 Thread 0x0000000000868000 Threw 0x00000007d6add3b0 at /HUDSON/workspace/jdk7u17-2-build-linux-amd64-product/jdk7u17/hotspot/src/share/vm/prims/jvm.cpp:1166

Events (10 events):
Event: 1.571 loading class 0x00007fef703f4ca0
Event: 1.571 loading class 0x00007fef703f4ca0 done
Event: 1.572 loading class 0x00007fef703f6140
Event: 1.572 loading class 0x00007fef703f6140 done
Event: 1.572 loading class 0x00007fef700209b0
Event: 1.572 loading class 0x00007fef700209b0 done
Event: 1.593 loading class 0x00007fef700207f0
Event: 1.593 loading class 0x00007fef700207f0 done
Event: 1.594 loading class 0x00007fef7039c900
Event: 1.594 loading class 0x00007fef7039c900 done


Dynamic libraries:
00400000-00401000 r-xp 00000000 08:05 6034666                            /usr/lib/jvm/java-7-oracle/bin/java
00600000-00601000 rw-p 00000000 08:05 6034666                            /usr/lib/jvm/java-7-oracle/bin/java
0085e000-00b38000 rw-p 00000000 00:00 0                                  [heap]
4191d000-4191f000 r-xs 00000000 08:05 4627022                            /tmp/glYQixiy (deleted)
41a75000-41aec000 rw-p 00000000 00:00 0 
77dc00000-77f0c0000 rw-p 00000000 00:00 0 
77f0c0000-782e00000 rw-p 00000000 00:00 0 
782e00000-788160000 rw-p 00000000 00:00 0 
788160000-7d64b0000 rw-p 00000000 00:00 0 
7d64b0000-7d8e60000 rw-p 00000000 00:00 0 
7d8e60000-800000000 rw-p 00000000 00:00 0 
7fef6c80d000-7fef6ca0d000 rw-s 1efe6000 00:05 10304                      /dev/nvidia0
7fef6ca0d000-7fef6cad6000 rw-p 00000000 00:00 0 
7fef6cad7000-7fef6caf2000 rw-s 101a60000 00:05 10304                     /dev/nvidia0
7fef6caf2000-7fef6df40000 r-xp 00000000 08:05 6032921                    /usr/lib/nvidia-current/libnvidia-glcore.so.270.41.06
7fef6df40000-7fef6e140000 ---p 0144e000 08:05 6032921                    /usr/lib/nvidia-current/libnvidia-glcore.so.270.41.06
7fef6e140000-7fef6e728000 rwxp 0144e000 08:05 6032921                    /usr/lib/nvidia-current/libnvidia-glcore.so.270.41.06
7fef6e728000-7fef6e73f000 rwxp 00000000 00:00 0 
7fef6e73f000-7fef6e740000 r-xp 00000000 08:05 6032924                    /usr/lib/nvidia-current/tls/libnvidia-tls.so.270.41.06
7fef6e740000-7fef6e940000 ---p 00001000 08:05 6032924                    /usr/lib/nvidia-current/tls/libnvidia-tls.so.270.41.06
7fef6e940000-7fef6e941000 rw-p 00001000 08:05 6032924                    /usr/lib/nvidia-current/tls/libnvidia-tls.so.270.41.06
7fef6e941000-7fef6e9fe000 r-xp 00000000 08:05 6032925                    /usr/lib/nvidia-current/libGL.so.270.41.06
7fef6e9fe000-7fef6ebfe000 ---p 000bd000 08:05 6032925                    /usr/lib/nvidia-current/libGL.so.270.41.06
7fef6ebfe000-7fef6ec37000 rwxp 000bd000 08:05 6032925                    /usr/lib/nvidia-current/libGL.so.270.41.06
7fef6ec37000-7fef6ec4d000 rwxp 00000000 00:00 0 
7fef6ec4d000-7fef6ec52000 r-xp 00000000 08:05 6038842                    /usr/lib/x86_64-linux-gnu/libXxf86vm.so.1.0.0
7fef6ec52000-7fef6ee51000 ---p 00005000 08:05 6038842                    /usr/lib/x86_64-linux-gnu/libXxf86vm.so.1.0.0
7fef6ee51000-7fef6ee52000 r--p 00004000 08:05 6038842                    /usr/lib/x86_64-linux-gnu/libXxf86vm.so.1.0.0
7fef6ee52000-7fef6ee53000 rw-p 00005000 08:05 6038842                    /usr/lib/x86_64-linux-gnu/libXxf86vm.so.1.0.0
7fef6ee53000-7fef6ee5b000 r-xp 00000000 08:05 6038836                    /usr/lib/x86_64-linux-gnu/libXrandr.so.2.2.0
7fef6ee5b000-7fef6f05a000 ---p 00008000 08:05 6038836                    /usr/lib/x86_64-linux-gnu/libXrandr.so.2.2.0
7fef6f05a000-7fef6f05b000 r--p 00007000 08:05 6038836                    /usr/lib/x86_64-linux-gnu/libXrandr.so.2.2.0
7fef6f05b000-7fef6f05c000 rw-p 00008000 08:05 6038836                    /usr/lib/x86_64-linux-gnu/libXrandr.so.2.2.0
7fef6f05c000-7fef6f0c6000 r-xp 00000000 00:15 4589809                    /home/skel/code/lwjgl/lwjgl-2.8.5/native/linux/liblwjgl64.so
7fef6f0c6000-7fef6f2c6000 ---p 0006a000 00:15 4589809                    /home/skel/code/lwjgl/lwjgl-2.8.5/native/linux/liblwjgl64.so
7fef6f2c6000-7fef6f2c8000 r--p 0006a000 00:15 4589809                    /home/skel/code/lwjgl/lwjgl-2.8.5/native/linux/liblwjgl64.so
7fef6f2c8000-7fef6f2c9000 rw-p 0006c000 00:15 4589809                    /home/skel/code/lwjgl/lwjgl-2.8.5/native/linux/liblwjgl64.so
7fef6f2c9000-7fef6f2ca000 r-xp 00000000 08:05 6039238                    /usr/lib/jvm/java-7-oracle/jre/lib/amd64/libjawt.so
7fef6f2ca000-7fef6f4c9000 ---p 00001000 08:05 6039238                    /usr/lib/jvm/java-7-oracle/jre/lib/amd64/libjawt.so
7fef6f4c9000-7fef6f4ca000 rw-p 00000000 08:05 6039238                    /usr/lib/jvm/java-7-oracle/jre/lib/amd64/libjawt.so
7fef6f4ca000-7fef6f4cd000 ---p 00000000 00:00 0 
7fef6f4cd000-7fef6f5cb000 rw-p 00000000 00:00 0 
7fef6f5cb000-7fef6f5d0000 r-xp 00000000 08:05 6038828                    /usr/lib/x86_64-linux-gnu/libXfixes.so.3.1.0
7fef6f5d0000-7fef6f7cf000 ---p 00005000 08:05 6038828                    /usr/lib/x86_64-linux-gnu/libXfixes.so.3.1.0
7fef6f7cf000-7fef6f7d0000 r--p 00004000 08:05 6038828                    /usr/lib/x86_64-linux-gnu/libXfixes.so.3.1.0
7fef6f7d0000-7fef6f7d1000 rw-p 00005000 08:05 6038828                    /usr/lib/x86_64-linux-gnu/libXfixes.so.3.1.0
7fef6f7d1000-7fef6f7da000 r-xp 00000000 08:05 6038818                    /usr/lib/x86_64-linux-gnu/libXcursor.so.1.0.2
7fef6f7da000-7fef6f9d9000 ---p 00009000 08:05 6038818                    /usr/lib/x86_64-linux-gnu/libXcursor.so.1.0.2
7fef6f9d9000-7fef6f9da000 r--p 00008000 08:05 6038818                    /usr/lib/x86_64-linux-gnu/libXcursor.so.1.0.2
7fef6f9da000-7fef6f9db000 rw-p 00009000 08:05 6038818                    /usr/lib/x86_64-linux-gnu/libXcursor.so.1.0.2
7fef6f9db000-7fef6f9e0000 r-xp 00000000 08:05 6038824                    /usr/lib/x86_64-linux-gnu/libXdmcp.so.6.0.0
7fef6f9e0000-7fef6fbdf000 ---p 00005000 08:05 6038824                    /usr/lib/x86_64-linux-gnu/libXdmcp.so.6.0.0
7fef6fbdf000-7fef6fbe0000 r--p 00004000 08:05 6038824                    /usr/lib/x86_64-linux-gnu/libXdmcp.so.6.0.0
7fef6fbe0000-7fef6fbe1000 rw-p 00005000 08:05 6038824                    /usr/lib/x86_64-linux-gnu/libXdmcp.so.6.0.0
7fef6fbe1000-7fef6fbe3000 r-xp 00000000 08:05 6038814                    /usr/lib/x86_64-linux-gnu/libXau.so.6.0.0
7fef6fbe3000-7fef6fde2000 ---p 00002000 08:05 6038814                    /usr/lib/x86_64-linux-gnu/libXau.so.6.0.0
7fef6fde2000-7fef6fde3000 r--p 00001000 08:05 6038814                    /usr/lib/x86_64-linux-gnu/libXau.so.6.0.0
7fef6fde3000-7fef6fde4000 rw-p 00002000 08:05 6038814                    /usr/lib/x86_64-linux-gnu/libXau.so.6.0.0
7fef6fde4000-7fef6fdff000 r-xp 00000000 08:05 6038970                    /usr/lib/x86_64-linux-gnu/libxcb.so.1.1.0
7fef6fdff000-7fef6fffe000 ---p 0001b000 08:05 6038970                    /usr/lib/x86_64-linux-gnu/libxcb.so.1.1.0
7fef6fffe000-7fef6ffff000 r--p 0001a000 08:05 6038970                    /usr/lib/x86_64-linux-gnu/libxcb.so.1.1.0
7fef6ffff000-7fef70000000 rw-p 0001b000 08:05 6038970                    /usr/lib/x86_64-linux-gnu/libxcb.so.1.1.0
7fef70000000-7fef706c4000 rw-p 00000000 00:00 0 
7fef706c4000-7fef74000000 ---p 00000000 00:00 0 
7fef7400c000-7fef74059000 rw-p 00000000 00:00 0 
7fef7405e000-7fef7405f000 rw-p 00000000 00:00 0 
7fef7405f000-7fef74063000 rw-s 217c7d000 00:05 10304                     /dev/nvidia0
7fef74063000-7fef7409a000 rw-p 00000000 00:00 0 
7fef7409a000-7fef7409d000 ---p 00000000 00:00 0 
7fef7409d000-7fef7419b000 rw-p 00000000 00:00 0 
7fef7419b000-7fef741aa000 r-xp 00000000 08:05 6038832                    /usr/lib/x86_64-linux-gnu/libXi.so.6.1.0
7fef741aa000-7fef743a9000 ---p 0000f000 08:05 6038832                    /usr/lib/x86_64-linux-gnu/libXi.so.6.1.0
7fef743a9000-7fef743aa000 r--p 0000e000 08:05 6038832                    /usr/lib/x86_64-linux-gnu/libXi.so.6.1.0
7fef743aa000-7fef743ab000 rw-p 0000f000 08:05 6038832                    /usr/lib/x86_64-linux-gnu/libXi.so.6.1.0
7fef743ab000-7fef743b0000 r-xp 00000000 08:05 6033420                    /usr/lib/libXtst.so.6.1.0
7fef743b0000-7fef745af000 ---p 00005000 08:05 6033420                    /usr/lib/libXtst.so.6.1.0
7fef745af000-7fef745b0000 r--p 00004000 08:05 6033420                    /usr/lib/libXtst.so.6.1.0
7fef745b0000-7fef745b1000 rw-p 00005000 08:05 6033420                    /usr/lib/libXtst.so.6.1.0
7fef745b1000-7fef745ba000 r-xp 00000000 08:05 6038838                    /usr/lib/x86_64-linux-gnu/libXrender.so.1.3.0
7fef745ba000-7fef747ba000 ---p 00009000 08:05 6038838                    /usr/lib/x86_64-linux-gnu/libXrender.so.1.3.0
7fef747ba000-7fef747bb000 r--p 00009000 08:05 6038838                    /usr/lib/x86_64-linux-gnu/libXrender.so.1.3.0
7fef747bb000-7fef747bc000 rw-p 0000a000 08:05 6038838                    /usr/lib/x86_64-linux-gnu/libXrender.so.1.3.0
7fef747bc000-7fef748f1000 r-xp 00000000 08:05 6038810                    /usr/lib/x86_64-linux-gnu/libX11.so.6.3.0
7fef748f1000-7fef74af1000 ---p 00135000 08:05 6038810                    /usr/lib/x86_64-linux-gnu/libX11.so.6.3.0
7fef74af1000-7fef74af2000 r--p 00135000 08:05 6038810                    /usr/lib/x86_64-linux-gnu/libX11.so.6.3.0
7fef74af2000-7fef74af6000 rw-p 00136000 08:05 6038810                    /usr/lib/x86_64-linux-gnu/libX11.so.6.3.0
7fef74af6000-7fef74b07000 r-xp 00000000 08:05 6038826                    /usr/lib/x86_64-linux-gnu/libXext.so.6.4.0
7fef74b07000-7fef74d06000 ---p 00011000 08:05 6038826                    /usr/lib/x86_64-linux-gnu/libXext.so.6.4.0
7fef74d06000-7fef74d07000 r--p 00010000 08:05 6038826                    /usr/lib/x86_64-linux-gnu/libXext.so.6.4.0
7fef74d07000-7fef74d08000 rw-p 00011000 08:05 6038826                    /usr/lib/x86_64-linux-gnu/libXext.so.6.4.0
7fef74d08000-7fef74d0b000 ---p 00000000 00:00 0 
7fef74d0b000-7fef74d30000 rw-p 00000000 00:00 0 
7fef74d30000-7fef74d80000 r-xp 00000000 08:05 6039007                    /usr/lib/jvm/java-7-oracle/jre/lib/amd64/xawt/libmawt.so
7fef74d80000-7fef74f80000 ---p 00050000 08:05 6039007                    /usr/lib/jvm/java-7-oracle/jre/lib/amd64/xawt/libmawt.so
7fef74f80000-7fef74f84000 rw-p 00050000 08:05 6039007                    /usr/lib/jvm/java-7-oracle/jre/lib/amd64/xawt/libmawt.so
7fef74f84000-7fef74f85000 rw-p 00000000 00:00 0 
7fef74f85000-7fef75027000 r-xp 00000000 08:05 6039004                    /usr/lib/jvm/java-7-oracle/jre/lib/amd64/libawt.so
7fef75027000-7fef75227000 ---p 000a2000 08:05 6039004                    /usr/lib/jvm/java-7-oracle/jre/lib/amd64/libawt.so
7fef75227000-7fef75233000 rw-p 000a2000 08:05 6039004                    /usr/lib/jvm/java-7-oracle/jre/lib/amd64/libawt.so
7fef75233000-7fef75257000 rw-p 00000000 00:00 0 
7fef75257000-7fef75258000 ---p 00000000 00:00 0 
7fef75258000-7fef75358000 rw-p 00000000 00:00 0 
7fef75358000-7fef7535b000 ---p 00000000 00:00 0 
7fef7535b000-7fef75459000 rw-p 00000000 00:00 0 
7fef75459000-7fef7545c000 ---p 00000000 00:00 0 
7fef7545c000-7fef7555a000 rw-p 00000000 00:00 0 
7fef7555a000-7fef7555d000 ---p 00000000 00:00 0 
7fef7555d000-7fef7565b000 rw-p 00000000 00:00 0 
7fef7565b000-7fef7565e000 ---p 00000000 00:00 0 
7fef7565e000-7fef7575c000 rw-p 00000000 00:00 0 
7fef7575c000-7fef75de6000 r--p 00000000 08:05 6037607                    /usr/lib/locale/locale-archive
7fef75de6000-7fef75de9000 ---p 00000000 00:00 0 
7fef75de9000-7fef75ee7000 rw-p 00000000 00:00 0 
7fef75ee7000-7fef75eea000 ---p 00000000 00:00 0 
7fef75eea000-7fef75fe8000 rw-p 00000000 00:00 0 
7fef75fe8000-7fef75fe9000 ---p 00000000 00:00 0 
7fef75fe9000-7fef76de9000 rw-p 00000000 00:00 0 
7fef76de9000-7fef76fa5000 r--s 039dc000 08:05 6044605                    /usr/lib/jvm/java-7-oracle/jre/lib/rt.jar
7fef76fa5000-7fef7c135000 rw-p 00000000 00:00 0 
7fef7c135000-7fef7c136000 ---p 00000000 00:00 0 
7fef7c136000-7fef7c236000 rw-p 00000000 00:00 0 
7fef7c236000-7fef7c237000 ---p 00000000 00:00 0 
7fef7c237000-7fef7c337000 rw-p 00000000 00:00 0 
7fef7c337000-7fef7c338000 ---p 00000000 00:00 0 
7fef7c338000-7fef7c443000 rw-p 00000000 00:00 0 
7fef7c443000-7fef7c461000 rw-p 00000000 00:00 0 
7fef7c461000-7fef7c48b000 rw-p 00000000 00:00 0 
7fef7c48b000-7fef7c6fd000 rw-p 00000000 00:00 0 
7fef7c6fd000-7fef7c708000 rw-p 00000000 00:00 0 
7fef7c708000-7fef7c726000 rw-p 00000000 00:00 0 
7fef7c726000-7fef7c750000 rw-p 00000000 00:00 0 
7fef7c750000-7fef7c9c1000 rw-p 00000000 00:00 0 
7fef7c9c1000-7fef7c9d7000 rw-p 00000000 00:00 0 
7fef7c9d7000-7fef7cb0f000 rw-p 00000000 00:00 0 
7fef7cb0f000-7fef7cb10000 rw-p 00000000 00:00 0 
7fef7cb10000-7fef7cd80000 rwxp 00000000 00:00 0 
7fef7cd80000-7fef7fb10000 rw-p 00000000 00:00 0 
7fef7fb10000-7fef7fb2a000 r-xp 00000000 08:05 6038770                    /usr/lib/jvm/java-7-oracle/jre/lib/amd64/libzip.so
7fef7fb2a000-7fef7fd2a000 ---p 0001a000 08:05 6038770                    /usr/lib/jvm/java-7-oracle/jre/lib/amd64/libzip.so
7fef7fd2a000-7fef7fd2b000 rw-p 0001a000 08:05 6038770                    /usr/lib/jvm/java-7-oracle/jre/lib/amd64/libzip.so
7fef7fd2b000-7fef7fd37000 r-xp 00000000 08:05 7608085                    /lib/x86_64-linux-gnu/libnss_files-2.13.so
7fef7fd37000-7fef7ff36000 ---p 0000c000 08:05 7608085                    /lib/x86_64-linux-gnu/libnss_files-2.13.so
7fef7ff36000-7fef7ff37000 r--p 0000b000 08:05 7608085                    /lib/x86_64-linux-gnu/libnss_files-2.13.so
7fef7ff37000-7fef7ff38000 rw-p 0000c000 08:05 7608085                    /lib/x86_64-linux-gnu/libnss_files-2.13.so
7fef7ff38000-7fef7ff43000 r-xp 00000000 08:05 7607798                    /lib/x86_64-linux-gnu/libnss_nis-2.13.so
7fef7ff43000-7fef80142000 ---p 0000b000 08:05 7607798                    /lib/x86_64-linux-gnu/libnss_nis-2.13.so
7fef80142000-7fef80143000 r--p 0000a000 08:05 7607798                    /lib/x86_64-linux-gnu/libnss_nis-2.13.so
7fef80143000-7fef80144000 rw-p 0000b000 08:05 7607798                    /lib/x86_64-linux-gnu/libnss_nis-2.13.so
7fef80144000-7fef8015b000 r-xp 00000000 08:05 7608087                    /lib/x86_64-linux-gnu/libnsl-2.13.so
7fef8015b000-7fef8035a000 ---p 00017000 08:05 7608087                    /lib/x86_64-linux-gnu/libnsl-2.13.so
7fef8035a000-7fef8035b000 r--p 00016000 08:05 7608087                    /lib/x86_64-linux-gnu/libnsl-2.13.so
7fef8035b000-7fef8035c000 rw-p 00017000 08:05 7608087                    /lib/x86_64-linux-gnu/libnsl-2.13.so
7fef8035c000-7fef8035e000 rw-p 00000000 00:00 0 
7fef8035e000-7fef80366000 r-xp 00000000 08:05 7608084                    /lib/x86_64-linux-gnu/libnss_compat-2.13.so
7fef80366000-7fef80565000 ---p 00008000 08:05 7608084                    /lib/x86_64-linux-gnu/libnss_compat-2.13.so
7fef80565000-7fef80566000 r--p 00007000 08:05 7608084                    /lib/x86_64-linux-gnu/libnss_compat-2.13.so
7fef80566000-7fef80567000 rw-p 00008000 08:05 7608084                    /lib/x86_64-linux-gnu/libnss_compat-2.13.so
7fef80567000-7fef80590000 r-xp 00000000 08:05 6039003                    /usr/lib/jvm/java-7-oracle/jre/lib/amd64/libjava.so
7fef80590000-7fef80790000 ---p 00029000 08:05 6039003                    /usr/lib/jvm/java-7-oracle/jre/lib/amd64/libjava.so
7fef80790000-7fef80792000 rw-p 00029000 08:05 6039003                    /usr/lib/jvm/java-7-oracle/jre/lib/amd64/libjava.so
7fef80792000-7fef8079f000 r-xp 00000000 08:05 6038937                    /usr/lib/jvm/java-7-oracle/jre/lib/amd64/libverify.so
7fef8079f000-7fef8099e000 ---p 0000d000 08:05 6038937                    /usr/lib/jvm/java-7-oracle/jre/lib/amd64/libverify.so
7fef8099e000-7fef809a0000 rw-p 0000c000 08:05 6038937                    /usr/lib/jvm/java-7-oracle/jre/lib/amd64/libverify.so
7fef809a0000-7fef809a7000 r-xp 00000000 08:05 7607790                    /lib/x86_64-linux-gnu/librt-2.13.so
7fef809a7000-7fef80ba6000 ---p 00007000 08:05 7607790                    /lib/x86_64-linux-gnu/librt-2.13.so
7fef80ba6000-7fef80ba7000 r--p 00006000 08:05 7607790                    /lib/x86_64-linux-gnu/librt-2.13.so
7fef80ba7000-7fef80ba8000 rw-p 00007000 08:05 7607790                    /lib/x86_64-linux-gnu/librt-2.13.so
7fef80ba8000-7fef80c2c000 r-xp 00000000 08:05 7608082                    /lib/x86_64-linux-gnu/libm-2.13.so
7fef80c2c000-7fef80e2b000 ---p 00084000 08:05 7608082                    /lib/x86_64-linux-gnu/libm-2.13.so
7fef80e2b000-7fef80e2c000 r--p 00083000 08:05 7608082                    /lib/x86_64-linux-gnu/libm-2.13.so
7fef80e2c000-7fef80e2d000 rw-p 00084000 08:05 7608082                    /lib/x86_64-linux-gnu/libm-2.13.so
7fef80e2d000-7fef81874000 r-xp 00000000 08:05 6038760                    /usr/lib/jvm/java-7-oracle/jre/lib/amd64/server/libjvm.so
7fef81874000-7fef81a74000 ---p 00a47000 08:05 6038760                    /usr/lib/jvm/java-7-oracle/jre/lib/amd64/server/libjvm.so
7fef81a74000-7fef81b17000 rw-p 00a47000 08:05 6038760                    /usr/lib/jvm/java-7-oracle/jre/lib/amd64/server/libjvm.so
7fef81b17000-7fef81b53000 rw-p 00000000 00:00 0 
7fef81b53000-7fef81ce0000 r-xp 00000000 08:05 7605972                    /lib/x86_64-linux-gnu/libc-2.13.so
7fef81ce0000-7fef81ee0000 ---p 0018d000 08:05 7605972                    /lib/x86_64-linux-gnu/libc-2.13.so
7fef81ee0000-7fef81ee4000 r--p 0018d000 08:05 7605972                    /lib/x86_64-linux-gnu/libc-2.13.so
7fef81ee4000-7fef81ee5000 rw-p 00191000 08:05 7605972                    /lib/x86_64-linux-gnu/libc-2.13.so
7fef81ee5000-7fef81eeb000 rw-p 00000000 00:00 0 
7fef81eeb000-7fef81eed000 r-xp 00000000 08:05 7607795                    /lib/x86_64-linux-gnu/libdl-2.13.so
7fef81eed000-7fef820ed000 ---p 00002000 08:05 7607795                    /lib/x86_64-linux-gnu/libdl-2.13.so
7fef820ed000-7fef820ee000 r--p 00002000 08:05 7607795                    /lib/x86_64-linux-gnu/libdl-2.13.so
7fef820ee000-7fef820ef000 rw-p 00003000 08:05 7607795                    /lib/x86_64-linux-gnu/libdl-2.13.so
7fef820ef000-7fef82105000 r-xp 00000000 08:05 6037809                    /usr/lib/jvm/java-7-oracle/jre/lib/amd64/jli/libjli.so
7fef82105000-7fef82305000 ---p 00016000 08:05 6037809                    /usr/lib/jvm/java-7-oracle/jre/lib/amd64/jli/libjli.so
7fef82305000-7fef82306000 rw-p 00016000 08:05 6037809                    /usr/lib/jvm/java-7-oracle/jre/lib/amd64/jli/libjli.so
7fef82306000-7fef8231e000 r-xp 00000000 08:05 7608086                    /lib/x86_64-linux-gnu/libpthread-2.13.so
7fef8231e000-7fef8251e000 ---p 00018000 08:05 7608086                    /lib/x86_64-linux-gnu/libpthread-2.13.so
7fef8251e000-7fef8251f000 r--p 00018000 08:05 7608086                    /lib/x86_64-linux-gnu/libpthread-2.13.so
7fef8251f000-7fef82520000 rw-p 00019000 08:05 7608086                    /lib/x86_64-linux-gnu/libpthread-2.13.so
7fef82520000-7fef82524000 rw-p 00000000 00:00 0 
7fef82524000-7fef82545000 r-xp 00000000 08:05 7608083                    /lib/x86_64-linux-gnu/ld-2.13.so
7fef82545000-7fef82547000 rw-s 00000000 08:05 4627022                    /tmp/glYQixiy (deleted)
7fef82547000-7fef8254a000 r--s 000f7000 08:05 6037708                    /usr/lib/jvm/java-7-oracle/jre/lib/ext/localedata.jar
7fef8254a000-7fef82555000 r--s 00093000 00:15 4589134                    /home/skel/code/slick/slick.jar
7fef82555000-7fef8255f000 rw-p 00000000 00:00 0 
7fef8255f000-7fef82615000 rw-p 00000000 00:00 0 
7fef82615000-7fef82618000 ---p 00000000 00:00 0 
7fef82618000-7fef8271a000 rw-p 00000000 00:00 0 
7fef8271a000-7fef8271b000 rw-s fc060000 00:05 10304                      /dev/nvidia0
7fef8271b000-7fef8271c000 r--s 00005000 00:15 4626718                    /home/skel/code/json-simple-1.1.1.jar
7fef8271c000-7fef82723000 r--s 00039000 00:15 4588115                    /home/skel/code/commons-codec-1.7/commons-codec-1.7.jar
7fef82723000-7fef82725000 r--s 00016000 00:15 4589119                    /home/skel/code/slick/slick-util.jar
7fef82725000-7fef82727000 r--s 0000d000 00:15 4589118                    /home/skel/code/slick/jorbis-0.0.15.jar
7fef82727000-7fef82728000 r--s 00001000 00:15 4589115                    /home/skel/code/slick/jogg-0.0.7.jar
7fef82728000-7fef8272a000 r--s 00008000 00:15 4589004                    /home/skel/code/slick/ibxm.jar
7fef8272a000-7fef82738000 r--s 000e3000 00:15 4589791                    /home/skel/code/lwjgl/lwjgl-2.8.5/jar/lwjgl.jar
7fef82738000-7fef82740000 rw-s 00000000 08:05 4627021                    /tmp/hsperfdata_skel/23549
7fef82740000-7fef82741000 rw-p 00000000 00:00 0 
7fef82741000-7fef82742000 r--p 00000000 00:00 0 
7fef82742000-7fef82744000 rw-p 00000000 00:00 0 
7fef82744000-7fef82745000 r--p 00020000 08:05 7608083                    /lib/x86_64-linux-gnu/ld-2.13.so
7fef82745000-7fef82747000 rw-p 00021000 08:05 7608083                    /lib/x86_64-linux-gnu/ld-2.13.so
7fff69c02000-7fff69c23000 rw-p 00000000 00:00 0                          [stack]
7fff69d93000-7fff69d94000 r-xp 00000000 00:00 0                          [vdso]
ffffffffff600000-ffffffffff601000 r-xp 00000000 00:00 0                  [vsyscall]

VM Arguments:
jvm_args: -Djava.library.path=/home/skel/code/lwjgl/lwjgl-2.8.5/native/linux -Dfile.encoding=UTF-8 
java_command: display.LevelMaker
Launcher Type: SUN_STANDARD

Environment Variables:
PATH=/usr/local/sbin:/usr/local/bin:/usr/sbin:/usr/bin:/sbin:/bin:/usr/games
USERNAME=skel
LD_LIBRARY_PATH=/usr/lib/jvm/java-7-oracle/jre/lib/amd64/server:/usr/lib/jvm/java-7-oracle/jre/lib/amd64:/usr/lib/jvm/java-7-oracle/jre/../lib/amd64:/usr/lib/jvm/java-6-sun-1.6.0.26/jre/lib/amd64/server:/usr/lib/jvm/java-6-sun-1.6.0.26/jre/lib/amd64:/usr/lib/jvm/java-6-sun-1.6.0.26/jre/../lib/amd64
SHELL=/bin/bash
DISPLAY=:0.0

Signal Handlers:
SIGSEGV: [libjvm.so+0x8a5d70], sa_mask[0]=0x7ffbfeff, sa_flags=0x10000004
SIGBUS: [libjvm.so+0x8a5d70], sa_mask[0]=0x7ffbfeff, sa_flags=0x10000004
SIGFPE: [libjvm.so+0x741e50], sa_mask[0]=0x7ffbfeff, sa_flags=0x10000004
SIGPIPE: [libjvm.so+0x741e50], sa_mask[0]=0x7ffbfeff, sa_flags=0x10000004
SIGXFSZ: [libjvm.so+0x741e50], sa_mask[0]=0x7ffbfeff, sa_flags=0x10000004
SIGILL: [libjvm.so+0x741e50], sa_mask[0]=0x7ffbfeff, sa_flags=0x10000004
SIGUSR1: SIG_DFL, sa_mask[0]=0x00000000, sa_flags=0x00000000
SIGUSR2: [libjvm.so+0x7417a0], sa_mask[0]=0x00000004, sa_flags=0x10000004
SIGHUP: [libjvm.so+0x743b30], sa_mask[0]=0x7ffbfeff, sa_flags=0x10000004
SIGINT: [libjvm.so+0x743b30], sa_mask[0]=0x7ffbfeff, sa_flags=0x10000004
SIGTERM: [libjvm.so+0x743b30], sa_mask[0]=0x7ffbfeff, sa_flags=0x10000004
SIGQUIT: [libjvm.so+0x743b30], sa_mask[0]=0x7ffbfeff, sa_flags=0x10000004


---------------  S Y S T E M  ---------------

OS:squeeze/sid

uname:Linux 2.6.38-8-generic #42-Ubuntu SMP Mon Apr 11 03:31:24 UTC 2011 x86_64
libc:glibc 2.13 NPTL 2.13 
rlimit: STACK 8192k, CORE 0k, NPROC infinity, NOFILE 4096, AS infinity
load average:2.04 2.10 2.08

/proc/meminfo:
MemTotal:        8192576 kB
MemFree:           59088 kB
Buffers:          182392 kB
Cached:          2242804 kB
SwapCached:         4436 kB
Active:          4990360 kB
Inactive:        1869844 kB
Active(anon):    3783932 kB
Inactive(anon):   674256 kB
Active(file):    1206428 kB
Inactive(file):  1195588 kB
Unevictable:           0 kB
Mlocked:               0 kB
SwapTotal:       8384508 kB
SwapFree:        8329056 kB
Dirty:               808 kB
Writeback:             0 kB
AnonPages:       4432872 kB
Mapped:           772428 kB
Shmem:             23076 kB
Slab:             251036 kB
SReclaimable:     167404 kB
SUnreclaim:        83632 kB
KernelStack:       13496 kB
PageTables:        70288 kB
NFS_Unstable:          0 kB
Bounce:                0 kB
WritebackTmp:          0 kB
CommitLimit:    12480796 kB
Committed_AS:   20399688 kB
VmallocTotal:   34359738367 kB
VmallocUsed:      370028 kB
VmallocChunk:   34359359356 kB
HardwareCorrupted:     0 kB
HugePages_Total:       0
HugePages_Free:        0
HugePages_Rsvd:        0
HugePages_Surp:        0
Hugepagesize:       2048 kB
DirectMap4k:     7985600 kB
DirectMap2M:      401408 kB
DirectMap1G:           0 kB


CPU:total 3 (3 cores per cpu, 1 threads per core) family 16 model 5 stepping 3, cmov, cx8, fxsr, mmx, sse, sse2, sse3, popcnt, mmxext, 3dnowpref, lzcnt, sse4a, tsc, tscinvbit, tscinv

/proc/cpuinfo:
processor	: 0
vendor_id	: AuthenticAMD
cpu family	: 16
model		: 5
model name	: AMD Athlon(tm) II X3 450 Processor
stepping	: 3
cpu MHz		: 3200.000
cache size	: 512 KB
physical id	: 0
siblings	: 3
core id		: 0
cpu cores	: 3
apicid		: 0
initial apicid	: 0
fpu		: yes
fpu_exception	: yes
cpuid level	: 5
wp		: yes
flags		: fpu vme de pse tsc msr pae mce cx8 apic sep mtrr pge mca cmov pat pse36 clflush mmx fxsr sse sse2 ht syscall nx mmxext fxsr_opt pdpe1gb rdtscp lm 3dnowext 3dnow constant_tsc rep_good nopl nonstop_tsc extd_apicid pni monitor cx16 popcnt lahf_lm cmp_legacy svm extapic cr8_legacy abm sse4a misalignsse 3dnowprefetch osvw ibs skinit wdt npt lbrv svm_lock nrip_save
bogomips	: 6429.36
TLB size	: 1024 4K pages
clflush size	: 64
cache_alignment	: 64
address sizes	: 48 bits physical, 48 bits virtual
power management: ts ttp tm stc 100mhzsteps hwpstate

processor	: 1
vendor_id	: AuthenticAMD
cpu family	: 16
model		: 5
model name	: AMD Athlon(tm) II X3 450 Processor
stepping	: 3
cpu MHz		: 3200.000
cache size	: 512 KB
physical id	: 0
siblings	: 3
core id		: 1
cpu cores	: 3
apicid		: 1
initial apicid	: 1
fpu		: yes
fpu_exception	: yes
cpuid level	: 5
wp		: yes
flags		: fpu vme de pse tsc msr pae mce cx8 apic sep mtrr pge mca cmov pat pse36 clflush mmx fxsr sse sse2 ht syscall nx mmxext fxsr_opt pdpe1gb rdtscp lm 3dnowext 3dnow constant_tsc rep_good nopl nonstop_tsc extd_apicid pni monitor cx16 popcnt lahf_lm cmp_legacy svm extapic cr8_legacy abm sse4a misalignsse 3dnowprefetch osvw ibs skinit wdt npt lbrv svm_lock nrip_save
bogomips	: 6428.93
TLB size	: 1024 4K pages
clflush size	: 64
cache_alignment	: 64
address sizes	: 48 bits physical, 48 bits virtual
power management: ts ttp tm stc 100mhzsteps hwpstate

processor	: 2
vendor_id	: AuthenticAMD
cpu family	: 16
model		: 5
model name	: AMD Athlon(tm) II X3 450 Processor
stepping	: 3
cpu MHz		: 800.000
cache size	: 512 KB
physical id	: 0
siblings	: 3
core id		: 2
cpu cores	: 3
apicid		: 2
initial apicid	: 2
fpu		: yes
fpu_exception	: yes
cpuid level	: 5
wp		: yes
flags		: fpu vme de pse tsc msr pae mce cx8 apic sep mtrr pge mca cmov pat pse36 clflush mmx fxsr sse sse2 ht syscall nx mmxext fxsr_opt pdpe1gb rdtscp lm 3dnowext 3dnow constant_tsc rep_good nopl nonstop_tsc extd_apicid pni monitor cx16 popcnt lahf_lm cmp_legacy svm extapic cr8_legacy abm sse4a misalignsse 3dnowprefetch osvw ibs skinit wdt npt lbrv svm_lock nrip_save
bogomips	: 6428.93
TLB size	: 1024 4K pages
clflush size	: 64
cache_alignment	: 64
address sizes	: 48 bits physical, 48 bits virtual
power management: ts ttp tm stc 100mhzsteps hwpstate



Memory: 4k page, physical 8192576k(59088k free), swap 8384508k(8329056k free)

vm_info: Java HotSpot(TM) 64-Bit Server VM (23.7-b01) for linux-amd64 JRE (1.7.0_17-b02), built on Mar  1 2013 02:59:06 by "java_re" with gcc 4.3.0 20080428 (Red Hat 4.3.0-8)

time: Wed May 22 18:58:01 2013
elapsed time: 1 seconds

