#
# A fatal error has been detected by the Java Runtime Environment:
#
#  SIGSEGV (0xb) at pc=0x00007f39cd6d4e10, pid=23577, tid=139886583416576
#
# JRE version: 7.0_17-b02
# Java VM: Java HotSpot(TM) 64-Bit Server VM (23.7-b01 mixed mode linux-amd64 compressed oops)
# Problematic frame:
# C  [libnvidia-glcore.so.270.41.06+0x10f9e10]  _nv005glcore+0x1d0d70
#
# Failed to write core dump. Core dumps have been disabled. To enable core dumping, try "ulimit -c unlimited" before starting Java again
#
# If you would like to submit a bug report, please visit:
#   http://bugreport.sun.com/bugreport/crash.jsp
# The crash happened outside the Java Virtual Machine in native code.
# See problematic frame for where to report the bug.
#

---------------  T H R E A D  ---------------

Current thread (0x0000000001fa5000):  JavaThread "main" [_thread_in_native, id=23582, stack(0x00007f39e20d0000,0x00007f39e21d1000)]

siginfo:si_signo=SIGSEGV: si_errno=0, si_code=1 (SEGV_MAPERR), si_addr=0x0000000000000000

Registers:
RAX=0x0000000000000000, RBX=0x00007f39d0689000, RCX=0x0000000000000000, RDX=0x0000000000000000
RSP=0x00007f39e21cf5a0, RBP=0x0000000000000001, RSI=0x00000000ffffffff, RDI=0x00007f39d039eec0
R8 =0x0000000000000001, R9 =0x0000000000000000, R10=0x0000000000000001, R11=0x00007f39cd39e940
R12=0x00007f39d039eec0, R13=0x0000000000000000, R14=0x0000000040c28000, R15=0x0000000000000000
RIP=0x00007f39cd6d4e10, EFLAGS=0x0000000000010202, CSGSFS=0x0000000000000033, ERR=0x0000000000000006
  TRAPNO=0x000000000000000e

Top of Stack: (sp=0x00007f39e21cf5a0)
0x00007f39e21cf5a0:   00000003dc5d0410 0000000000000001
0x00007f39e21cf5b0:   000000003f800000 0000000000000001
0x00007f39e21cf5c0:   0000000000000000 0000000000000001
0x00007f39e21cf5d0:   0000000000000003 00007f39cd2c01f6
0x00007f39e21cf5e0:   00007f39e21cf830 0000000040c28000
0x00007f39e21cf5f0:   00007f39d0689000 0000000040c28000
0x00007f39e21cf600:   00007f39d0674e30 0000000000000001
0x00007f39e21cf610:   0000000000000001 0000000000000000
0x00007f39e21cf620:   00007f39d0685540 00007f39cd2c086e
0x00007f39e21cf630:   0000000000000001 0000000000000001
0x00007f39e21cf640:   0000000700000000 0000000000000000
0x00007f39e21cf650:   000000003f800000 0000000000000000
0x00007f39e21cf660:   00007f39ce212160 0000000040c28000
0x00007f39e21cf670:   000000077e25af18 00007f39e21cf770
0x00007f39e21cf680:   0000000001fa5000 00007f39cd2c3527
0x00007f39e21cf690:   0000000000000001 00007f3900000000
0x00007f39e21cf6a0:   00007f39e21cf708 3f800000dc5d1333
0x00007f39e21cf6b0:   000000077e25af18 00007f39e21cf738
0x00007f39e21cf6c0:   0000000000000000 00007f39dc5dcf90
0x00007f39e21cf6d0:   000000077e0e0af0 00007f39e21cf718
0x00007f39e21cf6e0:   000000077e0e2368 0000000000000000
0x00007f39e21cf6f0:   000000077e0e0b18 00007f39e21cf6f8
0x00007f39e21cf700:   0000000000000000 00007f39e21cf770
0x00007f39e21cf710:   000000077e2649b0 0000000000000000
0x00007f39e21cf720:   000000077e25af18 0000000000000000
0x00007f39e21cf730:   00007f39e21cf758 00007f39e21cf7b8
0x00007f39e21cf740:   00007f39dc5d1158 00000007d6ab1308
0x00007f39e21cf750:   00007f39dc5d9dd8 00007f39ce7152c0
0x00007f39e21cf760:   00007f39dc5d1158 00007f393f800000
0x00007f39e21cf770:   0000000000000000 00007f39e21cf778
0x00007f39e21cf780:   000000077e25ae08 00007f39e21cf7e8
0x00007f39e21cf790:   000000077e2649b0 0000000000000000 

Instructions: (pc=0x00007f39cd6d4e10)
0x00007f39cd6d4df0:   14 c5 00 00 00 00 48 c1 e0 05 48 29 d0 48 8d 44
0x00007f39cd6d4e00:   01 10 49 3b 44 24 70 0f 83 ad 00 00 00 49 63 c7
0x00007f39cd6d4e10:   c7 01 e0 08 03 20 c7 41 04 00 41 00 00 49 8d 84
0x00007f39cd6d4e20:   c4 b0 86 07 00 85 ed 48 8d 71 10 8b 50 0c 89 51 

Register to memory mapping:

RAX=0x0000000000000000 is an unknown value
RBX=0x00007f39d0689000 is an unknown value
RCX=0x0000000000000000 is an unknown value
RDX=0x0000000000000000 is an unknown value
RSP=0x00007f39e21cf5a0 is pointing into the stack for thread: 0x0000000001fa5000
RBP=0x0000000000000001 is an unknown value
RSI=0x00000000ffffffff is an unknown value
RDI=0x00007f39d039eec0 is an unknown value
R8 =0x0000000000000001 is an unknown value
R9 =0x0000000000000000 is an unknown value
R10=0x0000000000000001 is an unknown value
R11=0x00007f39cd39e940: <offset 0xdc3940> in /usr/lib/nvidia-current/libnvidia-glcore.so.270.41.06 at 0x00007f39cc5db000
R12=0x00007f39d039eec0 is an unknown value
R13=0x0000000000000000 is an unknown value
R14=0x0000000040c28000 is an unknown value
R15=0x0000000000000000 is an unknown value


Stack: [0x00007f39e20d0000,0x00007f39e21d1000],  sp=0x00007f39e21cf5a0,  free space=1021k
Native frames: (J=compiled Java code, j=interpreted, Vv=VM code, C=native code)
C  [libnvidia-glcore.so.270.41.06+0x10f9e10]  _nv005glcore+0x1d0d70

Java frames: (J=compiled Java code, j=interpreted, Vv=VM code)
j  org.lwjgl.opengl.GL20.nglUniform1f(IFJ)V+0
j  org.lwjgl.opengl.GL20.glUniform1f(IF)V+16
j  display.FragChangeColor04.init()V+323
j  display.LWJGLWindow.start(II)V+117
j  display.LWJGLWindow.start()V+7
j  display.LevelMaker.main([Ljava/lang/String;)V+12
v  ~StubRoutines::call_stub

---------------  P R O C E S S  ---------------

Java Threads: ( => current thread )
  0x00007f39d022d800 JavaThread "process reaper" daemon [_thread_blocked, id=23597, stack(0x00007f39d47eb000,0x00007f39d4813000)]
  0x00007f39d0216800 JavaThread "AWT-XAWT" daemon [_thread_in_native, id=23595, stack(0x00007f39cefb3000,0x00007f39cf0b4000)]
  0x00007f39d01e1800 JavaThread "Java2D Disposer" daemon [_thread_blocked, id=23594, stack(0x00007f39cf4c4000,0x00007f39cf5c5000)]
  0x00007f39d00fa000 JavaThread "Service Thread" daemon [_thread_blocked, id=23592, stack(0x00007f39d4e3b000,0x00007f39d4f3c000)]
  0x00007f39d00f7800 JavaThread "C2 CompilerThread1" daemon [_thread_blocked, id=23591, stack(0x00007f39d4f3c000,0x00007f39d503d000)]
  0x00007f39d00f4800 JavaThread "C2 CompilerThread0" daemon [_thread_blocked, id=23590, stack(0x00007f39d503d000,0x00007f39d513e000)]
  0x00007f39d00f2000 JavaThread "Signal Dispatcher" daemon [_thread_blocked, id=23589, stack(0x00007f39d513e000,0x00007f39d523f000)]
  0x00007f39d00a5000 JavaThread "Finalizer" daemon [_thread_blocked, id=23588, stack(0x00007f39d58c9000,0x00007f39d59ca000)]
  0x00007f39d00a2800 JavaThread "Reference Handler" daemon [_thread_blocked, id=23587, stack(0x00007f39d59ca000,0x00007f39d5acb000)]
=>0x0000000001fa5000 JavaThread "main" [_thread_in_native, id=23582, stack(0x00007f39e20d0000,0x00007f39e21d1000)]

Other Threads:
  0x00007f39d009b000 VMThread [stack: 0x00007f39d5acb000,0x00007f39d5bcc000] [id=23586]
  0x00007f39d0104800 WatcherThread [stack: 0x00007f39d4d3a000,0x00007f39d4e3b000] [id=23593]

VM state:not at safepoint (normal execution)

VM Mutex/Monitor currently owned by a thread: None

Heap
 PSYoungGen      total 37376K, used 6737K [0x00000007d64b0000, 0x00000007d8e60000, 0x0000000800000000)
  eden space 32064K, 21% used [0x00000007d64b0000,0x00000007d6b44420,0x00000007d8400000)
  from space 5312K, 0% used [0x00000007d8930000,0x00000007d8930000,0x00000007d8e60000)
  to   space 5312K, 0% used [0x00000007d8400000,0x00000007d8400000,0x00000007d8930000)
 ParOldGen       total 85376K, used 0K [0x0000000782e00000, 0x0000000788160000, 0x00000007d64b0000)
  object space 85376K, 0% used [0x0000000782e00000,0x0000000782e00000,0x0000000788160000)
 PSPermGen       total 21248K, used 6557K [0x000000077dc00000, 0x000000077f0c0000, 0x0000000782e00000)
  object space 21248K, 30% used [0x000000077dc00000,0x000000077e267450,0x000000077f0c0000)

Card table byte_map: [0x00007f39dc1b8000,0x00007f39dc5cb000] byte_map_base: 0x00007f39d85ca000

Polling page: 0x00007f39e21fc000

Code Cache  [0x00007f39dc5cb000, 0x00007f39dc83b000, 0x00007f39df5cb000)
 total_blobs=431 nmethods=22 adapters=362 free_code_cache=48620Kb largest_free_block=49773696

Compilation events (10 events):
Event: 1.011 Thread 0x00007f39d00f4800 nmethod 17 0x00007f39dc64b990 code [0x00007f39dc64bac0, 0x00007f39dc64bb38]
Event: 1.011 Thread 0x00007f39d00f4800   18             org.lwjgl.MemoryUtil$CharSequenceNT::charAt (28 bytes)
Event: 1.013 Thread 0x00007f39d00f7800 nmethod 14 0x00007f39dc648c90 code [0x00007f39dc648e60, 0x00007f39dc6493c0]
Event: 1.013 Thread 0x00007f39d00f7800   19             java.nio.DirectByteBuffer::put (17 bytes)
Event: 1.014 Thread 0x00007f39d00f7800 nmethod 19 0x00007f39dc648a10 code [0x00007f39dc648b40, 0x00007f39dc648bd8]
Event: 1.014 Thread 0x00007f39d00f7800   20             java.nio.Buffer::nextPutIndex (31 bytes)
Event: 1.014 Thread 0x00007f39d00f7800 nmethod 20 0x00007f39dc649bd0 code [0x00007f39dc649d00, 0x00007f39dc649d78]
Event: 1.015 Thread 0x00007f39d00f4800 nmethod 18 0x00007f39dc64b210 code [0x00007f39dc64b360, 0x00007f39dc64b458]
Event: 1.262 Thread 0x00007f39d00f7800   22             java.lang.String::startsWith (72 bytes)
Event: 1.271 Thread 0x00007f39d00f7800 nmethod 22 0x00007f39dc652f50 code [0x00007f39dc6530a0, 0x00007f39dc653258]

GC Heap History (0 events):
No events

Deoptimization events (0 events):
No events

Internal exceptions (10 events):
Event: 1.238 Thread 0x0000000001fa5000 Threw 0x00000007d6a66428 at /HUDSON/workspace/jdk7u17-2-build-linux-amd64-product/jdk7u17/hotspot/src/share/vm/prims/jvm.cpp:1166
Event: 1.238 Thread 0x0000000001fa5000 Threw 0x00000007d6a68688 at /HUDSON/workspace/jdk7u17-2-build-linux-amd64-product/jdk7u17/hotspot/src/share/vm/prims/jvm.cpp:1166
Event: 1.239 Thread 0x0000000001fa5000 Threw 0x00000007d6a6a860 at /HUDSON/workspace/jdk7u17-2-build-linux-amd64-product/jdk7u17/hotspot/src/share/vm/prims/jvm.cpp:1166
Event: 1.242 Thread 0x0000000001fa5000 Threw 0x00000007d6a73188 at /HUDSON/workspace/jdk7u17-2-build-linux-amd64-product/jdk7u17/hotspot/src/share/vm/prims/jvm.cpp:1166
Event: 1.247 Thread 0x0000000001fa5000 Threw 0x00000007d6a94eb0 at /HUDSON/workspace/jdk7u17-2-build-linux-amd64-product/jdk7u17/hotspot/src/share/vm/prims/jvm.cpp:1166
Event: 1.247 Thread 0x0000000001fa5000 Threw 0x00000007d6a97368 at /HUDSON/workspace/jdk7u17-2-build-linux-amd64-product/jdk7u17/hotspot/src/share/vm/prims/jvm.cpp:1166
Event: 1.248 Thread 0x0000000001fa5000 Threw 0x00000007d6a99308 at /HUDSON/workspace/jdk7u17-2-build-linux-amd64-product/jdk7u17/hotspot/src/share/vm/prims/jvm.cpp:1166
Event: 1.249 Thread 0x0000000001fa5000 Threw 0x00000007d6a9b158 at /HUDSON/workspace/jdk7u17-2-build-linux-amd64-product/jdk7u17/hotspot/src/share/vm/prims/jvm.cpp:1166
Event: 1.270 Thread 0x0000000001fa5000 Threw 0x00000007d6adbb40 at /HUDSON/workspace/jdk7u17-2-build-linux-amd64-product/jdk7u17/hotspot/src/share/vm/prims/jvm.cpp:1166
Event: 1.271 Thread 0x0000000001fa5000 Threw 0x00000007d6add3b0 at /HUDSON/workspace/jdk7u17-2-build-linux-amd64-product/jdk7u17/hotspot/src/share/vm/prims/jvm.cpp:1166

Events (10 events):
Event: 1.247 loading class 0x00007f39d04c7da0
Event: 1.247 loading class 0x00007f39d04c7da0 done
Event: 1.248 loading class 0x00007f39d04c9240
Event: 1.248 loading class 0x00007f39d04c9240 done
Event: 1.249 loading class 0x00007f39d0113f70
Event: 1.249 loading class 0x00007f39d0113f70 done
Event: 1.270 loading class 0x00007f39d0113d40
Event: 1.270 loading class 0x00007f39d0113d40 done
Event: 1.271 loading class 0x00007f39d046fa00
Event: 1.271 loading class 0x00007f39d046fa00 done


Dynamic libraries:
00400000-00401000 r-xp 00000000 08:05 6034666                            /usr/lib/jvm/java-7-oracle/bin/java
00600000-00601000 rw-p 00000000 08:05 6034666                            /usr/lib/jvm/java-7-oracle/bin/java
01f9b000-021c5000 rw-p 00000000 00:00 0                                  [heap]
40c28000-40c9f000 rw-p 00000000 00:00 0 
41449000-4144b000 r-xs 00000000 08:05 4627022                            /tmp/gl1A01Tg (deleted)
77dc00000-77f0c0000 rw-p 00000000 00:00 0 
77f0c0000-782e00000 rw-p 00000000 00:00 0 
782e00000-788160000 rw-p 00000000 00:00 0 
788160000-7d64b0000 rw-p 00000000 00:00 0 
7d64b0000-7d8e60000 rw-p 00000000 00:00 0 
7d8e60000-800000000 rw-p 00000000 00:00 0 
7f39cc2f6000-7f39cc4f6000 rw-s 1d878000 00:05 10304                      /dev/nvidia0
7f39cc4f6000-7f39cc5bf000 rw-p 00000000 00:00 0 
7f39cc5c0000-7f39cc5db000 rw-s 101a60000 00:05 10304                     /dev/nvidia0
7f39cc5db000-7f39cda29000 r-xp 00000000 08:05 6032921                    /usr/lib/nvidia-current/libnvidia-glcore.so.270.41.06
7f39cda29000-7f39cdc29000 ---p 0144e000 08:05 6032921                    /usr/lib/nvidia-current/libnvidia-glcore.so.270.41.06
7f39cdc29000-7f39ce211000 rwxp 0144e000 08:05 6032921                    /usr/lib/nvidia-current/libnvidia-glcore.so.270.41.06
7f39ce211000-7f39ce228000 rwxp 00000000 00:00 0 
7f39ce228000-7f39ce229000 r-xp 00000000 08:05 6032924                    /usr/lib/nvidia-current/tls/libnvidia-tls.so.270.41.06
7f39ce229000-7f39ce429000 ---p 00001000 08:05 6032924                    /usr/lib/nvidia-current/tls/libnvidia-tls.so.270.41.06
7f39ce429000-7f39ce42a000 rw-p 00001000 08:05 6032924                    /usr/lib/nvidia-current/tls/libnvidia-tls.so.270.41.06
7f39ce42a000-7f39ce4e7000 r-xp 00000000 08:05 6032925                    /usr/lib/nvidia-current/libGL.so.270.41.06
7f39ce4e7000-7f39ce6e7000 ---p 000bd000 08:05 6032925                    /usr/lib/nvidia-current/libGL.so.270.41.06
7f39ce6e7000-7f39ce720000 rwxp 000bd000 08:05 6032925                    /usr/lib/nvidia-current/libGL.so.270.41.06
7f39ce720000-7f39ce736000 rwxp 00000000 00:00 0 
7f39ce736000-7f39ce73b000 r-xp 00000000 08:05 6038842                    /usr/lib/x86_64-linux-gnu/libXxf86vm.so.1.0.0
7f39ce73b000-7f39ce93a000 ---p 00005000 08:05 6038842                    /usr/lib/x86_64-linux-gnu/libXxf86vm.so.1.0.0
7f39ce93a000-7f39ce93b000 r--p 00004000 08:05 6038842                    /usr/lib/x86_64-linux-gnu/libXxf86vm.so.1.0.0
7f39ce93b000-7f39ce93c000 rw-p 00005000 08:05 6038842                    /usr/lib/x86_64-linux-gnu/libXxf86vm.so.1.0.0
7f39ce93c000-7f39ce944000 r-xp 00000000 08:05 6038836                    /usr/lib/x86_64-linux-gnu/libXrandr.so.2.2.0
7f39ce944000-7f39ceb43000 ---p 00008000 08:05 6038836                    /usr/lib/x86_64-linux-gnu/libXrandr.so.2.2.0
7f39ceb43000-7f39ceb44000 r--p 00007000 08:05 6038836                    /usr/lib/x86_64-linux-gnu/libXrandr.so.2.2.0
7f39ceb44000-7f39ceb45000 rw-p 00008000 08:05 6038836                    /usr/lib/x86_64-linux-gnu/libXrandr.so.2.2.0
7f39ceb45000-7f39cebaf000 r-xp 00000000 00:15 4589809                    /home/skel/code/lwjgl/lwjgl-2.8.5/native/linux/liblwjgl64.so
7f39cebaf000-7f39cedaf000 ---p 0006a000 00:15 4589809                    /home/skel/code/lwjgl/lwjgl-2.8.5/native/linux/liblwjgl64.so
7f39cedaf000-7f39cedb1000 r--p 0006a000 00:15 4589809                    /home/skel/code/lwjgl/lwjgl-2.8.5/native/linux/liblwjgl64.so
7f39cedb1000-7f39cedb2000 rw-p 0006c000 00:15 4589809                    /home/skel/code/lwjgl/lwjgl-2.8.5/native/linux/liblwjgl64.so
7f39cedb2000-7f39cedb3000 r-xp 00000000 08:05 6039238                    /usr/lib/jvm/java-7-oracle/jre/lib/amd64/libjawt.so
7f39cedb3000-7f39cefb2000 ---p 00001000 08:05 6039238                    /usr/lib/jvm/java-7-oracle/jre/lib/amd64/libjawt.so
7f39cefb2000-7f39cefb3000 rw-p 00000000 08:05 6039238                    /usr/lib/jvm/java-7-oracle/jre/lib/amd64/libjawt.so
7f39cefb3000-7f39cefb6000 ---p 00000000 00:00 0 
7f39cefb6000-7f39cf0b4000 rw-p 00000000 00:00 0 
7f39cf0b4000-7f39cf0b9000 r-xp 00000000 08:05 6038828                    /usr/lib/x86_64-linux-gnu/libXfixes.so.3.1.0
7f39cf0b9000-7f39cf2b8000 ---p 00005000 08:05 6038828                    /usr/lib/x86_64-linux-gnu/libXfixes.so.3.1.0
7f39cf2b8000-7f39cf2b9000 r--p 00004000 08:05 6038828                    /usr/lib/x86_64-linux-gnu/libXfixes.so.3.1.0
7f39cf2b9000-7f39cf2ba000 rw-p 00005000 08:05 6038828                    /usr/lib/x86_64-linux-gnu/libXfixes.so.3.1.0
7f39cf2ba000-7f39cf2c3000 r-xp 00000000 08:05 6038818                    /usr/lib/x86_64-linux-gnu/libXcursor.so.1.0.2
7f39cf2c3000-7f39cf4c2000 ---p 00009000 08:05 6038818                    /usr/lib/x86_64-linux-gnu/libXcursor.so.1.0.2
7f39cf4c2000-7f39cf4c3000 r--p 00008000 08:05 6038818                    /usr/lib/x86_64-linux-gnu/libXcursor.so.1.0.2
7f39cf4c3000-7f39cf4c4000 rw-p 00009000 08:05 6038818                    /usr/lib/x86_64-linux-gnu/libXcursor.so.1.0.2
7f39cf4c4000-7f39cf4c7000 ---p 00000000 00:00 0 
7f39cf4c7000-7f39cf5c5000 rw-p 00000000 00:00 0 
7f39cf5c5000-7f39cf5ca000 r-xp 00000000 08:05 6038824                    /usr/lib/x86_64-linux-gnu/libXdmcp.so.6.0.0
7f39cf5ca000-7f39cf7c9000 ---p 00005000 08:05 6038824                    /usr/lib/x86_64-linux-gnu/libXdmcp.so.6.0.0
7f39cf7c9000-7f39cf7ca000 r--p 00004000 08:05 6038824                    /usr/lib/x86_64-linux-gnu/libXdmcp.so.6.0.0
7f39cf7ca000-7f39cf7cb000 rw-p 00005000 08:05 6038824                    /usr/lib/x86_64-linux-gnu/libXdmcp.so.6.0.0
7f39cf7cb000-7f39cf7cd000 r-xp 00000000 08:05 6038814                    /usr/lib/x86_64-linux-gnu/libXau.so.6.0.0
7f39cf7cd000-7f39cf9cc000 ---p 00002000 08:05 6038814                    /usr/lib/x86_64-linux-gnu/libXau.so.6.0.0
7f39cf9cc000-7f39cf9cd000 r--p 00001000 08:05 6038814                    /usr/lib/x86_64-linux-gnu/libXau.so.6.0.0
7f39cf9cd000-7f39cf9ce000 rw-p 00002000 08:05 6038814                    /usr/lib/x86_64-linux-gnu/libXau.so.6.0.0
7f39cf9ce000-7f39cf9e9000 r-xp 00000000 08:05 6038970                    /usr/lib/x86_64-linux-gnu/libxcb.so.1.1.0
7f39cf9e9000-7f39cfbe8000 ---p 0001b000 08:05 6038970                    /usr/lib/x86_64-linux-gnu/libxcb.so.1.1.0
7f39cfbe8000-7f39cfbe9000 r--p 0001a000 08:05 6038970                    /usr/lib/x86_64-linux-gnu/libxcb.so.1.1.0
7f39cfbe9000-7f39cfbea000 rw-p 0001b000 08:05 6038970                    /usr/lib/x86_64-linux-gnu/libxcb.so.1.1.0
7f39cfbea000-7f39cfbf9000 r-xp 00000000 08:05 6038832                    /usr/lib/x86_64-linux-gnu/libXi.so.6.1.0
7f39cfbf9000-7f39cfdf8000 ---p 0000f000 08:05 6038832                    /usr/lib/x86_64-linux-gnu/libXi.so.6.1.0
7f39cfdf8000-7f39cfdf9000 r--p 0000e000 08:05 6038832                    /usr/lib/x86_64-linux-gnu/libXi.so.6.1.0
7f39cfdf9000-7f39cfdfa000 rw-p 0000f000 08:05 6038832                    /usr/lib/x86_64-linux-gnu/libXi.so.6.1.0
7f39cfdfa000-7f39cfdff000 r-xp 00000000 08:05 6033420                    /usr/lib/libXtst.so.6.1.0
7f39cfdff000-7f39cfffe000 ---p 00005000 08:05 6033420                    /usr/lib/libXtst.so.6.1.0
7f39cfffe000-7f39cffff000 r--p 00004000 08:05 6033420                    /usr/lib/libXtst.so.6.1.0
7f39cffff000-7f39d0000000 rw-p 00005000 08:05 6033420                    /usr/lib/libXtst.so.6.1.0
7f39d0000000-7f39d0797000 rw-p 00000000 00:00 0 
7f39d0797000-7f39d4000000 ---p 00000000 00:00 0 
7f39d4006000-7f39d4053000 rw-p 00000000 00:00 0 
7f39d4058000-7f39d4059000 rw-p 00000000 00:00 0 
7f39d4059000-7f39d405d000 rw-s 1ee13000 00:05 10304                      /dev/nvidia0
7f39d405d000-7f39d4094000 rw-p 00000000 00:00 0 
7f39d4094000-7f39d409d000 r-xp 00000000 08:05 6038838                    /usr/lib/x86_64-linux-gnu/libXrender.so.1.3.0
7f39d409d000-7f39d429d000 ---p 00009000 08:05 6038838                    /usr/lib/x86_64-linux-gnu/libXrender.so.1.3.0
7f39d429d000-7f39d429e000 r--p 00009000 08:05 6038838                    /usr/lib/x86_64-linux-gnu/libXrender.so.1.3.0
7f39d429e000-7f39d429f000 rw-p 0000a000 08:05 6038838                    /usr/lib/x86_64-linux-gnu/libXrender.so.1.3.0
7f39d429f000-7f39d43d4000 r-xp 00000000 08:05 6038810                    /usr/lib/x86_64-linux-gnu/libX11.so.6.3.0
7f39d43d4000-7f39d45d4000 ---p 00135000 08:05 6038810                    /usr/lib/x86_64-linux-gnu/libX11.so.6.3.0
7f39d45d4000-7f39d45d5000 r--p 00135000 08:05 6038810                    /usr/lib/x86_64-linux-gnu/libX11.so.6.3.0
7f39d45d5000-7f39d45d9000 rw-p 00136000 08:05 6038810                    /usr/lib/x86_64-linux-gnu/libX11.so.6.3.0
7f39d45d9000-7f39d45ea000 r-xp 00000000 08:05 6038826                    /usr/lib/x86_64-linux-gnu/libXext.so.6.4.0
7f39d45ea000-7f39d47e9000 ---p 00011000 08:05 6038826                    /usr/lib/x86_64-linux-gnu/libXext.so.6.4.0
7f39d47e9000-7f39d47ea000 r--p 00010000 08:05 6038826                    /usr/lib/x86_64-linux-gnu/libXext.so.6.4.0
7f39d47ea000-7f39d47eb000 rw-p 00011000 08:05 6038826                    /usr/lib/x86_64-linux-gnu/libXext.so.6.4.0
7f39d47eb000-7f39d47ee000 ---p 00000000 00:00 0 
7f39d47ee000-7f39d4813000 rw-p 00000000 00:00 0 
7f39d4813000-7f39d4863000 r-xp 00000000 08:05 6039007                    /usr/lib/jvm/java-7-oracle/jre/lib/amd64/xawt/libmawt.so
7f39d4863000-7f39d4a63000 ---p 00050000 08:05 6039007                    /usr/lib/jvm/java-7-oracle/jre/lib/amd64/xawt/libmawt.so
7f39d4a63000-7f39d4a67000 rw-p 00050000 08:05 6039007                    /usr/lib/jvm/java-7-oracle/jre/lib/amd64/xawt/libmawt.so
7f39d4a67000-7f39d4a68000 rw-p 00000000 00:00 0 
7f39d4a68000-7f39d4b0a000 r-xp 00000000 08:05 6039004                    /usr/lib/jvm/java-7-oracle/jre/lib/amd64/libawt.so
7f39d4b0a000-7f39d4d0a000 ---p 000a2000 08:05 6039004                    /usr/lib/jvm/java-7-oracle/jre/lib/amd64/libawt.so
7f39d4d0a000-7f39d4d16000 rw-p 000a2000 08:05 6039004                    /usr/lib/jvm/java-7-oracle/jre/lib/amd64/libawt.so
7f39d4d16000-7f39d4d3a000 rw-p 00000000 00:00 0 
7f39d4d3a000-7f39d4d3b000 ---p 00000000 00:00 0 
7f39d4d3b000-7f39d4e3b000 rw-p 00000000 00:00 0 
7f39d4e3b000-7f39d4e3e000 ---p 00000000 00:00 0 
7f39d4e3e000-7f39d4f3c000 rw-p 00000000 00:00 0 
7f39d4f3c000-7f39d4f3f000 ---p 00000000 00:00 0 
7f39d4f3f000-7f39d503d000 rw-p 00000000 00:00 0 
7f39d503d000-7f39d5040000 ---p 00000000 00:00 0 
7f39d5040000-7f39d513e000 rw-p 00000000 00:00 0 
7f39d513e000-7f39d5141000 ---p 00000000 00:00 0 
7f39d5141000-7f39d523f000 rw-p 00000000 00:00 0 
7f39d523f000-7f39d58c9000 r--p 00000000 08:05 6037607                    /usr/lib/locale/locale-archive
7f39d58c9000-7f39d58cc000 ---p 00000000 00:00 0 
7f39d58cc000-7f39d59ca000 rw-p 00000000 00:00 0 
7f39d59ca000-7f39d59cd000 ---p 00000000 00:00 0 
7f39d59cd000-7f39d5acb000 rw-p 00000000 00:00 0 
7f39d5acb000-7f39d5acc000 ---p 00000000 00:00 0 
7f39d5acc000-7f39d68cc000 rw-p 00000000 00:00 0 
7f39d68cc000-7f39d6a88000 r--s 039dc000 08:05 6044605                    /usr/lib/jvm/java-7-oracle/jre/lib/rt.jar
7f39d6a88000-7f39dbbf0000 rw-p 00000000 00:00 0 
7f39dbbf0000-7f39dbbf1000 ---p 00000000 00:00 0 
7f39dbbf1000-7f39dbcf1000 rw-p 00000000 00:00 0 
7f39dbcf1000-7f39dbcf2000 ---p 00000000 00:00 0 
7f39dbcf2000-7f39dbdf2000 rw-p 00000000 00:00 0 
7f39dbdf2000-7f39dbdf3000 ---p 00000000 00:00 0 
7f39dbdf3000-7f39dbefe000 rw-p 00000000 00:00 0 
7f39dbefe000-7f39dbf1c000 rw-p 00000000 00:00 0 
7f39dbf1c000-7f39dbf46000 rw-p 00000000 00:00 0 
7f39dbf46000-7f39dc1b8000 rw-p 00000000 00:00 0 
7f39dc1b8000-7f39dc1c3000 rw-p 00000000 00:00 0 
7f39dc1c3000-7f39dc1e1000 rw-p 00000000 00:00 0 
7f39dc1e1000-7f39dc20b000 rw-p 00000000 00:00 0 
7f39dc20b000-7f39dc47c000 rw-p 00000000 00:00 0 
7f39dc47c000-7f39dc492000 rw-p 00000000 00:00 0 
7f39dc492000-7f39dc5ca000 rw-p 00000000 00:00 0 
7f39dc5ca000-7f39dc5cb000 rw-p 00000000 00:00 0 
7f39dc5cb000-7f39dc83b000 rwxp 00000000 00:00 0 
7f39dc83b000-7f39df5cb000 rw-p 00000000 00:00 0 
7f39df5cb000-7f39df5e5000 r-xp 00000000 08:05 6038770                    /usr/lib/jvm/java-7-oracle/jre/lib/amd64/libzip.so
7f39df5e5000-7f39df7e5000 ---p 0001a000 08:05 6038770                    /usr/lib/jvm/java-7-oracle/jre/lib/amd64/libzip.so
7f39df7e5000-7f39df7e6000 rw-p 0001a000 08:05 6038770                    /usr/lib/jvm/java-7-oracle/jre/lib/amd64/libzip.so
7f39df7e6000-7f39df7f2000 r-xp 00000000 08:05 7608085                    /lib/x86_64-linux-gnu/libnss_files-2.13.so
7f39df7f2000-7f39df9f1000 ---p 0000c000 08:05 7608085                    /lib/x86_64-linux-gnu/libnss_files-2.13.so
7f39df9f1000-7f39df9f2000 r--p 0000b000 08:05 7608085                    /lib/x86_64-linux-gnu/libnss_files-2.13.so
7f39df9f2000-7f39df9f3000 rw-p 0000c000 08:05 7608085                    /lib/x86_64-linux-gnu/libnss_files-2.13.so
7f39df9f3000-7f39df9fe000 r-xp 00000000 08:05 7607798                    /lib/x86_64-linux-gnu/libnss_nis-2.13.so
7f39df9fe000-7f39dfbfd000 ---p 0000b000 08:05 7607798                    /lib/x86_64-linux-gnu/libnss_nis-2.13.so
7f39dfbfd000-7f39dfbfe000 r--p 0000a000 08:05 7607798                    /lib/x86_64-linux-gnu/libnss_nis-2.13.so
7f39dfbfe000-7f39dfbff000 rw-p 0000b000 08:05 7607798                    /lib/x86_64-linux-gnu/libnss_nis-2.13.so
7f39dfbff000-7f39dfc16000 r-xp 00000000 08:05 7608087                    /lib/x86_64-linux-gnu/libnsl-2.13.so
7f39dfc16000-7f39dfe15000 ---p 00017000 08:05 7608087                    /lib/x86_64-linux-gnu/libnsl-2.13.so
7f39dfe15000-7f39dfe16000 r--p 00016000 08:05 7608087                    /lib/x86_64-linux-gnu/libnsl-2.13.so
7f39dfe16000-7f39dfe17000 rw-p 00017000 08:05 7608087                    /lib/x86_64-linux-gnu/libnsl-2.13.so
7f39dfe17000-7f39dfe19000 rw-p 00000000 00:00 0 
7f39dfe19000-7f39dfe21000 r-xp 00000000 08:05 7608084                    /lib/x86_64-linux-gnu/libnss_compat-2.13.so
7f39dfe21000-7f39e0020000 ---p 00008000 08:05 7608084                    /lib/x86_64-linux-gnu/libnss_compat-2.13.so
7f39e0020000-7f39e0021000 r--p 00007000 08:05 7608084                    /lib/x86_64-linux-gnu/libnss_compat-2.13.so
7f39e0021000-7f39e0022000 rw-p 00008000 08:05 7608084                    /lib/x86_64-linux-gnu/libnss_compat-2.13.so
7f39e0022000-7f39e004b000 r-xp 00000000 08:05 6039003                    /usr/lib/jvm/java-7-oracle/jre/lib/amd64/libjava.so
7f39e004b000-7f39e024b000 ---p 00029000 08:05 6039003                    /usr/lib/jvm/java-7-oracle/jre/lib/amd64/libjava.so
7f39e024b000-7f39e024d000 rw-p 00029000 08:05 6039003                    /usr/lib/jvm/java-7-oracle/jre/lib/amd64/libjava.so
7f39e024d000-7f39e025a000 r-xp 00000000 08:05 6038937                    /usr/lib/jvm/java-7-oracle/jre/lib/amd64/libverify.so
7f39e025a000-7f39e0459000 ---p 0000d000 08:05 6038937                    /usr/lib/jvm/java-7-oracle/jre/lib/amd64/libverify.so
7f39e0459000-7f39e045b000 rw-p 0000c000 08:05 6038937                    /usr/lib/jvm/java-7-oracle/jre/lib/amd64/libverify.so
7f39e045b000-7f39e0462000 r-xp 00000000 08:05 7607790                    /lib/x86_64-linux-gnu/librt-2.13.so
7f39e0462000-7f39e0661000 ---p 00007000 08:05 7607790                    /lib/x86_64-linux-gnu/librt-2.13.so
7f39e0661000-7f39e0662000 r--p 00006000 08:05 7607790                    /lib/x86_64-linux-gnu/librt-2.13.so
7f39e0662000-7f39e0663000 rw-p 00007000 08:05 7607790                    /lib/x86_64-linux-gnu/librt-2.13.so
7f39e0663000-7f39e06e7000 r-xp 00000000 08:05 7608082                    /lib/x86_64-linux-gnu/libm-2.13.so
7f39e06e7000-7f39e08e6000 ---p 00084000 08:05 7608082                    /lib/x86_64-linux-gnu/libm-2.13.so
7f39e08e6000-7f39e08e7000 r--p 00083000 08:05 7608082                    /lib/x86_64-linux-gnu/libm-2.13.so
7f39e08e7000-7f39e08e8000 rw-p 00084000 08:05 7608082                    /lib/x86_64-linux-gnu/libm-2.13.so
7f39e08e8000-7f39e132f000 r-xp 00000000 08:05 6038760                    /usr/lib/jvm/java-7-oracle/jre/lib/amd64/server/libjvm.so
7f39e132f000-7f39e152f000 ---p 00a47000 08:05 6038760                    /usr/lib/jvm/java-7-oracle/jre/lib/amd64/server/libjvm.so
7f39e152f000-7f39e15d2000 rw-p 00a47000 08:05 6038760                    /usr/lib/jvm/java-7-oracle/jre/lib/amd64/server/libjvm.so
7f39e15d2000-7f39e160e000 rw-p 00000000 00:00 0 
7f39e160e000-7f39e179b000 r-xp 00000000 08:05 7605972                    /lib/x86_64-linux-gnu/libc-2.13.so
7f39e179b000-7f39e199b000 ---p 0018d000 08:05 7605972                    /lib/x86_64-linux-gnu/libc-2.13.so
7f39e199b000-7f39e199f000 r--p 0018d000 08:05 7605972                    /lib/x86_64-linux-gnu/libc-2.13.so
7f39e199f000-7f39e19a0000 rw-p 00191000 08:05 7605972                    /lib/x86_64-linux-gnu/libc-2.13.so
7f39e19a0000-7f39e19a6000 rw-p 00000000 00:00 0 
7f39e19a6000-7f39e19a8000 r-xp 00000000 08:05 7607795                    /lib/x86_64-linux-gnu/libdl-2.13.so
7f39e19a8000-7f39e1ba8000 ---p 00002000 08:05 7607795                    /lib/x86_64-linux-gnu/libdl-2.13.so
7f39e1ba8000-7f39e1ba9000 r--p 00002000 08:05 7607795                    /lib/x86_64-linux-gnu/libdl-2.13.so
7f39e1ba9000-7f39e1baa000 rw-p 00003000 08:05 7607795                    /lib/x86_64-linux-gnu/libdl-2.13.so
7f39e1baa000-7f39e1bc0000 r-xp 00000000 08:05 6037809                    /usr/lib/jvm/java-7-oracle/jre/lib/amd64/jli/libjli.so
7f39e1bc0000-7f39e1dc0000 ---p 00016000 08:05 6037809                    /usr/lib/jvm/java-7-oracle/jre/lib/amd64/jli/libjli.so
7f39e1dc0000-7f39e1dc1000 rw-p 00016000 08:05 6037809                    /usr/lib/jvm/java-7-oracle/jre/lib/amd64/jli/libjli.so
7f39e1dc1000-7f39e1dd9000 r-xp 00000000 08:05 7608086                    /lib/x86_64-linux-gnu/libpthread-2.13.so
7f39e1dd9000-7f39e1fd9000 ---p 00018000 08:05 7608086                    /lib/x86_64-linux-gnu/libpthread-2.13.so
7f39e1fd9000-7f39e1fda000 r--p 00018000 08:05 7608086                    /lib/x86_64-linux-gnu/libpthread-2.13.so
7f39e1fda000-7f39e1fdb000 rw-p 00019000 08:05 7608086                    /lib/x86_64-linux-gnu/libpthread-2.13.so
7f39e1fdb000-7f39e1fdf000 rw-p 00000000 00:00 0 
7f39e1fdf000-7f39e2000000 r-xp 00000000 08:05 7608083                    /lib/x86_64-linux-gnu/ld-2.13.so
7f39e2000000-7f39e2002000 rw-s 00000000 08:05 4627022                    /tmp/gl1A01Tg (deleted)
7f39e2002000-7f39e2005000 r--s 000f7000 08:05 6037708                    /usr/lib/jvm/java-7-oracle/jre/lib/ext/localedata.jar
7f39e2005000-7f39e2010000 r--s 00093000 00:15 4589134                    /home/skel/code/slick/slick.jar
7f39e2010000-7f39e201a000 rw-p 00000000 00:00 0 
7f39e201a000-7f39e20d0000 rw-p 00000000 00:00 0 
7f39e20d0000-7f39e20d3000 ---p 00000000 00:00 0 
7f39e20d3000-7f39e21d5000 rw-p 00000000 00:00 0 
7f39e21d5000-7f39e21d6000 rw-s fc060000 00:05 10304                      /dev/nvidia0
7f39e21d6000-7f39e21d7000 r--s 00005000 00:15 4626718                    /home/skel/code/json-simple-1.1.1.jar
7f39e21d7000-7f39e21de000 r--s 00039000 00:15 4588115                    /home/skel/code/commons-codec-1.7/commons-codec-1.7.jar
7f39e21de000-7f39e21e0000 r--s 00016000 00:15 4589119                    /home/skel/code/slick/slick-util.jar
7f39e21e0000-7f39e21e2000 r--s 0000d000 00:15 4589118                    /home/skel/code/slick/jorbis-0.0.15.jar
7f39e21e2000-7f39e21e3000 r--s 00001000 00:15 4589115                    /home/skel/code/slick/jogg-0.0.7.jar
7f39e21e3000-7f39e21e5000 r--s 00008000 00:15 4589004                    /home/skel/code/slick/ibxm.jar
7f39e21e5000-7f39e21f3000 r--s 000e3000 00:15 4589791                    /home/skel/code/lwjgl/lwjgl-2.8.5/jar/lwjgl.jar
7f39e21f3000-7f39e21fb000 rw-s 00000000 08:05 4627021                    /tmp/hsperfdata_skel/23577
7f39e21fb000-7f39e21fc000 rw-p 00000000 00:00 0 
7f39e21fc000-7f39e21fd000 r--p 00000000 00:00 0 
7f39e21fd000-7f39e21ff000 rw-p 00000000 00:00 0 
7f39e21ff000-7f39e2200000 r--p 00020000 08:05 7608083                    /lib/x86_64-linux-gnu/ld-2.13.so
7f39e2200000-7f39e2202000 rw-p 00021000 08:05 7608083                    /lib/x86_64-linux-gnu/ld-2.13.so
7ffff19fa000-7ffff1a1b000 rw-p 00000000 00:00 0                          [stack]
7ffff1b9c000-7ffff1b9d000 r-xp 00000000 00:00 0                          [vdso]
ffffffffff600000-ffffffffff601000 r-xp 00000000 00:00 0                  [vsyscall]

VM Arguments:
jvm_args: -Djava.library.path=/home/skel/code/lwjgl/lwjgl-2.8.5/native/linux -Dfile.encoding=UTF-8 
java_command: display.LevelMaker
Launcher Type: SUN_STANDARD

Environment Variables:
PATH=/usr/local/sbin:/usr/local/bin:/usr/sbin:/usr/bin:/sbin:/bin:/usr/games
USERNAME=skel
LD_LIBRARY_PATH=/usr/lib/jvm/java-7-oracle/jre/lib/amd64/server:/usr/lib/jvm/java-7-oracle/jre/lib/amd64:/usr/lib/jvm/java-7-oracle/jre/../lib/amd64:/usr/lib/jvm/java-6-sun-1.6.0.26/jre/lib/amd64/server:/usr/lib/jvm/java-6-sun-1.6.0.26/jre/lib/amd64:/usr/lib/jvm/java-6-sun-1.6.0.26/jre/../lib/amd64
SHELL=/bin/bash
DISPLAY=:0.0

Signal Handlers:
SIGSEGV: [libjvm.so+0x8a5d70], sa_mask[0]=0x7ffbfeff, sa_flags=0x10000004
SIGBUS: [libjvm.so+0x8a5d70], sa_mask[0]=0x7ffbfeff, sa_flags=0x10000004
SIGFPE: [libjvm.so+0x741e50], sa_mask[0]=0x7ffbfeff, sa_flags=0x10000004
SIGPIPE: [libjvm.so+0x741e50], sa_mask[0]=0x7ffbfeff, sa_flags=0x10000004
SIGXFSZ: [libjvm.so+0x741e50], sa_mask[0]=0x7ffbfeff, sa_flags=0x10000004
SIGILL: [libjvm.so+0x741e50], sa_mask[0]=0x7ffbfeff, sa_flags=0x10000004
SIGUSR1: SIG_DFL, sa_mask[0]=0x00000000, sa_flags=0x00000000
SIGUSR2: [libjvm.so+0x7417a0], sa_mask[0]=0x00000004, sa_flags=0x10000004
SIGHUP: [libjvm.so+0x743b30], sa_mask[0]=0x7ffbfeff, sa_flags=0x10000004
SIGINT: [libjvm.so+0x743b30], sa_mask[0]=0x7ffbfeff, sa_flags=0x10000004
SIGTERM: [libjvm.so+0x743b30], sa_mask[0]=0x7ffbfeff, sa_flags=0x10000004
SIGQUIT: [libjvm.so+0x743b30], sa_mask[0]=0x7ffbfeff, sa_flags=0x10000004


---------------  S Y S T E M  ---------------

OS:squeeze/sid

uname:Linux 2.6.38-8-generic #42-Ubuntu SMP Mon Apr 11 03:31:24 UTC 2011 x86_64
libc:glibc 2.13 NPTL 2.13 
rlimit: STACK 8192k, CORE 0k, NPROC infinity, NOFILE 4096, AS infinity
load average:2.24 2.14 2.09

/proc/meminfo:
MemTotal:        8192576 kB
MemFree:           59500 kB
Buffers:          182396 kB
Cached:          2243324 kB
SwapCached:         4436 kB
Active:          4993888 kB
Inactive:        1866444 kB
Active(anon):    3783452 kB
Inactive(anon):   674236 kB
Active(file):    1210436 kB
Inactive(file):  1192208 kB
Unevictable:           0 kB
Mlocked:               0 kB
SwapTotal:       8384508 kB
SwapFree:        8329056 kB
Dirty:               700 kB
Writeback:             0 kB
AnonPages:       4432216 kB
Mapped:           772504 kB
Shmem:             23076 kB
Slab:             251100 kB
SReclaimable:     167352 kB
SUnreclaim:        83748 kB
KernelStack:       13488 kB
PageTables:        70332 kB
NFS_Unstable:          0 kB
Bounce:                0 kB
WritebackTmp:          0 kB
CommitLimit:    12480796 kB
Committed_AS:   20400668 kB
VmallocTotal:   34359738367 kB
VmallocUsed:      370028 kB
VmallocChunk:   34359359356 kB
HardwareCorrupted:     0 kB
HugePages_Total:       0
HugePages_Free:        0
HugePages_Rsvd:        0
HugePages_Surp:        0
Hugepagesize:       2048 kB
DirectMap4k:     7985600 kB
DirectMap2M:      401408 kB
DirectMap1G:           0 kB


CPU:total 3 (3 cores per cpu, 1 threads per core) family 16 model 5 stepping 3, cmov, cx8, fxsr, mmx, sse, sse2, sse3, popcnt, mmxext, 3dnowpref, lzcnt, sse4a, tsc, tscinvbit, tscinv

/proc/cpuinfo:
processor	: 0
vendor_id	: AuthenticAMD
cpu family	: 16
model		: 5
model name	: AMD Athlon(tm) II X3 450 Processor
stepping	: 3
cpu MHz		: 2500.000
cache size	: 512 KB
physical id	: 0
siblings	: 3
core id		: 0
cpu cores	: 3
apicid		: 0
initial apicid	: 0
fpu		: yes
fpu_exception	: yes
cpuid level	: 5
wp		: yes
flags		: fpu vme de pse tsc msr pae mce cx8 apic sep mtrr pge mca cmov pat pse36 clflush mmx fxsr sse sse2 ht syscall nx mmxext fxsr_opt pdpe1gb rdtscp lm 3dnowext 3dnow constant_tsc rep_good nopl nonstop_tsc extd_apicid pni monitor cx16 popcnt lahf_lm cmp_legacy svm extapic cr8_legacy abm sse4a misalignsse 3dnowprefetch osvw ibs skinit wdt npt lbrv svm_lock nrip_save
bogomips	: 6429.36
TLB size	: 1024 4K pages
clflush size	: 64
cache_alignment	: 64
address sizes	: 48 bits physical, 48 bits virtual
power management: ts ttp tm stc 100mhzsteps hwpstate

processor	: 1
vendor_id	: AuthenticAMD
cpu family	: 16
model		: 5
model name	: AMD Athlon(tm) II X3 450 Processor
stepping	: 3
cpu MHz		: 800.000
cache size	: 512 KB
physical id	: 0
siblings	: 3
core id		: 1
cpu cores	: 3
apicid		: 1
initial apicid	: 1
fpu		: yes
fpu_exception	: yes
cpuid level	: 5
wp		: yes
flags		: fpu vme de pse tsc msr pae mce cx8 apic sep mtrr pge mca cmov pat pse36 clflush mmx fxsr sse sse2 ht syscall nx mmxext fxsr_opt pdpe1gb rdtscp lm 3dnowext 3dnow constant_tsc rep_good nopl nonstop_tsc extd_apicid pni monitor cx16 popcnt lahf_lm cmp_legacy svm extapic cr8_legacy abm sse4a misalignsse 3dnowprefetch osvw ibs skinit wdt npt lbrv svm_lock nrip_save
bogomips	: 6428.93
TLB size	: 1024 4K pages
clflush size	: 64
cache_alignment	: 64
address sizes	: 48 bits physical, 48 bits virtual
power management: ts ttp tm stc 100mhzsteps hwpstate

processor	: 2
vendor_id	: AuthenticAMD
cpu family	: 16
model		: 5
model name	: AMD Athlon(tm) II X3 450 Processor
stepping	: 3
cpu MHz		: 3200.000
cache size	: 512 KB
physical id	: 0
siblings	: 3
core id		: 2
cpu cores	: 3
apicid		: 2
initial apicid	: 2
fpu		: yes
fpu_exception	: yes
cpuid level	: 5
wp		: yes
flags		: fpu vme de pse tsc msr pae mce cx8 apic sep mtrr pge mca cmov pat pse36 clflush mmx fxsr sse sse2 ht syscall nx mmxext fxsr_opt pdpe1gb rdtscp lm 3dnowext 3dnow constant_tsc rep_good nopl nonstop_tsc extd_apicid pni monitor cx16 popcnt lahf_lm cmp_legacy svm extapic cr8_legacy abm sse4a misalignsse 3dnowprefetch osvw ibs skinit wdt npt lbrv svm_lock nrip_save
bogomips	: 6428.93
TLB size	: 1024 4K pages
clflush size	: 64
cache_alignment	: 64
address sizes	: 48 bits physical, 48 bits virtual
power management: ts ttp tm stc 100mhzsteps hwpstate



Memory: 4k page, physical 8192576k(59500k free), swap 8384508k(8329056k free)

vm_info: Java HotSpot(TM) 64-Bit Server VM (23.7-b01) for linux-amd64 JRE (1.7.0_17-b02), built on Mar  1 2013 02:59:06 by "java_re" with gcc 4.3.0 20080428 (Red Hat 4.3.0-8)

time: Wed May 22 18:58:42 2013
elapsed time: 1 seconds

