#
# A fatal error has been detected by the Java Runtime Environment:
#
#  SIGSEGV (0xb) at pc=0x00007f1cfdf09e10, pid=7560, tid=139762843342592
#
# JRE version: 7.0_17-b02
# Java VM: Java HotSpot(TM) 64-Bit Server VM (23.7-b01 mixed mode linux-amd64 compressed oops)
# Problematic frame:
# C  [libnvidia-glcore.so.270.41.06+0x10f9e10]  _nv005glcore+0x1d0d70
#
# Failed to write core dump. Core dumps have been disabled. To enable core dumping, try "ulimit -c unlimited" before starting Java again
#
# If you would like to submit a bug report, please visit:
#   http://bugreport.sun.com/bugreport/crash.jsp
# The crash happened outside the Java Virtual Machine in native code.
# See problematic frame for where to report the bug.
#

---------------  T H R E A D  ---------------

Current thread (0x0000000001306000):  JavaThread "main" [_thread_in_native, id=7565, stack(0x00007f1d12915000,0x00007f1d12a16000)]

siginfo:si_signo=SIGSEGV: si_errno=0, si_code=1 (SEGV_MAPERR), si_addr=0x0000000000000000

Registers:
RAX=0x0000000000000000, RBX=0x00007f1d00568500, RCX=0x0000000000000000, RDX=0x0000000000000000
RSP=0x00007f1d12a144a0, RBP=0x0000000000000001, RSI=0x00000000ffffffff, RDI=0x00000000015d18b0
R8 =0x0000000000000001, R9 =0x0000000000000000, R10=0x0000000000000001, R11=0x00007f1cfdbd3940
R12=0x00000000015d18b0, R13=0x0000000000000000, R14=0x0000000040716000, R15=0x0000000000000000
RIP=0x00007f1cfdf09e10, EFLAGS=0x0000000000010202, CSGSFS=0x0000000000000033, ERR=0x0000000000000006
  TRAPNO=0x000000000000000e

Top of Stack: (sp=0x00007f1d12a144a0)
0x00007f1d12a144a0:   0000000412a14728 0000000000000001
0x00007f1d12a144b0:   0000000040800000 0000000000000001
0x00007f1d12a144c0:   0000000000000000 0000000000000001
0x00007f1d12a144d0:   0000000000000004 00007f1cfdaf51f6
0x00007f1d12a144e0:   00000000013061d8 0000000040716000
0x00007f1d12a144f0:   00007f1d00568500 0000000040716000
0x00007f1d12a14500:   00007f1d0052b650 0000000000000001
0x00007f1d12a14510:   0000000000000001 0000000000000000
0x00007f1d12a14520:   00007f1d00566cb8 00007f1cfdaf586e
0x00007f1d12a14530:   0000000700000001 0000000000000001
0x00007f1d12a14540:   0000000000000000 00007f1d00000000
0x00007f1d12a14550:   00007f1d0ce15410 0000000000000003
0x00007f1d12a14560:   00007f1cfea47160 0000000040716000
0x00007f1d12a14570:   000000077e257190 00007f1d12a14668
0x00007f1d12a14580:   0000000001306000 00007f1cfdaf8527
0x00007f1d12a14590:   00007f1d00000001 00007f1d00000000
0x00007f1d12a145a0:   00007f1d0ce16333 40800000d64b4860
0x00007f1d12a145b0:   000000077e257190 00007f1d12a14630
0x00007f1d12a145c0:   0000000000000000 00007f1d0ce21f90
0x00007f1d12a145d0:   00007f1d12a14610 000000077e0e1ed0
0x00007f1d12a145e0:   0000000000000000 000000077e0e0680
0x00007f1d12a145f0:   00007f1d12a145f0 0000000000000000
0x00007f1d12a14600:   00007f1d12a14668 000000077e260c28
0x00007f1d12a14610:   0000000000000000 000000077e257190
0x00007f1d12a14620:   0000000000000000 00007f1d12a14650
0x00007f1d12a14630:   00007f1d12a146b0 00007f1d0ce16158
0x00007f1d12a14640:   00000007d6a78638 00007f1d0ce1edd8
0x00007f1d12a14650:   00007f1cfef4a2c0 00007f1d0ce16158
0x00007f1d12a14660:   00007f1c40800000 0000000000000003
0x00007f1d12a14670:   00007f1d12a14670 000000077e257080
0x00007f1d12a14680:   00007f1d12a146e0 000000077e260c28
0x00007f1d12a14690:   0000000000000000 000000077e2570c0 

Instructions: (pc=0x00007f1cfdf09e10)
0x00007f1cfdf09df0:   14 c5 00 00 00 00 48 c1 e0 05 48 29 d0 48 8d 44
0x00007f1cfdf09e00:   01 10 49 3b 44 24 70 0f 83 ad 00 00 00 49 63 c7
0x00007f1cfdf09e10:   c7 01 e0 08 03 20 c7 41 04 00 41 00 00 49 8d 84
0x00007f1cfdf09e20:   c4 b0 86 07 00 85 ed 48 8d 71 10 8b 50 0c 89 51 

Register to memory mapping:

RAX=0x0000000000000000 is an unknown value
RBX=0x00007f1d00568500 is an unknown value
RCX=0x0000000000000000 is an unknown value
RDX=0x0000000000000000 is an unknown value
RSP=0x00007f1d12a144a0 is pointing into the stack for thread: 0x0000000001306000
RBP=0x0000000000000001 is an unknown value
RSI=0x00000000ffffffff is an unknown value
RDI=0x00000000015d18b0 is an unknown value
R8 =0x0000000000000001 is an unknown value
R9 =0x0000000000000000 is an unknown value
R10=0x0000000000000001 is an unknown value
R11=0x00007f1cfdbd3940: <offset 0xdc3940> in /usr/lib/nvidia-current/libnvidia-glcore.so.270.41.06 at 0x00007f1cfce10000
R12=0x00000000015d18b0 is an unknown value
R13=0x0000000000000000 is an unknown value
R14=0x0000000040716000 is an unknown value
R15=0x0000000000000000 is an unknown value


Stack: [0x00007f1d12915000,0x00007f1d12a16000],  sp=0x00007f1d12a144a0,  free space=1021k
Native frames: (J=compiled Java code, j=interpreted, Vv=VM code, C=native code)
C  [libnvidia-glcore.so.270.41.06+0x10f9e10]  _nv005glcore+0x1d0d70

Java frames: (J=compiled Java code, j=interpreted, Vv=VM code)
j  org.lwjgl.opengl.GL20.nglUniform1f(IFJ)V+0
j  org.lwjgl.opengl.GL20.glUniform1f(IF)V+16
j  data.Rectangle.drawShape(FF)V+70
j  data.TwoDModel.draw(FF)V+48
j  data.StaticEntity.draw()V+18
j  display.FragChangeColor04.display()V+176
j  display.LWJGLWindow.start(II)V+237
j  display.LWJGLWindow.start()V+7
j  display.LevelMaker.main([Ljava/lang/String;)V+12
v  ~StubRoutines::call_stub

---------------  P R O C E S S  ---------------

Java Threads: ( => current thread )
  0x00007f1d005aa000 JavaThread "pool-1-thread-1" [_thread_blocked, id=7588, stack(0x00007f1cfc51c000,0x00007f1cfc61d000)]
  0x00007f1d001ba800 JavaThread "process reaper" daemon [_thread_blocked, id=7580, stack(0x00007f1d05008000,0x00007f1d05030000)]
  0x00007f1d0019b000 JavaThread "AWT-XAWT" daemon [_thread_in_native, id=7578, stack(0x00007f1cff7e8000,0x00007f1cff8e9000)]
  0x00007f1d00166800 JavaThread "Java2D Disposer" daemon [_thread_blocked, id=7577, stack(0x00007f1cffcf9000,0x00007f1cffdfa000)]
  0x00007f1d00056000 JavaThread "Service Thread" daemon [_thread_blocked, id=7575, stack(0x00007f1d05658000,0x00007f1d05759000)]
  0x00007f1d00053800 JavaThread "C2 CompilerThread1" daemon [_thread_blocked, id=7574, stack(0x00007f1d05759000,0x00007f1d0585a000)]
  0x00007f1d00050800 JavaThread "C2 CompilerThread0" daemon [_thread_blocked, id=7573, stack(0x00007f1d0585a000,0x00007f1d0595b000)]
  0x00007f1d0004e000 JavaThread "Signal Dispatcher" daemon [_thread_blocked, id=7572, stack(0x00007f1d0595b000,0x00007f1d05a5c000)]
  0x00007f1d00001000 JavaThread "Finalizer" daemon [_thread_blocked, id=7571, stack(0x00007f1d060e6000,0x00007f1d061e7000)]
  0x0000000001394800 JavaThread "Reference Handler" daemon [_thread_blocked, id=7570, stack(0x00007f1d061e7000,0x00007f1d062e8000)]
=>0x0000000001306000 JavaThread "main" [_thread_in_native, id=7565, stack(0x00007f1d12915000,0x00007f1d12a16000)]

Other Threads:
  0x000000000138d000 VMThread [stack: 0x00007f1d062e8000,0x00007f1d063e9000] [id=7569]
  0x00007f1d00061000 WatcherThread [stack: 0x00007f1d05557000,0x00007f1d05658000] [id=7576]

VM state:not at safepoint (normal execution)

VM Mutex/Monitor currently owned by a thread: None

Heap
 PSYoungGen      total 37376K, used 8536K [0x00000007d64b0000, 0x00000007d8e60000, 0x0000000800000000)
  eden space 32064K, 26% used [0x00000007d64b0000,0x00000007d6d06360,0x00000007d8400000)
  from space 5312K, 0% used [0x00000007d8930000,0x00000007d8930000,0x00000007d8e60000)
  to   space 5312K, 0% used [0x00000007d8400000,0x00000007d8400000,0x00000007d8930000)
 ParOldGen       total 85376K, used 0K [0x0000000782e00000, 0x0000000788160000, 0x00000007d64b0000)
  object space 85376K, 0% used [0x0000000782e00000,0x0000000782e00000,0x0000000788160000)
 PSPermGen       total 21248K, used 7361K [0x000000077dc00000, 0x000000077f0c0000, 0x0000000782e00000)
  object space 21248K, 34% used [0x000000077dc00000,0x000000077e330558,0x000000077f0c0000)

Card table byte_map: [0x00007f1d0c9fd000,0x00007f1d0ce10000] byte_map_base: 0x00007f1d08e0f000

Polling page: 0x00007f1d12a41000

Code Cache  [0x00007f1d0ce10000, 0x00007f1d0d080000, 0x00007f1d0fe10000)
 total_blobs=473 nmethods=33 adapters=393 free_code_cache=48594Kb largest_free_block=49750720

Compilation events (10 events):
Event: 6.431 Thread 0x00007f1d00050800 nmethod 29 0x00007f1d0ce96a10 code [0x00007f1d0ce96b40, 0x00007f1d0ce96b98]
Event: 6.431 Thread 0x00007f1d00050800   30             java.util.AbstractList::<init> (10 bytes)
Event: 6.432 Thread 0x00007f1d00050800 nmethod 30 0x00007f1d0ce96810 code [0x00007f1d0ce96940, 0x00007f1d0ce96998]
Event: 6.432 Thread 0x00007f1d00050800   31             java.util.ArrayList::<init> (44 bytes)
Event: 6.435 Thread 0x00007f1d00053800 nmethod 28 0x00007f1d0ce9a950 code [0x00007f1d0ce9aaa0, 0x00007f1d0ce9ad08]
Event: 6.435 Thread 0x00007f1d00053800   32             java.util.ArrayList::<init> (7 bytes)
Event: 6.437 Thread 0x00007f1d00053800 nmethod 32 0x00007f1d0ce99150 code [0x00007f1d0ce992a0, 0x00007f1d0ce99398]
Event: 6.437 Thread 0x00007f1d00053800   33             data.Zone::<init> (16 bytes)
Event: 6.442 Thread 0x00007f1d00053800 nmethod 33 0x00007f1d0ce98d90 code [0x00007f1d0ce98ee0, 0x00007f1d0ce99058]
Event: 6.446 Thread 0x00007f1d00050800 nmethod 31 0x00007f1d0ce98850 code [0x00007f1d0ce989a0, 0x00007f1d0ce98ad8]

GC Heap History (0 events):
No events

Deoptimization events (0 events):
No events

Internal exceptions (10 events):
Event: 6.435 Thread 0x0000000001306000 Threw 0x00000007d6c263b8 at /HUDSON/workspace/jdk7u17-2-build-linux-amd64-product/jdk7u17/hotspot/src/share/vm/prims/jvm.cpp:1166
Event: 6.436 Thread 0x0000000001306000 Threw 0x00000007d6c28240 at /HUDSON/workspace/jdk7u17-2-build-linux-amd64-product/jdk7u17/hotspot/src/share/vm/prims/jvm.cpp:1166
Event: 6.437 Thread 0x0000000001306000 Threw 0x00000007d6c2c118 at /HUDSON/workspace/jdk7u17-2-build-linux-amd64-product/jdk7u17/hotspot/src/share/vm/prims/jvm.cpp:1166
Event: 6.438 Thread 0x0000000001306000 Threw 0x00000007d6c2f670 at /HUDSON/workspace/jdk7u17-2-build-linux-amd64-product/jdk7u17/hotspot/src/share/vm/prims/jvm.cpp:1166
Event: 6.446 Thread 0x0000000001306000 Threw 0x00000007d6c397b0 at /HUDSON/workspace/jdk7u17-2-build-linux-amd64-product/jdk7u17/hotspot/src/share/vm/prims/jvm.cpp:1166
Event: 6.447 Thread 0x0000000001306000 Threw 0x00000007d6c3b0a0 at /HUDSON/workspace/jdk7u17-2-build-linux-amd64-product/jdk7u17/hotspot/src/share/vm/prims/jvm.cpp:1166
Event: 6.447 Thread 0x0000000001306000 Threw 0x00000007d6c3d370 at /HUDSON/workspace/jdk7u17-2-build-linux-amd64-product/jdk7u17/hotspot/src/share/vm/prims/jvm.cpp:1166
Event: 6.447 Thread 0x0000000001306000 Threw 0x00000007d6c3ed30 at /HUDSON/workspace/jdk7u17-2-build-linux-amd64-product/jdk7u17/hotspot/src/share/vm/prims/jvm.cpp:1166
Event: 6.464 Thread 0x0000000001306000 Threw 0x00000007d6c52be0 at /HUDSON/workspace/jdk7u17-2-build-linux-amd64-product/jdk7u17/hotspot/src/share/vm/prims/jvm.cpp:1166
Event: 6.464 Thread 0x0000000001306000 Threw 0x00000007d6c55198 at /HUDSON/workspace/jdk7u17-2-build-linux-amd64-product/jdk7u17/hotspot/src/share/vm/prims/jvm.cpp:1166

Events (10 events):
Event: 6.464 loading class 0x00007f1d001f12f0 done
Event: 6.465 loading class 0x00007f1d001ade00
Event: 6.465 loading class 0x00007f1d005a9550
Event: 6.465 loading class 0x00007f1d001a6590
Event: 6.465 loading class 0x00007f1d001a6590 done
Event: 6.465 loading class 0x00007f1d005a9550 done
Event: 6.465 loading class 0x00007f1d001ade00 done
Event: 6.465 loading class 0x00007f1d005a9510
Event: 6.465 loading class 0x00007f1d005a9510 done
Event: 6.465 Thread 0x00007f1d005aa000 Thread added: 0x00007f1d005aa000


Dynamic libraries:
00400000-00401000 r-xp 00000000 08:05 6034666                            /usr/lib/jvm/java-7-oracle/bin/java
00600000-00601000 rw-p 00000000 08:05 6034666                            /usr/lib/jvm/java-7-oracle/bin/java
012fc000-017db000 rw-p 00000000 00:00 0                                  [heap]
40716000-4078d000 rw-p 00000000 00:00 0 
41d32000-41d34000 r-xs 00000000 08:05 4626450                            /tmp/gl9V8xwm (deleted)
77dc00000-77f0c0000 rw-p 00000000 00:00 0 
77f0c0000-782e00000 rw-p 00000000 00:00 0 
782e00000-788160000 rw-p 00000000 00:00 0 
788160000-7d64b0000 rw-p 00000000 00:00 0 
7d64b0000-7d8e60000 rw-p 00000000 00:00 0 
7d8e60000-800000000 rw-p 00000000 00:00 0 
7f1cfc51c000-7f1cfc51f000 ---p 00000000 00:00 0 
7f1cfc51f000-7f1cfc61d000 rw-p 00000000 00:00 0 
7f1cfc61d000-7f1cfc632000 r-xp 00000000 08:05 6038764                    /usr/lib/jvm/java-7-oracle/jre/lib/amd64/libnet.so
7f1cfc632000-7f1cfc832000 ---p 00015000 08:05 6038764                    /usr/lib/jvm/java-7-oracle/jre/lib/amd64/libnet.so
7f1cfc832000-7f1cfc833000 rw-p 00015000 08:05 6038764                    /usr/lib/jvm/java-7-oracle/jre/lib/amd64/libnet.so
7f1cfc833000-7f1cfc843000 r-xp 00000000 08:05 6039256                    /usr/lib/jvm/java-7-oracle/jre/lib/amd64/libnio.so
7f1cfc843000-7f1cfca43000 ---p 00010000 08:05 6039256                    /usr/lib/jvm/java-7-oracle/jre/lib/amd64/libnio.so
7f1cfca43000-7f1cfca44000 rw-p 00010000 08:05 6039256                    /usr/lib/jvm/java-7-oracle/jre/lib/amd64/libnio.so
7f1cfca44000-7f1cfcc44000 rw-s 12ba50000 00:05 10304                     /dev/nvidia0
7f1cfcc44000-7f1cfcc46000 rw-s 00000000 08:05 4626450                    /tmp/gl9V8xwm (deleted)
7f1cfcc46000-7f1cfcc49000 r--s 000f7000 08:05 6037708                    /usr/lib/jvm/java-7-oracle/jre/lib/ext/localedata.jar
7f1cfcc49000-7f1cfcd12000 rw-p 00000000 00:00 0 
7f1cfcd12000-7f1cfcd5f000 rw-p 00000000 00:00 0 
7f1cfce10000-7f1cfe25e000 r-xp 00000000 08:05 6032921                    /usr/lib/nvidia-current/libnvidia-glcore.so.270.41.06
7f1cfe25e000-7f1cfe45e000 ---p 0144e000 08:05 6032921                    /usr/lib/nvidia-current/libnvidia-glcore.so.270.41.06
7f1cfe45e000-7f1cfea46000 rwxp 0144e000 08:05 6032921                    /usr/lib/nvidia-current/libnvidia-glcore.so.270.41.06
7f1cfea46000-7f1cfea5d000 rwxp 00000000 00:00 0 
7f1cfea5d000-7f1cfea5e000 r-xp 00000000 08:05 6032924                    /usr/lib/nvidia-current/tls/libnvidia-tls.so.270.41.06
7f1cfea5e000-7f1cfec5e000 ---p 00001000 08:05 6032924                    /usr/lib/nvidia-current/tls/libnvidia-tls.so.270.41.06
7f1cfec5e000-7f1cfec5f000 rw-p 00001000 08:05 6032924                    /usr/lib/nvidia-current/tls/libnvidia-tls.so.270.41.06
7f1cfec5f000-7f1cfed1c000 r-xp 00000000 08:05 6032925                    /usr/lib/nvidia-current/libGL.so.270.41.06
7f1cfed1c000-7f1cfef1c000 ---p 000bd000 08:05 6032925                    /usr/lib/nvidia-current/libGL.so.270.41.06
7f1cfef1c000-7f1cfef55000 rwxp 000bd000 08:05 6032925                    /usr/lib/nvidia-current/libGL.so.270.41.06
7f1cfef55000-7f1cfef6b000 rwxp 00000000 00:00 0 
7f1cfef6b000-7f1cfef70000 r-xp 00000000 08:05 6038842                    /usr/lib/x86_64-linux-gnu/libXxf86vm.so.1.0.0
7f1cfef70000-7f1cff16f000 ---p 00005000 08:05 6038842                    /usr/lib/x86_64-linux-gnu/libXxf86vm.so.1.0.0
7f1cff16f000-7f1cff170000 r--p 00004000 08:05 6038842                    /usr/lib/x86_64-linux-gnu/libXxf86vm.so.1.0.0
7f1cff170000-7f1cff171000 rw-p 00005000 08:05 6038842                    /usr/lib/x86_64-linux-gnu/libXxf86vm.so.1.0.0
7f1cff171000-7f1cff179000 r-xp 00000000 08:05 6038836                    /usr/lib/x86_64-linux-gnu/libXrandr.so.2.2.0
7f1cff179000-7f1cff378000 ---p 00008000 08:05 6038836                    /usr/lib/x86_64-linux-gnu/libXrandr.so.2.2.0
7f1cff378000-7f1cff379000 r--p 00007000 08:05 6038836                    /usr/lib/x86_64-linux-gnu/libXrandr.so.2.2.0
7f1cff379000-7f1cff37a000 rw-p 00008000 08:05 6038836                    /usr/lib/x86_64-linux-gnu/libXrandr.so.2.2.0
7f1cff37a000-7f1cff3e4000 r-xp 00000000 00:15 4589809                    /home/skel/code/lwjgl/lwjgl-2.8.5/native/linux/liblwjgl64.so
7f1cff3e4000-7f1cff5e4000 ---p 0006a000 00:15 4589809                    /home/skel/code/lwjgl/lwjgl-2.8.5/native/linux/liblwjgl64.so
7f1cff5e4000-7f1cff5e6000 r--p 0006a000 00:15 4589809                    /home/skel/code/lwjgl/lwjgl-2.8.5/native/linux/liblwjgl64.so
7f1cff5e6000-7f1cff5e7000 rw-p 0006c000 00:15 4589809                    /home/skel/code/lwjgl/lwjgl-2.8.5/native/linux/liblwjgl64.so
7f1cff5e7000-7f1cff5e8000 r-xp 00000000 08:05 6039238                    /usr/lib/jvm/java-7-oracle/jre/lib/amd64/libjawt.so
7f1cff5e8000-7f1cff7e7000 ---p 00001000 08:05 6039238                    /usr/lib/jvm/java-7-oracle/jre/lib/amd64/libjawt.so
7f1cff7e7000-7f1cff7e8000 rw-p 00000000 08:05 6039238                    /usr/lib/jvm/java-7-oracle/jre/lib/amd64/libjawt.so
7f1cff7e8000-7f1cff7eb000 ---p 00000000 00:00 0 
7f1cff7eb000-7f1cff8e9000 rw-p 00000000 00:00 0 
7f1cff8e9000-7f1cff8ee000 r-xp 00000000 08:05 6038828                    /usr/lib/x86_64-linux-gnu/libXfixes.so.3.1.0
7f1cff8ee000-7f1cffaed000 ---p 00005000 08:05 6038828                    /usr/lib/x86_64-linux-gnu/libXfixes.so.3.1.0
7f1cffaed000-7f1cffaee000 r--p 00004000 08:05 6038828                    /usr/lib/x86_64-linux-gnu/libXfixes.so.3.1.0
7f1cffaee000-7f1cffaef000 rw-p 00005000 08:05 6038828                    /usr/lib/x86_64-linux-gnu/libXfixes.so.3.1.0
7f1cffaef000-7f1cffaf8000 r-xp 00000000 08:05 6038818                    /usr/lib/x86_64-linux-gnu/libXcursor.so.1.0.2
7f1cffaf8000-7f1cffcf7000 ---p 00009000 08:05 6038818                    /usr/lib/x86_64-linux-gnu/libXcursor.so.1.0.2
7f1cffcf7000-7f1cffcf8000 r--p 00008000 08:05 6038818                    /usr/lib/x86_64-linux-gnu/libXcursor.so.1.0.2
7f1cffcf8000-7f1cffcf9000 rw-p 00009000 08:05 6038818                    /usr/lib/x86_64-linux-gnu/libXcursor.so.1.0.2
7f1cffcf9000-7f1cffcfc000 ---p 00000000 00:00 0 
7f1cffcfc000-7f1cffdfa000 rw-p 00000000 00:00 0 
7f1cffdfa000-7f1cffdff000 r-xp 00000000 08:05 6038824                    /usr/lib/x86_64-linux-gnu/libXdmcp.so.6.0.0
7f1cffdff000-7f1cffffe000 ---p 00005000 08:05 6038824                    /usr/lib/x86_64-linux-gnu/libXdmcp.so.6.0.0
7f1cffffe000-7f1cfffff000 r--p 00004000 08:05 6038824                    /usr/lib/x86_64-linux-gnu/libXdmcp.so.6.0.0
7f1cfffff000-7f1d00000000 rw-p 00005000 08:05 6038824                    /usr/lib/x86_64-linux-gnu/libXdmcp.so.6.0.0
7f1d00000000-7f1d0066d000 rw-p 00000000 00:00 0 
7f1d0066d000-7f1d04000000 ---p 00000000 00:00 0 
7f1d0402a000-7f1d04045000 rw-s 101a60000 00:05 10304                     /dev/nvidia0
7f1d04045000-7f1d0407c000 rw-p 00000000 00:00 0 
7f1d0407c000-7f1d0407e000 r-xp 00000000 08:05 6038814                    /usr/lib/x86_64-linux-gnu/libXau.so.6.0.0
7f1d0407e000-7f1d0427d000 ---p 00002000 08:05 6038814                    /usr/lib/x86_64-linux-gnu/libXau.so.6.0.0
7f1d0427d000-7f1d0427e000 r--p 00001000 08:05 6038814                    /usr/lib/x86_64-linux-gnu/libXau.so.6.0.0
7f1d0427e000-7f1d0427f000 rw-p 00002000 08:05 6038814                    /usr/lib/x86_64-linux-gnu/libXau.so.6.0.0
7f1d0427f000-7f1d0429a000 r-xp 00000000 08:05 6038970                    /usr/lib/x86_64-linux-gnu/libxcb.so.1.1.0
7f1d0429a000-7f1d04499000 ---p 0001b000 08:05 6038970                    /usr/lib/x86_64-linux-gnu/libxcb.so.1.1.0
7f1d04499000-7f1d0449a000 r--p 0001a000 08:05 6038970                    /usr/lib/x86_64-linux-gnu/libxcb.so.1.1.0
7f1d0449a000-7f1d0449b000 rw-p 0001b000 08:05 6038970                    /usr/lib/x86_64-linux-gnu/libxcb.so.1.1.0
7f1d0449b000-7f1d044aa000 r-xp 00000000 08:05 6038832                    /usr/lib/x86_64-linux-gnu/libXi.so.6.1.0
7f1d044aa000-7f1d046a9000 ---p 0000f000 08:05 6038832                    /usr/lib/x86_64-linux-gnu/libXi.so.6.1.0
7f1d046a9000-7f1d046aa000 r--p 0000e000 08:05 6038832                    /usr/lib/x86_64-linux-gnu/libXi.so.6.1.0
7f1d046aa000-7f1d046ab000 rw-p 0000f000 08:05 6038832                    /usr/lib/x86_64-linux-gnu/libXi.so.6.1.0
7f1d046ab000-7f1d046b0000 r-xp 00000000 08:05 6033420                    /usr/lib/libXtst.so.6.1.0
7f1d046b0000-7f1d048af000 ---p 00005000 08:05 6033420                    /usr/lib/libXtst.so.6.1.0
7f1d048af000-7f1d048b0000 r--p 00004000 08:05 6033420                    /usr/lib/libXtst.so.6.1.0
7f1d048b0000-7f1d048b1000 rw-p 00005000 08:05 6033420                    /usr/lib/libXtst.so.6.1.0
7f1d048b1000-7f1d048ba000 r-xp 00000000 08:05 6038838                    /usr/lib/x86_64-linux-gnu/libXrender.so.1.3.0
7f1d048ba000-7f1d04aba000 ---p 00009000 08:05 6038838                    /usr/lib/x86_64-linux-gnu/libXrender.so.1.3.0
7f1d04aba000-7f1d04abb000 r--p 00009000 08:05 6038838                    /usr/lib/x86_64-linux-gnu/libXrender.so.1.3.0
7f1d04abb000-7f1d04abc000 rw-p 0000a000 08:05 6038838                    /usr/lib/x86_64-linux-gnu/libXrender.so.1.3.0
7f1d04abc000-7f1d04bf1000 r-xp 00000000 08:05 6038810                    /usr/lib/x86_64-linux-gnu/libX11.so.6.3.0
7f1d04bf1000-7f1d04df1000 ---p 00135000 08:05 6038810                    /usr/lib/x86_64-linux-gnu/libX11.so.6.3.0
7f1d04df1000-7f1d04df2000 r--p 00135000 08:05 6038810                    /usr/lib/x86_64-linux-gnu/libX11.so.6.3.0
7f1d04df2000-7f1d04df6000 rw-p 00136000 08:05 6038810                    /usr/lib/x86_64-linux-gnu/libX11.so.6.3.0
7f1d04df6000-7f1d04e07000 r-xp 00000000 08:05 6038826                    /usr/lib/x86_64-linux-gnu/libXext.so.6.4.0
7f1d04e07000-7f1d05006000 ---p 00011000 08:05 6038826                    /usr/lib/x86_64-linux-gnu/libXext.so.6.4.0
7f1d05006000-7f1d05007000 r--p 00010000 08:05 6038826                    /usr/lib/x86_64-linux-gnu/libXext.so.6.4.0
7f1d05007000-7f1d05008000 rw-p 00011000 08:05 6038826                    /usr/lib/x86_64-linux-gnu/libXext.so.6.4.0
7f1d05008000-7f1d0500b000 ---p 00000000 00:00 0 
7f1d0500b000-7f1d05030000 rw-p 00000000 00:00 0 
7f1d05030000-7f1d05080000 r-xp 00000000 08:05 6039007                    /usr/lib/jvm/java-7-oracle/jre/lib/amd64/xawt/libmawt.so
7f1d05080000-7f1d05280000 ---p 00050000 08:05 6039007                    /usr/lib/jvm/java-7-oracle/jre/lib/amd64/xawt/libmawt.so
7f1d05280000-7f1d05284000 rw-p 00050000 08:05 6039007                    /usr/lib/jvm/java-7-oracle/jre/lib/amd64/xawt/libmawt.so
7f1d05284000-7f1d05285000 rw-p 00000000 00:00 0 
7f1d05285000-7f1d05327000 r-xp 00000000 08:05 6039004                    /usr/lib/jvm/java-7-oracle/jre/lib/amd64/libawt.so
7f1d05327000-7f1d05527000 ---p 000a2000 08:05 6039004                    /usr/lib/jvm/java-7-oracle/jre/lib/amd64/libawt.so
7f1d05527000-7f1d05533000 rw-p 000a2000 08:05 6039004                    /usr/lib/jvm/java-7-oracle/jre/lib/amd64/libawt.so
7f1d05533000-7f1d05557000 rw-p 00000000 00:00 0 
7f1d05557000-7f1d05558000 ---p 00000000 00:00 0 
7f1d05558000-7f1d05658000 rw-p 00000000 00:00 0 
7f1d05658000-7f1d0565b000 ---p 00000000 00:00 0 
7f1d0565b000-7f1d05759000 rw-p 00000000 00:00 0 
7f1d05759000-7f1d0575c000 ---p 00000000 00:00 0 
7f1d0575c000-7f1d0585a000 rw-p 00000000 00:00 0 
7f1d0585a000-7f1d0585d000 ---p 00000000 00:00 0 
7f1d0585d000-7f1d0595b000 rw-p 00000000 00:00 0 
7f1d0595b000-7f1d0595e000 ---p 00000000 00:00 0 
7f1d0595e000-7f1d05a5c000 rw-p 00000000 00:00 0 
7f1d05a5c000-7f1d060e6000 r--p 00000000 08:05 6037607                    /usr/lib/locale/locale-archive
7f1d060e6000-7f1d060e9000 ---p 00000000 00:00 0 
7f1d060e9000-7f1d061e7000 rw-p 00000000 00:00 0 
7f1d061e7000-7f1d061ea000 ---p 00000000 00:00 0 
7f1d061ea000-7f1d062e8000 rw-p 00000000 00:00 0 
7f1d062e8000-7f1d062e9000 ---p 00000000 00:00 0 
7f1d062e9000-7f1d070e9000 rw-p 00000000 00:00 0 
7f1d070e9000-7f1d072a5000 r--s 039dc000 08:05 6044605                    /usr/lib/jvm/java-7-oracle/jre/lib/rt.jar
7f1d072a5000-7f1d0c435000 rw-p 00000000 00:00 0 
7f1d0c435000-7f1d0c436000 ---p 00000000 00:00 0 
7f1d0c436000-7f1d0c536000 rw-p 00000000 00:00 0 
7f1d0c536000-7f1d0c537000 ---p 00000000 00:00 0 
7f1d0c537000-7f1d0c637000 rw-p 00000000 00:00 0 
7f1d0c637000-7f1d0c638000 ---p 00000000 00:00 0 
7f1d0c638000-7f1d0c743000 rw-p 00000000 00:00 0 
7f1d0c743000-7f1d0c761000 rw-p 00000000 00:00 0 
7f1d0c761000-7f1d0c78b000 rw-p 00000000 00:00 0 
7f1d0c78b000-7f1d0c9fd000 rw-p 00000000 00:00 0 
7f1d0c9fd000-7f1d0ca08000 rw-p 00000000 00:00 0 
7f1d0ca08000-7f1d0ca26000 rw-p 00000000 00:00 0 
7f1d0ca26000-7f1d0ca50000 rw-p 00000000 00:00 0 
7f1d0ca50000-7f1d0ccc1000 rw-p 00000000 00:00 0 
7f1d0ccc1000-7f1d0ccd7000 rw-p 00000000 00:00 0 
7f1d0ccd7000-7f1d0ce0f000 rw-p 00000000 00:00 0 
7f1d0ce0f000-7f1d0ce10000 rw-p 00000000 00:00 0 
7f1d0ce10000-7f1d0d080000 rwxp 00000000 00:00 0 
7f1d0d080000-7f1d0fe10000 rw-p 00000000 00:00 0 
7f1d0fe10000-7f1d0fe2a000 r-xp 00000000 08:05 6038770                    /usr/lib/jvm/java-7-oracle/jre/lib/amd64/libzip.so
7f1d0fe2a000-7f1d1002a000 ---p 0001a000 08:05 6038770                    /usr/lib/jvm/java-7-oracle/jre/lib/amd64/libzip.so
7f1d1002a000-7f1d1002b000 rw-p 0001a000 08:05 6038770                    /usr/lib/jvm/java-7-oracle/jre/lib/amd64/libzip.so
7f1d1002b000-7f1d10037000 r-xp 00000000 08:05 7608085                    /lib/x86_64-linux-gnu/libnss_files-2.13.so
7f1d10037000-7f1d10236000 ---p 0000c000 08:05 7608085                    /lib/x86_64-linux-gnu/libnss_files-2.13.so
7f1d10236000-7f1d10237000 r--p 0000b000 08:05 7608085                    /lib/x86_64-linux-gnu/libnss_files-2.13.so
7f1d10237000-7f1d10238000 rw-p 0000c000 08:05 7608085                    /lib/x86_64-linux-gnu/libnss_files-2.13.so
7f1d10238000-7f1d10243000 r-xp 00000000 08:05 7607798                    /lib/x86_64-linux-gnu/libnss_nis-2.13.so
7f1d10243000-7f1d10442000 ---p 0000b000 08:05 7607798                    /lib/x86_64-linux-gnu/libnss_nis-2.13.so
7f1d10442000-7f1d10443000 r--p 0000a000 08:05 7607798                    /lib/x86_64-linux-gnu/libnss_nis-2.13.so
7f1d10443000-7f1d10444000 rw-p 0000b000 08:05 7607798                    /lib/x86_64-linux-gnu/libnss_nis-2.13.so
7f1d10444000-7f1d1045b000 r-xp 00000000 08:05 7608087                    /lib/x86_64-linux-gnu/libnsl-2.13.so
7f1d1045b000-7f1d1065a000 ---p 00017000 08:05 7608087                    /lib/x86_64-linux-gnu/libnsl-2.13.so
7f1d1065a000-7f1d1065b000 r--p 00016000 08:05 7608087                    /lib/x86_64-linux-gnu/libnsl-2.13.so
7f1d1065b000-7f1d1065c000 rw-p 00017000 08:05 7608087                    /lib/x86_64-linux-gnu/libnsl-2.13.so
7f1d1065c000-7f1d1065e000 rw-p 00000000 00:00 0 
7f1d1065e000-7f1d10666000 r-xp 00000000 08:05 7608084                    /lib/x86_64-linux-gnu/libnss_compat-2.13.so
7f1d10666000-7f1d10865000 ---p 00008000 08:05 7608084                    /lib/x86_64-linux-gnu/libnss_compat-2.13.so
7f1d10865000-7f1d10866000 r--p 00007000 08:05 7608084                    /lib/x86_64-linux-gnu/libnss_compat-2.13.so
7f1d10866000-7f1d10867000 rw-p 00008000 08:05 7608084                    /lib/x86_64-linux-gnu/libnss_compat-2.13.so
7f1d10867000-7f1d10890000 r-xp 00000000 08:05 6039003                    /usr/lib/jvm/java-7-oracle/jre/lib/amd64/libjava.so
7f1d10890000-7f1d10a90000 ---p 00029000 08:05 6039003                    /usr/lib/jvm/java-7-oracle/jre/lib/amd64/libjava.so
7f1d10a90000-7f1d10a92000 rw-p 00029000 08:05 6039003                    /usr/lib/jvm/java-7-oracle/jre/lib/amd64/libjava.so
7f1d10a92000-7f1d10a9f000 r-xp 00000000 08:05 6038937                    /usr/lib/jvm/java-7-oracle/jre/lib/amd64/libverify.so
7f1d10a9f000-7f1d10c9e000 ---p 0000d000 08:05 6038937                    /usr/lib/jvm/java-7-oracle/jre/lib/amd64/libverify.so
7f1d10c9e000-7f1d10ca0000 rw-p 0000c000 08:05 6038937                    /usr/lib/jvm/java-7-oracle/jre/lib/amd64/libverify.so
7f1d10ca0000-7f1d10ca7000 r-xp 00000000 08:05 7607790                    /lib/x86_64-linux-gnu/librt-2.13.so
7f1d10ca7000-7f1d10ea6000 ---p 00007000 08:05 7607790                    /lib/x86_64-linux-gnu/librt-2.13.so
7f1d10ea6000-7f1d10ea7000 r--p 00006000 08:05 7607790                    /lib/x86_64-linux-gnu/librt-2.13.so
7f1d10ea7000-7f1d10ea8000 rw-p 00007000 08:05 7607790                    /lib/x86_64-linux-gnu/librt-2.13.so
7f1d10ea8000-7f1d10f2c000 r-xp 00000000 08:05 7608082                    /lib/x86_64-linux-gnu/libm-2.13.so
7f1d10f2c000-7f1d1112b000 ---p 00084000 08:05 7608082                    /lib/x86_64-linux-gnu/libm-2.13.so
7f1d1112b000-7f1d1112c000 r--p 00083000 08:05 7608082                    /lib/x86_64-linux-gnu/libm-2.13.so
7f1d1112c000-7f1d1112d000 rw-p 00084000 08:05 7608082                    /lib/x86_64-linux-gnu/libm-2.13.so
7f1d1112d000-7f1d11b74000 r-xp 00000000 08:05 6038760                    /usr/lib/jvm/java-7-oracle/jre/lib/amd64/server/libjvm.so
7f1d11b74000-7f1d11d74000 ---p 00a47000 08:05 6038760                    /usr/lib/jvm/java-7-oracle/jre/lib/amd64/server/libjvm.so
7f1d11d74000-7f1d11e17000 rw-p 00a47000 08:05 6038760                    /usr/lib/jvm/java-7-oracle/jre/lib/amd64/server/libjvm.so
7f1d11e17000-7f1d11e53000 rw-p 00000000 00:00 0 
7f1d11e53000-7f1d11fe0000 r-xp 00000000 08:05 7605972                    /lib/x86_64-linux-gnu/libc-2.13.so
7f1d11fe0000-7f1d121e0000 ---p 0018d000 08:05 7605972                    /lib/x86_64-linux-gnu/libc-2.13.so
7f1d121e0000-7f1d121e4000 r--p 0018d000 08:05 7605972                    /lib/x86_64-linux-gnu/libc-2.13.so
7f1d121e4000-7f1d121e5000 rw-p 00191000 08:05 7605972                    /lib/x86_64-linux-gnu/libc-2.13.so
7f1d121e5000-7f1d121eb000 rw-p 00000000 00:00 0 
7f1d121eb000-7f1d121ed000 r-xp 00000000 08:05 7607795                    /lib/x86_64-linux-gnu/libdl-2.13.so
7f1d121ed000-7f1d123ed000 ---p 00002000 08:05 7607795                    /lib/x86_64-linux-gnu/libdl-2.13.so
7f1d123ed000-7f1d123ee000 r--p 00002000 08:05 7607795                    /lib/x86_64-linux-gnu/libdl-2.13.so
7f1d123ee000-7f1d123ef000 rw-p 00003000 08:05 7607795                    /lib/x86_64-linux-gnu/libdl-2.13.so
7f1d123ef000-7f1d12405000 r-xp 00000000 08:05 6037809                    /usr/lib/jvm/java-7-oracle/jre/lib/amd64/jli/libjli.so
7f1d12405000-7f1d12605000 ---p 00016000 08:05 6037809                    /usr/lib/jvm/java-7-oracle/jre/lib/amd64/jli/libjli.so
7f1d12605000-7f1d12606000 rw-p 00016000 08:05 6037809                    /usr/lib/jvm/java-7-oracle/jre/lib/amd64/jli/libjli.so
7f1d12606000-7f1d1261e000 r-xp 00000000 08:05 7608086                    /lib/x86_64-linux-gnu/libpthread-2.13.so
7f1d1261e000-7f1d1281e000 ---p 00018000 08:05 7608086                    /lib/x86_64-linux-gnu/libpthread-2.13.so
7f1d1281e000-7f1d1281f000 r--p 00018000 08:05 7608086                    /lib/x86_64-linux-gnu/libpthread-2.13.so
7f1d1281f000-7f1d12820000 rw-p 00019000 08:05 7608086                    /lib/x86_64-linux-gnu/libpthread-2.13.so
7f1d12820000-7f1d12824000 rw-p 00000000 00:00 0 
7f1d12824000-7f1d12845000 r-xp 00000000 08:05 7608083                    /lib/x86_64-linux-gnu/ld-2.13.so
7f1d12845000-7f1d12846000 rw-s fc060000 00:05 10304                      /dev/nvidia0
7f1d12846000-7f1d1284a000 rw-s 1056d000 00:05 10304                      /dev/nvidia0
7f1d1284a000-7f1d12855000 r--s 00093000 00:15 4589134                    /home/skel/code/slick/slick.jar
7f1d12855000-7f1d1285f000 rw-p 00000000 00:00 0 
7f1d1285f000-7f1d12915000 rw-p 00000000 00:00 0 
7f1d12915000-7f1d12918000 ---p 00000000 00:00 0 
7f1d12918000-7f1d12a1b000 rw-p 00000000 00:00 0 
7f1d12a1b000-7f1d12a1c000 r--s 00005000 00:15 4626718                    /home/skel/code/json-simple-1.1.1.jar
7f1d12a1c000-7f1d12a23000 r--s 00039000 00:15 4588115                    /home/skel/code/commons-codec-1.7/commons-codec-1.7.jar
7f1d12a23000-7f1d12a25000 r--s 00016000 00:15 4589119                    /home/skel/code/slick/slick-util.jar
7f1d12a25000-7f1d12a27000 r--s 0000d000 00:15 4589118                    /home/skel/code/slick/jorbis-0.0.15.jar
7f1d12a27000-7f1d12a28000 r--s 00001000 00:15 4589115                    /home/skel/code/slick/jogg-0.0.7.jar
7f1d12a28000-7f1d12a2a000 r--s 00008000 00:15 4589004                    /home/skel/code/slick/ibxm.jar
7f1d12a2a000-7f1d12a38000 r--s 000e3000 00:15 4589791                    /home/skel/code/lwjgl/lwjgl-2.8.5/jar/lwjgl.jar
7f1d12a38000-7f1d12a40000 rw-s 00000000 08:05 4626449                    /tmp/hsperfdata_skel/7560
7f1d12a40000-7f1d12a41000 rw-p 00000000 00:00 0 
7f1d12a41000-7f1d12a42000 r--p 00000000 00:00 0 
7f1d12a42000-7f1d12a44000 rw-p 00000000 00:00 0 
7f1d12a44000-7f1d12a45000 r--p 00020000 08:05 7608083                    /lib/x86_64-linux-gnu/ld-2.13.so
7f1d12a45000-7f1d12a47000 rw-p 00021000 08:05 7608083                    /lib/x86_64-linux-gnu/ld-2.13.so
7fff33da9000-7fff33dca000 rw-p 00000000 00:00 0                          [stack]
7fff33dff000-7fff33e00000 r-xp 00000000 00:00 0                          [vdso]
ffffffffff600000-ffffffffff601000 r-xp 00000000 00:00 0                  [vsyscall]

VM Arguments:
jvm_args: -Djava.library.path=/home/skel/code/lwjgl/lwjgl-2.8.5/native/linux -Dfile.encoding=UTF-8 
java_command: display.LevelMaker
Launcher Type: SUN_STANDARD

Environment Variables:
PATH=/usr/local/sbin:/usr/local/bin:/usr/sbin:/usr/bin:/sbin:/bin:/usr/games
USERNAME=skel
LD_LIBRARY_PATH=/usr/lib/jvm/java-7-oracle/jre/lib/amd64/server:/usr/lib/jvm/java-7-oracle/jre/lib/amd64:/usr/lib/jvm/java-7-oracle/jre/../lib/amd64:/usr/lib/jvm/java-6-sun-1.6.0.26/jre/lib/amd64/server:/usr/lib/jvm/java-6-sun-1.6.0.26/jre/lib/amd64:/usr/lib/jvm/java-6-sun-1.6.0.26/jre/../lib/amd64
SHELL=/bin/bash
DISPLAY=:0.0

Signal Handlers:
SIGSEGV: [libjvm.so+0x8a5d70], sa_mask[0]=0x7ffbfeff, sa_flags=0x10000004
SIGBUS: [libjvm.so+0x8a5d70], sa_mask[0]=0x7ffbfeff, sa_flags=0x10000004
SIGFPE: [libjvm.so+0x741e50], sa_mask[0]=0x7ffbfeff, sa_flags=0x10000004
SIGPIPE: [libjvm.so+0x741e50], sa_mask[0]=0x7ffbfeff, sa_flags=0x10000004
SIGXFSZ: [libjvm.so+0x741e50], sa_mask[0]=0x7ffbfeff, sa_flags=0x10000004
SIGILL: [libjvm.so+0x741e50], sa_mask[0]=0x7ffbfeff, sa_flags=0x10000004
SIGUSR1: SIG_DFL, sa_mask[0]=0x00000000, sa_flags=0x00000000
SIGUSR2: [libjvm.so+0x7417a0], sa_mask[0]=0x00000004, sa_flags=0x10000004
SIGHUP: [libjvm.so+0x743b30], sa_mask[0]=0x7ffbfeff, sa_flags=0x10000004
SIGINT: [libjvm.so+0x743b30], sa_mask[0]=0x7ffbfeff, sa_flags=0x10000004
SIGTERM: [libjvm.so+0x743b30], sa_mask[0]=0x7ffbfeff, sa_flags=0x10000004
SIGQUIT: [libjvm.so+0x743b30], sa_mask[0]=0x7ffbfeff, sa_flags=0x10000004


---------------  S Y S T E M  ---------------

OS:squeeze/sid

uname:Linux 2.6.38-8-generic #42-Ubuntu SMP Mon Apr 11 03:31:24 UTC 2011 x86_64
libc:glibc 2.13 NPTL 2.13 
rlimit: STACK 8192k, CORE 0k, NPROC infinity, NOFILE 4096, AS infinity
load average:2.04 2.06 2.05

/proc/meminfo:
MemTotal:        8192576 kB
MemFree:           69516 kB
Buffers:          189068 kB
Cached:          2052640 kB
SwapCached:         9228 kB
Active:          5100824 kB
Inactive:        1804232 kB
Active(anon):    4005812 kB
Inactive(anon):   718112 kB
Active(file):    1095012 kB
Inactive(file):  1086120 kB
Unevictable:          80 kB
Mlocked:              80 kB
SwapTotal:       8384508 kB
SwapFree:        8185128 kB
Dirty:              1864 kB
Writeback:             0 kB
AnonPages:       4656932 kB
Mapped:           718784 kB
Shmem:             60576 kB
Slab:             276556 kB
SReclaimable:     187876 kB
SUnreclaim:        88680 kB
KernelStack:       11664 kB
PageTables:        72780 kB
NFS_Unstable:          0 kB
Bounce:                0 kB
WritebackTmp:          0 kB
CommitLimit:    12480796 kB
Committed_AS:   18095868 kB
VmallocTotal:   34359738367 kB
VmallocUsed:      368196 kB
VmallocChunk:   34359362428 kB
HardwareCorrupted:     0 kB
HugePages_Total:       0
HugePages_Free:        0
HugePages_Rsvd:        0
HugePages_Surp:        0
Hugepagesize:       2048 kB
DirectMap4k:     7985600 kB
DirectMap2M:      401408 kB
DirectMap1G:           0 kB


CPU:total 3 (3 cores per cpu, 1 threads per core) family 16 model 5 stepping 3, cmov, cx8, fxsr, mmx, sse, sse2, sse3, popcnt, mmxext, 3dnowpref, lzcnt, sse4a, tsc, tscinvbit, tscinv

/proc/cpuinfo:
processor	: 0
vendor_id	: AuthenticAMD
cpu family	: 16
model		: 5
model name	: AMD Athlon(tm) II X3 450 Processor
stepping	: 3
cpu MHz		: 3200.000
cache size	: 512 KB
physical id	: 0
siblings	: 3
core id		: 0
cpu cores	: 3
apicid		: 0
initial apicid	: 0
fpu		: yes
fpu_exception	: yes
cpuid level	: 5
wp		: yes
flags		: fpu vme de pse tsc msr pae mce cx8 apic sep mtrr pge mca cmov pat pse36 clflush mmx fxsr sse sse2 ht syscall nx mmxext fxsr_opt pdpe1gb rdtscp lm 3dnowext 3dnow constant_tsc rep_good nopl nonstop_tsc extd_apicid pni monitor cx16 popcnt lahf_lm cmp_legacy svm extapic cr8_legacy abm sse4a misalignsse 3dnowprefetch osvw ibs skinit wdt npt lbrv svm_lock nrip_save
bogomips	: 6429.36
TLB size	: 1024 4K pages
clflush size	: 64
cache_alignment	: 64
address sizes	: 48 bits physical, 48 bits virtual
power management: ts ttp tm stc 100mhzsteps hwpstate

processor	: 1
vendor_id	: AuthenticAMD
cpu family	: 16
model		: 5
model name	: AMD Athlon(tm) II X3 450 Processor
stepping	: 3
cpu MHz		: 3200.000
cache size	: 512 KB
physical id	: 0
siblings	: 3
core id		: 1
cpu cores	: 3
apicid		: 1
initial apicid	: 1
fpu		: yes
fpu_exception	: yes
cpuid level	: 5
wp		: yes
flags		: fpu vme de pse tsc msr pae mce cx8 apic sep mtrr pge mca cmov pat pse36 clflush mmx fxsr sse sse2 ht syscall nx mmxext fxsr_opt pdpe1gb rdtscp lm 3dnowext 3dnow constant_tsc rep_good nopl nonstop_tsc extd_apicid pni monitor cx16 popcnt lahf_lm cmp_legacy svm extapic cr8_legacy abm sse4a misalignsse 3dnowprefetch osvw ibs skinit wdt npt lbrv svm_lock nrip_save
bogomips	: 6428.93
TLB size	: 1024 4K pages
clflush size	: 64
cache_alignment	: 64
address sizes	: 48 bits physical, 48 bits virtual
power management: ts ttp tm stc 100mhzsteps hwpstate

processor	: 2
vendor_id	: AuthenticAMD
cpu family	: 16
model		: 5
model name	: AMD Athlon(tm) II X3 450 Processor
stepping	: 3
cpu MHz		: 800.000
cache size	: 512 KB
physical id	: 0
siblings	: 3
core id		: 2
cpu cores	: 3
apicid		: 2
initial apicid	: 2
fpu		: yes
fpu_exception	: yes
cpuid level	: 5
wp		: yes
flags		: fpu vme de pse tsc msr pae mce cx8 apic sep mtrr pge mca cmov pat pse36 clflush mmx fxsr sse sse2 ht syscall nx mmxext fxsr_opt pdpe1gb rdtscp lm 3dnowext 3dnow constant_tsc rep_good nopl nonstop_tsc extd_apicid pni monitor cx16 popcnt lahf_lm cmp_legacy svm extapic cr8_legacy abm sse4a misalignsse 3dnowprefetch osvw ibs skinit wdt npt lbrv svm_lock nrip_save
bogomips	: 6428.93
TLB size	: 1024 4K pages
clflush size	: 64
cache_alignment	: 64
address sizes	: 48 bits physical, 48 bits virtual
power management: ts ttp tm stc 100mhzsteps hwpstate



Memory: 4k page, physical 8192576k(69516k free), swap 8384508k(8185128k free)

vm_info: Java HotSpot(TM) 64-Bit Server VM (23.7-b01) for linux-amd64 JRE (1.7.0_17-b02), built on Mar  1 2013 02:59:06 by "java_re" with gcc 4.3.0 20080428 (Red Hat 4.3.0-8)

time: Sat Jun  1 11:51:03 2013
elapsed time: 6 seconds

