#
# A fatal error has been detected by the Java Runtime Environment:
#
#  SIGSEGV (0xb) at pc=0x00007fd568753e10, pid=4913, tid=140554904454912
#
# JRE version: 7.0_17-b02
# Java VM: Java HotSpot(TM) 64-Bit Server VM (23.7-b01 mixed mode linux-amd64 compressed oops)
# Problematic frame:
# C  [libnvidia-glcore.so.270.41.06+0x10f9e10]  _nv005glcore+0x1d0d70
#
# Failed to write core dump. Core dumps have been disabled. To enable core dumping, try "ulimit -c unlimited" before starting Java again
#
# If you would like to submit a bug report, please visit:
#   http://bugreport.sun.com/bugreport/crash.jsp
# The crash happened outside the Java Virtual Machine in native code.
# See problematic frame for where to report the bug.
#

---------------  T H R E A D  ---------------

Current thread (0x0000000001cd9000):  JavaThread "main" [_thread_in_native, id=4919, stack(0x00007fd57d16c000,0x00007fd57d26d000)]

siginfo:si_signo=SIGSEGV: si_errno=0, si_code=1 (SEGV_MAPERR), si_addr=0x0000000000000000

Registers:
RAX=0x0000000000000000, RBX=0x00007fd56c752d30, RCX=0x0000000000000000, RDX=0x0000000000000000
RSP=0x00007fd57d26b4a0, RBP=0x0000000000000001, RSI=0x00000000ffffffff, RDI=0x00007fd56c2ce000
R8 =0x0000000000000001, R9 =0x0000000000000000, R10=0x0000000000000001, R11=0x00007fd56841d940
R12=0x00007fd56c2ce000, R13=0x0000000000000000, R14=0x00000000405af000, R15=0x0000000000000000
RIP=0x00007fd568753e10, EFLAGS=0x0000000000010202, CSGSFS=0x0000000000000033, ERR=0x0000000000000006
  TRAPNO=0x000000000000000e

Top of Stack: (sp=0x00007fd57d26b4a0)
0x00007fd57d26b4a0:   000000047d26b728 0000000000000001
0x00007fd57d26b4b0:   0000000040800000 0000000000000001
0x00007fd57d26b4c0:   0000000000000000 0000000000000001
0x00007fd57d26b4d0:   0000000000000004 00007fd56833f1f6
0x00007fd57d26b4e0:   0000000001cd91d8 00000000405af000
0x00007fd57d26b4f0:   00007fd56c752d30 00000000405af000
0x00007fd57d26b500:   00007fd56c7238c0 0000000000000001
0x00007fd57d26b510:   0000000000000001 0000000000000000
0x00007fd57d26b520:   00007fd56c750988 00007fd56833f86e
0x00007fd57d26b530:   0000000700000001 0000000000000001
0x00007fd57d26b540:   0000000000000000 00007fd500000000
0x00007fd57d26b550:   00007fd57766c410 0000000000000003
0x00007fd57d26b560:   00007fd569291160 00000000405af000
0x00007fd57d26b570:   000000077e2569d8 00007fd57d26b668
0x00007fd57d26b580:   0000000001cd9000 00007fd568342527
0x00007fd57d26b590:   00007fd500000001 00007fd500000000
0x00007fd57d26b5a0:   00007fd57766d333 40800000d64b4860
0x00007fd57d26b5b0:   000000077e2569d8 00007fd57d26b630
0x00007fd57d26b5c0:   0000000000000000 00007fd577678f90
0x00007fd57d26b5d0:   00007fd57d26b610 000000077e0e1718
0x00007fd57d26b5e0:   0000000000000000 000000077e0dfec8
0x00007fd57d26b5f0:   00007fd57d26b5f0 0000000000000000
0x00007fd57d26b600:   00007fd57d26b668 000000077e260470
0x00007fd57d26b610:   0000000000000000 000000077e2569d8
0x00007fd57d26b620:   0000000000000000 00007fd57d26b650
0x00007fd57d26b630:   00007fd57d26b6b0 00007fd57766d158
0x00007fd57d26b640:   00000007d6a78580 00007fd577675dd8
0x00007fd57d26b650:   00007fd5697942c0 00007fd57766d158
0x00007fd57d26b660:   00007fd540800000 0000000000000003
0x00007fd57d26b670:   00007fd57d26b670 000000077e2568c8
0x00007fd57d26b680:   00007fd57d26b6e0 000000077e260470
0x00007fd57d26b690:   0000000000000000 000000077e256908 

Instructions: (pc=0x00007fd568753e10)
0x00007fd568753df0:   14 c5 00 00 00 00 48 c1 e0 05 48 29 d0 48 8d 44
0x00007fd568753e00:   01 10 49 3b 44 24 70 0f 83 ad 00 00 00 49 63 c7
0x00007fd568753e10:   c7 01 e0 08 03 20 c7 41 04 00 41 00 00 49 8d 84
0x00007fd568753e20:   c4 b0 86 07 00 85 ed 48 8d 71 10 8b 50 0c 89 51 

Register to memory mapping:

RAX=0x0000000000000000 is an unknown value
RBX=0x00007fd56c752d30 is an unknown value
RCX=0x0000000000000000 is an unknown value
RDX=0x0000000000000000 is an unknown value
RSP=0x00007fd57d26b4a0 is pointing into the stack for thread: 0x0000000001cd9000
RBP=0x0000000000000001 is an unknown value
RSI=0x00000000ffffffff is an unknown value
RDI=0x00007fd56c2ce000 is an unknown value
R8 =0x0000000000000001 is an unknown value
R9 =0x0000000000000000 is an unknown value
R10=0x0000000000000001 is an unknown value
R11=0x00007fd56841d940: <offset 0xdc3940> in /usr/lib/nvidia-current/libnvidia-glcore.so.270.41.06 at 0x00007fd56765a000
R12=0x00007fd56c2ce000 is an unknown value
R13=0x0000000000000000 is an unknown value
R14=0x00000000405af000 is an unknown value
R15=0x0000000000000000 is an unknown value


Stack: [0x00007fd57d16c000,0x00007fd57d26d000],  sp=0x00007fd57d26b4a0,  free space=1021k
Native frames: (J=compiled Java code, j=interpreted, Vv=VM code, C=native code)
C  [libnvidia-glcore.so.270.41.06+0x10f9e10]  _nv005glcore+0x1d0d70

Java frames: (J=compiled Java code, j=interpreted, Vv=VM code)
j  org.lwjgl.opengl.GL20.nglUniform1f(IFJ)V+0
j  org.lwjgl.opengl.GL20.glUniform1f(IF)V+16
j  data.Rectangle.drawShape(FF)V+70
j  data.TwoDModel.draw(FF)V+48
j  data.StaticEntity.draw()V+18
j  display.FragChangeColor04.display()V+176
j  display.LWJGLWindow.start(II)V+237
j  display.LWJGLWindow.start()V+7
j  display.LevelMaker.main([Ljava/lang/String;)V+12
v  ~StubRoutines::call_stub

---------------  P R O C E S S  ---------------

Java Threads: ( => current thread )
  0x00007fd56c79e000 JavaThread "pool-1-thread-1" [_thread_blocked, id=4937, stack(0x00007fd566e4d000,0x00007fd566f4e000)]
  0x00007fd56c146800 JavaThread "process reaper" daemon [_thread_blocked, id=4934, stack(0x00007fd570089000,0x00007fd5700b1000)]
  0x00007fd56c124000 JavaThread "AWT-XAWT" daemon [_thread_in_native, id=4932, stack(0x00007fd56a032000,0x00007fd56a133000)]
  0x00007fd56c0ee800 JavaThread "Java2D Disposer" daemon [_thread_blocked, id=4931, stack(0x00007fd56a543000,0x00007fd56a644000)]
  0x00007fd56c006800 JavaThread "Service Thread" daemon [_thread_blocked, id=4929, stack(0x00007fd56bdfe000,0x00007fd56beff000)]
  0x00007fd56c004000 JavaThread "C2 CompilerThread1" daemon [_thread_blocked, id=4928, stack(0x00007fd56beff000,0x00007fd56c000000)]
  0x00007fd56c001000 JavaThread "C2 CompilerThread0" daemon [_thread_blocked, id=4927, stack(0x00007fd5700b1000,0x00007fd5701b2000)]
  0x0000000001dbc800 JavaThread "Signal Dispatcher" daemon [_thread_blocked, id=4926, stack(0x00007fd5701b2000,0x00007fd5702b3000)]
  0x0000000001d6a000 JavaThread "Finalizer" daemon [_thread_blocked, id=4925, stack(0x00007fd57093d000,0x00007fd570a3e000)]
  0x0000000001d67800 JavaThread "Reference Handler" daemon [_thread_blocked, id=4924, stack(0x00007fd570a3e000,0x00007fd570b3f000)]
=>0x0000000001cd9000 JavaThread "main" [_thread_in_native, id=4919, stack(0x00007fd57d16c000,0x00007fd57d26d000)]

Other Threads:
  0x0000000001d60000 VMThread [stack: 0x00007fd570b3f000,0x00007fd570c40000] [id=4923]
  0x00007fd56c011000 WatcherThread [stack: 0x00007fd56bcfd000,0x00007fd56bdfe000] [id=4930]

VM state:not at safepoint (normal execution)

VM Mutex/Monitor currently owned by a thread: None

Heap
 PSYoungGen      total 37376K, used 8536K [0x00000007d64b0000, 0x00000007d8e60000, 0x0000000800000000)
  eden space 32064K, 26% used [0x00000007d64b0000,0x00000007d6d06308,0x00000007d8400000)
  from space 5312K, 0% used [0x00000007d8930000,0x00000007d8930000,0x00000007d8e60000)
  to   space 5312K, 0% used [0x00000007d8400000,0x00000007d8400000,0x00000007d8930000)
 ParOldGen       total 85376K, used 0K [0x0000000782e00000, 0x0000000788160000, 0x00000007d64b0000)
  object space 85376K, 0% used [0x0000000782e00000,0x0000000782e00000,0x0000000788160000)
 PSPermGen       total 21248K, used 7358K [0x000000077dc00000, 0x000000077f0c0000, 0x0000000782e00000)
  object space 21248K, 34% used [0x000000077dc00000,0x000000077e32fb68,0x000000077f0c0000)

Card table byte_map: [0x00007fd577254000,0x00007fd577667000] byte_map_base: 0x00007fd573666000

Polling page: 0x00007fd57d298000

Code Cache  [0x00007fd577667000, 0x00007fd5778d7000, 0x00007fd57a667000)
 total_blobs=473 nmethods=33 adapters=393 free_code_cache=48595Kb largest_free_block=49751744

Compilation events (10 events):
Event: 6.623 Thread 0x00007fd56c001000 nmethod 27 0x00007fd5776efc10 code [0x00007fd5776efd80, 0x00007fd5776f0088]
Event: 6.623 Thread 0x00007fd56c004000 nmethod 29 0x00007fd5776ed790 code [0x00007fd5776ed8c0, 0x00007fd5776ed918]
Event: 6.623 Thread 0x00007fd56c004000   30             java.util.AbstractList::<init> (10 bytes)
Event: 6.624 Thread 0x00007fd56c004000 nmethod 30 0x00007fd5776efa10 code [0x00007fd5776efb40, 0x00007fd5776efb98]
Event: 6.624 Thread 0x00007fd56c004000   31             java.util.ArrayList::<init> (44 bytes)
Event: 6.624 Thread 0x00007fd56c001000   32             java.util.ArrayList::<init> (7 bytes)
Event: 6.625 Thread 0x00007fd56c004000 nmethod 31 0x00007fd5776ef6d0 code [0x00007fd5776ef820, 0x00007fd5776ef958]
Event: 6.625 Thread 0x00007fd56c004000   33             data.Zone::<init> (16 bytes)
Event: 6.626 Thread 0x00007fd56c004000 nmethod 33 0x00007fd5776ef310 code [0x00007fd5776ef460, 0x00007fd5776ef5d8]
Event: 6.628 Thread 0x00007fd56c001000 nmethod 32 0x00007fd5776ef010 code [0x00007fd5776ef160, 0x00007fd5776ef258]

GC Heap History (0 events):
No events

Deoptimization events (0 events):
No events

Internal exceptions (10 events):
Event: 6.619 Thread 0x0000000001cd9000 Threw 0x00000007d6c262f0 at /HUDSON/workspace/jdk7u17-2-build-linux-amd64-product/jdk7u17/hotspot/src/share/vm/prims/jvm.cpp:1166
Event: 6.620 Thread 0x0000000001cd9000 Threw 0x00000007d6c28110 at /HUDSON/workspace/jdk7u17-2-build-linux-amd64-product/jdk7u17/hotspot/src/share/vm/prims/jvm.cpp:1166
Event: 6.621 Thread 0x0000000001cd9000 Threw 0x00000007d6c2bcb8 at /HUDSON/workspace/jdk7u17-2-build-linux-amd64-product/jdk7u17/hotspot/src/share/vm/prims/jvm.cpp:1166
Event: 6.622 Thread 0x0000000001cd9000 Threw 0x00000007d6c2f210 at /HUDSON/workspace/jdk7u17-2-build-linux-amd64-product/jdk7u17/hotspot/src/share/vm/prims/jvm.cpp:1166
Event: 6.632 Thread 0x0000000001cd9000 Threw 0x00000007d6c39350 at /HUDSON/workspace/jdk7u17-2-build-linux-amd64-product/jdk7u17/hotspot/src/share/vm/prims/jvm.cpp:1166
Event: 6.632 Thread 0x0000000001cd9000 Threw 0x00000007d6c3ac40 at /HUDSON/workspace/jdk7u17-2-build-linux-amd64-product/jdk7u17/hotspot/src/share/vm/prims/jvm.cpp:1166
Event: 6.632 Thread 0x0000000001cd9000 Threw 0x00000007d6c3cf10 at /HUDSON/workspace/jdk7u17-2-build-linux-amd64-product/jdk7u17/hotspot/src/share/vm/prims/jvm.cpp:1166
Event: 6.632 Thread 0x0000000001cd9000 Threw 0x00000007d6c3e8d0 at /HUDSON/workspace/jdk7u17-2-build-linux-amd64-product/jdk7u17/hotspot/src/share/vm/prims/jvm.cpp:1166
Event: 6.647 Thread 0x0000000001cd9000 Threw 0x00000007d6c52740 at /HUDSON/workspace/jdk7u17-2-build-linux-amd64-product/jdk7u17/hotspot/src/share/vm/prims/jvm.cpp:1166
Event: 6.648 Thread 0x0000000001cd9000 Threw 0x00000007d6c54cf8 at /HUDSON/workspace/jdk7u17-2-build-linux-amd64-product/jdk7u17/hotspot/src/share/vm/prims/jvm.cpp:1166

Events (10 events):
Event: 6.648 loading class 0x00007fd56c3e3750 done
Event: 6.648 loading class 0x00007fd56c14b5e0
Event: 6.648 loading class 0x00007fd56c79cf80
Event: 6.648 loading class 0x00007fd56c12f120
Event: 6.648 loading class 0x00007fd56c12f120 done
Event: 6.648 loading class 0x00007fd56c79cf80 done
Event: 6.648 loading class 0x00007fd56c14b5e0 done
Event: 6.649 loading class 0x00007fd56c79cf40
Event: 6.649 loading class 0x00007fd56c79cf40 done
Event: 6.649 Thread 0x00007fd56c79e000 Thread added: 0x00007fd56c79e000


Dynamic libraries:
00400000-00401000 r-xp 00000000 08:05 6034666                            /usr/lib/jvm/java-7-oracle/bin/java
00600000-00601000 rw-p 00000000 08:05 6034666                            /usr/lib/jvm/java-7-oracle/bin/java
01ccf000-01f99000 rw-p 00000000 00:00 0                                  [heap]
4042c000-4042e000 r-xs 00000000 08:05 4629124                            /tmp/gld0Vhr5 (deleted)
405af000-40626000 rw-p 00000000 00:00 0 
77dc00000-77f0c0000 rw-p 00000000 00:00 0 
77f0c0000-782e00000 rw-p 00000000 00:00 0 
782e00000-788160000 rw-p 00000000 00:00 0 
788160000-7d64b0000 rw-p 00000000 00:00 0 
7d64b0000-7d8e60000 rw-p 00000000 00:00 0 
7d8e60000-800000000 rw-p 00000000 00:00 0 
7fd566e4d000-7fd566e50000 ---p 00000000 00:00 0 
7fd566e50000-7fd566f4e000 rw-p 00000000 00:00 0 
7fd566f4e000-7fd566f63000 r-xp 00000000 08:05 6038764                    /usr/lib/jvm/java-7-oracle/jre/lib/amd64/libnet.so
7fd566f63000-7fd567163000 ---p 00015000 08:05 6038764                    /usr/lib/jvm/java-7-oracle/jre/lib/amd64/libnet.so
7fd567163000-7fd567164000 rw-p 00015000 08:05 6038764                    /usr/lib/jvm/java-7-oracle/jre/lib/amd64/libnet.so
7fd567164000-7fd567174000 r-xp 00000000 08:05 6039256                    /usr/lib/jvm/java-7-oracle/jre/lib/amd64/libnio.so
7fd567174000-7fd567374000 ---p 00010000 08:05 6039256                    /usr/lib/jvm/java-7-oracle/jre/lib/amd64/libnio.so
7fd567374000-7fd567375000 rw-p 00010000 08:05 6039256                    /usr/lib/jvm/java-7-oracle/jre/lib/amd64/libnio.so
7fd567375000-7fd567575000 rw-s 105947000 00:05 10304                     /dev/nvidia0
7fd567575000-7fd56763e000 rw-p 00000000 00:00 0 
7fd56763f000-7fd56765a000 rw-s 101a60000 00:05 10304                     /dev/nvidia0
7fd56765a000-7fd568aa8000 r-xp 00000000 08:05 6032921                    /usr/lib/nvidia-current/libnvidia-glcore.so.270.41.06
7fd568aa8000-7fd568ca8000 ---p 0144e000 08:05 6032921                    /usr/lib/nvidia-current/libnvidia-glcore.so.270.41.06
7fd568ca8000-7fd569290000 rwxp 0144e000 08:05 6032921                    /usr/lib/nvidia-current/libnvidia-glcore.so.270.41.06
7fd569290000-7fd5692a7000 rwxp 00000000 00:00 0 
7fd5692a7000-7fd5692a8000 r-xp 00000000 08:05 6032924                    /usr/lib/nvidia-current/tls/libnvidia-tls.so.270.41.06
7fd5692a8000-7fd5694a8000 ---p 00001000 08:05 6032924                    /usr/lib/nvidia-current/tls/libnvidia-tls.so.270.41.06
7fd5694a8000-7fd5694a9000 rw-p 00001000 08:05 6032924                    /usr/lib/nvidia-current/tls/libnvidia-tls.so.270.41.06
7fd5694a9000-7fd569566000 r-xp 00000000 08:05 6032925                    /usr/lib/nvidia-current/libGL.so.270.41.06
7fd569566000-7fd569766000 ---p 000bd000 08:05 6032925                    /usr/lib/nvidia-current/libGL.so.270.41.06
7fd569766000-7fd56979f000 rwxp 000bd000 08:05 6032925                    /usr/lib/nvidia-current/libGL.so.270.41.06
7fd56979f000-7fd5697b5000 rwxp 00000000 00:00 0 
7fd5697b5000-7fd5697ba000 r-xp 00000000 08:05 6038842                    /usr/lib/x86_64-linux-gnu/libXxf86vm.so.1.0.0
7fd5697ba000-7fd5699b9000 ---p 00005000 08:05 6038842                    /usr/lib/x86_64-linux-gnu/libXxf86vm.so.1.0.0
7fd5699b9000-7fd5699ba000 r--p 00004000 08:05 6038842                    /usr/lib/x86_64-linux-gnu/libXxf86vm.so.1.0.0
7fd5699ba000-7fd5699bb000 rw-p 00005000 08:05 6038842                    /usr/lib/x86_64-linux-gnu/libXxf86vm.so.1.0.0
7fd5699bb000-7fd5699c3000 r-xp 00000000 08:05 6038836                    /usr/lib/x86_64-linux-gnu/libXrandr.so.2.2.0
7fd5699c3000-7fd569bc2000 ---p 00008000 08:05 6038836                    /usr/lib/x86_64-linux-gnu/libXrandr.so.2.2.0
7fd569bc2000-7fd569bc3000 r--p 00007000 08:05 6038836                    /usr/lib/x86_64-linux-gnu/libXrandr.so.2.2.0
7fd569bc3000-7fd569bc4000 rw-p 00008000 08:05 6038836                    /usr/lib/x86_64-linux-gnu/libXrandr.so.2.2.0
7fd569bc4000-7fd569c2e000 r-xp 00000000 00:15 4589809                    /home/skel/code/lwjgl/lwjgl-2.8.5/native/linux/liblwjgl64.so
7fd569c2e000-7fd569e2e000 ---p 0006a000 00:15 4589809                    /home/skel/code/lwjgl/lwjgl-2.8.5/native/linux/liblwjgl64.so
7fd569e2e000-7fd569e30000 r--p 0006a000 00:15 4589809                    /home/skel/code/lwjgl/lwjgl-2.8.5/native/linux/liblwjgl64.so
7fd569e30000-7fd569e31000 rw-p 0006c000 00:15 4589809                    /home/skel/code/lwjgl/lwjgl-2.8.5/native/linux/liblwjgl64.so
7fd569e31000-7fd569e32000 r-xp 00000000 08:05 6039238                    /usr/lib/jvm/java-7-oracle/jre/lib/amd64/libjawt.so
7fd569e32000-7fd56a031000 ---p 00001000 08:05 6039238                    /usr/lib/jvm/java-7-oracle/jre/lib/amd64/libjawt.so
7fd56a031000-7fd56a032000 rw-p 00000000 08:05 6039238                    /usr/lib/jvm/java-7-oracle/jre/lib/amd64/libjawt.so
7fd56a032000-7fd56a035000 ---p 00000000 00:00 0 
7fd56a035000-7fd56a133000 rw-p 00000000 00:00 0 
7fd56a133000-7fd56a138000 r-xp 00000000 08:05 6038828                    /usr/lib/x86_64-linux-gnu/libXfixes.so.3.1.0
7fd56a138000-7fd56a337000 ---p 00005000 08:05 6038828                    /usr/lib/x86_64-linux-gnu/libXfixes.so.3.1.0
7fd56a337000-7fd56a338000 r--p 00004000 08:05 6038828                    /usr/lib/x86_64-linux-gnu/libXfixes.so.3.1.0
7fd56a338000-7fd56a339000 rw-p 00005000 08:05 6038828                    /usr/lib/x86_64-linux-gnu/libXfixes.so.3.1.0
7fd56a339000-7fd56a342000 r-xp 00000000 08:05 6038818                    /usr/lib/x86_64-linux-gnu/libXcursor.so.1.0.2
7fd56a342000-7fd56a541000 ---p 00009000 08:05 6038818                    /usr/lib/x86_64-linux-gnu/libXcursor.so.1.0.2
7fd56a541000-7fd56a542000 r--p 00008000 08:05 6038818                    /usr/lib/x86_64-linux-gnu/libXcursor.so.1.0.2
7fd56a542000-7fd56a543000 rw-p 00009000 08:05 6038818                    /usr/lib/x86_64-linux-gnu/libXcursor.so.1.0.2
7fd56a543000-7fd56a546000 ---p 00000000 00:00 0 
7fd56a546000-7fd56a644000 rw-p 00000000 00:00 0 
7fd56a644000-7fd56a649000 r-xp 00000000 08:05 6038824                    /usr/lib/x86_64-linux-gnu/libXdmcp.so.6.0.0
7fd56a649000-7fd56a848000 ---p 00005000 08:05 6038824                    /usr/lib/x86_64-linux-gnu/libXdmcp.so.6.0.0
7fd56a848000-7fd56a849000 r--p 00004000 08:05 6038824                    /usr/lib/x86_64-linux-gnu/libXdmcp.so.6.0.0
7fd56a849000-7fd56a84a000 rw-p 00005000 08:05 6038824                    /usr/lib/x86_64-linux-gnu/libXdmcp.so.6.0.0
7fd56a84a000-7fd56a84c000 r-xp 00000000 08:05 6038814                    /usr/lib/x86_64-linux-gnu/libXau.so.6.0.0
7fd56a84c000-7fd56aa4b000 ---p 00002000 08:05 6038814                    /usr/lib/x86_64-linux-gnu/libXau.so.6.0.0
7fd56aa4b000-7fd56aa4c000 r--p 00001000 08:05 6038814                    /usr/lib/x86_64-linux-gnu/libXau.so.6.0.0
7fd56aa4c000-7fd56aa4d000 rw-p 00002000 08:05 6038814                    /usr/lib/x86_64-linux-gnu/libXau.so.6.0.0
7fd56aa4d000-7fd56aa68000 r-xp 00000000 08:05 6038970                    /usr/lib/x86_64-linux-gnu/libxcb.so.1.1.0
7fd56aa68000-7fd56ac67000 ---p 0001b000 08:05 6038970                    /usr/lib/x86_64-linux-gnu/libxcb.so.1.1.0
7fd56ac67000-7fd56ac68000 r--p 0001a000 08:05 6038970                    /usr/lib/x86_64-linux-gnu/libxcb.so.1.1.0
7fd56ac68000-7fd56ac69000 rw-p 0001b000 08:05 6038970                    /usr/lib/x86_64-linux-gnu/libxcb.so.1.1.0
7fd56ac69000-7fd56ac78000 r-xp 00000000 08:05 6038832                    /usr/lib/x86_64-linux-gnu/libXi.so.6.1.0
7fd56ac78000-7fd56ae77000 ---p 0000f000 08:05 6038832                    /usr/lib/x86_64-linux-gnu/libXi.so.6.1.0
7fd56ae77000-7fd56ae78000 r--p 0000e000 08:05 6038832                    /usr/lib/x86_64-linux-gnu/libXi.so.6.1.0
7fd56ae78000-7fd56ae79000 rw-p 0000f000 08:05 6038832                    /usr/lib/x86_64-linux-gnu/libXi.so.6.1.0
7fd56ae79000-7fd56ae7e000 r-xp 00000000 08:05 6033420                    /usr/lib/libXtst.so.6.1.0
7fd56ae7e000-7fd56b07d000 ---p 00005000 08:05 6033420                    /usr/lib/libXtst.so.6.1.0
7fd56b07d000-7fd56b07e000 r--p 00004000 08:05 6033420                    /usr/lib/libXtst.so.6.1.0
7fd56b07e000-7fd56b07f000 rw-p 00005000 08:05 6033420                    /usr/lib/libXtst.so.6.1.0
7fd56b07f000-7fd56b088000 r-xp 00000000 08:05 6038838                    /usr/lib/x86_64-linux-gnu/libXrender.so.1.3.0
7fd56b088000-7fd56b288000 ---p 00009000 08:05 6038838                    /usr/lib/x86_64-linux-gnu/libXrender.so.1.3.0
7fd56b288000-7fd56b289000 r--p 00009000 08:05 6038838                    /usr/lib/x86_64-linux-gnu/libXrender.so.1.3.0
7fd56b289000-7fd56b28a000 rw-p 0000a000 08:05 6038838                    /usr/lib/x86_64-linux-gnu/libXrender.so.1.3.0
7fd56b28a000-7fd56b3bf000 r-xp 00000000 08:05 6038810                    /usr/lib/x86_64-linux-gnu/libX11.so.6.3.0
7fd56b3bf000-7fd56b5bf000 ---p 00135000 08:05 6038810                    /usr/lib/x86_64-linux-gnu/libX11.so.6.3.0
7fd56b5bf000-7fd56b5c0000 r--p 00135000 08:05 6038810                    /usr/lib/x86_64-linux-gnu/libX11.so.6.3.0
7fd56b5c0000-7fd56b5c4000 rw-p 00136000 08:05 6038810                    /usr/lib/x86_64-linux-gnu/libX11.so.6.3.0
7fd56b5c4000-7fd56b5d5000 r-xp 00000000 08:05 6038826                    /usr/lib/x86_64-linux-gnu/libXext.so.6.4.0
7fd56b5d5000-7fd56b7d4000 ---p 00011000 08:05 6038826                    /usr/lib/x86_64-linux-gnu/libXext.so.6.4.0
7fd56b7d4000-7fd56b7d5000 r--p 00010000 08:05 6038826                    /usr/lib/x86_64-linux-gnu/libXext.so.6.4.0
7fd56b7d5000-7fd56b7d6000 rw-p 00011000 08:05 6038826                    /usr/lib/x86_64-linux-gnu/libXext.so.6.4.0
7fd56b7d6000-7fd56b826000 r-xp 00000000 08:05 6039007                    /usr/lib/jvm/java-7-oracle/jre/lib/amd64/xawt/libmawt.so
7fd56b826000-7fd56ba26000 ---p 00050000 08:05 6039007                    /usr/lib/jvm/java-7-oracle/jre/lib/amd64/xawt/libmawt.so
7fd56ba26000-7fd56ba2a000 rw-p 00050000 08:05 6039007                    /usr/lib/jvm/java-7-oracle/jre/lib/amd64/xawt/libmawt.so
7fd56ba2a000-7fd56ba2b000 rw-p 00000000 00:00 0 
7fd56ba2b000-7fd56bacd000 r-xp 00000000 08:05 6039004                    /usr/lib/jvm/java-7-oracle/jre/lib/amd64/libawt.so
7fd56bacd000-7fd56bccd000 ---p 000a2000 08:05 6039004                    /usr/lib/jvm/java-7-oracle/jre/lib/amd64/libawt.so
7fd56bccd000-7fd56bcd9000 rw-p 000a2000 08:05 6039004                    /usr/lib/jvm/java-7-oracle/jre/lib/amd64/libawt.so
7fd56bcd9000-7fd56bcfd000 rw-p 00000000 00:00 0 
7fd56bcfd000-7fd56bcfe000 ---p 00000000 00:00 0 
7fd56bcfe000-7fd56bdfe000 rw-p 00000000 00:00 0 
7fd56bdfe000-7fd56be01000 ---p 00000000 00:00 0 
7fd56be01000-7fd56beff000 rw-p 00000000 00:00 0 
7fd56beff000-7fd56bf02000 ---p 00000000 00:00 0 
7fd56bf02000-7fd56c000000 rw-p 00000000 00:00 0 
7fd56c000000-7fd56c862000 rw-p 00000000 00:00 0 
7fd56c862000-7fd570000000 ---p 00000000 00:00 0 
7fd570000000-7fd570001000 rw-p 00000000 00:00 0 
7fd570001000-7fd570005000 rw-s 1059ee000 00:05 10304                     /dev/nvidia0
7fd570005000-7fd570052000 rw-p 00000000 00:00 0 
7fd570052000-7fd570089000 rw-p 00000000 00:00 0 
7fd570089000-7fd57008c000 ---p 00000000 00:00 0 
7fd57008c000-7fd5700b1000 rw-p 00000000 00:00 0 
7fd5700b1000-7fd5700b4000 ---p 00000000 00:00 0 
7fd5700b4000-7fd5701b2000 rw-p 00000000 00:00 0 
7fd5701b2000-7fd5701b5000 ---p 00000000 00:00 0 
7fd5701b5000-7fd5702b3000 rw-p 00000000 00:00 0 
7fd5702b3000-7fd57093d000 r--p 00000000 08:05 6037607                    /usr/lib/locale/locale-archive
7fd57093d000-7fd570940000 ---p 00000000 00:00 0 
7fd570940000-7fd570a3e000 rw-p 00000000 00:00 0 
7fd570a3e000-7fd570a41000 ---p 00000000 00:00 0 
7fd570a41000-7fd570b3f000 rw-p 00000000 00:00 0 
7fd570b3f000-7fd570b40000 ---p 00000000 00:00 0 
7fd570b40000-7fd571940000 rw-p 00000000 00:00 0 
7fd571940000-7fd571afc000 r--s 039dc000 08:05 6044605                    /usr/lib/jvm/java-7-oracle/jre/lib/rt.jar
7fd571afc000-7fd576c8c000 rw-p 00000000 00:00 0 
7fd576c8c000-7fd576c8d000 ---p 00000000 00:00 0 
7fd576c8d000-7fd576d8d000 rw-p 00000000 00:00 0 
7fd576d8d000-7fd576d8e000 ---p 00000000 00:00 0 
7fd576d8e000-7fd576e8e000 rw-p 00000000 00:00 0 
7fd576e8e000-7fd576e8f000 ---p 00000000 00:00 0 
7fd576e8f000-7fd576f9a000 rw-p 00000000 00:00 0 
7fd576f9a000-7fd576fb8000 rw-p 00000000 00:00 0 
7fd576fb8000-7fd576fe2000 rw-p 00000000 00:00 0 
7fd576fe2000-7fd577254000 rw-p 00000000 00:00 0 
7fd577254000-7fd57725f000 rw-p 00000000 00:00 0 
7fd57725f000-7fd57727d000 rw-p 00000000 00:00 0 
7fd57727d000-7fd5772a7000 rw-p 00000000 00:00 0 
7fd5772a7000-7fd577518000 rw-p 00000000 00:00 0 
7fd577518000-7fd57752e000 rw-p 00000000 00:00 0 
7fd57752e000-7fd577666000 rw-p 00000000 00:00 0 
7fd577666000-7fd577667000 rw-p 00000000 00:00 0 
7fd577667000-7fd5778d7000 rwxp 00000000 00:00 0 
7fd5778d7000-7fd57a667000 rw-p 00000000 00:00 0 
7fd57a667000-7fd57a681000 r-xp 00000000 08:05 6038770                    /usr/lib/jvm/java-7-oracle/jre/lib/amd64/libzip.so
7fd57a681000-7fd57a881000 ---p 0001a000 08:05 6038770                    /usr/lib/jvm/java-7-oracle/jre/lib/amd64/libzip.so
7fd57a881000-7fd57a882000 rw-p 0001a000 08:05 6038770                    /usr/lib/jvm/java-7-oracle/jre/lib/amd64/libzip.so
7fd57a882000-7fd57a88e000 r-xp 00000000 08:05 7608085                    /lib/x86_64-linux-gnu/libnss_files-2.13.so
7fd57a88e000-7fd57aa8d000 ---p 0000c000 08:05 7608085                    /lib/x86_64-linux-gnu/libnss_files-2.13.so
7fd57aa8d000-7fd57aa8e000 r--p 0000b000 08:05 7608085                    /lib/x86_64-linux-gnu/libnss_files-2.13.so
7fd57aa8e000-7fd57aa8f000 rw-p 0000c000 08:05 7608085                    /lib/x86_64-linux-gnu/libnss_files-2.13.so
7fd57aa8f000-7fd57aa9a000 r-xp 00000000 08:05 7607798                    /lib/x86_64-linux-gnu/libnss_nis-2.13.so
7fd57aa9a000-7fd57ac99000 ---p 0000b000 08:05 7607798                    /lib/x86_64-linux-gnu/libnss_nis-2.13.so
7fd57ac99000-7fd57ac9a000 r--p 0000a000 08:05 7607798                    /lib/x86_64-linux-gnu/libnss_nis-2.13.so
7fd57ac9a000-7fd57ac9b000 rw-p 0000b000 08:05 7607798                    /lib/x86_64-linux-gnu/libnss_nis-2.13.so
7fd57ac9b000-7fd57acb2000 r-xp 00000000 08:05 7608087                    /lib/x86_64-linux-gnu/libnsl-2.13.so
7fd57acb2000-7fd57aeb1000 ---p 00017000 08:05 7608087                    /lib/x86_64-linux-gnu/libnsl-2.13.so
7fd57aeb1000-7fd57aeb2000 r--p 00016000 08:05 7608087                    /lib/x86_64-linux-gnu/libnsl-2.13.so
7fd57aeb2000-7fd57aeb3000 rw-p 00017000 08:05 7608087                    /lib/x86_64-linux-gnu/libnsl-2.13.so
7fd57aeb3000-7fd57aeb5000 rw-p 00000000 00:00 0 
7fd57aeb5000-7fd57aebd000 r-xp 00000000 08:05 7608084                    /lib/x86_64-linux-gnu/libnss_compat-2.13.so
7fd57aebd000-7fd57b0bc000 ---p 00008000 08:05 7608084                    /lib/x86_64-linux-gnu/libnss_compat-2.13.so
7fd57b0bc000-7fd57b0bd000 r--p 00007000 08:05 7608084                    /lib/x86_64-linux-gnu/libnss_compat-2.13.so
7fd57b0bd000-7fd57b0be000 rw-p 00008000 08:05 7608084                    /lib/x86_64-linux-gnu/libnss_compat-2.13.so
7fd57b0be000-7fd57b0e7000 r-xp 00000000 08:05 6039003                    /usr/lib/jvm/java-7-oracle/jre/lib/amd64/libjava.so
7fd57b0e7000-7fd57b2e7000 ---p 00029000 08:05 6039003                    /usr/lib/jvm/java-7-oracle/jre/lib/amd64/libjava.so
7fd57b2e7000-7fd57b2e9000 rw-p 00029000 08:05 6039003                    /usr/lib/jvm/java-7-oracle/jre/lib/amd64/libjava.so
7fd57b2e9000-7fd57b2f6000 r-xp 00000000 08:05 6038937                    /usr/lib/jvm/java-7-oracle/jre/lib/amd64/libverify.so
7fd57b2f6000-7fd57b4f5000 ---p 0000d000 08:05 6038937                    /usr/lib/jvm/java-7-oracle/jre/lib/amd64/libverify.so
7fd57b4f5000-7fd57b4f7000 rw-p 0000c000 08:05 6038937                    /usr/lib/jvm/java-7-oracle/jre/lib/amd64/libverify.so
7fd57b4f7000-7fd57b4fe000 r-xp 00000000 08:05 7607790                    /lib/x86_64-linux-gnu/librt-2.13.so
7fd57b4fe000-7fd57b6fd000 ---p 00007000 08:05 7607790                    /lib/x86_64-linux-gnu/librt-2.13.so
7fd57b6fd000-7fd57b6fe000 r--p 00006000 08:05 7607790                    /lib/x86_64-linux-gnu/librt-2.13.so
7fd57b6fe000-7fd57b6ff000 rw-p 00007000 08:05 7607790                    /lib/x86_64-linux-gnu/librt-2.13.so
7fd57b6ff000-7fd57b783000 r-xp 00000000 08:05 7608082                    /lib/x86_64-linux-gnu/libm-2.13.so
7fd57b783000-7fd57b982000 ---p 00084000 08:05 7608082                    /lib/x86_64-linux-gnu/libm-2.13.so
7fd57b982000-7fd57b983000 r--p 00083000 08:05 7608082                    /lib/x86_64-linux-gnu/libm-2.13.so
7fd57b983000-7fd57b984000 rw-p 00084000 08:05 7608082                    /lib/x86_64-linux-gnu/libm-2.13.so
7fd57b984000-7fd57c3cb000 r-xp 00000000 08:05 6038760                    /usr/lib/jvm/java-7-oracle/jre/lib/amd64/server/libjvm.so
7fd57c3cb000-7fd57c5cb000 ---p 00a47000 08:05 6038760                    /usr/lib/jvm/java-7-oracle/jre/lib/amd64/server/libjvm.so
7fd57c5cb000-7fd57c66e000 rw-p 00a47000 08:05 6038760                    /usr/lib/jvm/java-7-oracle/jre/lib/amd64/server/libjvm.so
7fd57c66e000-7fd57c6aa000 rw-p 00000000 00:00 0 
7fd57c6aa000-7fd57c837000 r-xp 00000000 08:05 7605972                    /lib/x86_64-linux-gnu/libc-2.13.so
7fd57c837000-7fd57ca37000 ---p 0018d000 08:05 7605972                    /lib/x86_64-linux-gnu/libc-2.13.so
7fd57ca37000-7fd57ca3b000 r--p 0018d000 08:05 7605972                    /lib/x86_64-linux-gnu/libc-2.13.so
7fd57ca3b000-7fd57ca3c000 rw-p 00191000 08:05 7605972                    /lib/x86_64-linux-gnu/libc-2.13.so
7fd57ca3c000-7fd57ca42000 rw-p 00000000 00:00 0 
7fd57ca42000-7fd57ca44000 r-xp 00000000 08:05 7607795                    /lib/x86_64-linux-gnu/libdl-2.13.so
7fd57ca44000-7fd57cc44000 ---p 00002000 08:05 7607795                    /lib/x86_64-linux-gnu/libdl-2.13.so
7fd57cc44000-7fd57cc45000 r--p 00002000 08:05 7607795                    /lib/x86_64-linux-gnu/libdl-2.13.so
7fd57cc45000-7fd57cc46000 rw-p 00003000 08:05 7607795                    /lib/x86_64-linux-gnu/libdl-2.13.so
7fd57cc46000-7fd57cc5c000 r-xp 00000000 08:05 6037809                    /usr/lib/jvm/java-7-oracle/jre/lib/amd64/jli/libjli.so
7fd57cc5c000-7fd57ce5c000 ---p 00016000 08:05 6037809                    /usr/lib/jvm/java-7-oracle/jre/lib/amd64/jli/libjli.so
7fd57ce5c000-7fd57ce5d000 rw-p 00016000 08:05 6037809                    /usr/lib/jvm/java-7-oracle/jre/lib/amd64/jli/libjli.so
7fd57ce5d000-7fd57ce75000 r-xp 00000000 08:05 7608086                    /lib/x86_64-linux-gnu/libpthread-2.13.so
7fd57ce75000-7fd57d075000 ---p 00018000 08:05 7608086                    /lib/x86_64-linux-gnu/libpthread-2.13.so
7fd57d075000-7fd57d076000 r--p 00018000 08:05 7608086                    /lib/x86_64-linux-gnu/libpthread-2.13.so
7fd57d076000-7fd57d077000 rw-p 00019000 08:05 7608086                    /lib/x86_64-linux-gnu/libpthread-2.13.so
7fd57d077000-7fd57d07b000 rw-p 00000000 00:00 0 
7fd57d07b000-7fd57d09c000 r-xp 00000000 08:05 7608083                    /lib/x86_64-linux-gnu/ld-2.13.so
7fd57d09c000-7fd57d09e000 rw-s 00000000 08:05 4629124                    /tmp/gld0Vhr5 (deleted)
7fd57d09e000-7fd57d0a1000 r--s 000f7000 08:05 6037708                    /usr/lib/jvm/java-7-oracle/jre/lib/ext/localedata.jar
7fd57d0a1000-7fd57d0ac000 r--s 00093000 00:15 4589134                    /home/skel/code/slick/slick.jar
7fd57d0ac000-7fd57d0b6000 rw-p 00000000 00:00 0 
7fd57d0b6000-7fd57d16c000 rw-p 00000000 00:00 0 
7fd57d16c000-7fd57d16f000 ---p 00000000 00:00 0 
7fd57d16f000-7fd57d271000 rw-p 00000000 00:00 0 
7fd57d271000-7fd57d272000 rw-s fc060000 00:05 10304                      /dev/nvidia0
7fd57d272000-7fd57d273000 r--s 00005000 00:15 4626718                    /home/skel/code/json-simple-1.1.1.jar
7fd57d273000-7fd57d27a000 r--s 00039000 00:15 4588115                    /home/skel/code/commons-codec-1.7/commons-codec-1.7.jar
7fd57d27a000-7fd57d27c000 r--s 00016000 00:15 4589119                    /home/skel/code/slick/slick-util.jar
7fd57d27c000-7fd57d27e000 r--s 0000d000 00:15 4589118                    /home/skel/code/slick/jorbis-0.0.15.jar
7fd57d27e000-7fd57d27f000 r--s 00001000 00:15 4589115                    /home/skel/code/slick/jogg-0.0.7.jar
7fd57d27f000-7fd57d281000 r--s 00008000 00:15 4589004                    /home/skel/code/slick/ibxm.jar
7fd57d281000-7fd57d28f000 r--s 000e3000 00:15 4589791                    /home/skel/code/lwjgl/lwjgl-2.8.5/jar/lwjgl.jar
7fd57d28f000-7fd57d297000 rw-s 00000000 08:05 4629123                    /tmp/hsperfdata_skel/4913
7fd57d297000-7fd57d298000 rw-p 00000000 00:00 0 
7fd57d298000-7fd57d299000 r--p 00000000 00:00 0 
7fd57d299000-7fd57d29b000 rw-p 00000000 00:00 0 
7fd57d29b000-7fd57d29c000 r--p 00020000 08:05 7608083                    /lib/x86_64-linux-gnu/ld-2.13.so
7fd57d29c000-7fd57d29e000 rw-p 00021000 08:05 7608083                    /lib/x86_64-linux-gnu/ld-2.13.so
7fffb9265000-7fffb9286000 rw-p 00000000 00:00 0                          [stack]
7fffb93af000-7fffb93b0000 r-xp 00000000 00:00 0                          [vdso]
ffffffffff600000-ffffffffff601000 r-xp 00000000 00:00 0                  [vsyscall]

VM Arguments:
jvm_args: -Djava.library.path=/home/skel/code/lwjgl/lwjgl-2.8.5/native/linux -Dfile.encoding=UTF-8 
java_command: display.LevelMaker
Launcher Type: SUN_STANDARD

Environment Variables:
PATH=/usr/local/sbin:/usr/local/bin:/usr/sbin:/usr/bin:/sbin:/bin:/usr/games
USERNAME=skel
LD_LIBRARY_PATH=/usr/lib/jvm/java-7-oracle/jre/lib/amd64/server:/usr/lib/jvm/java-7-oracle/jre/lib/amd64:/usr/lib/jvm/java-7-oracle/jre/../lib/amd64:/usr/lib/jvm/java-6-sun-1.6.0.26/jre/lib/amd64/server:/usr/lib/jvm/java-6-sun-1.6.0.26/jre/lib/amd64:/usr/lib/jvm/java-6-sun-1.6.0.26/jre/../lib/amd64
SHELL=/bin/bash
DISPLAY=:0.0

Signal Handlers:
SIGSEGV: [libjvm.so+0x8a5d70], sa_mask[0]=0x7ffbfeff, sa_flags=0x10000004
SIGBUS: [libjvm.so+0x8a5d70], sa_mask[0]=0x7ffbfeff, sa_flags=0x10000004
SIGFPE: [libjvm.so+0x741e50], sa_mask[0]=0x7ffbfeff, sa_flags=0x10000004
SIGPIPE: [libjvm.so+0x741e50], sa_mask[0]=0x7ffbfeff, sa_flags=0x10000004
SIGXFSZ: [libjvm.so+0x741e50], sa_mask[0]=0x7ffbfeff, sa_flags=0x10000004
SIGILL: [libjvm.so+0x741e50], sa_mask[0]=0x7ffbfeff, sa_flags=0x10000004
SIGUSR1: SIG_DFL, sa_mask[0]=0x00000000, sa_flags=0x00000000
SIGUSR2: [libjvm.so+0x7417a0], sa_mask[0]=0x00000004, sa_flags=0x10000004
SIGHUP: [libjvm.so+0x743b30], sa_mask[0]=0x7ffbfeff, sa_flags=0x10000004
SIGINT: [libjvm.so+0x743b30], sa_mask[0]=0x7ffbfeff, sa_flags=0x10000004
SIGTERM: [libjvm.so+0x743b30], sa_mask[0]=0x7ffbfeff, sa_flags=0x10000004
SIGQUIT: [libjvm.so+0x743b30], sa_mask[0]=0x7ffbfeff, sa_flags=0x10000004


---------------  S Y S T E M  ---------------

OS:squeeze/sid

uname:Linux 2.6.38-8-generic #42-Ubuntu SMP Mon Apr 11 03:31:24 UTC 2011 x86_64
libc:glibc 2.13 NPTL 2.13 
rlimit: STACK 8192k, CORE 0k, NPROC infinity, NOFILE 4096, AS infinity
load average:2.00 2.02 2.05

/proc/meminfo:
MemTotal:        8192576 kB
MemFree:          180668 kB
Buffers:           81632 kB
Cached:          1258432 kB
SwapCached:         8048 kB
Active:          5383300 kB
Inactive:        1504296 kB
Active(anon):    4744504 kB
Inactive(anon):   835724 kB
Active(file):     638796 kB
Inactive(file):   668572 kB
Unevictable:          80 kB
Mlocked:              80 kB
SwapTotal:       8384508 kB
SwapFree:        8234764 kB
Dirty:              2520 kB
Writeback:             0 kB
AnonPages:       5542184 kB
Mapped:           709712 kB
Shmem:             32512 kB
Slab:             232416 kB
SReclaimable:     148592 kB
SUnreclaim:        83824 kB
KernelStack:       11792 kB
PageTables:        74776 kB
NFS_Unstable:          0 kB
Bounce:                0 kB
WritebackTmp:          0 kB
CommitLimit:    12480796 kB
Committed_AS:   18649620 kB
VmallocTotal:   34359738367 kB
VmallocUsed:      368204 kB
VmallocChunk:   34359362428 kB
HardwareCorrupted:     0 kB
HugePages_Total:       0
HugePages_Free:        0
HugePages_Rsvd:        0
HugePages_Surp:        0
Hugepagesize:       2048 kB
DirectMap4k:     7985600 kB
DirectMap2M:      401408 kB
DirectMap1G:           0 kB


CPU:total 3 (3 cores per cpu, 1 threads per core) family 16 model 5 stepping 3, cmov, cx8, fxsr, mmx, sse, sse2, sse3, popcnt, mmxext, 3dnowpref, lzcnt, sse4a, tsc, tscinvbit, tscinv

/proc/cpuinfo:
processor	: 0
vendor_id	: AuthenticAMD
cpu family	: 16
model		: 5
model name	: AMD Athlon(tm) II X3 450 Processor
stepping	: 3
cpu MHz		: 800.000
cache size	: 512 KB
physical id	: 0
siblings	: 3
core id		: 0
cpu cores	: 3
apicid		: 0
initial apicid	: 0
fpu		: yes
fpu_exception	: yes
cpuid level	: 5
wp		: yes
flags		: fpu vme de pse tsc msr pae mce cx8 apic sep mtrr pge mca cmov pat pse36 clflush mmx fxsr sse sse2 ht syscall nx mmxext fxsr_opt pdpe1gb rdtscp lm 3dnowext 3dnow constant_tsc rep_good nopl nonstop_tsc extd_apicid pni monitor cx16 popcnt lahf_lm cmp_legacy svm extapic cr8_legacy abm sse4a misalignsse 3dnowprefetch osvw ibs skinit wdt npt lbrv svm_lock nrip_save
bogomips	: 6429.36
TLB size	: 1024 4K pages
clflush size	: 64
cache_alignment	: 64
address sizes	: 48 bits physical, 48 bits virtual
power management: ts ttp tm stc 100mhzsteps hwpstate

processor	: 1
vendor_id	: AuthenticAMD
cpu family	: 16
model		: 5
model name	: AMD Athlon(tm) II X3 450 Processor
stepping	: 3
cpu MHz		: 3200.000
cache size	: 512 KB
physical id	: 0
siblings	: 3
core id		: 1
cpu cores	: 3
apicid		: 1
initial apicid	: 1
fpu		: yes
fpu_exception	: yes
cpuid level	: 5
wp		: yes
flags		: fpu vme de pse tsc msr pae mce cx8 apic sep mtrr pge mca cmov pat pse36 clflush mmx fxsr sse sse2 ht syscall nx mmxext fxsr_opt pdpe1gb rdtscp lm 3dnowext 3dnow constant_tsc rep_good nopl nonstop_tsc extd_apicid pni monitor cx16 popcnt lahf_lm cmp_legacy svm extapic cr8_legacy abm sse4a misalignsse 3dnowprefetch osvw ibs skinit wdt npt lbrv svm_lock nrip_save
bogomips	: 6428.93
TLB size	: 1024 4K pages
clflush size	: 64
cache_alignment	: 64
address sizes	: 48 bits physical, 48 bits virtual
power management: ts ttp tm stc 100mhzsteps hwpstate

processor	: 2
vendor_id	: AuthenticAMD
cpu family	: 16
model		: 5
model name	: AMD Athlon(tm) II X3 450 Processor
stepping	: 3
cpu MHz		: 800.000
cache size	: 512 KB
physical id	: 0
siblings	: 3
core id		: 2
cpu cores	: 3
apicid		: 2
initial apicid	: 2
fpu		: yes
fpu_exception	: yes
cpuid level	: 5
wp		: yes
flags		: fpu vme de pse tsc msr pae mce cx8 apic sep mtrr pge mca cmov pat pse36 clflush mmx fxsr sse sse2 ht syscall nx mmxext fxsr_opt pdpe1gb rdtscp lm 3dnowext 3dnow constant_tsc rep_good nopl nonstop_tsc extd_apicid pni monitor cx16 popcnt lahf_lm cmp_legacy svm extapic cr8_legacy abm sse4a misalignsse 3dnowprefetch osvw ibs skinit wdt npt lbrv svm_lock nrip_save
bogomips	: 6428.93
TLB size	: 1024 4K pages
clflush size	: 64
cache_alignment	: 64
address sizes	: 48 bits physical, 48 bits virtual
power management: ts ttp tm stc 100mhzsteps hwpstate



Memory: 4k page, physical 8192576k(180544k free), swap 8384508k(8234764k free)

vm_info: Java HotSpot(TM) 64-Bit Server VM (23.7-b01) for linux-amd64 JRE (1.7.0_17-b02), built on Mar  1 2013 02:59:06 by "java_re" with gcc 4.3.0 20080428 (Red Hat 4.3.0-8)

time: Wed May 29 03:14:00 2013
elapsed time: 6 seconds

