#
# A fatal error has been detected by the Java Runtime Environment:
#
#  SIGSEGV (0xb) at pc=0x0000000041bb6f31, pid=26319, tid=139642560292608
#
# JRE version: 7.0_17-b02
# Java VM: Java HotSpot(TM) 64-Bit Server VM (23.7-b01 mixed mode linux-amd64 compressed oops)
# Problematic frame:
# C  0x0000000041bb6f31
#
# Failed to write core dump. Core dumps have been disabled. To enable core dumping, try "ulimit -c unlimited" before starting Java again
#
# If you would like to submit a bug report, please visit:
#   http://bugreport.sun.com/bugreport/crash.jsp
# The crash happened outside the Java Virtual Machine in native code.
# See problematic frame for where to report the bug.
#

---------------  T H R E A D  ---------------

Current thread (0x0000000001e38000):  JavaThread "main" [_thread_in_native, id=26324, stack(0x00007f011123a000,0x00007f011133b000)]

siginfo:si_signo=SIGSEGV: si_errno=0, si_code=2 (SEGV_ACCERR), si_addr=0x00007f00ef6fa001

Registers:
RAX=0x0000000000000000, RBX=0x0000000000000000, RCX=0x0000000000000003, RDX=0x0000000000000000
RSP=0x00007f0111338ff8, RBP=0x000000000000028a, RSI=0x00007f00ef6f9fff, RDI=0x00007f00ef25a74c
R8 =0x000000000000049f, R9 =0x0000000000000001, R10=0x00007f00ef6f99c0, R11=0x00007f00ef259ef8
R12=0x00000000000002ab, R13=0x00007f00fb0af310, R14=0x0000000041af7000, R15=0x0000000000000000
RIP=0x0000000041bb6f31, EFLAGS=0x0000000000010202, CSGSFS=0x0000000000000033, ERR=0x0000000000000004
  TRAPNO=0x000000000000000e

Top of Stack: (sp=0x00007f0111338ff8)
0x00007f0111338ff8:   00007f00ef6f99c0 00007f00ef259ef8
0x00007f0111339008:   00007f0111339150 00000000000002ab
0x00007f0111339018:   00007f00fb0b5b93 00000001eef460a0
0x00007f0111339028:   00007f0111339150 00007f00fc3cbde0
0x00007f0111339038:   0000000041af7000 0000000000000000
0x00007f0111339048:   0000000000000000 00007f00fc3cbad0
0x00007f0111339058:   00007f00fb0bf5a7 00007f0100001fa0
0x00007f0111339068:   00007f00fb0b5b40 0000003b0000003b
0x00007f0111339078:   0000000000000005 0000000000000000
0x00007f0111339088:   0000000000000000 00007f0111339100
0x00007f0111339098:   00007f00fc3cbad0 00007f0111339150
0x00007f01113390a8:   0000000000000019 0000000041af7000
0x00007f01113390b8:   0000000000000000 00007f00fc3cbde0
0x00007f01113390c8:   00007f00fb1a9f5b 0000000041af7000
0x00007f01113390d8:   00007f0111339150 0000000041af7000
0x00007f01113390e8:   00007f00fc3cbad0 0000000000000000
0x00007f01113390f8:   00007f00fb197e21 0000000000000008
0x00007f0111339108:   00007f00ef4aa300 0000000700000000
0x00007f0111339118:   0000000000000000 0000000011339500
0x00007f0111339128:   0000000100016f64 0000049f000002ab
0x00007f0111339138:   00007f01113393a0 0000000001e38000
0x00007f0111339148:   0000000001e356d0 0000000800000019
0x00007f0111339158:   00007f00ef4aa300 00007f00ef6f99c0
0x00007f0111339168:   0000000000000000 0000000300000de0
0x00007f0111339178:   0000000300000003 0000000000000001
0x00007f0111339188:   0000000000000000 0000000001e356a0
0x00007f0111339198:   0000000000000000 000002ab0000049f
0x00007f01113391a8:   0000000100000004 00000000fc000020
0x00007f01113391b8:   0000001200000059 00007f00eef460a0
0x00007f01113391c8:   00007f00ef259ef8 00007f00fc3cbad0
0x00007f01113391d8:   00007f0100000000 0000000000000000
0x00007f01113391e8:   000000040000127c 0000000400000001 

Instructions: (pc=0x0000000041bb6f31)
0x0000000041bb6f11:   8b f2 49 8b fb 41 8b e8 85 ed 0f 84 4a 00 00 00
0x0000000041bb6f21:   b9 03 00 00 00 0f 8f 05 00 00 00 48 f7 d9 f7 dd
0x0000000041bb6f31:   0f b6 5e 02 c1 e3 10 0f b7 16 0b da 48 03 f1 48
0x0000000041bb6f41:   83 c7 04 8b c3 8b d3 81 e0 ff 00 00 00 c1 e0 10 

Register to memory mapping:

RAX=0x0000000000000000 is an unknown value
RBX=0x0000000000000000 is an unknown value
RCX=0x0000000000000003 is an unknown value
RDX=0x0000000000000000 is an unknown value
RSP=0x00007f0111338ff8 is pointing into the stack for thread: 0x0000000001e38000
RBP=0x000000000000028a is an unknown value
RSI=0x00007f00ef6f9fff is an unknown value
RDI=0x00007f00ef25a74c is an unknown value
R8 =0x000000000000049f is an unknown value
R9 =0x0000000000000001 is an unknown value
R10=0x00007f00ef6f99c0 is an unknown value
R11=0x00007f00ef259ef8 is an unknown value
R12=0x00000000000002ab is an unknown value
R13=0x00007f00fb0af310: <offset 0xcfc310> in /usr/lib/nvidia-current/libnvidia-glcore.so.270.41.06 at 0x00007f00fa3b3000
R14=0x0000000041af7000 is an unknown value
R15=0x0000000000000000 is an unknown value


Stack: [0x00007f011123a000,0x00007f011133b000],  sp=0x00007f0111338ff8,  free space=1019k
Native frames: (J=compiled Java code, j=interpreted, Vv=VM code, C=native code)
C  0x0000000041bb6f31

Java frames: (J=compiled Java code, j=interpreted, Vv=VM code)
j  org.lwjgl.opengl.GL11.nglTexImage2D(IIIIIIIIJJ)V+0
j  org.lwjgl.opengl.GL11.glTexImage2D(IIIIIIIILjava/nio/ByteBuffer;)V+63
j  display.FragChangeColor04.reshape(II)V+159
j  display.LWJGLWindow.start(II)V+289
j  display.LWJGLWindow.start()V+7
j  display.LevelMaker.main([Ljava/lang/String;)V+12
v  ~StubRoutines::call_stub

---------------  P R O C E S S  ---------------

Java Threads: ( => current thread )
  0x00007f00fc5f6800 JavaThread "pool-1-thread-1" [_thread_blocked, id=26341, stack(0x00007f01007fe000,0x00007f01008ff000)]
  0x00007f00fc0d8800 JavaThread "process reaper" daemon [_thread_blocked, id=26339, stack(0x00007f010392d000,0x00007f0103955000)]
  0x00007f00fc0b5000 JavaThread "AWT-XAWT" daemon [_thread_in_native, id=26337, stack(0x00007f0102189000,0x00007f010228a000)]
  0x00007f00fc080000 JavaThread "Java2D Disposer" daemon [_thread_blocked, id=26336, stack(0x00007f010269a000,0x00007f010279b000)]
  0x0000000001f2c000 JavaThread "Service Thread" daemon [_thread_blocked, id=26334, stack(0x00007f0103f7d000,0x00007f010407e000)]
  0x0000000001f21000 JavaThread "C2 CompilerThread1" daemon [_thread_blocked, id=26333, stack(0x00007f010407e000,0x00007f010417f000)]
  0x0000000001f1e000 JavaThread "C2 CompilerThread0" daemon [_thread_blocked, id=26332, stack(0x00007f010417f000,0x00007f0104280000)]
  0x0000000001f1b800 JavaThread "Signal Dispatcher" daemon [_thread_blocked, id=26331, stack(0x00007f0104280000,0x00007f0104381000)]
  0x0000000001ec9000 JavaThread "Finalizer" daemon [_thread_blocked, id=26330, stack(0x00007f0104a0b000,0x00007f0104b0c000)]
  0x0000000001ec6800 JavaThread "Reference Handler" daemon [_thread_blocked, id=26329, stack(0x00007f0104b0c000,0x00007f0104c0d000)]
=>0x0000000001e38000 JavaThread "main" [_thread_in_native, id=26324, stack(0x00007f011123a000,0x00007f011133b000)]

Other Threads:
  0x0000000001ebf000 VMThread [stack: 0x00007f0104c0d000,0x00007f0104d0e000] [id=26328]
  0x0000000001f36800 WatcherThread [stack: 0x00007f0103e7c000,0x00007f0103f7d000] [id=26335]

VM state:not at safepoint (normal execution)

VM Mutex/Monitor currently owned by a thread: None

Heap
 PSYoungGen      total 37376K, used 9820K [0x00000007d64b0000, 0x00000007d8e60000, 0x0000000800000000)
  eden space 32064K, 30% used [0x00000007d64b0000,0x00000007d6e47050,0x00000007d8400000)
  from space 5312K, 0% used [0x00000007d8930000,0x00000007d8930000,0x00000007d8e60000)
  to   space 5312K, 0% used [0x00000007d8400000,0x00000007d8400000,0x00000007d8930000)
 ParOldGen       total 85376K, used 0K [0x0000000782e00000, 0x0000000788160000, 0x00000007d64b0000)
  object space 85376K, 0% used [0x0000000782e00000,0x0000000782e00000,0x0000000788160000)
 PSPermGen       total 21248K, used 7485K [0x000000077dc00000, 0x000000077f0c0000, 0x0000000782e00000)
  object space 21248K, 35% used [0x000000077dc00000,0x000000077e34f638,0x000000077f0c0000)

Card table byte_map: [0x00007f010b322000,0x00007f010b735000] byte_map_base: 0x00007f0107734000

Polling page: 0x00007f0111366000

Code Cache  [0x00007f010b735000, 0x00007f010b9a5000, 0x00007f010e735000)
 total_blobs=556 nmethods=112 adapters=396 free_code_cache=48486Kb largest_free_block=49632576

Compilation events (10 events):
Event: 6.463 Thread 0x0000000001f1e000  108             java.nio.charset.CoderResult::isUnderflow (13 bytes)
Event: 6.464 Thread 0x0000000001f1e000 nmethod 108 0x00007f010b7dbbd0 code [0x00007f010b7dbd00, 0x00007f010b7dbd78]
Event: 6.914 Thread 0x0000000001f21000  109             sun.misc.FloatingDecimal::countBits (80 bytes)
Event: 6.916 Thread 0x0000000001f21000 nmethod 109 0x00007f010b7d3950 code [0x00007f010b7d3a80, 0x00007f010b7d3b78]
Event: 7.530 Thread 0x0000000001f1e000  110             java.lang.Integer::intValue (5 bytes)
Event: 7.531 Thread 0x0000000001f1e000 nmethod 110 0x00007f010b7dc510 code [0x00007f010b7dc640, 0x00007f010b7dc698]
Event: 7.729 Thread 0x0000000001f21000  111             java.lang.String::getChars (62 bytes)
Event: 7.733 Thread 0x0000000001f21000 nmethod 111 0x00007f010b7ddad0 code [0x00007f010b7ddc20, 0x00007f010b7ddd58]
Event: 7.747 Thread 0x0000000001f1e000  112             java.lang.Float::floatValue (5 bytes)
Event: 7.748 Thread 0x0000000001f1e000 nmethod 112 0x00007f010b7dd8d0 code [0x00007f010b7dda00, 0x00007f010b7dda58]

GC Heap History (0 events):
No events

Deoptimization events (0 events):
No events

Internal exceptions (10 events):
Event: 0.802 Thread 0x0000000001e38000 Threw 0x00000007d6c55010 at /HUDSON/workspace/jdk7u17-2-build-linux-amd64-product/jdk7u17/hotspot/src/share/vm/prims/jvm.cpp:1166
Event: 0.805 Thread 0x00007f00fc5f6800 Threw 0x00000007d6c68850 at /HUDSON/workspace/jdk7u17-2-build-linux-amd64-product/jdk7u17/hotspot/src/share/vm/prims/jvm.cpp:1166
Event: 0.819 Thread 0x0000000001e38000 Threw 0x00000007d6d200b0 at /HUDSON/workspace/jdk7u17-2-build-linux-amd64-product/jdk7u17/hotspot/src/share/vm/prims/jvm.cpp:1166
Event: 0.834 Thread 0x0000000001e38000 Threw 0x00000007d6d33f18 at /HUDSON/workspace/jdk7u17-2-build-linux-amd64-product/jdk7u17/hotspot/src/share/vm/prims/jvm.cpp:1166
Event: 0.835 Thread 0x0000000001e38000 Threw 0x00000007d6d37348 at /HUDSON/workspace/jdk7u17-2-build-linux-amd64-product/jdk7u17/hotspot/src/share/vm/prims/jvm.cpp:1166
Event: 0.835 Thread 0x0000000001e38000 Threw 0x00000007d6d392d8 at /HUDSON/workspace/jdk7u17-2-build-linux-amd64-product/jdk7u17/hotspot/src/share/vm/prims/jvm.cpp:1166
Event: 0.836 Thread 0x0000000001e38000 Threw 0x00000007d6d3b918 at /HUDSON/workspace/jdk7u17-2-build-linux-amd64-product/jdk7u17/hotspot/src/share/vm/prims/jvm.cpp:1166
Event: 0.836 Thread 0x0000000001e38000 Threw 0x00000007d6d3d550 at /HUDSON/workspace/jdk7u17-2-build-linux-amd64-product/jdk7u17/hotspot/src/share/vm/prims/jvm.cpp:1166
Event: 0.837 Thread 0x0000000001e38000 Threw 0x00000007d6d3fc08 at /HUDSON/workspace/jdk7u17-2-build-linux-amd64-product/jdk7u17/hotspot/src/share/vm/prims/jvm.cpp:1166
Event: 0.844 Thread 0x00007f00fc5f6800 Threw 0x00000007d6c9dab0 at /HUDSON/workspace/jdk7u17-2-build-linux-amd64-product/jdk7u17/hotspot/src/share/vm/prims/jvm.cpp:1166

Events (10 events):
Event: 0.837 loading class 0x00007f00fc3c9260
Event: 0.837 loading class 0x00007f00fc3c9260 done
Event: 0.844 loading class 0x00007f00fc3c0c80
Event: 0.844 loading class 0x00007f00fc3c0c80 done
Event: 1.480 loading class 0x0000000001e5a2a0
Event: 1.481 loading class 0x0000000001e5a2a0 done
Event: 1.481 loading class 0x0000000001eb82e0
Event: 1.481 loading class 0x0000000001eb82e0 done
Event: 4.074 Executing VM operation: EnableBiasedLocking
Event: 4.074 Executing VM operation: EnableBiasedLocking done


Dynamic libraries:
00400000-00401000 r-xp 00000000 08:05 6034666                            /usr/lib/jvm/java-7-oracle/bin/java
00600000-00601000 rw-p 00000000 08:05 6034666                            /usr/lib/jvm/java-7-oracle/bin/java
01e2e000-024a2000 rw-p 00000000 00:00 0                                  [heap]
41af7000-41b6e000 rw-p 00000000 00:00 0 
41bb5000-41bb7000 r-xs 00000000 08:05 4629082                            /tmp/gl5xOkPY (deleted)
77dc00000-77f0c0000 rw-p 00000000 00:00 0 
77f0c0000-782e00000 rw-p 00000000 00:00 0 
782e00000-788160000 rw-p 00000000 00:00 0 
788160000-7d64b0000 rw-p 00000000 00:00 0 
7d64b0000-7d8e60000 rw-p 00000000 00:00 0 
7d8e60000-800000000 rw-p 00000000 00:00 0 
7f00ec000000-7f00ef6fa000 rw-p 00000000 00:00 0 
7f00ef6fa000-7f00f0000000 ---p 00000000 00:00 0 
7f00f4000000-7f00f7d1b000 rw-p 00000000 00:00 0 
7f00f7d1b000-7f00f8000000 ---p 00000000 00:00 0 
7f00f96b0000-7f00f9bb2000 rw-p 00000000 00:00 0 
7f00f9bb2000-7f00f9fb2000 rw-s 1913d000 00:05 10304                      /dev/nvidia0
7f00fa3b3000-7f00fb801000 r-xp 00000000 08:05 6032921                    /usr/lib/nvidia-current/libnvidia-glcore.so.270.41.06
7f00fb801000-7f00fba01000 ---p 0144e000 08:05 6032921                    /usr/lib/nvidia-current/libnvidia-glcore.so.270.41.06
7f00fba01000-7f00fbfe9000 rwxp 0144e000 08:05 6032921                    /usr/lib/nvidia-current/libnvidia-glcore.so.270.41.06
7f00fbfe9000-7f00fc000000 rwxp 00000000 00:00 0 
7f00fc000000-7f00ffeb3000 rw-p 00000000 00:00 0 
7f00ffeb3000-7f0100000000 ---p 00000000 00:00 0 
7f010037e000-7f01003fe000 rw-s 0a57c000 00:05 10304                      /dev/nvidia0
7f01003fe000-7f01005fe000 rw-s 1a3696000 00:05 10304                     /dev/nvidia0
7f01005fe000-7f01007fe000 rw-s 10107d000 00:05 10304                     /dev/nvidia0
7f01007fe000-7f0100801000 ---p 00000000 00:00 0 
7f0100801000-7f01008ff000 rw-p 00000000 00:00 0 
7f01008ff000-7f0100914000 r-xp 00000000 08:05 6038764                    /usr/lib/jvm/java-7-oracle/jre/lib/amd64/libnet.so
7f0100914000-7f0100b14000 ---p 00015000 08:05 6038764                    /usr/lib/jvm/java-7-oracle/jre/lib/amd64/libnet.so
7f0100b14000-7f0100b15000 rw-p 00015000 08:05 6038764                    /usr/lib/jvm/java-7-oracle/jre/lib/amd64/libnet.so
7f0100b15000-7f0100b25000 r-xp 00000000 08:05 6039256                    /usr/lib/jvm/java-7-oracle/jre/lib/amd64/libnio.so
7f0100b25000-7f0100d25000 ---p 00010000 08:05 6039256                    /usr/lib/jvm/java-7-oracle/jre/lib/amd64/libnio.so
7f0100d25000-7f0100d26000 rw-p 00010000 08:05 6039256                    /usr/lib/jvm/java-7-oracle/jre/lib/amd64/libnio.so
7f0100e1b000-7f0100ed3000 rw-p 00000000 00:00 0 
7f0100ed3000-7f0100ed5000 rw-s 00000000 08:05 4629082                    /tmp/gl5xOkPY (deleted)
7f0100ed5000-7f0100ed8000 r--s 000f7000 08:05 6037708                    /usr/lib/jvm/java-7-oracle/jre/lib/ext/localedata.jar
7f0100ed8000-7f01010d8000 rw-s 10067b000 00:05 10304                     /dev/nvidia0
7f01010d8000-7f01011d8000 rw-s 100471000 00:05 10304                     /dev/nvidia0
7f01011d8000-7f01012a1000 rw-p 00000000 00:00 0 
7f01012a1000-7f01012ee000 rw-p 00000000 00:00 0 
7f010131e000-7f010133e000 rw-s d8820000 00:05 10304                      /dev/nvidia0
7f010133e000-7f010133f000 rw-s dfefc000 00:05 10304                      /dev/nvidia0
7f010133f000-7f010137f000 rw-s 10044f000 00:05 10304                     /dev/nvidia0
7f010139f000-7f01013d6000 rw-p 00000000 00:00 0 
7f01013d6000-7f01013d7000 r-xp 00000000 08:05 6032924                    /usr/lib/nvidia-current/tls/libnvidia-tls.so.270.41.06
7f01013d7000-7f01015d7000 ---p 00001000 08:05 6032924                    /usr/lib/nvidia-current/tls/libnvidia-tls.so.270.41.06
7f01015d7000-7f01015d8000 rw-p 00001000 08:05 6032924                    /usr/lib/nvidia-current/tls/libnvidia-tls.so.270.41.06
7f01015d8000-7f0101695000 r-xp 00000000 08:05 6032925                    /usr/lib/nvidia-current/libGL.so.270.41.06
7f0101695000-7f0101895000 ---p 000bd000 08:05 6032925                    /usr/lib/nvidia-current/libGL.so.270.41.06
7f0101895000-7f01018ce000 rwxp 000bd000 08:05 6032925                    /usr/lib/nvidia-current/libGL.so.270.41.06
7f01018ce000-7f01018e4000 rwxp 00000000 00:00 0 
7f01018e5000-7f01018e9000 rw-s 1006b2000 00:05 10304                     /dev/nvidia0
7f01018e9000-7f01018ed000 rw-s 100557000 00:05 10304                     /dev/nvidia0
7f01018ed000-7f01018f1000 rw-s 103010000 00:05 10304                     /dev/nvidia0
7f01018f1000-7f010190c000 rw-s 101a60000 00:05 10304                     /dev/nvidia0
7f010190c000-7f0101911000 r-xp 00000000 08:05 6038842                    /usr/lib/x86_64-linux-gnu/libXxf86vm.so.1.0.0
7f0101911000-7f0101b10000 ---p 00005000 08:05 6038842                    /usr/lib/x86_64-linux-gnu/libXxf86vm.so.1.0.0
7f0101b10000-7f0101b11000 r--p 00004000 08:05 6038842                    /usr/lib/x86_64-linux-gnu/libXxf86vm.so.1.0.0
7f0101b11000-7f0101b12000 rw-p 00005000 08:05 6038842                    /usr/lib/x86_64-linux-gnu/libXxf86vm.so.1.0.0
7f0101b12000-7f0101b1a000 r-xp 00000000 08:05 6038836                    /usr/lib/x86_64-linux-gnu/libXrandr.so.2.2.0
7f0101b1a000-7f0101d19000 ---p 00008000 08:05 6038836                    /usr/lib/x86_64-linux-gnu/libXrandr.so.2.2.0
7f0101d19000-7f0101d1a000 r--p 00007000 08:05 6038836                    /usr/lib/x86_64-linux-gnu/libXrandr.so.2.2.0
7f0101d1a000-7f0101d1b000 rw-p 00008000 08:05 6038836                    /usr/lib/x86_64-linux-gnu/libXrandr.so.2.2.0
7f0101d1b000-7f0101d85000 r-xp 00000000 00:15 4589809                    /home/skel/code/lwjgl/lwjgl-2.8.5/native/linux/liblwjgl64.so
7f0101d85000-7f0101f85000 ---p 0006a000 00:15 4589809                    /home/skel/code/lwjgl/lwjgl-2.8.5/native/linux/liblwjgl64.so
7f0101f85000-7f0101f87000 r--p 0006a000 00:15 4589809                    /home/skel/code/lwjgl/lwjgl-2.8.5/native/linux/liblwjgl64.so
7f0101f87000-7f0101f88000 rw-p 0006c000 00:15 4589809                    /home/skel/code/lwjgl/lwjgl-2.8.5/native/linux/liblwjgl64.so
7f0101f88000-7f0101f89000 r-xp 00000000 08:05 6039238                    /usr/lib/jvm/java-7-oracle/jre/lib/amd64/libjawt.so
7f0101f89000-7f0102188000 ---p 00001000 08:05 6039238                    /usr/lib/jvm/java-7-oracle/jre/lib/amd64/libjawt.so
7f0102188000-7f0102189000 rw-p 00000000 08:05 6039238                    /usr/lib/jvm/java-7-oracle/jre/lib/amd64/libjawt.so
7f0102189000-7f010218c000 ---p 00000000 00:00 0 
7f010218c000-7f010228a000 rw-p 00000000 00:00 0 
7f010228a000-7f010228f000 r-xp 00000000 08:05 6038828                    /usr/lib/x86_64-linux-gnu/libXfixes.so.3.1.0
7f010228f000-7f010248e000 ---p 00005000 08:05 6038828                    /usr/lib/x86_64-linux-gnu/libXfixes.so.3.1.0
7f010248e000-7f010248f000 r--p 00004000 08:05 6038828                    /usr/lib/x86_64-linux-gnu/libXfixes.so.3.1.0
7f010248f000-7f0102490000 rw-p 00005000 08:05 6038828                    /usr/lib/x86_64-linux-gnu/libXfixes.so.3.1.0
7f0102490000-7f0102499000 r-xp 00000000 08:05 6038818                    /usr/lib/x86_64-linux-gnu/libXcursor.so.1.0.2
7f0102499000-7f0102698000 ---p 00009000 08:05 6038818                    /usr/lib/x86_64-linux-gnu/libXcursor.so.1.0.2
7f0102698000-7f0102699000 r--p 00008000 08:05 6038818                    /usr/lib/x86_64-linux-gnu/libXcursor.so.1.0.2
7f0102699000-7f010269a000 rw-p 00009000 08:05 6038818                    /usr/lib/x86_64-linux-gnu/libXcursor.so.1.0.2
7f010269a000-7f010269d000 ---p 00000000 00:00 0 
7f010269d000-7f010279b000 rw-p 00000000 00:00 0 
7f010279b000-7f01027a0000 r-xp 00000000 08:05 6038824                    /usr/lib/x86_64-linux-gnu/libXdmcp.so.6.0.0
7f01027a0000-7f010299f000 ---p 00005000 08:05 6038824                    /usr/lib/x86_64-linux-gnu/libXdmcp.so.6.0.0
7f010299f000-7f01029a0000 r--p 00004000 08:05 6038824                    /usr/lib/x86_64-linux-gnu/libXdmcp.so.6.0.0
7f01029a0000-7f01029a1000 rw-p 00005000 08:05 6038824                    /usr/lib/x86_64-linux-gnu/libXdmcp.so.6.0.0
7f01029a1000-7f01029a3000 r-xp 00000000 08:05 6038814                    /usr/lib/x86_64-linux-gnu/libXau.so.6.0.0
7f01029a3000-7f0102ba2000 ---p 00002000 08:05 6038814                    /usr/lib/x86_64-linux-gnu/libXau.so.6.0.0
7f0102ba2000-7f0102ba3000 r--p 00001000 08:05 6038814                    /usr/lib/x86_64-linux-gnu/libXau.so.6.0.0
7f0102ba3000-7f0102ba4000 rw-p 00002000 08:05 6038814                    /usr/lib/x86_64-linux-gnu/libXau.so.6.0.0
7f0102ba4000-7f0102bbf000 r-xp 00000000 08:05 6038970                    /usr/lib/x86_64-linux-gnu/libxcb.so.1.1.0
7f0102bbf000-7f0102dbe000 ---p 0001b000 08:05 6038970                    /usr/lib/x86_64-linux-gnu/libxcb.so.1.1.0
7f0102dbe000-7f0102dbf000 r--p 0001a000 08:05 6038970                    /usr/lib/x86_64-linux-gnu/libxcb.so.1.1.0
7f0102dbf000-7f0102dc0000 rw-p 0001b000 08:05 6038970                    /usr/lib/x86_64-linux-gnu/libxcb.so.1.1.0
7f0102dc0000-7f0102dcf000 r-xp 00000000 08:05 6038832                    /usr/lib/x86_64-linux-gnu/libXi.so.6.1.0
7f0102dcf000-7f0102fce000 ---p 0000f000 08:05 6038832                    /usr/lib/x86_64-linux-gnu/libXi.so.6.1.0
7f0102fce000-7f0102fcf000 r--p 0000e000 08:05 6038832                    /usr/lib/x86_64-linux-gnu/libXi.so.6.1.0
7f0102fcf000-7f0102fd0000 rw-p 0000f000 08:05 6038832                    /usr/lib/x86_64-linux-gnu/libXi.so.6.1.0
7f0102fd0000-7f0102fd5000 r-xp 00000000 08:05 6033420                    /usr/lib/libXtst.so.6.1.0
7f0102fd5000-7f01031d4000 ---p 00005000 08:05 6033420                    /usr/lib/libXtst.so.6.1.0
7f01031d4000-7f01031d5000 r--p 00004000 08:05 6033420                    /usr/lib/libXtst.so.6.1.0
7f01031d5000-7f01031d6000 rw-p 00005000 08:05 6033420                    /usr/lib/libXtst.so.6.1.0
7f01031d6000-7f01031df000 r-xp 00000000 08:05 6038838                    /usr/lib/x86_64-linux-gnu/libXrender.so.1.3.0
7f01031df000-7f01033df000 ---p 00009000 08:05 6038838                    /usr/lib/x86_64-linux-gnu/libXrender.so.1.3.0
7f01033df000-7f01033e0000 r--p 00009000 08:05 6038838                    /usr/lib/x86_64-linux-gnu/libXrender.so.1.3.0
7f01033e0000-7f01033e1000 rw-p 0000a000 08:05 6038838                    /usr/lib/x86_64-linux-gnu/libXrender.so.1.3.0
7f01033e1000-7f0103516000 r-xp 00000000 08:05 6038810                    /usr/lib/x86_64-linux-gnu/libX11.so.6.3.0
7f0103516000-7f0103716000 ---p 00135000 08:05 6038810                    /usr/lib/x86_64-linux-gnu/libX11.so.6.3.0
7f0103716000-7f0103717000 r--p 00135000 08:05 6038810                    /usr/lib/x86_64-linux-gnu/libX11.so.6.3.0
7f0103717000-7f010371b000 rw-p 00136000 08:05 6038810                    /usr/lib/x86_64-linux-gnu/libX11.so.6.3.0
7f010371b000-7f010372c000 r-xp 00000000 08:05 6038826                    /usr/lib/x86_64-linux-gnu/libXext.so.6.4.0
7f010372c000-7f010392b000 ---p 00011000 08:05 6038826                    /usr/lib/x86_64-linux-gnu/libXext.so.6.4.0
7f010392b000-7f010392c000 r--p 00010000 08:05 6038826                    /usr/lib/x86_64-linux-gnu/libXext.so.6.4.0
7f010392c000-7f010392d000 rw-p 00011000 08:05 6038826                    /usr/lib/x86_64-linux-gnu/libXext.so.6.4.0
7f010392d000-7f0103930000 ---p 00000000 00:00 0 
7f0103930000-7f0103955000 rw-p 00000000 00:00 0 
7f0103955000-7f01039a5000 r-xp 00000000 08:05 6039007                    /usr/lib/jvm/java-7-oracle/jre/lib/amd64/xawt/libmawt.so
7f01039a5000-7f0103ba5000 ---p 00050000 08:05 6039007                    /usr/lib/jvm/java-7-oracle/jre/lib/amd64/xawt/libmawt.so
7f0103ba5000-7f0103ba9000 rw-p 00050000 08:05 6039007                    /usr/lib/jvm/java-7-oracle/jre/lib/amd64/xawt/libmawt.so
7f0103ba9000-7f0103baa000 rw-p 00000000 00:00 0 
7f0103baa000-7f0103c4c000 r-xp 00000000 08:05 6039004                    /usr/lib/jvm/java-7-oracle/jre/lib/amd64/libawt.so
7f0103c4c000-7f0103e4c000 ---p 000a2000 08:05 6039004                    /usr/lib/jvm/java-7-oracle/jre/lib/amd64/libawt.so
7f0103e4c000-7f0103e58000 rw-p 000a2000 08:05 6039004                    /usr/lib/jvm/java-7-oracle/jre/lib/amd64/libawt.so
7f0103e58000-7f0103e7c000 rw-p 00000000 00:00 0 
7f0103e7c000-7f0103e7d000 ---p 00000000 00:00 0 
7f0103e7d000-7f0103f7d000 rw-p 00000000 00:00 0 
7f0103f7d000-7f0103f80000 ---p 00000000 00:00 0 
7f0103f80000-7f010407e000 rw-p 00000000 00:00 0 
7f010407e000-7f0104081000 ---p 00000000 00:00 0 
7f0104081000-7f010417f000 rw-p 00000000 00:00 0 
7f010417f000-7f0104182000 ---p 00000000 00:00 0 
7f0104182000-7f0104280000 rw-p 00000000 00:00 0 
7f0104280000-7f0104283000 ---p 00000000 00:00 0 
7f0104283000-7f0104381000 rw-p 00000000 00:00 0 
7f0104381000-7f0104a0b000 r--p 00000000 08:05 6037607                    /usr/lib/locale/locale-archive
7f0104a0b000-7f0104a0e000 ---p 00000000 00:00 0 
7f0104a0e000-7f0104b0c000 rw-p 00000000 00:00 0 
7f0104b0c000-7f0104b0f000 ---p 00000000 00:00 0 
7f0104b0f000-7f0104c0d000 rw-p 00000000 00:00 0 
7f0104c0d000-7f0104c0e000 ---p 00000000 00:00 0 
7f0104c0e000-7f0105a0e000 rw-p 00000000 00:00 0 
7f0105a0e000-7f0105bca000 r--s 039dc000 08:05 6044605                    /usr/lib/jvm/java-7-oracle/jre/lib/rt.jar
7f0105bca000-7f010ad5a000 rw-p 00000000 00:00 0 
7f010ad5a000-7f010ad5b000 ---p 00000000 00:00 0 
7f010ad5b000-7f010ae5b000 rw-p 00000000 00:00 0 
7f010ae5b000-7f010ae5c000 ---p 00000000 00:00 0 
7f010ae5c000-7f010af5c000 rw-p 00000000 00:00 0 
7f010af5c000-7f010af5d000 ---p 00000000 00:00 0 
7f010af5d000-7f010b068000 rw-p 00000000 00:00 0 
7f010b068000-7f010b086000 rw-p 00000000 00:00 0 
7f010b086000-7f010b0b0000 rw-p 00000000 00:00 0 
7f010b0b0000-7f010b322000 rw-p 00000000 00:00 0 
7f010b322000-7f010b32d000 rw-p 00000000 00:00 0 
7f010b32d000-7f010b34b000 rw-p 00000000 00:00 0 
7f010b34b000-7f010b375000 rw-p 00000000 00:00 0 
7f010b375000-7f010b5e6000 rw-p 00000000 00:00 0 
7f010b5e6000-7f010b5fc000 rw-p 00000000 00:00 0 
7f010b5fc000-7f010b734000 rw-p 00000000 00:00 0 
7f010b734000-7f010b735000 rw-p 00000000 00:00 0 
7f010b735000-7f010b9a5000 rwxp 00000000 00:00 0 
7f010b9a5000-7f010e735000 rw-p 00000000 00:00 0 
7f010e735000-7f010e74f000 r-xp 00000000 08:05 6038770                    /usr/lib/jvm/java-7-oracle/jre/lib/amd64/libzip.so
7f010e74f000-7f010e94f000 ---p 0001a000 08:05 6038770                    /usr/lib/jvm/java-7-oracle/jre/lib/amd64/libzip.so
7f010e94f000-7f010e950000 rw-p 0001a000 08:05 6038770                    /usr/lib/jvm/java-7-oracle/jre/lib/amd64/libzip.so
7f010e950000-7f010e95c000 r-xp 00000000 08:05 7608085                    /lib/x86_64-linux-gnu/libnss_files-2.13.so
7f010e95c000-7f010eb5b000 ---p 0000c000 08:05 7608085                    /lib/x86_64-linux-gnu/libnss_files-2.13.so
7f010eb5b000-7f010eb5c000 r--p 0000b000 08:05 7608085                    /lib/x86_64-linux-gnu/libnss_files-2.13.so
7f010eb5c000-7f010eb5d000 rw-p 0000c000 08:05 7608085                    /lib/x86_64-linux-gnu/libnss_files-2.13.so
7f010eb5d000-7f010eb68000 r-xp 00000000 08:05 7607798                    /lib/x86_64-linux-gnu/libnss_nis-2.13.so
7f010eb68000-7f010ed67000 ---p 0000b000 08:05 7607798                    /lib/x86_64-linux-gnu/libnss_nis-2.13.so
7f010ed67000-7f010ed68000 r--p 0000a000 08:05 7607798                    /lib/x86_64-linux-gnu/libnss_nis-2.13.so
7f010ed68000-7f010ed69000 rw-p 0000b000 08:05 7607798                    /lib/x86_64-linux-gnu/libnss_nis-2.13.so
7f010ed69000-7f010ed80000 r-xp 00000000 08:05 7608087                    /lib/x86_64-linux-gnu/libnsl-2.13.so
7f010ed80000-7f010ef7f000 ---p 00017000 08:05 7608087                    /lib/x86_64-linux-gnu/libnsl-2.13.so
7f010ef7f000-7f010ef80000 r--p 00016000 08:05 7608087                    /lib/x86_64-linux-gnu/libnsl-2.13.so
7f010ef80000-7f010ef81000 rw-p 00017000 08:05 7608087                    /lib/x86_64-linux-gnu/libnsl-2.13.so
7f010ef81000-7f010ef83000 rw-p 00000000 00:00 0 
7f010ef83000-7f010ef8b000 r-xp 00000000 08:05 7608084                    /lib/x86_64-linux-gnu/libnss_compat-2.13.so
7f010ef8b000-7f010f18a000 ---p 00008000 08:05 7608084                    /lib/x86_64-linux-gnu/libnss_compat-2.13.so
7f010f18a000-7f010f18b000 r--p 00007000 08:05 7608084                    /lib/x86_64-linux-gnu/libnss_compat-2.13.so
7f010f18b000-7f010f18c000 rw-p 00008000 08:05 7608084                    /lib/x86_64-linux-gnu/libnss_compat-2.13.so
7f010f18c000-7f010f1b5000 r-xp 00000000 08:05 6039003                    /usr/lib/jvm/java-7-oracle/jre/lib/amd64/libjava.so
7f010f1b5000-7f010f3b5000 ---p 00029000 08:05 6039003                    /usr/lib/jvm/java-7-oracle/jre/lib/amd64/libjava.so
7f010f3b5000-7f010f3b7000 rw-p 00029000 08:05 6039003                    /usr/lib/jvm/java-7-oracle/jre/lib/amd64/libjava.so
7f010f3b7000-7f010f3c4000 r-xp 00000000 08:05 6038937                    /usr/lib/jvm/java-7-oracle/jre/lib/amd64/libverify.so
7f010f3c4000-7f010f5c3000 ---p 0000d000 08:05 6038937                    /usr/lib/jvm/java-7-oracle/jre/lib/amd64/libverify.so
7f010f5c3000-7f010f5c5000 rw-p 0000c000 08:05 6038937                    /usr/lib/jvm/java-7-oracle/jre/lib/amd64/libverify.so
7f010f5c5000-7f010f5cc000 r-xp 00000000 08:05 7607790                    /lib/x86_64-linux-gnu/librt-2.13.so
7f010f5cc000-7f010f7cb000 ---p 00007000 08:05 7607790                    /lib/x86_64-linux-gnu/librt-2.13.so
7f010f7cb000-7f010f7cc000 r--p 00006000 08:05 7607790                    /lib/x86_64-linux-gnu/librt-2.13.so
7f010f7cc000-7f010f7cd000 rw-p 00007000 08:05 7607790                    /lib/x86_64-linux-gnu/librt-2.13.so
7f010f7cd000-7f010f851000 r-xp 00000000 08:05 7608082                    /lib/x86_64-linux-gnu/libm-2.13.so
7f010f851000-7f010fa50000 ---p 00084000 08:05 7608082                    /lib/x86_64-linux-gnu/libm-2.13.so
7f010fa50000-7f010fa51000 r--p 00083000 08:05 7608082                    /lib/x86_64-linux-gnu/libm-2.13.so
7f010fa51000-7f010fa52000 rw-p 00084000 08:05 7608082                    /lib/x86_64-linux-gnu/libm-2.13.so
7f010fa52000-7f0110499000 r-xp 00000000 08:05 6038760                    /usr/lib/jvm/java-7-oracle/jre/lib/amd64/server/libjvm.so
7f0110499000-7f0110699000 ---p 00a47000 08:05 6038760                    /usr/lib/jvm/java-7-oracle/jre/lib/amd64/server/libjvm.so
7f0110699000-7f011073c000 rw-p 00a47000 08:05 6038760                    /usr/lib/jvm/java-7-oracle/jre/lib/amd64/server/libjvm.so
7f011073c000-7f0110778000 rw-p 00000000 00:00 0 
7f0110778000-7f0110905000 r-xp 00000000 08:05 7605972                    /lib/x86_64-linux-gnu/libc-2.13.so
7f0110905000-7f0110b05000 ---p 0018d000 08:05 7605972                    /lib/x86_64-linux-gnu/libc-2.13.so
7f0110b05000-7f0110b09000 r--p 0018d000 08:05 7605972                    /lib/x86_64-linux-gnu/libc-2.13.so
7f0110b09000-7f0110b0a000 rw-p 00191000 08:05 7605972                    /lib/x86_64-linux-gnu/libc-2.13.so
7f0110b0a000-7f0110b10000 rw-p 00000000 00:00 0 
7f0110b10000-7f0110b12000 r-xp 00000000 08:05 7607795                    /lib/x86_64-linux-gnu/libdl-2.13.so
7f0110b12000-7f0110d12000 ---p 00002000 08:05 7607795                    /lib/x86_64-linux-gnu/libdl-2.13.so
7f0110d12000-7f0110d13000 r--p 00002000 08:05 7607795                    /lib/x86_64-linux-gnu/libdl-2.13.so
7f0110d13000-7f0110d14000 rw-p 00003000 08:05 7607795                    /lib/x86_64-linux-gnu/libdl-2.13.so
7f0110d14000-7f0110d2a000 r-xp 00000000 08:05 6037809                    /usr/lib/jvm/java-7-oracle/jre/lib/amd64/jli/libjli.so
7f0110d2a000-7f0110f2a000 ---p 00016000 08:05 6037809                    /usr/lib/jvm/java-7-oracle/jre/lib/amd64/jli/libjli.so
7f0110f2a000-7f0110f2b000 rw-p 00016000 08:05 6037809                    /usr/lib/jvm/java-7-oracle/jre/lib/amd64/jli/libjli.so
7f0110f2b000-7f0110f43000 r-xp 00000000 08:05 7608086                    /lib/x86_64-linux-gnu/libpthread-2.13.so
7f0110f43000-7f0111143000 ---p 00018000 08:05 7608086                    /lib/x86_64-linux-gnu/libpthread-2.13.so
7f0111143000-7f0111144000 r--p 00018000 08:05 7608086                    /lib/x86_64-linux-gnu/libpthread-2.13.so
7f0111144000-7f0111145000 rw-p 00019000 08:05 7608086                    /lib/x86_64-linux-gnu/libpthread-2.13.so
7f0111145000-7f0111149000 rw-p 00000000 00:00 0 
7f0111149000-7f011116a000 r-xp 00000000 08:05 7608083                    /lib/x86_64-linux-gnu/ld-2.13.so
7f011116b000-7f011116c000 rw-s 100556000 00:05 10304                     /dev/nvidia0
7f011116c000-7f011116d000 rw-s fc641000 00:05 10304                      /dev/nvidia0
7f011116d000-7f011116e000 rw-s d8800000 00:05 10304                      /dev/nvidia0
7f011116e000-7f011116f000 rw-s 101c7f000 00:05 10304                     /dev/nvidia0
7f011116f000-7f011117a000 r--s 00093000 00:15 4589134                    /home/skel/code/slick/slick.jar
7f011117a000-7f0111184000 rw-p 00000000 00:00 0 
7f0111184000-7f011123a000 rw-p 00000000 00:00 0 
7f011123a000-7f011123d000 ---p 00000000 00:00 0 
7f011123d000-7f011133f000 rw-p 00000000 00:00 0 
7f011133f000-7f0111340000 rw-s fc060000 00:05 10304                      /dev/nvidia0
7f0111340000-7f0111341000 r--s 00005000 00:15 4626718                    /home/skel/code/json-simple-1.1.1.jar
7f0111341000-7f0111348000 r--s 00039000 00:15 4588115                    /home/skel/code/commons-codec-1.7/commons-codec-1.7.jar
7f0111348000-7f011134a000 r--s 00016000 00:15 4589119                    /home/skel/code/slick/slick-util.jar
7f011134a000-7f011134c000 r--s 0000d000 00:15 4589118                    /home/skel/code/slick/jorbis-0.0.15.jar
7f011134c000-7f011134d000 r--s 00001000 00:15 4589115                    /home/skel/code/slick/jogg-0.0.7.jar
7f011134d000-7f011134f000 r--s 00008000 00:15 4589004                    /home/skel/code/slick/ibxm.jar
7f011134f000-7f011135d000 r--s 000e3000 00:15 4589791                    /home/skel/code/lwjgl/lwjgl-2.8.5/jar/lwjgl.jar
7f011135d000-7f0111365000 rw-s 00000000 08:05 4629081                    /tmp/hsperfdata_skel/26319
7f0111365000-7f0111366000 rw-p 00000000 00:00 0 
7f0111366000-7f0111367000 r--p 00000000 00:00 0 
7f0111367000-7f0111369000 rw-p 00000000 00:00 0 
7f0111369000-7f011136a000 r--p 00020000 08:05 7608083                    /lib/x86_64-linux-gnu/ld-2.13.so
7f011136a000-7f011136c000 rw-p 00021000 08:05 7608083                    /lib/x86_64-linux-gnu/ld-2.13.so
7fff9fe40000-7fff9fe61000 rw-p 00000000 00:00 0                          [stack]
7fff9fea1000-7fff9fea2000 r-xp 00000000 00:00 0                          [vdso]
ffffffffff600000-ffffffffff601000 r-xp 00000000 00:00 0                  [vsyscall]

VM Arguments:
jvm_args: -Djava.library.path=/home/skel/code/lwjgl/lwjgl-2.8.5/native/linux -Dfile.encoding=UTF-8 
java_command: display.LevelMaker
Launcher Type: SUN_STANDARD

Environment Variables:
PATH=/usr/local/sbin:/usr/local/bin:/usr/sbin:/usr/bin:/sbin:/bin:/usr/games
USERNAME=skel
LD_LIBRARY_PATH=/usr/lib/jvm/java-7-oracle/jre/lib/amd64/server:/usr/lib/jvm/java-7-oracle/jre/lib/amd64:/usr/lib/jvm/java-7-oracle/jre/../lib/amd64:/usr/lib/jvm/java-6-sun-1.6.0.26/jre/lib/amd64/server:/usr/lib/jvm/java-6-sun-1.6.0.26/jre/lib/amd64:/usr/lib/jvm/java-6-sun-1.6.0.26/jre/../lib/amd64
SHELL=/bin/bash
DISPLAY=:0.0

Signal Handlers:
SIGSEGV: [libjvm.so+0x8a5d70], sa_mask[0]=0x7ffbfeff, sa_flags=0x10000004
SIGBUS: [libjvm.so+0x8a5d70], sa_mask[0]=0x7ffbfeff, sa_flags=0x10000004
SIGFPE: [libjvm.so+0x741e50], sa_mask[0]=0x7ffbfeff, sa_flags=0x10000004
SIGPIPE: [libjvm.so+0x741e50], sa_mask[0]=0x7ffbfeff, sa_flags=0x10000004
SIGXFSZ: [libjvm.so+0x741e50], sa_mask[0]=0x7ffbfeff, sa_flags=0x10000004
SIGILL: [libjvm.so+0x741e50], sa_mask[0]=0x7ffbfeff, sa_flags=0x10000004
SIGUSR1: SIG_DFL, sa_mask[0]=0x00000000, sa_flags=0x00000000
SIGUSR2: [libjvm.so+0x7417a0], sa_mask[0]=0x00000004, sa_flags=0x10000004
SIGHUP: [libjvm.so+0x743b30], sa_mask[0]=0x7ffbfeff, sa_flags=0x10000004
SIGINT: [libjvm.so+0x743b30], sa_mask[0]=0x7ffbfeff, sa_flags=0x10000004
SIGTERM: [libjvm.so+0x743b30], sa_mask[0]=0x7ffbfeff, sa_flags=0x10000004
SIGQUIT: [libjvm.so+0x743b30], sa_mask[0]=0x7ffbfeff, sa_flags=0x10000004


---------------  S Y S T E M  ---------------

OS:squeeze/sid

uname:Linux 2.6.38-8-generic #42-Ubuntu SMP Mon Apr 11 03:31:24 UTC 2011 x86_64
libc:glibc 2.13 NPTL 2.13 
rlimit: STACK 8192k, CORE 0k, NPROC infinity, NOFILE 4096, AS infinity
load average:2.00 2.01 2.05

/proc/meminfo:
MemTotal:        8192576 kB
MemFree:           54844 kB
Buffers:          592596 kB
Cached:          2522420 kB
SwapCached:         7756 kB
Active:          4416464 kB
Inactive:        2941916 kB
Active(anon):    3495352 kB
Inactive(anon):   764904 kB
Active(file):     921112 kB
Inactive(file):  2177012 kB
Unevictable:           0 kB
Mlocked:               0 kB
SwapTotal:       8384508 kB
SwapFree:        8249652 kB
Dirty:              2008 kB
Writeback:             0 kB
AnonPages:       4237856 kB
Mapped:           425524 kB
Shmem:             16880 kB
Slab:             240160 kB
SReclaimable:     172276 kB
SUnreclaim:        67884 kB
KernelStack:        7104 kB
PageTables:        57372 kB
NFS_Unstable:          0 kB
Bounce:                0 kB
WritebackTmp:          0 kB
CommitLimit:    12480796 kB
Committed_AS:   10756360 kB
VmallocTotal:   34359738367 kB
VmallocUsed:      364688 kB
VmallocChunk:   34359363196 kB
HardwareCorrupted:     0 kB
HugePages_Total:       0
HugePages_Free:        0
HugePages_Rsvd:        0
HugePages_Surp:        0
Hugepagesize:       2048 kB
DirectMap4k:     7985600 kB
DirectMap2M:      401408 kB
DirectMap1G:           0 kB


CPU:total 3 (3 cores per cpu, 1 threads per core) family 16 model 5 stepping 3, cmov, cx8, fxsr, mmx, sse, sse2, sse3, popcnt, mmxext, 3dnowpref, lzcnt, sse4a, tsc, tscinvbit, tscinv

/proc/cpuinfo:
processor	: 0
vendor_id	: AuthenticAMD
cpu family	: 16
model		: 5
model name	: AMD Athlon(tm) II X3 450 Processor
stepping	: 3
cpu MHz		: 3200.000
cache size	: 512 KB
physical id	: 0
siblings	: 3
core id		: 0
cpu cores	: 3
apicid		: 0
initial apicid	: 0
fpu		: yes
fpu_exception	: yes
cpuid level	: 5
wp		: yes
flags		: fpu vme de pse tsc msr pae mce cx8 apic sep mtrr pge mca cmov pat pse36 clflush mmx fxsr sse sse2 ht syscall nx mmxext fxsr_opt pdpe1gb rdtscp lm 3dnowext 3dnow constant_tsc rep_good nopl nonstop_tsc extd_apicid pni monitor cx16 popcnt lahf_lm cmp_legacy svm extapic cr8_legacy abm sse4a misalignsse 3dnowprefetch osvw ibs skinit wdt npt lbrv svm_lock nrip_save
bogomips	: 6429.36
TLB size	: 1024 4K pages
clflush size	: 64
cache_alignment	: 64
address sizes	: 48 bits physical, 48 bits virtual
power management: ts ttp tm stc 100mhzsteps hwpstate

processor	: 1
vendor_id	: AuthenticAMD
cpu family	: 16
model		: 5
model name	: AMD Athlon(tm) II X3 450 Processor
stepping	: 3
cpu MHz		: 3200.000
cache size	: 512 KB
physical id	: 0
siblings	: 3
core id		: 1
cpu cores	: 3
apicid		: 1
initial apicid	: 1
fpu		: yes
fpu_exception	: yes
cpuid level	: 5
wp		: yes
flags		: fpu vme de pse tsc msr pae mce cx8 apic sep mtrr pge mca cmov pat pse36 clflush mmx fxsr sse sse2 ht syscall nx mmxext fxsr_opt pdpe1gb rdtscp lm 3dnowext 3dnow constant_tsc rep_good nopl nonstop_tsc extd_apicid pni monitor cx16 popcnt lahf_lm cmp_legacy svm extapic cr8_legacy abm sse4a misalignsse 3dnowprefetch osvw ibs skinit wdt npt lbrv svm_lock nrip_save
bogomips	: 6428.93
TLB size	: 1024 4K pages
clflush size	: 64
cache_alignment	: 64
address sizes	: 48 bits physical, 48 bits virtual
power management: ts ttp tm stc 100mhzsteps hwpstate

processor	: 2
vendor_id	: AuthenticAMD
cpu family	: 16
model		: 5
model name	: AMD Athlon(tm) II X3 450 Processor
stepping	: 3
cpu MHz		: 800.000
cache size	: 512 KB
physical id	: 0
siblings	: 3
core id		: 2
cpu cores	: 3
apicid		: 2
initial apicid	: 2
fpu		: yes
fpu_exception	: yes
cpuid level	: 5
wp		: yes
flags		: fpu vme de pse tsc msr pae mce cx8 apic sep mtrr pge mca cmov pat pse36 clflush mmx fxsr sse sse2 ht syscall nx mmxext fxsr_opt pdpe1gb rdtscp lm 3dnowext 3dnow constant_tsc rep_good nopl nonstop_tsc extd_apicid pni monitor cx16 popcnt lahf_lm cmp_legacy svm extapic cr8_legacy abm sse4a misalignsse 3dnowprefetch osvw ibs skinit wdt npt lbrv svm_lock nrip_save
bogomips	: 6428.93
TLB size	: 1024 4K pages
clflush size	: 64
cache_alignment	: 64
address sizes	: 48 bits physical, 48 bits virtual
power management: ts ttp tm stc 100mhzsteps hwpstate



Memory: 4k page, physical 8192576k(54844k free), swap 8384508k(8249652k free)

vm_info: Java HotSpot(TM) 64-Bit Server VM (23.7-b01) for linux-amd64 JRE (1.7.0_17-b02), built on Mar  1 2013 02:59:06 by "java_re" with gcc 4.3.0 20080428 (Red Hat 4.3.0-8)

time: Mon May 27 23:59:52 2013
elapsed time: 8 seconds

