#
# A fatal error has been detected by the Java Runtime Environment:
#
#  SIGSEGV (0xb) at pc=0x0000000041602f31, pid=26286, tid=139809890780928
#
# JRE version: 7.0_17-b02
# Java VM: Java HotSpot(TM) 64-Bit Server VM (23.7-b01 mixed mode linux-amd64 compressed oops)
# Problematic frame:
# C  0x0000000041602f31
#
# Failed to write core dump. Core dumps have been disabled. To enable core dumping, try "ulimit -c unlimited" before starting Java again
#
# If you would like to submit a bug report, please visit:
#   http://bugreport.sun.com/bugreport/crash.jsp
# The crash happened outside the Java Virtual Machine in native code.
# See problematic frame for where to report the bug.
#

---------------  T H R E A D  ---------------

Current thread (0x0000000000f20000):  JavaThread "main" [_thread_in_native, id=26291, stack(0x00007f2806d04000,0x00007f2806e05000)]

siginfo:si_signo=SIGSEGV: si_errno=0, si_code=2 (SEGV_ACCERR), si_addr=0x00007f27f735b001

Registers:
RAX=0x0000000000000000, RBX=0x0000000000000000, RCX=0x0000000000000003, RDX=0x0000000000000000
RSP=0x00007f2806e02ff8, RBP=0x0000000000000035, RSI=0x00007f27f735afff, RDI=0x00007f27f6c01c0c
R8 =0x00000000000003ea, R9 =0x0000000000000001, R10=0x00007f27f735a4e0, R11=0x00007f27f6c00d38
R12=0x00000000000001e8, R13=0x00007f27f1f14310, R14=0x0000000040742000, R15=0x0000000000000000
RIP=0x0000000041602f31, EFLAGS=0x0000000000010206, CSGSFS=0x0000000000000033, ERR=0x0000000000000004
  TRAPNO=0x000000000000000e

Top of Stack: (sp=0x00007f2806e02ff8)
0x00007f2806e02ff8:   00007f27f735a4e0 00007f27f6c00d38
0x00007f2806e03008:   00007f2806e03150 00000000000001e8
0x00007f2806e03018:   00007f27f1f1ab93 00000001f6a244a0
0x00007f2806e03028:   00007f2806e03150 00007f27f4477450
0x00007f2806e03038:   0000000040742000 0000000000000000
0x00007f2806e03048:   0000000000000000 00007f27f4477140
0x00007f2806e03058:   00007f27f1f245a7 00007f2800001fa0
0x00007f2806e03068:   00007f27f1f1ab40 0000003b0000003b
0x00007f2806e03078:   0000000000000005 0000000000000000
0x00007f2806e03088:   0000000000000000 00007f2806e03100
0x00007f2806e03098:   00007f27f4477140 00007f2806e03150
0x00007f2806e030a8:   0000000000000019 0000000040742000
0x00007f2806e030b8:   0000000000000000 00007f27f4477450
0x00007f2806e030c8:   00007f27f200ef5b 0000000040742000
0x00007f2806e030d8:   00007f2806e03150 0000000040742000
0x00007f2806e030e8:   00007f27f4477140 0000000000000000
0x00007f2806e030f8:   00007f27f1ffce21 0000000000000008
0x00007f2806e03108:   00007f27f71f4aa0 0000000700000000
0x00007f2806e03118:   0000000000000000 0000000006e03500
0x00007f2806e03128:   0000000100010f64 000003ea000001e8
0x00007f2806e03138:   00007f2806e033a0 0000000000f20000
0x00007f2806e03148:   0000000000f1d6d0 0000000800000019
0x00007f2806e03158:   00007f27f71f4aa0 00007f27f735a4e0
0x00007f2806e03168:   0000000000000000 0000000300000bc0
0x00007f2806e03178:   0000000300000003 0000000000000001
0x00007f2806e03188:   0000000000000000 0000000000f1d6a0
0x00007f2806e03198:   0000000000000000 000001e8000003ea
0x00007f2806e031a8:   0000000100000004 00000000f4000020
0x00007f2806e031b8:   0000001200000059 00007f27f6a244a0
0x00007f2806e031c8:   00007f27f6c00d38 00007f27f4477140
0x00007f2806e031d8:   00007f2800000000 0000000000000000
0x00007f2806e031e8:   0000000400000fa8 0000000400000001 

Instructions: (pc=0x0000000041602f31)
0x0000000041602f11:   8b f2 49 8b fb 41 8b e8 85 ed 0f 84 4a 00 00 00
0x0000000041602f21:   b9 03 00 00 00 0f 8f 05 00 00 00 48 f7 d9 f7 dd
0x0000000041602f31:   0f b6 5e 02 c1 e3 10 0f b7 16 0b da 48 03 f1 48
0x0000000041602f41:   83 c7 04 8b c3 8b d3 81 e0 ff 00 00 00 c1 e0 10 

Register to memory mapping:

RAX=0x0000000000000000 is an unknown value
RBX=0x0000000000000000 is an unknown value
RCX=0x0000000000000003 is an unknown value
RDX=0x0000000000000000 is an unknown value
RSP=0x00007f2806e02ff8 is pointing into the stack for thread: 0x0000000000f20000
RBP=0x0000000000000035 is an unknown value
RSI=0x00007f27f735afff is an unknown value
RDI=0x00007f27f6c01c0c is an unknown value
R8 =0x00000000000003ea is an unknown value
R9 =0x0000000000000001 is an unknown value
R10=0x00007f27f735a4e0 is an unknown value
R11=0x00007f27f6c00d38 is an unknown value
R12=0x00000000000001e8 is an unknown value
R13=0x00007f27f1f14310: <offset 0xcfc310> in /usr/lib/nvidia-current/libnvidia-glcore.so.270.41.06 at 0x00007f27f1218000
R14=0x0000000040742000 is an unknown value
R15=0x0000000000000000 is an unknown value


Stack: [0x00007f2806d04000,0x00007f2806e05000],  sp=0x00007f2806e02ff8,  free space=1019k
Native frames: (J=compiled Java code, j=interpreted, Vv=VM code, C=native code)
C  0x0000000041602f31

Java frames: (J=compiled Java code, j=interpreted, Vv=VM code)
j  org.lwjgl.opengl.GL11.nglTexImage2D(IIIIIIIIJJ)V+0
j  org.lwjgl.opengl.GL11.glTexImage2D(IIIIIIIILjava/nio/ByteBuffer;)V+63
j  display.FragChangeColor04.reshape(II)V+159
j  display.LWJGLWindow.start(II)V+289
j  display.LWJGLWindow.start()V+7
j  display.LevelMaker.main([Ljava/lang/String;)V+12
v  ~StubRoutines::call_stub

---------------  P R O C E S S  ---------------

Java Threads: ( => current thread )
  0x00007f27f46a2000 JavaThread "pool-1-thread-1" [_thread_blocked, id=26308, stack(0x00007f27f069c000,0x00007f27f079d000)]
  0x00007f27f41b0800 JavaThread "process reaper" daemon [_thread_blocked, id=26306, stack(0x00007f27f93f7000,0x00007f27f941f000)]
  0x00007f27f4171000 JavaThread "AWT-XAWT" daemon [_thread_in_native, id=26304, stack(0x00007f27f8063000,0x00007f27f8164000)]
  0x00007f27f413c000 JavaThread "Java2D Disposer" daemon [_thread_blocked, id=26303, stack(0x00007f27f8164000,0x00007f27f8265000)]
  0x00007f27f4054000 JavaThread "Service Thread" daemon [_thread_blocked, id=26301, stack(0x00007f27f9a47000,0x00007f27f9b48000)]
  0x00007f27f4051000 JavaThread "C2 CompilerThread1" daemon [_thread_blocked, id=26300, stack(0x00007f27f9b48000,0x00007f27f9c49000)]
  0x00007f27f404e000 JavaThread "C2 CompilerThread0" daemon [_thread_blocked, id=26299, stack(0x00007f27f9c49000,0x00007f27f9d4a000)]
  0x00007f27f404c000 JavaThread "Signal Dispatcher" daemon [_thread_blocked, id=26298, stack(0x00007f27f9d4a000,0x00007f27f9e4b000)]
  0x0000000000fb1000 JavaThread "Finalizer" daemon [_thread_blocked, id=26297, stack(0x00007f27fa4d5000,0x00007f27fa5d6000)]
  0x0000000000fae800 JavaThread "Reference Handler" daemon [_thread_blocked, id=26296, stack(0x00007f27fa5d6000,0x00007f27fa6d7000)]
=>0x0000000000f20000 JavaThread "main" [_thread_in_native, id=26291, stack(0x00007f2806d04000,0x00007f2806e05000)]

Other Threads:
  0x0000000000fa7000 VMThread [stack: 0x00007f27fa6d7000,0x00007f27fa7d8000] [id=26295]
  0x00007f27f405e800 WatcherThread [stack: 0x00007f27f9946000,0x00007f27f9a47000] [id=26302]

VM state:not at safepoint (normal execution)

VM Mutex/Monitor currently owned by a thread: None

Heap
 PSYoungGen      total 37376K, used 9820K [0x00000007d64b0000, 0x00000007d8e60000, 0x0000000800000000)
  eden space 32064K, 30% used [0x00000007d64b0000,0x00000007d6e470d0,0x00000007d8400000)
  from space 5312K, 0% used [0x00000007d8930000,0x00000007d8930000,0x00000007d8e60000)
  to   space 5312K, 0% used [0x00000007d8400000,0x00000007d8400000,0x00000007d8930000)
 ParOldGen       total 85376K, used 0K [0x0000000782e00000, 0x0000000788160000, 0x00000007d64b0000)
  object space 85376K, 0% used [0x0000000782e00000,0x0000000782e00000,0x0000000788160000)
 PSPermGen       total 21248K, used 7479K [0x000000077dc00000, 0x000000077f0c0000, 0x0000000782e00000)
  object space 21248K, 35% used [0x000000077dc00000,0x000000077e34dc40,0x000000077f0c0000)

Card table byte_map: [0x00007f2800dec000,0x00007f28011ff000] byte_map_base: 0x00007f27fd1fe000

Polling page: 0x00007f2806e30000

Code Cache  [0x00007f28011ff000, 0x00007f280146f000, 0x00007f28041ff000)
 total_blobs=550 nmethods=106 adapters=396 free_code_cache=48492Kb largest_free_block=49635072

Compilation events (10 events):
Event: 4.785 Thread 0x00007f27f4051000   99             java.util.HashMap::containsKey (14 bytes)
Event: 4.796 Thread 0x00007f27f4051000 nmethod 99 0x00007f28012a4390 code [0x00007f28012a4500, 0x00007f28012a47b8]
Event: 4.967 Thread 0x00007f27f404e000  101             org.lwjgl.opengl.GL20::glUseProgram (19 bytes)
Event: 4.973 Thread 0x00007f27f404e000 nmethod 101 0x00007f280129da90 code [0x00007f280129dbe0, 0x00007f280129dce8]
Event: 5.684 Thread 0x00007f27f4051000  102             java.lang.AbstractStringBuilder::ensureCapacityInternal (16 bytes)
Event: 5.693 Thread 0x00007f27f4051000 nmethod 102 0x00007f280129d510 code [0x00007f280129d660, 0x00007f280129d8f8]
Event: 6.350 Thread 0x00007f27f404e000  104             org.lwjgl.opengl.GL20::glDisableVertexAttribArray (19 bytes)
Event: 6.352 Thread 0x00007f27f404e000 nmethod 104 0x00007f280129bb50 code [0x00007f280129bca0, 0x00007f280129bda8]
Event: 6.817 Thread 0x00007f27f4051000  105             java.nio.charset.CoderResult::isUnderflow (13 bytes)
Event: 6.818 Thread 0x00007f27f4051000 nmethod 105 0x00007f28012a4150 code [0x00007f28012a4280, 0x00007f28012a42f8]

GC Heap History (0 events):
No events

Deoptimization events (0 events):
No events

Internal exceptions (10 events):
Event: 0.804 Thread 0x0000000000f20000 Threw 0x00000007d6c55010 at /HUDSON/workspace/jdk7u17-2-build-linux-amd64-product/jdk7u17/hotspot/src/share/vm/prims/jvm.cpp:1166
Event: 0.817 Thread 0x00007f27f46a2000 Threw 0x00000007d6c68850 at /HUDSON/workspace/jdk7u17-2-build-linux-amd64-product/jdk7u17/hotspot/src/share/vm/prims/jvm.cpp:1166
Event: 0.832 Thread 0x0000000000f20000 Threw 0x00000007d6d200a8 at /HUDSON/workspace/jdk7u17-2-build-linux-amd64-product/jdk7u17/hotspot/src/share/vm/prims/jvm.cpp:1166
Event: 0.845 Thread 0x0000000000f20000 Threw 0x00000007d6d33f10 at /HUDSON/workspace/jdk7u17-2-build-linux-amd64-product/jdk7u17/hotspot/src/share/vm/prims/jvm.cpp:1166
Event: 0.848 Thread 0x0000000000f20000 Threw 0x00000007d6d37340 at /HUDSON/workspace/jdk7u17-2-build-linux-amd64-product/jdk7u17/hotspot/src/share/vm/prims/jvm.cpp:1166
Event: 0.850 Thread 0x0000000000f20000 Threw 0x00000007d6d392d0 at /HUDSON/workspace/jdk7u17-2-build-linux-amd64-product/jdk7u17/hotspot/src/share/vm/prims/jvm.cpp:1166
Event: 0.850 Thread 0x0000000000f20000 Threw 0x00000007d6d3b910 at /HUDSON/workspace/jdk7u17-2-build-linux-amd64-product/jdk7u17/hotspot/src/share/vm/prims/jvm.cpp:1166
Event: 0.851 Thread 0x0000000000f20000 Threw 0x00000007d6d3d548 at /HUDSON/workspace/jdk7u17-2-build-linux-amd64-product/jdk7u17/hotspot/src/share/vm/prims/jvm.cpp:1166
Event: 0.851 Thread 0x0000000000f20000 Threw 0x00000007d6d3fc00 at /HUDSON/workspace/jdk7u17-2-build-linux-amd64-product/jdk7u17/hotspot/src/share/vm/prims/jvm.cpp:1166
Event: 0.857 Thread 0x00007f27f46a2000 Threw 0x00000007d6c9db90 at /HUDSON/workspace/jdk7u17-2-build-linux-amd64-product/jdk7u17/hotspot/src/share/vm/prims/jvm.cpp:1166

Events (10 events):
Event: 0.851 loading class 0x00007f27f44748d0
Event: 0.851 loading class 0x00007f27f44748d0 done
Event: 0.857 loading class 0x00007f27f446c2f0
Event: 0.857 loading class 0x00007f27f446c2f0 done
Event: 3.650 loading class 0x0000000000f422a0
Event: 3.650 loading class 0x0000000000f422a0 done
Event: 3.650 loading class 0x0000000000fa02e0
Event: 3.651 loading class 0x0000000000fa02e0 done
Event: 4.072 Executing VM operation: EnableBiasedLocking
Event: 4.073 Executing VM operation: EnableBiasedLocking done


Dynamic libraries:
00400000-00401000 r-xp 00000000 08:05 6034666                            /usr/lib/jvm/java-7-oracle/bin/java
00600000-00601000 rw-p 00000000 08:05 6034666                            /usr/lib/jvm/java-7-oracle/bin/java
00f16000-014de000 rw-p 00000000 00:00 0                                  [heap]
40742000-407b9000 rw-p 00000000 00:00 0 
41601000-41603000 r-xs 00000000 08:05 4629082                            /tmp/glTHB7ET (deleted)
77dc00000-77f0c0000 rw-p 00000000 00:00 0 
77f0c0000-782e00000 rw-p 00000000 00:00 0 
782e00000-788160000 rw-p 00000000 00:00 0 
788160000-7d64b0000 rw-p 00000000 00:00 0 
7d64b0000-7d8e60000 rw-p 00000000 00:00 0 
7d8e60000-800000000 rw-p 00000000 00:00 0 
7f27eb2fd000-7f27eb7ff000 rw-p 00000000 00:00 0 
7f27eb7ff000-7f27ebbff000 rw-s 147f2b000 00:05 10304                     /dev/nvidia0
7f27ec000000-7f27ec021000 rw-p 00000000 00:00 0 
7f27ec021000-7f27f0000000 ---p 00000000 00:00 0 
7f27f021c000-7f27f029c000 rw-s 0c904000 00:05 10304                      /dev/nvidia0
7f27f029c000-7f27f049c000 rw-s 1b606b000 00:05 10304                     /dev/nvidia0
7f27f049c000-7f27f069c000 rw-s 1b5cfc000 00:05 10304                     /dev/nvidia0
7f27f069c000-7f27f069f000 ---p 00000000 00:00 0 
7f27f069f000-7f27f079d000 rw-p 00000000 00:00 0 
7f27f079d000-7f27f07b2000 r-xp 00000000 08:05 6038764                    /usr/lib/jvm/java-7-oracle/jre/lib/amd64/libnet.so
7f27f07b2000-7f27f09b2000 ---p 00015000 08:05 6038764                    /usr/lib/jvm/java-7-oracle/jre/lib/amd64/libnet.so
7f27f09b2000-7f27f09b3000 rw-p 00015000 08:05 6038764                    /usr/lib/jvm/java-7-oracle/jre/lib/amd64/libnet.so
7f27f09b3000-7f27f09c3000 r-xp 00000000 08:05 6039256                    /usr/lib/jvm/java-7-oracle/jre/lib/amd64/libnio.so
7f27f09c3000-7f27f0bc3000 ---p 00010000 08:05 6039256                    /usr/lib/jvm/java-7-oracle/jre/lib/amd64/libnio.so
7f27f0bc3000-7f27f0bc4000 rw-p 00010000 08:05 6039256                    /usr/lib/jvm/java-7-oracle/jre/lib/amd64/libnio.so
7f27f0cb9000-7f27f0d71000 rw-p 00000000 00:00 0 
7f27f0d71000-7f27f0d73000 rw-s 00000000 08:05 4629082                    /tmp/glTHB7ET (deleted)
7f27f0d73000-7f27f0d76000 r--s 000f7000 08:05 6037708                    /usr/lib/jvm/java-7-oracle/jre/lib/ext/localedata.jar
7f27f0d76000-7f27f0f76000 rw-s 07a60000 00:05 10304                      /dev/nvidia0
7f27f0f76000-7f27f0f7a000 rw-s 411c0000 00:05 10304                      /dev/nvidia0
7f27f0f7a000-7f27f107a000 rw-s 150216000 00:05 10304                     /dev/nvidia0
7f27f107a000-7f27f1143000 rw-p 00000000 00:00 0 
7f27f1143000-7f27f1190000 rw-p 00000000 00:00 0 
7f27f1198000-7f27f1199000 rw-s dfefc000 00:05 10304                      /dev/nvidia0
7f27f1199000-7f27f11d9000 rw-s 1507bd000 00:05 10304                     /dev/nvidia0
7f27f11f9000-7f27f11fa000 rw-s fc641000 00:05 10304                      /dev/nvidia0
7f27f11fa000-7f27f11fb000 rw-s d8800000 00:05 10304                      /dev/nvidia0
7f27f11fb000-7f27f11fc000 rw-s 103091000 00:05 10304                     /dev/nvidia0
7f27f11fc000-7f27f11fd000 rw-s fc060000 00:05 10304                      /dev/nvidia0
7f27f11fd000-7f27f1218000 rw-s 101a60000 00:05 10304                     /dev/nvidia0
7f27f1218000-7f27f2666000 r-xp 00000000 08:05 6032921                    /usr/lib/nvidia-current/libnvidia-glcore.so.270.41.06
7f27f2666000-7f27f2866000 ---p 0144e000 08:05 6032921                    /usr/lib/nvidia-current/libnvidia-glcore.so.270.41.06
7f27f2866000-7f27f2e4e000 rwxp 0144e000 08:05 6032921                    /usr/lib/nvidia-current/libnvidia-glcore.so.270.41.06
7f27f2e4e000-7f27f2e65000 rwxp 00000000 00:00 0 
7f27f2e65000-7f27f2e66000 r-xp 00000000 08:05 6032924                    /usr/lib/nvidia-current/tls/libnvidia-tls.so.270.41.06
7f27f2e66000-7f27f3066000 ---p 00001000 08:05 6032924                    /usr/lib/nvidia-current/tls/libnvidia-tls.so.270.41.06
7f27f3066000-7f27f3067000 rw-p 00001000 08:05 6032924                    /usr/lib/nvidia-current/tls/libnvidia-tls.so.270.41.06
7f27f3067000-7f27f3124000 r-xp 00000000 08:05 6032925                    /usr/lib/nvidia-current/libGL.so.270.41.06
7f27f3124000-7f27f3324000 ---p 000bd000 08:05 6032925                    /usr/lib/nvidia-current/libGL.so.270.41.06
7f27f3324000-7f27f335d000 rwxp 000bd000 08:05 6032925                    /usr/lib/nvidia-current/libGL.so.270.41.06
7f27f335d000-7f27f3373000 rwxp 00000000 00:00 0 
7f27f3373000-7f27f3378000 r-xp 00000000 08:05 6038842                    /usr/lib/x86_64-linux-gnu/libXxf86vm.so.1.0.0
7f27f3378000-7f27f3577000 ---p 00005000 08:05 6038842                    /usr/lib/x86_64-linux-gnu/libXxf86vm.so.1.0.0
7f27f3577000-7f27f3578000 r--p 00004000 08:05 6038842                    /usr/lib/x86_64-linux-gnu/libXxf86vm.so.1.0.0
7f27f3578000-7f27f3579000 rw-p 00005000 08:05 6038842                    /usr/lib/x86_64-linux-gnu/libXxf86vm.so.1.0.0
7f27f3579000-7f27f3581000 r-xp 00000000 08:05 6038836                    /usr/lib/x86_64-linux-gnu/libXrandr.so.2.2.0
7f27f3581000-7f27f3780000 ---p 00008000 08:05 6038836                    /usr/lib/x86_64-linux-gnu/libXrandr.so.2.2.0
7f27f3780000-7f27f3781000 r--p 00007000 08:05 6038836                    /usr/lib/x86_64-linux-gnu/libXrandr.so.2.2.0
7f27f3781000-7f27f3782000 rw-p 00008000 08:05 6038836                    /usr/lib/x86_64-linux-gnu/libXrandr.so.2.2.0
7f27f3782000-7f27f37ec000 r-xp 00000000 00:15 4589809                    /home/skel/code/lwjgl/lwjgl-2.8.5/native/linux/liblwjgl64.so
7f27f37ec000-7f27f39ec000 ---p 0006a000 00:15 4589809                    /home/skel/code/lwjgl/lwjgl-2.8.5/native/linux/liblwjgl64.so
7f27f39ec000-7f27f39ee000 r--p 0006a000 00:15 4589809                    /home/skel/code/lwjgl/lwjgl-2.8.5/native/linux/liblwjgl64.so
7f27f39ee000-7f27f39ef000 rw-p 0006c000 00:15 4589809                    /home/skel/code/lwjgl/lwjgl-2.8.5/native/linux/liblwjgl64.so
7f27f39ef000-7f27f39f0000 r-xp 00000000 08:05 6039238                    /usr/lib/jvm/java-7-oracle/jre/lib/amd64/libjawt.so
7f27f39f0000-7f27f3bef000 ---p 00001000 08:05 6039238                    /usr/lib/jvm/java-7-oracle/jre/lib/amd64/libjawt.so
7f27f3bef000-7f27f3bf0000 rw-p 00000000 08:05 6039238                    /usr/lib/jvm/java-7-oracle/jre/lib/amd64/libjawt.so
7f27f3bf0000-7f27f3bf5000 r-xp 00000000 08:05 6038828                    /usr/lib/x86_64-linux-gnu/libXfixes.so.3.1.0
7f27f3bf5000-7f27f3df4000 ---p 00005000 08:05 6038828                    /usr/lib/x86_64-linux-gnu/libXfixes.so.3.1.0
7f27f3df4000-7f27f3df5000 r--p 00004000 08:05 6038828                    /usr/lib/x86_64-linux-gnu/libXfixes.so.3.1.0
7f27f3df5000-7f27f3df6000 rw-p 00005000 08:05 6038828                    /usr/lib/x86_64-linux-gnu/libXfixes.so.3.1.0
7f27f3df6000-7f27f3dff000 r-xp 00000000 08:05 6038818                    /usr/lib/x86_64-linux-gnu/libXcursor.so.1.0.2
7f27f3dff000-7f27f3ffe000 ---p 00009000 08:05 6038818                    /usr/lib/x86_64-linux-gnu/libXcursor.so.1.0.2
7f27f3ffe000-7f27f3fff000 r--p 00008000 08:05 6038818                    /usr/lib/x86_64-linux-gnu/libXcursor.so.1.0.2
7f27f3fff000-7f27f4000000 rw-p 00009000 08:05 6038818                    /usr/lib/x86_64-linux-gnu/libXcursor.so.1.0.2
7f27f4000000-7f27f735b000 rw-p 00000000 00:00 0 
7f27f735b000-7f27f8000000 ---p 00000000 00:00 0 
7f27f8008000-7f27f800c000 rw-s 17f3d5000 00:05 10304                     /dev/nvidia0
7f27f800c000-7f27f802c000 rw-s d8820000 00:05 10304                      /dev/nvidia0
7f27f802c000-7f27f8063000 rw-p 00000000 00:00 0 
7f27f8063000-7f27f8066000 ---p 00000000 00:00 0 
7f27f8066000-7f27f8164000 rw-p 00000000 00:00 0 
7f27f8164000-7f27f8167000 ---p 00000000 00:00 0 
7f27f8167000-7f27f8265000 rw-p 00000000 00:00 0 
7f27f8265000-7f27f826a000 r-xp 00000000 08:05 6038824                    /usr/lib/x86_64-linux-gnu/libXdmcp.so.6.0.0
7f27f826a000-7f27f8469000 ---p 00005000 08:05 6038824                    /usr/lib/x86_64-linux-gnu/libXdmcp.so.6.0.0
7f27f8469000-7f27f846a000 r--p 00004000 08:05 6038824                    /usr/lib/x86_64-linux-gnu/libXdmcp.so.6.0.0
7f27f846a000-7f27f846b000 rw-p 00005000 08:05 6038824                    /usr/lib/x86_64-linux-gnu/libXdmcp.so.6.0.0
7f27f846b000-7f27f846d000 r-xp 00000000 08:05 6038814                    /usr/lib/x86_64-linux-gnu/libXau.so.6.0.0
7f27f846d000-7f27f866c000 ---p 00002000 08:05 6038814                    /usr/lib/x86_64-linux-gnu/libXau.so.6.0.0
7f27f866c000-7f27f866d000 r--p 00001000 08:05 6038814                    /usr/lib/x86_64-linux-gnu/libXau.so.6.0.0
7f27f866d000-7f27f866e000 rw-p 00002000 08:05 6038814                    /usr/lib/x86_64-linux-gnu/libXau.so.6.0.0
7f27f866e000-7f27f8689000 r-xp 00000000 08:05 6038970                    /usr/lib/x86_64-linux-gnu/libxcb.so.1.1.0
7f27f8689000-7f27f8888000 ---p 0001b000 08:05 6038970                    /usr/lib/x86_64-linux-gnu/libxcb.so.1.1.0
7f27f8888000-7f27f8889000 r--p 0001a000 08:05 6038970                    /usr/lib/x86_64-linux-gnu/libxcb.so.1.1.0
7f27f8889000-7f27f888a000 rw-p 0001b000 08:05 6038970                    /usr/lib/x86_64-linux-gnu/libxcb.so.1.1.0
7f27f888a000-7f27f8899000 r-xp 00000000 08:05 6038832                    /usr/lib/x86_64-linux-gnu/libXi.so.6.1.0
7f27f8899000-7f27f8a98000 ---p 0000f000 08:05 6038832                    /usr/lib/x86_64-linux-gnu/libXi.so.6.1.0
7f27f8a98000-7f27f8a99000 r--p 0000e000 08:05 6038832                    /usr/lib/x86_64-linux-gnu/libXi.so.6.1.0
7f27f8a99000-7f27f8a9a000 rw-p 0000f000 08:05 6038832                    /usr/lib/x86_64-linux-gnu/libXi.so.6.1.0
7f27f8a9a000-7f27f8a9f000 r-xp 00000000 08:05 6033420                    /usr/lib/libXtst.so.6.1.0
7f27f8a9f000-7f27f8c9e000 ---p 00005000 08:05 6033420                    /usr/lib/libXtst.so.6.1.0
7f27f8c9e000-7f27f8c9f000 r--p 00004000 08:05 6033420                    /usr/lib/libXtst.so.6.1.0
7f27f8c9f000-7f27f8ca0000 rw-p 00005000 08:05 6033420                    /usr/lib/libXtst.so.6.1.0
7f27f8ca0000-7f27f8ca9000 r-xp 00000000 08:05 6038838                    /usr/lib/x86_64-linux-gnu/libXrender.so.1.3.0
7f27f8ca9000-7f27f8ea9000 ---p 00009000 08:05 6038838                    /usr/lib/x86_64-linux-gnu/libXrender.so.1.3.0
7f27f8ea9000-7f27f8eaa000 r--p 00009000 08:05 6038838                    /usr/lib/x86_64-linux-gnu/libXrender.so.1.3.0
7f27f8eaa000-7f27f8eab000 rw-p 0000a000 08:05 6038838                    /usr/lib/x86_64-linux-gnu/libXrender.so.1.3.0
7f27f8eab000-7f27f8fe0000 r-xp 00000000 08:05 6038810                    /usr/lib/x86_64-linux-gnu/libX11.so.6.3.0
7f27f8fe0000-7f27f91e0000 ---p 00135000 08:05 6038810                    /usr/lib/x86_64-linux-gnu/libX11.so.6.3.0
7f27f91e0000-7f27f91e1000 r--p 00135000 08:05 6038810                    /usr/lib/x86_64-linux-gnu/libX11.so.6.3.0
7f27f91e1000-7f27f91e5000 rw-p 00136000 08:05 6038810                    /usr/lib/x86_64-linux-gnu/libX11.so.6.3.0
7f27f91e5000-7f27f91f6000 r-xp 00000000 08:05 6038826                    /usr/lib/x86_64-linux-gnu/libXext.so.6.4.0
7f27f91f6000-7f27f93f5000 ---p 00011000 08:05 6038826                    /usr/lib/x86_64-linux-gnu/libXext.so.6.4.0
7f27f93f5000-7f27f93f6000 r--p 00010000 08:05 6038826                    /usr/lib/x86_64-linux-gnu/libXext.so.6.4.0
7f27f93f6000-7f27f93f7000 rw-p 00011000 08:05 6038826                    /usr/lib/x86_64-linux-gnu/libXext.so.6.4.0
7f27f93f7000-7f27f93fa000 ---p 00000000 00:00 0 
7f27f93fa000-7f27f941f000 rw-p 00000000 00:00 0 
7f27f941f000-7f27f946f000 r-xp 00000000 08:05 6039007                    /usr/lib/jvm/java-7-oracle/jre/lib/amd64/xawt/libmawt.so
7f27f946f000-7f27f966f000 ---p 00050000 08:05 6039007                    /usr/lib/jvm/java-7-oracle/jre/lib/amd64/xawt/libmawt.so
7f27f966f000-7f27f9673000 rw-p 00050000 08:05 6039007                    /usr/lib/jvm/java-7-oracle/jre/lib/amd64/xawt/libmawt.so
7f27f9673000-7f27f9674000 rw-p 00000000 00:00 0 
7f27f9674000-7f27f9716000 r-xp 00000000 08:05 6039004                    /usr/lib/jvm/java-7-oracle/jre/lib/amd64/libawt.so
7f27f9716000-7f27f9916000 ---p 000a2000 08:05 6039004                    /usr/lib/jvm/java-7-oracle/jre/lib/amd64/libawt.so
7f27f9916000-7f27f9922000 rw-p 000a2000 08:05 6039004                    /usr/lib/jvm/java-7-oracle/jre/lib/amd64/libawt.so
7f27f9922000-7f27f9946000 rw-p 00000000 00:00 0 
7f27f9946000-7f27f9947000 ---p 00000000 00:00 0 
7f27f9947000-7f27f9a47000 rw-p 00000000 00:00 0 
7f27f9a47000-7f27f9a4a000 ---p 00000000 00:00 0 
7f27f9a4a000-7f27f9b48000 rw-p 00000000 00:00 0 
7f27f9b48000-7f27f9b4b000 ---p 00000000 00:00 0 
7f27f9b4b000-7f27f9c49000 rw-p 00000000 00:00 0 
7f27f9c49000-7f27f9c4c000 ---p 00000000 00:00 0 
7f27f9c4c000-7f27f9d4a000 rw-p 00000000 00:00 0 
7f27f9d4a000-7f27f9d4d000 ---p 00000000 00:00 0 
7f27f9d4d000-7f27f9e4b000 rw-p 00000000 00:00 0 
7f27f9e4b000-7f27fa4d5000 r--p 00000000 08:05 6037607                    /usr/lib/locale/locale-archive
7f27fa4d5000-7f27fa4d8000 ---p 00000000 00:00 0 
7f27fa4d8000-7f27fa5d6000 rw-p 00000000 00:00 0 
7f27fa5d6000-7f27fa5d9000 ---p 00000000 00:00 0 
7f27fa5d9000-7f27fa6d7000 rw-p 00000000 00:00 0 
7f27fa6d7000-7f27fa6d8000 ---p 00000000 00:00 0 
7f27fa6d8000-7f27fb4d8000 rw-p 00000000 00:00 0 
7f27fb4d8000-7f27fb694000 r--s 039dc000 08:05 6044605                    /usr/lib/jvm/java-7-oracle/jre/lib/rt.jar
7f27fb694000-7f2800824000 rw-p 00000000 00:00 0 
7f2800824000-7f2800825000 ---p 00000000 00:00 0 
7f2800825000-7f2800925000 rw-p 00000000 00:00 0 
7f2800925000-7f2800926000 ---p 00000000 00:00 0 
7f2800926000-7f2800a26000 rw-p 00000000 00:00 0 
7f2800a26000-7f2800a27000 ---p 00000000 00:00 0 
7f2800a27000-7f2800b32000 rw-p 00000000 00:00 0 
7f2800b32000-7f2800b50000 rw-p 00000000 00:00 0 
7f2800b50000-7f2800b7a000 rw-p 00000000 00:00 0 
7f2800b7a000-7f2800dec000 rw-p 00000000 00:00 0 
7f2800dec000-7f2800df7000 rw-p 00000000 00:00 0 
7f2800df7000-7f2800e15000 rw-p 00000000 00:00 0 
7f2800e15000-7f2800e3f000 rw-p 00000000 00:00 0 
7f2800e3f000-7f28010b0000 rw-p 00000000 00:00 0 
7f28010b0000-7f28010c6000 rw-p 00000000 00:00 0 
7f28010c6000-7f28011fe000 rw-p 00000000 00:00 0 
7f28011fe000-7f28011ff000 rw-p 00000000 00:00 0 
7f28011ff000-7f280146f000 rwxp 00000000 00:00 0 
7f280146f000-7f28041ff000 rw-p 00000000 00:00 0 
7f28041ff000-7f2804219000 r-xp 00000000 08:05 6038770                    /usr/lib/jvm/java-7-oracle/jre/lib/amd64/libzip.so
7f2804219000-7f2804419000 ---p 0001a000 08:05 6038770                    /usr/lib/jvm/java-7-oracle/jre/lib/amd64/libzip.so
7f2804419000-7f280441a000 rw-p 0001a000 08:05 6038770                    /usr/lib/jvm/java-7-oracle/jre/lib/amd64/libzip.so
7f280441a000-7f2804426000 r-xp 00000000 08:05 7608085                    /lib/x86_64-linux-gnu/libnss_files-2.13.so
7f2804426000-7f2804625000 ---p 0000c000 08:05 7608085                    /lib/x86_64-linux-gnu/libnss_files-2.13.so
7f2804625000-7f2804626000 r--p 0000b000 08:05 7608085                    /lib/x86_64-linux-gnu/libnss_files-2.13.so
7f2804626000-7f2804627000 rw-p 0000c000 08:05 7608085                    /lib/x86_64-linux-gnu/libnss_files-2.13.so
7f2804627000-7f2804632000 r-xp 00000000 08:05 7607798                    /lib/x86_64-linux-gnu/libnss_nis-2.13.so
7f2804632000-7f2804831000 ---p 0000b000 08:05 7607798                    /lib/x86_64-linux-gnu/libnss_nis-2.13.so
7f2804831000-7f2804832000 r--p 0000a000 08:05 7607798                    /lib/x86_64-linux-gnu/libnss_nis-2.13.so
7f2804832000-7f2804833000 rw-p 0000b000 08:05 7607798                    /lib/x86_64-linux-gnu/libnss_nis-2.13.so
7f2804833000-7f280484a000 r-xp 00000000 08:05 7608087                    /lib/x86_64-linux-gnu/libnsl-2.13.so
7f280484a000-7f2804a49000 ---p 00017000 08:05 7608087                    /lib/x86_64-linux-gnu/libnsl-2.13.so
7f2804a49000-7f2804a4a000 r--p 00016000 08:05 7608087                    /lib/x86_64-linux-gnu/libnsl-2.13.so
7f2804a4a000-7f2804a4b000 rw-p 00017000 08:05 7608087                    /lib/x86_64-linux-gnu/libnsl-2.13.so
7f2804a4b000-7f2804a4d000 rw-p 00000000 00:00 0 
7f2804a4d000-7f2804a55000 r-xp 00000000 08:05 7608084                    /lib/x86_64-linux-gnu/libnss_compat-2.13.so
7f2804a55000-7f2804c54000 ---p 00008000 08:05 7608084                    /lib/x86_64-linux-gnu/libnss_compat-2.13.so
7f2804c54000-7f2804c55000 r--p 00007000 08:05 7608084                    /lib/x86_64-linux-gnu/libnss_compat-2.13.so
7f2804c55000-7f2804c56000 rw-p 00008000 08:05 7608084                    /lib/x86_64-linux-gnu/libnss_compat-2.13.so
7f2804c56000-7f2804c7f000 r-xp 00000000 08:05 6039003                    /usr/lib/jvm/java-7-oracle/jre/lib/amd64/libjava.so
7f2804c7f000-7f2804e7f000 ---p 00029000 08:05 6039003                    /usr/lib/jvm/java-7-oracle/jre/lib/amd64/libjava.so
7f2804e7f000-7f2804e81000 rw-p 00029000 08:05 6039003                    /usr/lib/jvm/java-7-oracle/jre/lib/amd64/libjava.so
7f2804e81000-7f2804e8e000 r-xp 00000000 08:05 6038937                    /usr/lib/jvm/java-7-oracle/jre/lib/amd64/libverify.so
7f2804e8e000-7f280508d000 ---p 0000d000 08:05 6038937                    /usr/lib/jvm/java-7-oracle/jre/lib/amd64/libverify.so
7f280508d000-7f280508f000 rw-p 0000c000 08:05 6038937                    /usr/lib/jvm/java-7-oracle/jre/lib/amd64/libverify.so
7f280508f000-7f2805096000 r-xp 00000000 08:05 7607790                    /lib/x86_64-linux-gnu/librt-2.13.so
7f2805096000-7f2805295000 ---p 00007000 08:05 7607790                    /lib/x86_64-linux-gnu/librt-2.13.so
7f2805295000-7f2805296000 r--p 00006000 08:05 7607790                    /lib/x86_64-linux-gnu/librt-2.13.so
7f2805296000-7f2805297000 rw-p 00007000 08:05 7607790                    /lib/x86_64-linux-gnu/librt-2.13.so
7f2805297000-7f280531b000 r-xp 00000000 08:05 7608082                    /lib/x86_64-linux-gnu/libm-2.13.so
7f280531b000-7f280551a000 ---p 00084000 08:05 7608082                    /lib/x86_64-linux-gnu/libm-2.13.so
7f280551a000-7f280551b000 r--p 00083000 08:05 7608082                    /lib/x86_64-linux-gnu/libm-2.13.so
7f280551b000-7f280551c000 rw-p 00084000 08:05 7608082                    /lib/x86_64-linux-gnu/libm-2.13.so
7f280551c000-7f2805f63000 r-xp 00000000 08:05 6038760                    /usr/lib/jvm/java-7-oracle/jre/lib/amd64/server/libjvm.so
7f2805f63000-7f2806163000 ---p 00a47000 08:05 6038760                    /usr/lib/jvm/java-7-oracle/jre/lib/amd64/server/libjvm.so
7f2806163000-7f2806206000 rw-p 00a47000 08:05 6038760                    /usr/lib/jvm/java-7-oracle/jre/lib/amd64/server/libjvm.so
7f2806206000-7f2806242000 rw-p 00000000 00:00 0 
7f2806242000-7f28063cf000 r-xp 00000000 08:05 7605972                    /lib/x86_64-linux-gnu/libc-2.13.so
7f28063cf000-7f28065cf000 ---p 0018d000 08:05 7605972                    /lib/x86_64-linux-gnu/libc-2.13.so
7f28065cf000-7f28065d3000 r--p 0018d000 08:05 7605972                    /lib/x86_64-linux-gnu/libc-2.13.so
7f28065d3000-7f28065d4000 rw-p 00191000 08:05 7605972                    /lib/x86_64-linux-gnu/libc-2.13.so
7f28065d4000-7f28065da000 rw-p 00000000 00:00 0 
7f28065da000-7f28065dc000 r-xp 00000000 08:05 7607795                    /lib/x86_64-linux-gnu/libdl-2.13.so
7f28065dc000-7f28067dc000 ---p 00002000 08:05 7607795                    /lib/x86_64-linux-gnu/libdl-2.13.so
7f28067dc000-7f28067dd000 r--p 00002000 08:05 7607795                    /lib/x86_64-linux-gnu/libdl-2.13.so
7f28067dd000-7f28067de000 rw-p 00003000 08:05 7607795                    /lib/x86_64-linux-gnu/libdl-2.13.so
7f28067de000-7f28067f4000 r-xp 00000000 08:05 6037809                    /usr/lib/jvm/java-7-oracle/jre/lib/amd64/jli/libjli.so
7f28067f4000-7f28069f4000 ---p 00016000 08:05 6037809                    /usr/lib/jvm/java-7-oracle/jre/lib/amd64/jli/libjli.so
7f28069f4000-7f28069f5000 rw-p 00016000 08:05 6037809                    /usr/lib/jvm/java-7-oracle/jre/lib/amd64/jli/libjli.so
7f28069f5000-7f2806a0d000 r-xp 00000000 08:05 7608086                    /lib/x86_64-linux-gnu/libpthread-2.13.so
7f2806a0d000-7f2806c0d000 ---p 00018000 08:05 7608086                    /lib/x86_64-linux-gnu/libpthread-2.13.so
7f2806c0d000-7f2806c0e000 r--p 00018000 08:05 7608086                    /lib/x86_64-linux-gnu/libpthread-2.13.so
7f2806c0e000-7f2806c0f000 rw-p 00019000 08:05 7608086                    /lib/x86_64-linux-gnu/libpthread-2.13.so
7f2806c0f000-7f2806c13000 rw-p 00000000 00:00 0 
7f2806c13000-7f2806c34000 r-xp 00000000 08:05 7608083                    /lib/x86_64-linux-gnu/ld-2.13.so
7f2806c34000-7f2806c35000 rw-s 1f3c63000 00:05 10304                     /dev/nvidia0
7f2806c35000-7f2806c39000 rw-s 12ae59000 00:05 10304                     /dev/nvidia0
7f2806c39000-7f2806c44000 r--s 00093000 00:15 4589134                    /home/skel/code/slick/slick.jar
7f2806c44000-7f2806c4e000 rw-p 00000000 00:00 0 
7f2806c4e000-7f2806d04000 rw-p 00000000 00:00 0 
7f2806d04000-7f2806d07000 ---p 00000000 00:00 0 
7f2806d07000-7f2806e09000 rw-p 00000000 00:00 0 
7f2806e0a000-7f2806e0b000 r--s 00005000 00:15 4626718                    /home/skel/code/json-simple-1.1.1.jar
7f2806e0b000-7f2806e12000 r--s 00039000 00:15 4588115                    /home/skel/code/commons-codec-1.7/commons-codec-1.7.jar
7f2806e12000-7f2806e14000 r--s 00016000 00:15 4589119                    /home/skel/code/slick/slick-util.jar
7f2806e14000-7f2806e16000 r--s 0000d000 00:15 4589118                    /home/skel/code/slick/jorbis-0.0.15.jar
7f2806e16000-7f2806e17000 r--s 00001000 00:15 4589115                    /home/skel/code/slick/jogg-0.0.7.jar
7f2806e17000-7f2806e19000 r--s 00008000 00:15 4589004                    /home/skel/code/slick/ibxm.jar
7f2806e19000-7f2806e27000 r--s 000e3000 00:15 4589791                    /home/skel/code/lwjgl/lwjgl-2.8.5/jar/lwjgl.jar
7f2806e27000-7f2806e2f000 rw-s 00000000 08:05 4629081                    /tmp/hsperfdata_skel/26286
7f2806e2f000-7f2806e30000 rw-p 00000000 00:00 0 
7f2806e30000-7f2806e31000 r--p 00000000 00:00 0 
7f2806e31000-7f2806e33000 rw-p 00000000 00:00 0 
7f2806e33000-7f2806e34000 r--p 00020000 08:05 7608083                    /lib/x86_64-linux-gnu/ld-2.13.so
7f2806e34000-7f2806e36000 rw-p 00021000 08:05 7608083                    /lib/x86_64-linux-gnu/ld-2.13.so
7fffe31db000-7fffe31fc000 rw-p 00000000 00:00 0                          [stack]
7fffe31ff000-7fffe3200000 r-xp 00000000 00:00 0                          [vdso]
ffffffffff600000-ffffffffff601000 r-xp 00000000 00:00 0                  [vsyscall]

VM Arguments:
jvm_args: -Djava.library.path=/home/skel/code/lwjgl/lwjgl-2.8.5/native/linux -Dfile.encoding=UTF-8 
java_command: display.LevelMaker
Launcher Type: SUN_STANDARD

Environment Variables:
PATH=/usr/local/sbin:/usr/local/bin:/usr/sbin:/usr/bin:/sbin:/bin:/usr/games
USERNAME=skel
LD_LIBRARY_PATH=/usr/lib/jvm/java-7-oracle/jre/lib/amd64/server:/usr/lib/jvm/java-7-oracle/jre/lib/amd64:/usr/lib/jvm/java-7-oracle/jre/../lib/amd64:/usr/lib/jvm/java-6-sun-1.6.0.26/jre/lib/amd64/server:/usr/lib/jvm/java-6-sun-1.6.0.26/jre/lib/amd64:/usr/lib/jvm/java-6-sun-1.6.0.26/jre/../lib/amd64
SHELL=/bin/bash
DISPLAY=:0.0

Signal Handlers:
SIGSEGV: [libjvm.so+0x8a5d70], sa_mask[0]=0x7ffbfeff, sa_flags=0x10000004
SIGBUS: [libjvm.so+0x8a5d70], sa_mask[0]=0x7ffbfeff, sa_flags=0x10000004
SIGFPE: [libjvm.so+0x741e50], sa_mask[0]=0x7ffbfeff, sa_flags=0x10000004
SIGPIPE: [libjvm.so+0x741e50], sa_mask[0]=0x7ffbfeff, sa_flags=0x10000004
SIGXFSZ: [libjvm.so+0x741e50], sa_mask[0]=0x7ffbfeff, sa_flags=0x10000004
SIGILL: [libjvm.so+0x741e50], sa_mask[0]=0x7ffbfeff, sa_flags=0x10000004
SIGUSR1: SIG_DFL, sa_mask[0]=0x00000000, sa_flags=0x00000000
SIGUSR2: [libjvm.so+0x7417a0], sa_mask[0]=0x00000004, sa_flags=0x10000004
SIGHUP: [libjvm.so+0x743b30], sa_mask[0]=0x7ffbfeff, sa_flags=0x10000004
SIGINT: [libjvm.so+0x743b30], sa_mask[0]=0x7ffbfeff, sa_flags=0x10000004
SIGTERM: [libjvm.so+0x743b30], sa_mask[0]=0x7ffbfeff, sa_flags=0x10000004
SIGQUIT: [libjvm.so+0x743b30], sa_mask[0]=0x7ffbfeff, sa_flags=0x10000004


---------------  S Y S T E M  ---------------

OS:squeeze/sid

uname:Linux 2.6.38-8-generic #42-Ubuntu SMP Mon Apr 11 03:31:24 UTC 2011 x86_64
libc:glibc 2.13 NPTL 2.13 
rlimit: STACK 8192k, CORE 0k, NPROC infinity, NOFILE 4096, AS infinity
load average:2.01 2.02 2.05

/proc/meminfo:
MemTotal:        8192576 kB
MemFree:           69004 kB
Buffers:          656712 kB
Cached:          2584488 kB
SwapCached:         7756 kB
Active:          4274524 kB
Inactive:        3068360 kB
Active(anon):    3353648 kB
Inactive(anon):   764900 kB
Active(file):     920876 kB
Inactive(file):  2303460 kB
Unevictable:           0 kB
Mlocked:               0 kB
SwapTotal:       8384508 kB
SwapFree:        8249652 kB
Dirty:              2260 kB
Writeback:             0 kB
AnonPages:       4096192 kB
Mapped:           425492 kB
Shmem:             16876 kB
Slab:             241892 kB
SReclaimable:     173512 kB
SUnreclaim:        68380 kB
KernelStack:        7128 kB
PageTables:        57100 kB
NFS_Unstable:          0 kB
Bounce:                0 kB
WritebackTmp:          0 kB
CommitLimit:    12480796 kB
Committed_AS:   10753344 kB
VmallocTotal:   34359738367 kB
VmallocUsed:      364688 kB
VmallocChunk:   34359363196 kB
HardwareCorrupted:     0 kB
HugePages_Total:       0
HugePages_Free:        0
HugePages_Rsvd:        0
HugePages_Surp:        0
Hugepagesize:       2048 kB
DirectMap4k:     7985600 kB
DirectMap2M:      401408 kB
DirectMap1G:           0 kB


CPU:total 3 (3 cores per cpu, 1 threads per core) family 16 model 5 stepping 3, cmov, cx8, fxsr, mmx, sse, sse2, sse3, popcnt, mmxext, 3dnowpref, lzcnt, sse4a, tsc, tscinvbit, tscinv

/proc/cpuinfo:
processor	: 0
vendor_id	: AuthenticAMD
cpu family	: 16
model		: 5
model name	: AMD Athlon(tm) II X3 450 Processor
stepping	: 3
cpu MHz		: 3200.000
cache size	: 512 KB
physical id	: 0
siblings	: 3
core id		: 0
cpu cores	: 3
apicid		: 0
initial apicid	: 0
fpu		: yes
fpu_exception	: yes
cpuid level	: 5
wp		: yes
flags		: fpu vme de pse tsc msr pae mce cx8 apic sep mtrr pge mca cmov pat pse36 clflush mmx fxsr sse sse2 ht syscall nx mmxext fxsr_opt pdpe1gb rdtscp lm 3dnowext 3dnow constant_tsc rep_good nopl nonstop_tsc extd_apicid pni monitor cx16 popcnt lahf_lm cmp_legacy svm extapic cr8_legacy abm sse4a misalignsse 3dnowprefetch osvw ibs skinit wdt npt lbrv svm_lock nrip_save
bogomips	: 6429.36
TLB size	: 1024 4K pages
clflush size	: 64
cache_alignment	: 64
address sizes	: 48 bits physical, 48 bits virtual
power management: ts ttp tm stc 100mhzsteps hwpstate

processor	: 1
vendor_id	: AuthenticAMD
cpu family	: 16
model		: 5
model name	: AMD Athlon(tm) II X3 450 Processor
stepping	: 3
cpu MHz		: 800.000
cache size	: 512 KB
physical id	: 0
siblings	: 3
core id		: 1
cpu cores	: 3
apicid		: 1
initial apicid	: 1
fpu		: yes
fpu_exception	: yes
cpuid level	: 5
wp		: yes
flags		: fpu vme de pse tsc msr pae mce cx8 apic sep mtrr pge mca cmov pat pse36 clflush mmx fxsr sse sse2 ht syscall nx mmxext fxsr_opt pdpe1gb rdtscp lm 3dnowext 3dnow constant_tsc rep_good nopl nonstop_tsc extd_apicid pni monitor cx16 popcnt lahf_lm cmp_legacy svm extapic cr8_legacy abm sse4a misalignsse 3dnowprefetch osvw ibs skinit wdt npt lbrv svm_lock nrip_save
bogomips	: 6428.93
TLB size	: 1024 4K pages
clflush size	: 64
cache_alignment	: 64
address sizes	: 48 bits physical, 48 bits virtual
power management: ts ttp tm stc 100mhzsteps hwpstate

processor	: 2
vendor_id	: AuthenticAMD
cpu family	: 16
model		: 5
model name	: AMD Athlon(tm) II X3 450 Processor
stepping	: 3
cpu MHz		: 800.000
cache size	: 512 KB
physical id	: 0
siblings	: 3
core id		: 2
cpu cores	: 3
apicid		: 2
initial apicid	: 2
fpu		: yes
fpu_exception	: yes
cpuid level	: 5
wp		: yes
flags		: fpu vme de pse tsc msr pae mce cx8 apic sep mtrr pge mca cmov pat pse36 clflush mmx fxsr sse sse2 ht syscall nx mmxext fxsr_opt pdpe1gb rdtscp lm 3dnowext 3dnow constant_tsc rep_good nopl nonstop_tsc extd_apicid pni monitor cx16 popcnt lahf_lm cmp_legacy svm extapic cr8_legacy abm sse4a misalignsse 3dnowprefetch osvw ibs skinit wdt npt lbrv svm_lock nrip_save
bogomips	: 6428.93
TLB size	: 1024 4K pages
clflush size	: 64
cache_alignment	: 64
address sizes	: 48 bits physical, 48 bits virtual
power management: ts ttp tm stc 100mhzsteps hwpstate



Memory: 4k page, physical 8192576k(69004k free), swap 8384508k(8249652k free)

vm_info: Java HotSpot(TM) 64-Bit Server VM (23.7-b01) for linux-amd64 JRE (1.7.0_17-b02), built on Mar  1 2013 02:59:06 by "java_re" with gcc 4.3.0 20080428 (Red Hat 4.3.0-8)

time: Mon May 27 23:56:51 2013
elapsed time: 7 seconds

