#
# A fatal error has been detected by the Java Runtime Environment:
#
#  SIGSEGV (0xb) at pc=0x00007fa7b74ace10, pid=9968, tid=140358665447168
#
# JRE version: 7.0_09-b05
# Java VM: Java HotSpot(TM) 64-Bit Server VM (23.5-b02 mixed mode linux-amd64 compressed oops)
# Problematic frame:
# C  [libnvidia-glcore.so.270.41.06+0x10f9e10]  _nv005glcore+0x1d0d70
#
# Failed to write core dump. Core dumps have been disabled. To enable core dumping, try "ulimit -c unlimited" before starting Java again
#
# If you would like to submit a bug report, please visit:
#   http://bugreport.sun.com/bugreport/crash.jsp
# The crash happened outside the Java Virtual Machine in native code.
# See problematic frame for where to report the bug.
#

---------------  T H R E A D  ---------------

Current thread (0x00000000020a5000):  JavaThread "main" [_thread_in_native, id=9974, stack(0x00007fa7cc552000,0x00007fa7cc653000)]

siginfo:si_signo=SIGSEGV: si_errno=0, si_code=1 (SEGV_MAPERR), si_addr=0x0000000000000000

Registers:
RAX=0x0000000000000000, RBX=0x00007fa7b85e00e0, RCX=0x0000000000000000, RDX=0x0000000000000000
RSP=0x00007fa7cc6515c0, RBP=0x0000000000000001, RSI=0x00000000ffffffff, RDI=0x00007fa7b8306b90
R8 =0x0000000000000001, R9 =0x0000000000000000, R10=0x0000000000000001, R11=0x00007fa7b7176940
R12=0x00007fa7b8306b90, R13=0x0000000000000000, R14=0x0000000040e07000, R15=0x0000000000000000
RIP=0x00007fa7b74ace10, EFLAGS=0x0000000000010206, CSGSFS=0x0000000000000033, ERR=0x0000000000000006
  TRAPNO=0x000000000000000e

Top of Stack: (sp=0x00007fa7cc6515c0)
0x00007fa7cc6515c0:   00000000c6a54410 0000000000000001
0x00007fa7cc6515d0:   000000003f800000 0000000000000001
0x00007fa7cc6515e0:   0000000000000000 0000000000000001
0x00007fa7cc6515f0:   0000000000000000 00007fa7b70981f6
0x00007fa7cc651600:   00007fa7cc6517e0 0000000040e07000
0x00007fa7cc651610:   00007fa7b85e00e0 0000000040e07000
0x00007fa7cc651620:   00007fa7b85cc0a0 0000000000000001
0x00007fa7cc651630:   0000000000000001 0000000000000000
0x00007fa7cc651640:   00007fa7b85d6f30 00007fa7b709886e
0x00007fa7cc651650:   0000000000000001 0000000000000001
0x00007fa7cc651660:   0000000700000000 0000000000000000
0x00007fa7cc651670:   000000003f800000 0000000000000000
0x00007fa7cc651680:   00007fa7b7fea160 0000000040e07000
0x00007fa7cc651690:   000000077e20f460 00007fa7cc651790
0x00007fa7cc6516a0:   00000000020a5000 00007fa7b709b527
0x00007fa7cc6516b0:   0000000000000001 00007fa700000000
0x00007fa7cc6516c0:   00007fa7cc651728 3f800000c6a55333
0x00007fa7cc6516d0:   000000077e20f460 00007fa7cc651758
0x00007fa7cc6516e0:   0000000000000000 00007fa7c6a60f90
0x00007fa7cc6516f0:   000000077e0dc858 00007fa7cc651738
0x00007fa7cc651700:   000000077e0de0d0 0000000000000000
0x00007fa7cc651710:   000000077e0dc880 00007fa7cc651718
0x00007fa7cc651720:   0000000000000000 00007fa7cc651790
0x00007fa7cc651730:   000000077e218ef8 0000000000000000
0x00007fa7cc651740:   000000077e20f460 0000000000000000
0x00007fa7cc651750:   00007fa7cc651778 00007fa7cc6517d8
0x00007fa7cc651760:   00007fa7c6a55158 00000007d6a2cfc8
0x00007fa7cc651770:   00007fa7c6a5ddd8 00007fa7bcbdd2c0
0x00007fa7cc651780:   00007fa7c6a55158 00007fa73f800000
0x00007fa7cc651790:   0000000000000000 00007fa7cc651798
0x00007fa7cc6517a0:   000000077e20f350 00007fa7cc651808
0x00007fa7cc6517b0:   000000077e218ef8 0000000000000000 

Instructions: (pc=0x00007fa7b74ace10)
0x00007fa7b74acdf0:   14 c5 00 00 00 00 48 c1 e0 05 48 29 d0 48 8d 44
0x00007fa7b74ace00:   01 10 49 3b 44 24 70 0f 83 ad 00 00 00 49 63 c7
0x00007fa7b74ace10:   c7 01 e0 08 03 20 c7 41 04 00 41 00 00 49 8d 84
0x00007fa7b74ace20:   c4 b0 86 07 00 85 ed 48 8d 71 10 8b 50 0c 89 51 

Register to memory mapping:

RAX=0x0000000000000000 is an unknown value
RBX=0x00007fa7b85e00e0 is an unknown value
RCX=0x0000000000000000 is an unknown value
RDX=0x0000000000000000 is an unknown value
RSP=0x00007fa7cc6515c0 is pointing into the stack for thread: 0x00000000020a5000
RBP=0x0000000000000001 is an unknown value
RSI=0x00000000ffffffff is an unknown value
RDI=0x00007fa7b8306b90 is an unknown value
R8 =0x0000000000000001 is an unknown value
R9 =0x0000000000000000 is an unknown value
R10=0x0000000000000001 is an unknown value
R11=0x00007fa7b7176940: <offset 0xdc3940> in /usr/lib/nvidia-current/libnvidia-glcore.so.270.41.06 at 0x00007fa7b63b3000
R12=0x00007fa7b8306b90 is an unknown value
R13=0x0000000000000000 is an unknown value
R14=0x0000000040e07000 is an unknown value
R15=0x0000000000000000 is an unknown value


Stack: [0x00007fa7cc552000,0x00007fa7cc653000],  sp=0x00007fa7cc6515c0,  free space=1021k
Native frames: (J=compiled Java code, j=interpreted, Vv=VM code, C=native code)
C  [libnvidia-glcore.so.270.41.06+0x10f9e10]  _nv005glcore+0x1d0d70

Java frames: (J=compiled Java code, j=interpreted, Vv=VM code)
j  org.lwjgl.opengl.GL20.nglUniform1f(IFJ)V+0
j  org.lwjgl.opengl.GL20.glUniform1f(IF)V+16
j  display.FragChangeColor04.update()V+575
j  display.LWJGLWindow.start(II)V+157
j  display.LWJGLWindow.start()V+7
j  display.LevelMaker.main([Ljava/lang/String;)V+12
v  ~StubRoutines::call_stub

---------------  P R O C E S S  ---------------

Java Threads: ( => current thread )
  0x00007fa7b863e000 JavaThread "pool-1-thread-1" [_thread_blocked, id=9993, stack(0x00007fa7b609c000,0x00007fa7b619d000)]
  0x00007fa7b8170800 JavaThread "process reaper" daemon [_thread_blocked, id=9989, stack(0x00007fa7bec47000,0x00007fa7bec6f000)]
  0x00007fa7b8165000 JavaThread "AWT-XAWT" daemon [_thread_in_native, id=9987, stack(0x00007fa7bd4a3000,0x00007fa7bd5a4000)]
  0x00007fa7b8132800 JavaThread "Java2D Disposer" daemon [_thread_blocked, id=9986, stack(0x00007fa7bd9b4000,0x00007fa7bdab5000)]
  0x00007fa7b8054000 JavaThread "Service Thread" daemon [_thread_blocked, id=9984, stack(0x00007fa7bf297000,0x00007fa7bf398000)]
  0x00007fa7b8051800 JavaThread "C2 CompilerThread1" daemon [_thread_blocked, id=9983, stack(0x00007fa7bf398000,0x00007fa7bf499000)]
  0x00007fa7b804e800 JavaThread "C2 CompilerThread0" daemon [_thread_blocked, id=9982, stack(0x00007fa7bf499000,0x00007fa7bf59a000)]
  0x00007fa7b804c000 JavaThread "Signal Dispatcher" daemon [_thread_blocked, id=9981, stack(0x00007fa7bf59a000,0x00007fa7bf69b000)]
  0x0000000002135800 JavaThread "Finalizer" daemon [_thread_blocked, id=9980, stack(0x00007fa7bfd25000,0x00007fa7bfe26000)]
  0x0000000002133800 JavaThread "Reference Handler" daemon [_thread_blocked, id=9979, stack(0x00007fa7bfe26000,0x00007fa7bff27000)]
=>0x00000000020a5000 JavaThread "main" [_thread_in_native, id=9974, stack(0x00007fa7cc552000,0x00007fa7cc653000)]

Other Threads:
  0x000000000212b800 VMThread [stack: 0x00007fa7bff27000,0x00007fa7c0028000] [id=9978]
  0x00007fa7b805e800 WatcherThread [stack: 0x00007fa7bf196000,0x00007fa7bf297000] [id=9985]

VM state:not at safepoint (normal execution)

VM Mutex/Monitor currently owned by a thread: None

Heap
 PSYoungGen      total 37376K, used 7301K [0x00000007d64b0000, 0x00000007d8e60000, 0x0000000800000000)
  eden space 32064K, 22% used [0x00000007d64b0000,0x00000007d6bd1410,0x00000007d8400000)
  from space 5312K, 0% used [0x00000007d8930000,0x00000007d8930000,0x00000007d8e60000)
  to   space 5312K, 0% used [0x00000007d8400000,0x00000007d8400000,0x00000007d8930000)
 ParOldGen       total 85376K, used 0K [0x0000000782e00000, 0x0000000788160000, 0x00000007d64b0000)
  object space 85376K, 0% used [0x0000000782e00000,0x0000000782e00000,0x0000000788160000)
 PSPermGen       total 21248K, used 7252K [0x000000077dc00000, 0x000000077f0c0000, 0x0000000782e00000)
  object space 21248K, 34% used [0x000000077dc00000,0x000000077e3153a8,0x000000077f0c0000)

Card table byte_map: [0x00007fa7c663c000,0x00007fa7c6a4f000] byte_map_base: 0x00007fa7c2a4e000

Polling page: 0x00007fa7cc67e000

Code Cache  [0x00007fa7c6a4f000, 0x00007fa7c6cbf000, 0x00007fa7c9a4f000)
 total_blobs=452 nmethods=22 adapters=383 free_code_cache=48609Kb largest_free_block=49774592

Compilation events (10 events):
Event: 1.501 Thread 0x00007fa7b8051800 nmethod 17 0x00007fa7c6acdf50 code [0x00007fa7c6ace0a0, 0x00007fa7c6ace198]
Event: 1.501 Thread 0x00007fa7b8051800   18             java.nio.DirectByteBuffer::put (17 bytes)
Event: 1.503 Thread 0x00007fa7b8051800 nmethod 18 0x00007fa7c6acdcd0 code [0x00007fa7c6acde00, 0x00007fa7c6acde98]
Event: 1.503 Thread 0x00007fa7b8051800   19             java.nio.Buffer::nextPutIndex (31 bytes)
Event: 1.503 Thread 0x00007fa7b8051800 nmethod 19 0x00007fa7c6acda90 code [0x00007fa7c6acdbc0, 0x00007fa7c6acdc38]
Event: 1.503 Thread 0x00007fa7b8051800   20             java.lang.String::equals (81 bytes)
Event: 1.511 Thread 0x00007fa7b804e800 nmethod 14 0x00007fa7c6acee50 code [0x00007fa7c6acf020, 0x00007fa7c6acf580]
Event: 1.512 Thread 0x00007fa7b8051800 nmethod 20 0x00007fa7c6ace950 code [0x00007fa7c6aceaa0, 0x00007fa7c6aced18]
Event: 1.690 Thread 0x00007fa7b804e800   21             java.lang.String::startsWith (72 bytes)
Event: 1.699 Thread 0x00007fa7b804e800 nmethod 21 0x00007fa7c6ad2390 code [0x00007fa7c6ad24e0, 0x00007fa7c6ad26b8]

GC Heap History (0 events):
No events

Deoptimization events (0 events):
No events

Internal exceptions (10 events):
Event: 1.700 Thread 0x00000000020a5000 Threw 0x00000007d6ab9f68 at /HUDSON/workspace/jdk7u9-2-build-linux-amd64-product/jdk7u9/hotspot/src/share/vm/prims/jvm.cpp:1166
Event: 1.701 Thread 0x00000000020a5000 Threw 0x00000007d6abc1c8 at /HUDSON/workspace/jdk7u9-2-build-linux-amd64-product/jdk7u9/hotspot/src/share/vm/prims/jvm.cpp:1166
Event: 1.702 Thread 0x00000000020a5000 Threw 0x00000007d6abe3a0 at /HUDSON/workspace/jdk7u9-2-build-linux-amd64-product/jdk7u9/hotspot/src/share/vm/prims/jvm.cpp:1166
Event: 1.708 Thread 0x00000000020a5000 Threw 0x00000007d6acdee8 at /HUDSON/workspace/jdk7u9-2-build-linux-amd64-product/jdk7u9/hotspot/src/share/vm/prims/jvm.cpp:1166
Event: 1.708 Thread 0x00000000020a5000 Threw 0x00000007d6acf558 at /HUDSON/workspace/jdk7u9-2-build-linux-amd64-product/jdk7u9/hotspot/src/share/vm/prims/jvm.cpp:1166
Event: 1.709 Thread 0x00000000020a5000 Threw 0x00000007d6ad1678 at /HUDSON/workspace/jdk7u9-2-build-linux-amd64-product/jdk7u9/hotspot/src/share/vm/prims/jvm.cpp:1166
Event: 1.709 Thread 0x00000000020a5000 Threw 0x00000007d6ad2d98 at /HUDSON/workspace/jdk7u9-2-build-linux-amd64-product/jdk7u9/hotspot/src/share/vm/prims/jvm.cpp:1166
Event: 1.726 Thread 0x00000000020a5000 Threw 0x00000007d6ae6bf0 at /HUDSON/workspace/jdk7u9-2-build-linux-amd64-product/jdk7u9/hotspot/src/share/vm/prims/jvm.cpp:1166
Event: 1.728 Thread 0x00000000020a5000 Threw 0x00000007d6ae91a8 at /HUDSON/workspace/jdk7u9-2-build-linux-amd64-product/jdk7u9/hotspot/src/share/vm/prims/jvm.cpp:1166
Event: 1.730 Thread 0x00007fa7b863e000 Threw 0x00000007d6b336f8 at /HUDSON/workspace/jdk7u9-2-build-linux-amd64-product/jdk7u9/hotspot/src/share/vm/prims/jvm.cpp:1166

Events (10 events):
Event: 1.729 loading class 0x00007fa7b863b550 done
Event: 1.730 Thread 0x00007fa7b863e000 Thread added: 0x00007fa7b863e000
Event: 1.730 loading class 0x00007fa7b85e0780
Event: 1.730 loading class 0x00007fa7b85e0780 done
Event: 1.731 loading class 0x00007fa7b807bfd0
Event: 1.731 loading class 0x00007fa7b807bfd0 done
Event: 1.732 loading class 0x00000000021f2bc0
Event: 1.732 loading class 0x00000000021e4320
Event: 1.732 loading class 0x00000000021e4320 done
Event: 1.732 loading class 0x00000000021f2bc0 done


Dynamic libraries:
00400000-00401000 r-xp 00000000 08:05 6034669                            /usr/lib/jvm/java-7-oracle/bin/java
00600000-00601000 rw-p 00000000 08:05 6034669                            /usr/lib/jvm/java-7-oracle/bin/java
0209b000-02332000 rw-p 00000000 00:00 0                                  [heap]
40e07000-40e7e000 rw-p 00000000 00:00 0 
41cf6000-41cf8000 r-xs 00000000 08:05 4587731                            /tmp/glzsXj48 (deleted)
77dc00000-77f0c0000 rw-p 00000000 00:00 0 
77f0c0000-782e00000 rw-p 00000000 00:00 0 
782e00000-788160000 rw-p 00000000 00:00 0 
788160000-7d64b0000 rw-p 00000000 00:00 0 
7d64b0000-7d8e60000 rw-p 00000000 00:00 0 
7d8e60000-800000000 rw-p 00000000 00:00 0 
7fa7b609c000-7fa7b609f000 ---p 00000000 00:00 0 
7fa7b609f000-7fa7b619d000 rw-p 00000000 00:00 0 
7fa7b619d000-7fa7b61b2000 r-xp 00000000 08:05 6038768                    /usr/lib/jvm/java-7-oracle/jre/lib/amd64/libnet.so
7fa7b61b2000-7fa7b63b2000 ---p 00015000 08:05 6038768                    /usr/lib/jvm/java-7-oracle/jre/lib/amd64/libnet.so
7fa7b63b2000-7fa7b63b3000 rw-p 00015000 08:05 6038768                    /usr/lib/jvm/java-7-oracle/jre/lib/amd64/libnet.so
7fa7b63b3000-7fa7b7801000 r-xp 00000000 08:05 6032921                    /usr/lib/nvidia-current/libnvidia-glcore.so.270.41.06
7fa7b7801000-7fa7b7a01000 ---p 0144e000 08:05 6032921                    /usr/lib/nvidia-current/libnvidia-glcore.so.270.41.06
7fa7b7a01000-7fa7b7fe9000 rwxp 0144e000 08:05 6032921                    /usr/lib/nvidia-current/libnvidia-glcore.so.270.41.06
7fa7b7fe9000-7fa7b8000000 rwxp 00000000 00:00 0 
7fa7b8000000-7fa7b86f0000 rw-p 00000000 00:00 0 
7fa7b86f0000-7fa7bc000000 ---p 00000000 00:00 0 
7fa7bc0df000-7fa7bc0ef000 r-xp 00000000 08:05 6039294                    /usr/lib/jvm/java-7-oracle/jre/lib/amd64/libnio.so
7fa7bc0ef000-7fa7bc2ef000 ---p 00010000 08:05 6039294                    /usr/lib/jvm/java-7-oracle/jre/lib/amd64/libnio.so
7fa7bc2ef000-7fa7bc2f0000 rw-p 00010000 08:05 6039294                    /usr/lib/jvm/java-7-oracle/jre/lib/amd64/libnio.so
7fa7bc2f0000-7fa7bc2f2000 rw-s 00000000 08:05 4587731                    /tmp/glzsXj48 (deleted)
7fa7bc2f2000-7fa7bc4f2000 rw-s 07ee5000 00:05 8392                       /dev/nvidia0
7fa7bc4f2000-7fa7bc5bb000 rw-p 00000000 00:00 0 
7fa7bc5bb000-7fa7bc608000 rw-p 00000000 00:00 0 
7fa7bc6b9000-7fa7bc6f0000 rw-p 00000000 00:00 0 
7fa7bc6f0000-7fa7bc6f1000 r-xp 00000000 08:05 6032924                    /usr/lib/nvidia-current/tls/libnvidia-tls.so.270.41.06
7fa7bc6f1000-7fa7bc8f1000 ---p 00001000 08:05 6032924                    /usr/lib/nvidia-current/tls/libnvidia-tls.so.270.41.06
7fa7bc8f1000-7fa7bc8f2000 rw-p 00001000 08:05 6032924                    /usr/lib/nvidia-current/tls/libnvidia-tls.so.270.41.06
7fa7bc8f2000-7fa7bc9af000 r-xp 00000000 08:05 6032925                    /usr/lib/nvidia-current/libGL.so.270.41.06
7fa7bc9af000-7fa7bcbaf000 ---p 000bd000 08:05 6032925                    /usr/lib/nvidia-current/libGL.so.270.41.06
7fa7bcbaf000-7fa7bcbe8000 rwxp 000bd000 08:05 6032925                    /usr/lib/nvidia-current/libGL.so.270.41.06
7fa7bcbe8000-7fa7bcbfe000 rwxp 00000000 00:00 0 
7fa7bcc0b000-7fa7bcc26000 rw-s 1fd6c0000 00:05 8392                      /dev/nvidia0
7fa7bcc26000-7fa7bcc2b000 r-xp 00000000 08:05 6038842                    /usr/lib/x86_64-linux-gnu/libXxf86vm.so.1.0.0
7fa7bcc2b000-7fa7bce2a000 ---p 00005000 08:05 6038842                    /usr/lib/x86_64-linux-gnu/libXxf86vm.so.1.0.0
7fa7bce2a000-7fa7bce2b000 r--p 00004000 08:05 6038842                    /usr/lib/x86_64-linux-gnu/libXxf86vm.so.1.0.0
7fa7bce2b000-7fa7bce2c000 rw-p 00005000 08:05 6038842                    /usr/lib/x86_64-linux-gnu/libXxf86vm.so.1.0.0
7fa7bce2c000-7fa7bce34000 r-xp 00000000 08:05 6038836                    /usr/lib/x86_64-linux-gnu/libXrandr.so.2.2.0
7fa7bce34000-7fa7bd033000 ---p 00008000 08:05 6038836                    /usr/lib/x86_64-linux-gnu/libXrandr.so.2.2.0
7fa7bd033000-7fa7bd034000 r--p 00007000 08:05 6038836                    /usr/lib/x86_64-linux-gnu/libXrandr.so.2.2.0
7fa7bd034000-7fa7bd035000 rw-p 00008000 08:05 6038836                    /usr/lib/x86_64-linux-gnu/libXrandr.so.2.2.0
7fa7bd035000-7fa7bd09f000 r-xp 00000000 00:14 4589809                    /home/skel/code/lwjgl/lwjgl-2.8.5/native/linux/liblwjgl64.so
7fa7bd09f000-7fa7bd29f000 ---p 0006a000 00:14 4589809                    /home/skel/code/lwjgl/lwjgl-2.8.5/native/linux/liblwjgl64.so
7fa7bd29f000-7fa7bd2a1000 r--p 0006a000 00:14 4589809                    /home/skel/code/lwjgl/lwjgl-2.8.5/native/linux/liblwjgl64.so
7fa7bd2a1000-7fa7bd2a2000 rw-p 0006c000 00:14 4589809                    /home/skel/code/lwjgl/lwjgl-2.8.5/native/linux/liblwjgl64.so
7fa7bd2a2000-7fa7bd2a3000 r-xp 00000000 08:05 6039264                    /usr/lib/jvm/java-7-oracle/jre/lib/amd64/libjawt.so
7fa7bd2a3000-7fa7bd4a2000 ---p 00001000 08:05 6039264                    /usr/lib/jvm/java-7-oracle/jre/lib/amd64/libjawt.so
7fa7bd4a2000-7fa7bd4a3000 rw-p 00000000 08:05 6039264                    /usr/lib/jvm/java-7-oracle/jre/lib/amd64/libjawt.so
7fa7bd4a3000-7fa7bd4a6000 ---p 00000000 00:00 0 
7fa7bd4a6000-7fa7bd5a4000 rw-p 00000000 00:00 0 
7fa7bd5a4000-7fa7bd5a9000 r-xp 00000000 08:05 6038828                    /usr/lib/x86_64-linux-gnu/libXfixes.so.3.1.0
7fa7bd5a9000-7fa7bd7a8000 ---p 00005000 08:05 6038828                    /usr/lib/x86_64-linux-gnu/libXfixes.so.3.1.0
7fa7bd7a8000-7fa7bd7a9000 r--p 00004000 08:05 6038828                    /usr/lib/x86_64-linux-gnu/libXfixes.so.3.1.0
7fa7bd7a9000-7fa7bd7aa000 rw-p 00005000 08:05 6038828                    /usr/lib/x86_64-linux-gnu/libXfixes.so.3.1.0
7fa7bd7aa000-7fa7bd7b3000 r-xp 00000000 08:05 6038818                    /usr/lib/x86_64-linux-gnu/libXcursor.so.1.0.2
7fa7bd7b3000-7fa7bd9b2000 ---p 00009000 08:05 6038818                    /usr/lib/x86_64-linux-gnu/libXcursor.so.1.0.2
7fa7bd9b2000-7fa7bd9b3000 r--p 00008000 08:05 6038818                    /usr/lib/x86_64-linux-gnu/libXcursor.so.1.0.2
7fa7bd9b3000-7fa7bd9b4000 rw-p 00009000 08:05 6038818                    /usr/lib/x86_64-linux-gnu/libXcursor.so.1.0.2
7fa7bd9b4000-7fa7bd9b7000 ---p 00000000 00:00 0 
7fa7bd9b7000-7fa7bdab5000 rw-p 00000000 00:00 0 
7fa7bdab5000-7fa7bdaba000 r-xp 00000000 08:05 6038824                    /usr/lib/x86_64-linux-gnu/libXdmcp.so.6.0.0
7fa7bdaba000-7fa7bdcb9000 ---p 00005000 08:05 6038824                    /usr/lib/x86_64-linux-gnu/libXdmcp.so.6.0.0
7fa7bdcb9000-7fa7bdcba000 r--p 00004000 08:05 6038824                    /usr/lib/x86_64-linux-gnu/libXdmcp.so.6.0.0
7fa7bdcba000-7fa7bdcbb000 rw-p 00005000 08:05 6038824                    /usr/lib/x86_64-linux-gnu/libXdmcp.so.6.0.0
7fa7bdcbb000-7fa7bdcbd000 r-xp 00000000 08:05 6038814                    /usr/lib/x86_64-linux-gnu/libXau.so.6.0.0
7fa7bdcbd000-7fa7bdebc000 ---p 00002000 08:05 6038814                    /usr/lib/x86_64-linux-gnu/libXau.so.6.0.0
7fa7bdebc000-7fa7bdebd000 r--p 00001000 08:05 6038814                    /usr/lib/x86_64-linux-gnu/libXau.so.6.0.0
7fa7bdebd000-7fa7bdebe000 rw-p 00002000 08:05 6038814                    /usr/lib/x86_64-linux-gnu/libXau.so.6.0.0
7fa7bdebe000-7fa7bded9000 r-xp 00000000 08:05 6038970                    /usr/lib/x86_64-linux-gnu/libxcb.so.1.1.0
7fa7bded9000-7fa7be0d8000 ---p 0001b000 08:05 6038970                    /usr/lib/x86_64-linux-gnu/libxcb.so.1.1.0
7fa7be0d8000-7fa7be0d9000 r--p 0001a000 08:05 6038970                    /usr/lib/x86_64-linux-gnu/libxcb.so.1.1.0
7fa7be0d9000-7fa7be0da000 rw-p 0001b000 08:05 6038970                    /usr/lib/x86_64-linux-gnu/libxcb.so.1.1.0
7fa7be0da000-7fa7be0e9000 r-xp 00000000 08:05 6038832                    /usr/lib/x86_64-linux-gnu/libXi.so.6.1.0
7fa7be0e9000-7fa7be2e8000 ---p 0000f000 08:05 6038832                    /usr/lib/x86_64-linux-gnu/libXi.so.6.1.0
7fa7be2e8000-7fa7be2e9000 r--p 0000e000 08:05 6038832                    /usr/lib/x86_64-linux-gnu/libXi.so.6.1.0
7fa7be2e9000-7fa7be2ea000 rw-p 0000f000 08:05 6038832                    /usr/lib/x86_64-linux-gnu/libXi.so.6.1.0
7fa7be2ea000-7fa7be2ef000 r-xp 00000000 08:05 6033420                    /usr/lib/libXtst.so.6.1.0
7fa7be2ef000-7fa7be4ee000 ---p 00005000 08:05 6033420                    /usr/lib/libXtst.so.6.1.0
7fa7be4ee000-7fa7be4ef000 r--p 00004000 08:05 6033420                    /usr/lib/libXtst.so.6.1.0
7fa7be4ef000-7fa7be4f0000 rw-p 00005000 08:05 6033420                    /usr/lib/libXtst.so.6.1.0
7fa7be4f0000-7fa7be4f9000 r-xp 00000000 08:05 6038838                    /usr/lib/x86_64-linux-gnu/libXrender.so.1.3.0
7fa7be4f9000-7fa7be6f9000 ---p 00009000 08:05 6038838                    /usr/lib/x86_64-linux-gnu/libXrender.so.1.3.0
7fa7be6f9000-7fa7be6fa000 r--p 00009000 08:05 6038838                    /usr/lib/x86_64-linux-gnu/libXrender.so.1.3.0
7fa7be6fa000-7fa7be6fb000 rw-p 0000a000 08:05 6038838                    /usr/lib/x86_64-linux-gnu/libXrender.so.1.3.0
7fa7be6fb000-7fa7be830000 r-xp 00000000 08:05 6038810                    /usr/lib/x86_64-linux-gnu/libX11.so.6.3.0
7fa7be830000-7fa7bea30000 ---p 00135000 08:05 6038810                    /usr/lib/x86_64-linux-gnu/libX11.so.6.3.0
7fa7bea30000-7fa7bea31000 r--p 00135000 08:05 6038810                    /usr/lib/x86_64-linux-gnu/libX11.so.6.3.0
7fa7bea31000-7fa7bea35000 rw-p 00136000 08:05 6038810                    /usr/lib/x86_64-linux-gnu/libX11.so.6.3.0
7fa7bea35000-7fa7bea46000 r-xp 00000000 08:05 6038826                    /usr/lib/x86_64-linux-gnu/libXext.so.6.4.0
7fa7bea46000-7fa7bec45000 ---p 00011000 08:05 6038826                    /usr/lib/x86_64-linux-gnu/libXext.so.6.4.0
7fa7bec45000-7fa7bec46000 r--p 00010000 08:05 6038826                    /usr/lib/x86_64-linux-gnu/libXext.so.6.4.0
7fa7bec46000-7fa7bec47000 rw-p 00011000 08:05 6038826                    /usr/lib/x86_64-linux-gnu/libXext.so.6.4.0
7fa7bec47000-7fa7bec4a000 ---p 00000000 00:00 0 
7fa7bec4a000-7fa7bec6f000 rw-p 00000000 00:00 0 
7fa7bec6f000-7fa7becbf000 r-xp 00000000 08:05 6039094                    /usr/lib/jvm/java-7-oracle/jre/lib/amd64/xawt/libmawt.so
7fa7becbf000-7fa7beebf000 ---p 00050000 08:05 6039094                    /usr/lib/jvm/java-7-oracle/jre/lib/amd64/xawt/libmawt.so
7fa7beebf000-7fa7beec3000 rw-p 00050000 08:05 6039094                    /usr/lib/jvm/java-7-oracle/jre/lib/amd64/xawt/libmawt.so
7fa7beec3000-7fa7beec4000 rw-p 00000000 00:00 0 
7fa7beec4000-7fa7bef66000 r-xp 00000000 08:05 6039079                    /usr/lib/jvm/java-7-oracle/jre/lib/amd64/libawt.so
7fa7bef66000-7fa7bf166000 ---p 000a2000 08:05 6039079                    /usr/lib/jvm/java-7-oracle/jre/lib/amd64/libawt.so
7fa7bf166000-7fa7bf172000 rw-p 000a2000 08:05 6039079                    /usr/lib/jvm/java-7-oracle/jre/lib/amd64/libawt.so
7fa7bf172000-7fa7bf196000 rw-p 00000000 00:00 0 
7fa7bf196000-7fa7bf197000 ---p 00000000 00:00 0 
7fa7bf197000-7fa7bf297000 rw-p 00000000 00:00 0 
7fa7bf297000-7fa7bf29a000 ---p 00000000 00:00 0 
7fa7bf29a000-7fa7bf398000 rw-p 00000000 00:00 0 
7fa7bf398000-7fa7bf39b000 ---p 00000000 00:00 0 
7fa7bf39b000-7fa7bf499000 rw-p 00000000 00:00 0 
7fa7bf499000-7fa7bf49c000 ---p 00000000 00:00 0 
7fa7bf49c000-7fa7bf59a000 rw-p 00000000 00:00 0 
7fa7bf59a000-7fa7bf59d000 ---p 00000000 00:00 0 
7fa7bf59d000-7fa7bf69b000 rw-p 00000000 00:00 0 
7fa7bf69b000-7fa7bfd25000 r--p 00000000 08:05 6037607                    /usr/lib/locale/locale-archive
7fa7bfd25000-7fa7bfd28000 ---p 00000000 00:00 0 
7fa7bfd28000-7fa7bfe26000 rw-p 00000000 00:00 0 
7fa7bfe26000-7fa7bfe29000 ---p 00000000 00:00 0 
7fa7bfe29000-7fa7bff27000 rw-p 00000000 00:00 0 
7fa7bff27000-7fa7bff28000 ---p 00000000 00:00 0 
7fa7bff28000-7fa7c0d28000 rw-p 00000000 00:00 0 
7fa7c0d28000-7fa7c0ee4000 r--s 039da000 08:05 6044609                    /usr/lib/jvm/java-7-oracle/jre/lib/rt.jar
7fa7c0ee4000-7fa7c6074000 rw-p 00000000 00:00 0 
7fa7c6074000-7fa7c6075000 ---p 00000000 00:00 0 
7fa7c6075000-7fa7c6175000 rw-p 00000000 00:00 0 
7fa7c6175000-7fa7c6176000 ---p 00000000 00:00 0 
7fa7c6176000-7fa7c6276000 rw-p 00000000 00:00 0 
7fa7c6276000-7fa7c6277000 ---p 00000000 00:00 0 
7fa7c6277000-7fa7c6382000 rw-p 00000000 00:00 0 
7fa7c6382000-7fa7c63a0000 rw-p 00000000 00:00 0 
7fa7c63a0000-7fa7c63ca000 rw-p 00000000 00:00 0 
7fa7c63ca000-7fa7c663c000 rw-p 00000000 00:00 0 
7fa7c663c000-7fa7c6647000 rw-p 00000000 00:00 0 
7fa7c6647000-7fa7c6665000 rw-p 00000000 00:00 0 
7fa7c6665000-7fa7c668f000 rw-p 00000000 00:00 0 
7fa7c668f000-7fa7c6900000 rw-p 00000000 00:00 0 
7fa7c6900000-7fa7c6916000 rw-p 00000000 00:00 0 
7fa7c6916000-7fa7c6a4e000 rw-p 00000000 00:00 0 
7fa7c6a4e000-7fa7c6a4f000 rw-p 00000000 00:00 0 
7fa7c6a4f000-7fa7c6cbf000 rwxp 00000000 00:00 0 
7fa7c6cbf000-7fa7c9a4f000 rw-p 00000000 00:00 0 
7fa7c9a4f000-7fa7c9a69000 r-xp 00000000 08:05 6038789                    /usr/lib/jvm/java-7-oracle/jre/lib/amd64/libzip.so
7fa7c9a69000-7fa7c9c69000 ---p 0001a000 08:05 6038789                    /usr/lib/jvm/java-7-oracle/jre/lib/amd64/libzip.so
7fa7c9c69000-7fa7c9c6a000 rw-p 0001a000 08:05 6038789                    /usr/lib/jvm/java-7-oracle/jre/lib/amd64/libzip.so
7fa7c9c6a000-7fa7c9c76000 r-xp 00000000 08:05 7608085                    /lib/x86_64-linux-gnu/libnss_files-2.13.so
7fa7c9c76000-7fa7c9e75000 ---p 0000c000 08:05 7608085                    /lib/x86_64-linux-gnu/libnss_files-2.13.so
7fa7c9e75000-7fa7c9e76000 r--p 0000b000 08:05 7608085                    /lib/x86_64-linux-gnu/libnss_files-2.13.so
7fa7c9e76000-7fa7c9e77000 rw-p 0000c000 08:05 7608085                    /lib/x86_64-linux-gnu/libnss_files-2.13.so
7fa7c9e77000-7fa7c9e82000 r-xp 00000000 08:05 7607798                    /lib/x86_64-linux-gnu/libnss_nis-2.13.so
7fa7c9e82000-7fa7ca081000 ---p 0000b000 08:05 7607798                    /lib/x86_64-linux-gnu/libnss_nis-2.13.so
7fa7ca081000-7fa7ca082000 r--p 0000a000 08:05 7607798                    /lib/x86_64-linux-gnu/libnss_nis-2.13.so
7fa7ca082000-7fa7ca083000 rw-p 0000b000 08:05 7607798                    /lib/x86_64-linux-gnu/libnss_nis-2.13.so
7fa7ca083000-7fa7ca09a000 r-xp 00000000 08:05 7608087                    /lib/x86_64-linux-gnu/libnsl-2.13.so
7fa7ca09a000-7fa7ca299000 ---p 00017000 08:05 7608087                    /lib/x86_64-linux-gnu/libnsl-2.13.so
7fa7ca299000-7fa7ca29a000 r--p 00016000 08:05 7608087                    /lib/x86_64-linux-gnu/libnsl-2.13.so
7fa7ca29a000-7fa7ca29b000 rw-p 00017000 08:05 7608087                    /lib/x86_64-linux-gnu/libnsl-2.13.so
7fa7ca29b000-7fa7ca29d000 rw-p 00000000 00:00 0 
7fa7ca29d000-7fa7ca2a5000 r-xp 00000000 08:05 7608084                    /lib/x86_64-linux-gnu/libnss_compat-2.13.so
7fa7ca2a5000-7fa7ca4a4000 ---p 00008000 08:05 7608084                    /lib/x86_64-linux-gnu/libnss_compat-2.13.so
7fa7ca4a4000-7fa7ca4a5000 r--p 00007000 08:05 7608084                    /lib/x86_64-linux-gnu/libnss_compat-2.13.so
7fa7ca4a5000-7fa7ca4a6000 rw-p 00008000 08:05 7608084                    /lib/x86_64-linux-gnu/libnss_compat-2.13.so
7fa7ca4a6000-7fa7ca4cf000 r-xp 00000000 08:05 6039007                    /usr/lib/jvm/java-7-oracle/jre/lib/amd64/libjava.so
7fa7ca4cf000-7fa7ca6cf000 ---p 00029000 08:05 6039007                    /usr/lib/jvm/java-7-oracle/jre/lib/amd64/libjava.so
7fa7ca6cf000-7fa7ca6d1000 rw-p 00029000 08:05 6039007                    /usr/lib/jvm/java-7-oracle/jre/lib/amd64/libjava.so
7fa7ca6d1000-7fa7ca6de000 r-xp 00000000 08:05 6039001                    /usr/lib/jvm/java-7-oracle/jre/lib/amd64/libverify.so
7fa7ca6de000-7fa7ca8dd000 ---p 0000d000 08:05 6039001                    /usr/lib/jvm/java-7-oracle/jre/lib/amd64/libverify.so
7fa7ca8dd000-7fa7ca8df000 rw-p 0000c000 08:05 6039001                    /usr/lib/jvm/java-7-oracle/jre/lib/amd64/libverify.so
7fa7ca8df000-7fa7ca8e6000 r-xp 00000000 08:05 7607790                    /lib/x86_64-linux-gnu/librt-2.13.so
7fa7ca8e6000-7fa7caae5000 ---p 00007000 08:05 7607790                    /lib/x86_64-linux-gnu/librt-2.13.so
7fa7caae5000-7fa7caae6000 r--p 00006000 08:05 7607790                    /lib/x86_64-linux-gnu/librt-2.13.so
7fa7caae6000-7fa7caae7000 rw-p 00007000 08:05 7607790                    /lib/x86_64-linux-gnu/librt-2.13.so
7fa7caae7000-7fa7cab6b000 r-xp 00000000 08:05 7608082                    /lib/x86_64-linux-gnu/libm-2.13.so
7fa7cab6b000-7fa7cad6a000 ---p 00084000 08:05 7608082                    /lib/x86_64-linux-gnu/libm-2.13.so
7fa7cad6a000-7fa7cad6b000 r--p 00083000 08:05 7608082                    /lib/x86_64-linux-gnu/libm-2.13.so
7fa7cad6b000-7fa7cad6c000 rw-p 00084000 08:05 7608082                    /lib/x86_64-linux-gnu/libm-2.13.so
7fa7cad6c000-7fa7cb7b3000 r-xp 00000000 08:05 6038764                    /usr/lib/jvm/java-7-oracle/jre/lib/amd64/server/libjvm.so
7fa7cb7b3000-7fa7cb9b2000 ---p 00a47000 08:05 6038764                    /usr/lib/jvm/java-7-oracle/jre/lib/amd64/server/libjvm.so
7fa7cb9b2000-7fa7cba56000 rw-p 00a46000 08:05 6038764                    /usr/lib/jvm/java-7-oracle/jre/lib/amd64/server/libjvm.so
7fa7cba56000-7fa7cba91000 rw-p 00000000 00:00 0 
7fa7cba91000-7fa7cbc1e000 r-xp 00000000 08:05 7605972                    /lib/x86_64-linux-gnu/libc-2.13.so
7fa7cbc1e000-7fa7cbe1e000 ---p 0018d000 08:05 7605972                    /lib/x86_64-linux-gnu/libc-2.13.so
7fa7cbe1e000-7fa7cbe22000 r--p 0018d000 08:05 7605972                    /lib/x86_64-linux-gnu/libc-2.13.so
7fa7cbe22000-7fa7cbe23000 rw-p 00191000 08:05 7605972                    /lib/x86_64-linux-gnu/libc-2.13.so
7fa7cbe23000-7fa7cbe29000 rw-p 00000000 00:00 0 
7fa7cbe29000-7fa7cbe2b000 r-xp 00000000 08:05 7607795                    /lib/x86_64-linux-gnu/libdl-2.13.so
7fa7cbe2b000-7fa7cc02b000 ---p 00002000 08:05 7607795                    /lib/x86_64-linux-gnu/libdl-2.13.so
7fa7cc02b000-7fa7cc02c000 r--p 00002000 08:05 7607795                    /lib/x86_64-linux-gnu/libdl-2.13.so
7fa7cc02c000-7fa7cc02d000 rw-p 00003000 08:05 7607795                    /lib/x86_64-linux-gnu/libdl-2.13.so
7fa7cc02d000-7fa7cc043000 r-xp 00000000 08:05 6038760                    /usr/lib/jvm/java-7-oracle/jre/lib/amd64/jli/libjli.so
7fa7cc043000-7fa7cc242000 ---p 00016000 08:05 6038760                    /usr/lib/jvm/java-7-oracle/jre/lib/amd64/jli/libjli.so
7fa7cc242000-7fa7cc243000 rw-p 00015000 08:05 6038760                    /usr/lib/jvm/java-7-oracle/jre/lib/amd64/jli/libjli.so
7fa7cc243000-7fa7cc25b000 r-xp 00000000 08:05 7608086                    /lib/x86_64-linux-gnu/libpthread-2.13.so
7fa7cc25b000-7fa7cc45b000 ---p 00018000 08:05 7608086                    /lib/x86_64-linux-gnu/libpthread-2.13.so
7fa7cc45b000-7fa7cc45c000 r--p 00018000 08:05 7608086                    /lib/x86_64-linux-gnu/libpthread-2.13.so
7fa7cc45c000-7fa7cc45d000 rw-p 00019000 08:05 7608086                    /lib/x86_64-linux-gnu/libpthread-2.13.so
7fa7cc45d000-7fa7cc461000 rw-p 00000000 00:00 0 
7fa7cc461000-7fa7cc482000 r-xp 00000000 08:05 7608083                    /lib/x86_64-linux-gnu/ld-2.13.so
7fa7cc487000-7fa7cc492000 r--s 00093000 00:14 4589134                    /home/skel/code/slick/slick.jar
7fa7cc492000-7fa7cc49c000 rw-p 00000000 00:00 0 
7fa7cc49c000-7fa7cc552000 rw-p 00000000 00:00 0 
7fa7cc552000-7fa7cc555000 ---p 00000000 00:00 0 
7fa7cc555000-7fa7cc658000 rw-p 00000000 00:00 0 
7fa7cc658000-7fa7cc65c000 rw-s 21cd08000 00:05 8392                      /dev/nvidia0
7fa7cc65c000-7fa7cc65f000 r--s 000f7000 08:05 6037712                    /usr/lib/jvm/java-7-oracle/jre/lib/ext/localedata.jar
7fa7cc65f000-7fa7cc660000 rw-s fc060000 00:05 8392                       /dev/nvidia0
7fa7cc660000-7fa7cc662000 r--s 00016000 00:14 4589119                    /home/skel/code/slick/slick-util.jar
7fa7cc662000-7fa7cc664000 r--s 0000d000 00:14 4589118                    /home/skel/code/slick/jorbis-0.0.15.jar
7fa7cc664000-7fa7cc665000 r--s 00001000 00:14 4589115                    /home/skel/code/slick/jogg-0.0.7.jar
7fa7cc665000-7fa7cc667000 r--s 00008000 00:14 4589004                    /home/skel/code/slick/ibxm.jar
7fa7cc667000-7fa7cc675000 r--s 000e3000 00:14 4589791                    /home/skel/code/lwjgl/lwjgl-2.8.5/jar/lwjgl.jar
7fa7cc675000-7fa7cc67d000 rw-s 00000000 08:05 4854090                    /tmp/hsperfdata_skel/9968
7fa7cc67d000-7fa7cc67e000 rw-p 00000000 00:00 0 
7fa7cc67e000-7fa7cc67f000 r--p 00000000 00:00 0 
7fa7cc67f000-7fa7cc681000 rw-p 00000000 00:00 0 
7fa7cc681000-7fa7cc682000 r--p 00020000 08:05 7608083                    /lib/x86_64-linux-gnu/ld-2.13.so
7fa7cc682000-7fa7cc684000 rw-p 00021000 08:05 7608083                    /lib/x86_64-linux-gnu/ld-2.13.so
7fff0c78a000-7fff0c7ab000 rw-p 00000000 00:00 0                          [stack]
7fff0c7ff000-7fff0c800000 r-xp 00000000 00:00 0                          [vdso]
ffffffffff600000-ffffffffff601000 r-xp 00000000 00:00 0                  [vsyscall]

VM Arguments:
jvm_args: -Djava.library.path=/home/skel/code/lwjgl/lwjgl-2.8.5/native/linux -Dfile.encoding=UTF-8 
java_command: display.LevelMaker
Launcher Type: SUN_STANDARD

Environment Variables:
PATH=/usr/local/sbin:/usr/local/bin:/usr/sbin:/usr/bin:/sbin:/bin:/usr/games
USERNAME=skel
LD_LIBRARY_PATH=/usr/lib/jvm/java-7-oracle/jre/lib/amd64/server:/usr/lib/jvm/java-7-oracle/jre/lib/amd64:/usr/lib/jvm/java-7-oracle/jre/../lib/amd64:/usr/lib/jvm/java-6-openjdk/jre/lib/amd64/server:/usr/lib/jvm/java-6-openjdk/jre/lib/amd64:/usr/lib/jvm/java-6-openjdk/jre/../lib/amd64
SHELL=/bin/bash
DISPLAY=:0.0

Signal Handlers:
SIGSEGV: [libjvm.so+0x8a5c80], sa_mask[0]=0x7ffbfeff, sa_flags=0x10000004
SIGBUS: [libjvm.so+0x8a5c80], sa_mask[0]=0x7ffbfeff, sa_flags=0x10000004
SIGFPE: [libjvm.so+0x741d60], sa_mask[0]=0x7ffbfeff, sa_flags=0x10000004
SIGPIPE: [libjvm.so+0x741d60], sa_mask[0]=0x7ffbfeff, sa_flags=0x10000004
SIGXFSZ: [libjvm.so+0x741d60], sa_mask[0]=0x7ffbfeff, sa_flags=0x10000004
SIGILL: [libjvm.so+0x741d60], sa_mask[0]=0x7ffbfeff, sa_flags=0x10000004
SIGUSR1: SIG_DFL, sa_mask[0]=0x00000000, sa_flags=0x00000000
SIGUSR2: [libjvm.so+0x7416b0], sa_mask[0]=0x00000004, sa_flags=0x10000004
SIGHUP: [libjvm.so+0x743a40], sa_mask[0]=0x7ffbfeff, sa_flags=0x10000004
SIGINT: [libjvm.so+0x743a40], sa_mask[0]=0x7ffbfeff, sa_flags=0x10000004
SIGTERM: [libjvm.so+0x743a40], sa_mask[0]=0x7ffbfeff, sa_flags=0x10000004
SIGQUIT: [libjvm.so+0x743a40], sa_mask[0]=0x7ffbfeff, sa_flags=0x10000004


---------------  S Y S T E M  ---------------

OS:squeeze/sid

uname:Linux 2.6.38-8-generic #42-Ubuntu SMP Mon Apr 11 03:31:24 UTC 2011 x86_64
libc:glibc 2.13 NPTL 2.13 
rlimit: STACK 8192k, CORE 0k, NPROC infinity, NOFILE 4096, AS infinity
load average:0.08 0.09 0.07

/proc/meminfo:
MemTotal:        8192576 kB
MemFree:           54148 kB
Buffers:           47884 kB
Cached:          3090648 kB
SwapCached:         9868 kB
Active:          4805832 kB
Inactive:        2130188 kB
Active(anon):    3257428 kB
Inactive(anon):   581348 kB
Active(file):    1548404 kB
Inactive(file):  1548840 kB
Unevictable:           0 kB
Mlocked:               0 kB
SwapTotal:       8384508 kB
SwapFree:        8321996 kB
Dirty:               796 kB
Writeback:             0 kB
AnonPages:       3789104 kB
Mapped:           660480 kB
Shmem:             41276 kB
Slab:             188972 kB
SReclaimable:     112116 kB
SUnreclaim:        76856 kB
KernelStack:       12424 kB
PageTables:        63424 kB
NFS_Unstable:          0 kB
Bounce:                0 kB
WritebackTmp:          0 kB
CommitLimit:    12480796 kB
Committed_AS:   18496960 kB
VmallocTotal:   34359738367 kB
VmallocUsed:      369116 kB
VmallocChunk:   34359360892 kB
HardwareCorrupted:     0 kB
HugePages_Total:       0
HugePages_Free:        0
HugePages_Rsvd:        0
HugePages_Surp:        0
Hugepagesize:       2048 kB
DirectMap4k:     7436736 kB
DirectMap2M:      950272 kB
DirectMap1G:           0 kB


CPU:total 3 (3 cores per cpu, 1 threads per core) family 16 model 5 stepping 3, cmov, cx8, fxsr, mmx, sse, sse2, sse3, popcnt, mmxext, 3dnowpref, lzcnt, sse4a, tsc, tscinvbit, tscinv

/proc/cpuinfo:
processor	: 0
vendor_id	: AuthenticAMD
cpu family	: 16
model		: 5
model name	: AMD Athlon(tm) II X3 450 Processor
stepping	: 3
cpu MHz		: 3200.000
cache size	: 512 KB
physical id	: 0
siblings	: 3
core id		: 0
cpu cores	: 3
apicid		: 0
initial apicid	: 0
fpu		: yes
fpu_exception	: yes
cpuid level	: 5
wp		: yes
flags		: fpu vme de pse tsc msr pae mce cx8 apic sep mtrr pge mca cmov pat pse36 clflush mmx fxsr sse sse2 ht syscall nx mmxext fxsr_opt pdpe1gb rdtscp lm 3dnowext 3dnow constant_tsc rep_good nopl nonstop_tsc extd_apicid pni monitor cx16 popcnt lahf_lm cmp_legacy svm extapic cr8_legacy abm sse4a misalignsse 3dnowprefetch osvw ibs skinit wdt npt lbrv svm_lock nrip_save
bogomips	: 6429.45
TLB size	: 1024 4K pages
clflush size	: 64
cache_alignment	: 64
address sizes	: 48 bits physical, 48 bits virtual
power management: ts ttp tm stc 100mhzsteps hwpstate

processor	: 1
vendor_id	: AuthenticAMD
cpu family	: 16
model		: 5
model name	: AMD Athlon(tm) II X3 450 Processor
stepping	: 3
cpu MHz		: 800.000
cache size	: 512 KB
physical id	: 0
siblings	: 3
core id		: 1
cpu cores	: 3
apicid		: 1
initial apicid	: 1
fpu		: yes
fpu_exception	: yes
cpuid level	: 5
wp		: yes
flags		: fpu vme de pse tsc msr pae mce cx8 apic sep mtrr pge mca cmov pat pse36 clflush mmx fxsr sse sse2 ht syscall nx mmxext fxsr_opt pdpe1gb rdtscp lm 3dnowext 3dnow constant_tsc rep_good nopl nonstop_tsc extd_apicid pni monitor cx16 popcnt lahf_lm cmp_legacy svm extapic cr8_legacy abm sse4a misalignsse 3dnowprefetch osvw ibs skinit wdt npt lbrv svm_lock nrip_save
bogomips	: 6428.92
TLB size	: 1024 4K pages
clflush size	: 64
cache_alignment	: 64
address sizes	: 48 bits physical, 48 bits virtual
power management: ts ttp tm stc 100mhzsteps hwpstate

processor	: 2
vendor_id	: AuthenticAMD
cpu family	: 16
model		: 5
model name	: AMD Athlon(tm) II X3 450 Processor
stepping	: 3
cpu MHz		: 800.000
cache size	: 512 KB
physical id	: 0
siblings	: 3
core id		: 2
cpu cores	: 3
apicid		: 2
initial apicid	: 2
fpu		: yes
fpu_exception	: yes
cpuid level	: 5
wp		: yes
flags		: fpu vme de pse tsc msr pae mce cx8 apic sep mtrr pge mca cmov pat pse36 clflush mmx fxsr sse sse2 ht syscall nx mmxext fxsr_opt pdpe1gb rdtscp lm 3dnowext 3dnow constant_tsc rep_good nopl nonstop_tsc extd_apicid pni monitor cx16 popcnt lahf_lm cmp_legacy svm extapic cr8_legacy abm sse4a misalignsse 3dnowprefetch osvw ibs skinit wdt npt lbrv svm_lock nrip_save
bogomips	: 6428.93
TLB size	: 1024 4K pages
clflush size	: 64
cache_alignment	: 64
address sizes	: 48 bits physical, 48 bits virtual
power management: ts ttp tm stc 100mhzsteps hwpstate



Memory: 4k page, physical 8192576k(54148k free), swap 8384508k(8321996k free)

vm_info: Java HotSpot(TM) 64-Bit Server VM (23.5-b02) for linux-amd64 JRE (1.7.0_09-b05), built on Sep 24 2012 20:07:15 by "java_re" with gcc 4.3.0 20080428 (Red Hat 4.3.0-8)

time: Sun Mar 10 14:09:59 2013
elapsed time: 1 seconds

