#
# A fatal error has been detected by the Java Runtime Environment:
#
#  SIGSEGV (0xb) at pc=0x00007f2116f9ee10, pid=23611, tid=139780443703040
#
# JRE version: 7.0_17-b02
# Java VM: Java HotSpot(TM) 64-Bit Server VM (23.7-b01 mixed mode linux-amd64 compressed oops)
# Problematic frame:
# C  [libnvidia-glcore.so.270.41.06+0x10f9e10]  _nv005glcore+0x1d0d70
#
# Failed to write core dump. Core dumps have been disabled. To enable core dumping, try "ulimit -c unlimited" before starting Java again
#
# If you would like to submit a bug report, please visit:
#   http://bugreport.sun.com/bugreport/crash.jsp
# The crash happened outside the Java Virtual Machine in native code.
# See problematic frame for where to report the bug.
#

---------------  T H R E A D  ---------------

Current thread (0x0000000000ad3000):  JavaThread "main" [_thread_in_native, id=23616, stack(0x00007f212ba18000,0x00007f212bb19000)]

siginfo:si_signo=SIGSEGV: si_errno=0, si_code=1 (SEGV_MAPERR), si_addr=0x0000000000000000

Registers:
RAX=0x0000000000000000, RBX=0x00007f2118595d10, RCX=0x0000000000000000, RDX=0x0000000000000000
RSP=0x00007f212bb175a0, RBP=0x0000000000000001, RSI=0x00000000ffffffff, RDI=0x00007f21182abc00
R8 =0x0000000000000001, R9 =0x0000000000000000, R10=0x0000000000000001, R11=0x00007f2116c68940
R12=0x00007f21182abc00, R13=0x0000000000000000, R14=0x0000000041834000, R15=0x0000000000000000
RIP=0x00007f2116f9ee10, EFLAGS=0x0000000000010202, CSGSFS=0x0000000000000033, ERR=0x0000000000000006
  TRAPNO=0x000000000000000e

Top of Stack: (sp=0x00007f212bb175a0)
0x00007f212bb175a0:   0000000325f18410 0000000000000001
0x00007f212bb175b0:   000000003f800000 0000000000000001
0x00007f212bb175c0:   0000000000000000 0000000000000001
0x00007f212bb175d0:   0000000000000003 00007f2116b8a1f6
0x00007f212bb175e0:   00007f212bb17830 0000000041834000
0x00007f212bb175f0:   00007f2118595d10 0000000041834000
0x00007f212bb17600:   00007f2118581b40 0000000000000001
0x00007f212bb17610:   0000000000000001 0000000000000000
0x00007f212bb17620:   00007f2118592250 00007f2116b8a86e
0x00007f212bb17630:   0000000000000001 0000000000000001
0x00007f212bb17640:   0000000700000000 0000000000000000
0x00007f212bb17650:   000000003f800000 0000000000000000
0x00007f212bb17660:   00007f2117adc160 0000000041834000
0x00007f212bb17670:   000000077e25af18 00007f212bb17770
0x00007f212bb17680:   0000000000ad3000 00007f2116b8d527
0x00007f212bb17690:   0000000000000001 00007f2100000000
0x00007f212bb176a0:   00007f212bb17708 3f80000025f19333
0x00007f212bb176b0:   000000077e25af18 00007f212bb17738
0x00007f212bb176c0:   0000000000000000 00007f2125f24f90
0x00007f212bb176d0:   000000077e0e0af0 00007f212bb17718
0x00007f212bb176e0:   000000077e0e2368 0000000000000000
0x00007f212bb176f0:   000000077e0e0b18 00007f212bb176f8
0x00007f212bb17700:   0000000000000000 00007f212bb17770
0x00007f212bb17710:   000000077e2649b0 0000000000000000
0x00007f212bb17720:   000000077e25af18 0000000000000000
0x00007f212bb17730:   00007f212bb17758 00007f212bb177b8
0x00007f212bb17740:   00007f2125f19158 00000007d6ab1308
0x00007f212bb17750:   00007f2125f21dd8 00007f2117fdf2c0
0x00007f212bb17760:   00007f2125f19158 00007f213f800000
0x00007f212bb17770:   0000000000000000 00007f212bb17778
0x00007f212bb17780:   000000077e25ae08 00007f212bb177e8
0x00007f212bb17790:   000000077e2649b0 0000000000000000 

Instructions: (pc=0x00007f2116f9ee10)
0x00007f2116f9edf0:   14 c5 00 00 00 00 48 c1 e0 05 48 29 d0 48 8d 44
0x00007f2116f9ee00:   01 10 49 3b 44 24 70 0f 83 ad 00 00 00 49 63 c7
0x00007f2116f9ee10:   c7 01 e0 08 03 20 c7 41 04 00 41 00 00 49 8d 84
0x00007f2116f9ee20:   c4 b0 86 07 00 85 ed 48 8d 71 10 8b 50 0c 89 51 

Register to memory mapping:

RAX=0x0000000000000000 is an unknown value
RBX=0x00007f2118595d10 is an unknown value
RCX=0x0000000000000000 is an unknown value
RDX=0x0000000000000000 is an unknown value
RSP=0x00007f212bb175a0 is pointing into the stack for thread: 0x0000000000ad3000
RBP=0x0000000000000001 is an unknown value
RSI=0x00000000ffffffff is an unknown value
RDI=0x00007f21182abc00 is an unknown value
R8 =0x0000000000000001 is an unknown value
R9 =0x0000000000000000 is an unknown value
R10=0x0000000000000001 is an unknown value
R11=0x00007f2116c68940: <offset 0xdc3940> in /usr/lib/nvidia-current/libnvidia-glcore.so.270.41.06 at 0x00007f2115ea5000
R12=0x00007f21182abc00 is an unknown value
R13=0x0000000000000000 is an unknown value
R14=0x0000000041834000 is an unknown value
R15=0x0000000000000000 is an unknown value


Stack: [0x00007f212ba18000,0x00007f212bb19000],  sp=0x00007f212bb175a0,  free space=1021k
Native frames: (J=compiled Java code, j=interpreted, Vv=VM code, C=native code)
C  [libnvidia-glcore.so.270.41.06+0x10f9e10]  _nv005glcore+0x1d0d70

Java frames: (J=compiled Java code, j=interpreted, Vv=VM code)
j  org.lwjgl.opengl.GL20.nglUniform1f(IFJ)V+0
j  org.lwjgl.opengl.GL20.glUniform1f(IF)V+16
j  display.FragChangeColor04.init()V+323
j  display.LWJGLWindow.start(II)V+117
j  display.LWJGLWindow.start()V+7
j  display.LevelMaker.main([Ljava/lang/String;)V+12
v  ~StubRoutines::call_stub

---------------  P R O C E S S  ---------------

Java Threads: ( => current thread )
  0x00007f211813a000 JavaThread "process reaper" daemon [_thread_blocked, id=23631, stack(0x00007f211e0fd000,0x00007f211e125000)]
  0x00007f2118123000 JavaThread "AWT-XAWT" daemon [_thread_in_native, id=23629, stack(0x00007f211c959000,0x00007f211ca5a000)]
  0x00007f21180ee000 JavaThread "Java2D Disposer" daemon [_thread_blocked, id=23628, stack(0x00007f211ce6a000,0x00007f211cf6b000)]
  0x00007f2118006800 JavaThread "Service Thread" daemon [_thread_blocked, id=23626, stack(0x00007f211e75b000,0x00007f211e85c000)]
  0x00007f2118004000 JavaThread "C2 CompilerThread1" daemon [_thread_blocked, id=23625, stack(0x00007f211e85c000,0x00007f211e95d000)]
  0x00007f2118001000 JavaThread "C2 CompilerThread0" daemon [_thread_blocked, id=23624, stack(0x00007f211e95d000,0x00007f211ea5e000)]
  0x0000000000bb6800 JavaThread "Signal Dispatcher" daemon [_thread_blocked, id=23623, stack(0x00007f211ea5e000,0x00007f211eb5f000)]
  0x0000000000b64000 JavaThread "Finalizer" daemon [_thread_blocked, id=23622, stack(0x00007f211f1e9000,0x00007f211f2ea000)]
  0x0000000000b61800 JavaThread "Reference Handler" daemon [_thread_blocked, id=23621, stack(0x00007f211f2ea000,0x00007f211f3eb000)]
=>0x0000000000ad3000 JavaThread "main" [_thread_in_native, id=23616, stack(0x00007f212ba18000,0x00007f212bb19000)]

Other Threads:
  0x0000000000b5a000 VMThread [stack: 0x00007f211f3eb000,0x00007f211f4ec000] [id=23620]
  0x00007f2118011000 WatcherThread [stack: 0x00007f211e65a000,0x00007f211e75b000] [id=23627]

VM state:not at safepoint (normal execution)

VM Mutex/Monitor currently owned by a thread: None

Heap
 PSYoungGen      total 37376K, used 6737K [0x00000007d64b0000, 0x00000007d8e60000, 0x0000000800000000)
  eden space 32064K, 21% used [0x00000007d64b0000,0x00000007d6b44420,0x00000007d8400000)
  from space 5312K, 0% used [0x00000007d8930000,0x00000007d8930000,0x00000007d8e60000)
  to   space 5312K, 0% used [0x00000007d8400000,0x00000007d8400000,0x00000007d8930000)
 ParOldGen       total 85376K, used 0K [0x0000000782e00000, 0x0000000788160000, 0x00000007d64b0000)
  object space 85376K, 0% used [0x0000000782e00000,0x0000000782e00000,0x0000000788160000)
 PSPermGen       total 21248K, used 6557K [0x000000077dc00000, 0x000000077f0c0000, 0x0000000782e00000)
  object space 21248K, 30% used [0x000000077dc00000,0x000000077e267450,0x000000077f0c0000)

Card table byte_map: [0x00007f2125b00000,0x00007f2125f13000] byte_map_base: 0x00007f2121f12000

Polling page: 0x00007f212bb44000

Code Cache  [0x00007f2125f13000, 0x00007f2126183000, 0x00007f2128f13000)
 total_blobs=431 nmethods=22 adapters=362 free_code_cache=48621Kb largest_free_block=49774016

Compilation events (10 events):
Event: 0.932 Thread 0x00007f2118004000   17             java.nio.Buffer::nextGetIndex (31 bytes)
Event: 0.932 Thread 0x00007f2118004000 nmethod 17 0x00007f2125f92a90 code [0x00007f2125f92bc0, 0x00007f2125f92c38]
Event: 0.932 Thread 0x00007f2118004000   18             org.lwjgl.MemoryUtil$CharSequenceNT::charAt (28 bytes)
Event: 0.938 Thread 0x00007f2118004000 nmethod 18 0x00007f2125f907d0 code [0x00007f2125f90920, 0x00007f2125f90a18]
Event: 0.938 Thread 0x00007f2118004000   19             java.nio.DirectByteBuffer::put (17 bytes)
Event: 0.939 Thread 0x00007f2118004000 nmethod 19 0x00007f2125f921d0 code [0x00007f2125f92300, 0x00007f2125f92398]
Event: 0.939 Thread 0x00007f2118004000   20             java.nio.Buffer::nextPutIndex (31 bytes)
Event: 0.940 Thread 0x00007f2118004000 nmethod 20 0x00007f2125f91f90 code [0x00007f2125f920c0, 0x00007f2125f92138]
Event: 0.942 Thread 0x00007f2118001000 nmethod 14 0x00007f2125f97090 code [0x00007f2125f97260, 0x00007f2125f977c0]
Event: 1.316 Thread 0x00007f2118004000   22             java.lang.String::startsWith (72 bytes)

GC Heap History (0 events):
No events

Deoptimization events (0 events):
No events

Internal exceptions (10 events):
Event: 1.292 Thread 0x0000000000ad3000 Threw 0x00000007d6a66428 at /HUDSON/workspace/jdk7u17-2-build-linux-amd64-product/jdk7u17/hotspot/src/share/vm/prims/jvm.cpp:1166
Event: 1.292 Thread 0x0000000000ad3000 Threw 0x00000007d6a68688 at /HUDSON/workspace/jdk7u17-2-build-linux-amd64-product/jdk7u17/hotspot/src/share/vm/prims/jvm.cpp:1166
Event: 1.293 Thread 0x0000000000ad3000 Threw 0x00000007d6a6a860 at /HUDSON/workspace/jdk7u17-2-build-linux-amd64-product/jdk7u17/hotspot/src/share/vm/prims/jvm.cpp:1166
Event: 1.295 Thread 0x0000000000ad3000 Threw 0x00000007d6a73188 at /HUDSON/workspace/jdk7u17-2-build-linux-amd64-product/jdk7u17/hotspot/src/share/vm/prims/jvm.cpp:1166
Event: 1.301 Thread 0x0000000000ad3000 Threw 0x00000007d6a94eb0 at /HUDSON/workspace/jdk7u17-2-build-linux-amd64-product/jdk7u17/hotspot/src/share/vm/prims/jvm.cpp:1166
Event: 1.302 Thread 0x0000000000ad3000 Threw 0x00000007d6a97368 at /HUDSON/workspace/jdk7u17-2-build-linux-amd64-product/jdk7u17/hotspot/src/share/vm/prims/jvm.cpp:1166
Event: 1.302 Thread 0x0000000000ad3000 Threw 0x00000007d6a99308 at /HUDSON/workspace/jdk7u17-2-build-linux-amd64-product/jdk7u17/hotspot/src/share/vm/prims/jvm.cpp:1166
Event: 1.303 Thread 0x0000000000ad3000 Threw 0x00000007d6a9b158 at /HUDSON/workspace/jdk7u17-2-build-linux-amd64-product/jdk7u17/hotspot/src/share/vm/prims/jvm.cpp:1166
Event: 1.323 Thread 0x0000000000ad3000 Threw 0x00000007d6adbb40 at /HUDSON/workspace/jdk7u17-2-build-linux-amd64-product/jdk7u17/hotspot/src/share/vm/prims/jvm.cpp:1166
Event: 1.324 Thread 0x0000000000ad3000 Threw 0x00000007d6add3b0 at /HUDSON/workspace/jdk7u17-2-build-linux-amd64-product/jdk7u17/hotspot/src/share/vm/prims/jvm.cpp:1166

Events (10 events):
Event: 1.301 loading class 0x00007f21183d4ab0
Event: 1.301 loading class 0x00007f21183d4ab0 done
Event: 1.302 loading class 0x00007f21183d5f50
Event: 1.302 loading class 0x00007f21183d5f50 done
Event: 1.303 loading class 0x00007f2118020800
Event: 1.303 loading class 0x00007f2118020800 done
Event: 1.323 loading class 0x00007f2118020640
Event: 1.323 loading class 0x00007f2118020640 done
Event: 1.324 loading class 0x00007f211837c710
Event: 1.324 loading class 0x00007f211837c710 done


Dynamic libraries:
00400000-00401000 r-xp 00000000 08:05 6034666                            /usr/lib/jvm/java-7-oracle/bin/java
00600000-00601000 rw-p 00000000 08:05 6034666                            /usr/lib/jvm/java-7-oracle/bin/java
00ac9000-00de4000 rw-p 00000000 00:00 0                                  [heap]
41834000-418ab000 rw-p 00000000 00:00 0 
41e48000-41e4a000 r-xs 00000000 08:05 4627025                            /tmp/glmj2z8C (deleted)
77dc00000-77f0c0000 rw-p 00000000 00:00 0 
77f0c0000-782e00000 rw-p 00000000 00:00 0 
782e00000-788160000 rw-p 00000000 00:00 0 
788160000-7d64b0000 rw-p 00000000 00:00 0 
7d64b0000-7d8e60000 rw-p 00000000 00:00 0 
7d8e60000-800000000 rw-p 00000000 00:00 0 
7f2115b56000-7f2115d56000 rw-s 1eb9e000 00:05 10304                      /dev/nvidia0
7f2115d56000-7f2115d58000 rw-s 00000000 08:05 4627025                    /tmp/glmj2z8C (deleted)
7f2115d58000-7f2115d5b000 r--s 000f7000 08:05 6037708                    /usr/lib/jvm/java-7-oracle/jre/lib/ext/localedata.jar
7f2115d5b000-7f2115e24000 rw-p 00000000 00:00 0 
7f2115e24000-7f2115e71000 rw-p 00000000 00:00 0 
7f2115ea5000-7f21172f3000 r-xp 00000000 08:05 6032921                    /usr/lib/nvidia-current/libnvidia-glcore.so.270.41.06
7f21172f3000-7f21174f3000 ---p 0144e000 08:05 6032921                    /usr/lib/nvidia-current/libnvidia-glcore.so.270.41.06
7f21174f3000-7f2117adb000 rwxp 0144e000 08:05 6032921                    /usr/lib/nvidia-current/libnvidia-glcore.so.270.41.06
7f2117adb000-7f2117af2000 rwxp 00000000 00:00 0 
7f2117af2000-7f2117af3000 r-xp 00000000 08:05 6032924                    /usr/lib/nvidia-current/tls/libnvidia-tls.so.270.41.06
7f2117af3000-7f2117cf3000 ---p 00001000 08:05 6032924                    /usr/lib/nvidia-current/tls/libnvidia-tls.so.270.41.06
7f2117cf3000-7f2117cf4000 rw-p 00001000 08:05 6032924                    /usr/lib/nvidia-current/tls/libnvidia-tls.so.270.41.06
7f2117cf4000-7f2117db1000 r-xp 00000000 08:05 6032925                    /usr/lib/nvidia-current/libGL.so.270.41.06
7f2117db1000-7f2117fb1000 ---p 000bd000 08:05 6032925                    /usr/lib/nvidia-current/libGL.so.270.41.06
7f2117fb1000-7f2117fea000 rwxp 000bd000 08:05 6032925                    /usr/lib/nvidia-current/libGL.so.270.41.06
7f2117fea000-7f2118000000 rwxp 00000000 00:00 0 
7f2118000000-7f21186a4000 rw-p 00000000 00:00 0 
7f21186a4000-7f211c000000 ---p 00000000 00:00 0 
7f211c08a000-7f211c0a5000 rw-s 101a60000 00:05 10304                     /dev/nvidia0
7f211c0a5000-7f211c0dc000 rw-p 00000000 00:00 0 
7f211c0dc000-7f211c0e1000 r-xp 00000000 08:05 6038842                    /usr/lib/x86_64-linux-gnu/libXxf86vm.so.1.0.0
7f211c0e1000-7f211c2e0000 ---p 00005000 08:05 6038842                    /usr/lib/x86_64-linux-gnu/libXxf86vm.so.1.0.0
7f211c2e0000-7f211c2e1000 r--p 00004000 08:05 6038842                    /usr/lib/x86_64-linux-gnu/libXxf86vm.so.1.0.0
7f211c2e1000-7f211c2e2000 rw-p 00005000 08:05 6038842                    /usr/lib/x86_64-linux-gnu/libXxf86vm.so.1.0.0
7f211c2e2000-7f211c2ea000 r-xp 00000000 08:05 6038836                    /usr/lib/x86_64-linux-gnu/libXrandr.so.2.2.0
7f211c2ea000-7f211c4e9000 ---p 00008000 08:05 6038836                    /usr/lib/x86_64-linux-gnu/libXrandr.so.2.2.0
7f211c4e9000-7f211c4ea000 r--p 00007000 08:05 6038836                    /usr/lib/x86_64-linux-gnu/libXrandr.so.2.2.0
7f211c4ea000-7f211c4eb000 rw-p 00008000 08:05 6038836                    /usr/lib/x86_64-linux-gnu/libXrandr.so.2.2.0
7f211c4eb000-7f211c555000 r-xp 00000000 00:15 4589809                    /home/skel/code/lwjgl/lwjgl-2.8.5/native/linux/liblwjgl64.so
7f211c555000-7f211c755000 ---p 0006a000 00:15 4589809                    /home/skel/code/lwjgl/lwjgl-2.8.5/native/linux/liblwjgl64.so
7f211c755000-7f211c757000 r--p 0006a000 00:15 4589809                    /home/skel/code/lwjgl/lwjgl-2.8.5/native/linux/liblwjgl64.so
7f211c757000-7f211c758000 rw-p 0006c000 00:15 4589809                    /home/skel/code/lwjgl/lwjgl-2.8.5/native/linux/liblwjgl64.so
7f211c758000-7f211c759000 r-xp 00000000 08:05 6039238                    /usr/lib/jvm/java-7-oracle/jre/lib/amd64/libjawt.so
7f211c759000-7f211c958000 ---p 00001000 08:05 6039238                    /usr/lib/jvm/java-7-oracle/jre/lib/amd64/libjawt.so
7f211c958000-7f211c959000 rw-p 00000000 08:05 6039238                    /usr/lib/jvm/java-7-oracle/jre/lib/amd64/libjawt.so
7f211c959000-7f211c95c000 ---p 00000000 00:00 0 
7f211c95c000-7f211ca5a000 rw-p 00000000 00:00 0 
7f211ca5a000-7f211ca5f000 r-xp 00000000 08:05 6038828                    /usr/lib/x86_64-linux-gnu/libXfixes.so.3.1.0
7f211ca5f000-7f211cc5e000 ---p 00005000 08:05 6038828                    /usr/lib/x86_64-linux-gnu/libXfixes.so.3.1.0
7f211cc5e000-7f211cc5f000 r--p 00004000 08:05 6038828                    /usr/lib/x86_64-linux-gnu/libXfixes.so.3.1.0
7f211cc5f000-7f211cc60000 rw-p 00005000 08:05 6038828                    /usr/lib/x86_64-linux-gnu/libXfixes.so.3.1.0
7f211cc60000-7f211cc69000 r-xp 00000000 08:05 6038818                    /usr/lib/x86_64-linux-gnu/libXcursor.so.1.0.2
7f211cc69000-7f211ce68000 ---p 00009000 08:05 6038818                    /usr/lib/x86_64-linux-gnu/libXcursor.so.1.0.2
7f211ce68000-7f211ce69000 r--p 00008000 08:05 6038818                    /usr/lib/x86_64-linux-gnu/libXcursor.so.1.0.2
7f211ce69000-7f211ce6a000 rw-p 00009000 08:05 6038818                    /usr/lib/x86_64-linux-gnu/libXcursor.so.1.0.2
7f211ce6a000-7f211ce6d000 ---p 00000000 00:00 0 
7f211ce6d000-7f211cf6b000 rw-p 00000000 00:00 0 
7f211cf6b000-7f211cf70000 r-xp 00000000 08:05 6038824                    /usr/lib/x86_64-linux-gnu/libXdmcp.so.6.0.0
7f211cf70000-7f211d16f000 ---p 00005000 08:05 6038824                    /usr/lib/x86_64-linux-gnu/libXdmcp.so.6.0.0
7f211d16f000-7f211d170000 r--p 00004000 08:05 6038824                    /usr/lib/x86_64-linux-gnu/libXdmcp.so.6.0.0
7f211d170000-7f211d171000 rw-p 00005000 08:05 6038824                    /usr/lib/x86_64-linux-gnu/libXdmcp.so.6.0.0
7f211d171000-7f211d173000 r-xp 00000000 08:05 6038814                    /usr/lib/x86_64-linux-gnu/libXau.so.6.0.0
7f211d173000-7f211d372000 ---p 00002000 08:05 6038814                    /usr/lib/x86_64-linux-gnu/libXau.so.6.0.0
7f211d372000-7f211d373000 r--p 00001000 08:05 6038814                    /usr/lib/x86_64-linux-gnu/libXau.so.6.0.0
7f211d373000-7f211d374000 rw-p 00002000 08:05 6038814                    /usr/lib/x86_64-linux-gnu/libXau.so.6.0.0
7f211d374000-7f211d38f000 r-xp 00000000 08:05 6038970                    /usr/lib/x86_64-linux-gnu/libxcb.so.1.1.0
7f211d38f000-7f211d58e000 ---p 0001b000 08:05 6038970                    /usr/lib/x86_64-linux-gnu/libxcb.so.1.1.0
7f211d58e000-7f211d58f000 r--p 0001a000 08:05 6038970                    /usr/lib/x86_64-linux-gnu/libxcb.so.1.1.0
7f211d58f000-7f211d590000 rw-p 0001b000 08:05 6038970                    /usr/lib/x86_64-linux-gnu/libxcb.so.1.1.0
7f211d590000-7f211d59f000 r-xp 00000000 08:05 6038832                    /usr/lib/x86_64-linux-gnu/libXi.so.6.1.0
7f211d59f000-7f211d79e000 ---p 0000f000 08:05 6038832                    /usr/lib/x86_64-linux-gnu/libXi.so.6.1.0
7f211d79e000-7f211d79f000 r--p 0000e000 08:05 6038832                    /usr/lib/x86_64-linux-gnu/libXi.so.6.1.0
7f211d79f000-7f211d7a0000 rw-p 0000f000 08:05 6038832                    /usr/lib/x86_64-linux-gnu/libXi.so.6.1.0
7f211d7a0000-7f211d7a5000 r-xp 00000000 08:05 6033420                    /usr/lib/libXtst.so.6.1.0
7f211d7a5000-7f211d9a4000 ---p 00005000 08:05 6033420                    /usr/lib/libXtst.so.6.1.0
7f211d9a4000-7f211d9a5000 r--p 00004000 08:05 6033420                    /usr/lib/libXtst.so.6.1.0
7f211d9a5000-7f211d9a6000 rw-p 00005000 08:05 6033420                    /usr/lib/libXtst.so.6.1.0
7f211d9a6000-7f211d9af000 r-xp 00000000 08:05 6038838                    /usr/lib/x86_64-linux-gnu/libXrender.so.1.3.0
7f211d9af000-7f211dbaf000 ---p 00009000 08:05 6038838                    /usr/lib/x86_64-linux-gnu/libXrender.so.1.3.0
7f211dbaf000-7f211dbb0000 r--p 00009000 08:05 6038838                    /usr/lib/x86_64-linux-gnu/libXrender.so.1.3.0
7f211dbb0000-7f211dbb1000 rw-p 0000a000 08:05 6038838                    /usr/lib/x86_64-linux-gnu/libXrender.so.1.3.0
7f211dbb1000-7f211dce6000 r-xp 00000000 08:05 6038810                    /usr/lib/x86_64-linux-gnu/libX11.so.6.3.0
7f211dce6000-7f211dee6000 ---p 00135000 08:05 6038810                    /usr/lib/x86_64-linux-gnu/libX11.so.6.3.0
7f211dee6000-7f211dee7000 r--p 00135000 08:05 6038810                    /usr/lib/x86_64-linux-gnu/libX11.so.6.3.0
7f211dee7000-7f211deeb000 rw-p 00136000 08:05 6038810                    /usr/lib/x86_64-linux-gnu/libX11.so.6.3.0
7f211deeb000-7f211defc000 r-xp 00000000 08:05 6038826                    /usr/lib/x86_64-linux-gnu/libXext.so.6.4.0
7f211defc000-7f211e0fb000 ---p 00011000 08:05 6038826                    /usr/lib/x86_64-linux-gnu/libXext.so.6.4.0
7f211e0fb000-7f211e0fc000 r--p 00010000 08:05 6038826                    /usr/lib/x86_64-linux-gnu/libXext.so.6.4.0
7f211e0fc000-7f211e0fd000 rw-p 00011000 08:05 6038826                    /usr/lib/x86_64-linux-gnu/libXext.so.6.4.0
7f211e0fd000-7f211e100000 ---p 00000000 00:00 0 
7f211e100000-7f211e125000 rw-p 00000000 00:00 0 
7f211e125000-7f211e175000 r-xp 00000000 08:05 6039007                    /usr/lib/jvm/java-7-oracle/jre/lib/amd64/xawt/libmawt.so
7f211e175000-7f211e375000 ---p 00050000 08:05 6039007                    /usr/lib/jvm/java-7-oracle/jre/lib/amd64/xawt/libmawt.so
7f211e375000-7f211e379000 rw-p 00050000 08:05 6039007                    /usr/lib/jvm/java-7-oracle/jre/lib/amd64/xawt/libmawt.so
7f211e379000-7f211e37a000 rw-p 00000000 00:00 0 
7f211e37a000-7f211e41c000 r-xp 00000000 08:05 6039004                    /usr/lib/jvm/java-7-oracle/jre/lib/amd64/libawt.so
7f211e41c000-7f211e61c000 ---p 000a2000 08:05 6039004                    /usr/lib/jvm/java-7-oracle/jre/lib/amd64/libawt.so
7f211e61c000-7f211e628000 rw-p 000a2000 08:05 6039004                    /usr/lib/jvm/java-7-oracle/jre/lib/amd64/libawt.so
7f211e628000-7f211e64c000 rw-p 00000000 00:00 0 
7f211e64c000-7f211e65a000 r--s 000e3000 00:15 4589791                    /home/skel/code/lwjgl/lwjgl-2.8.5/jar/lwjgl.jar
7f211e65a000-7f211e65b000 ---p 00000000 00:00 0 
7f211e65b000-7f211e75b000 rw-p 00000000 00:00 0 
7f211e75b000-7f211e75e000 ---p 00000000 00:00 0 
7f211e75e000-7f211e85c000 rw-p 00000000 00:00 0 
7f211e85c000-7f211e85f000 ---p 00000000 00:00 0 
7f211e85f000-7f211e95d000 rw-p 00000000 00:00 0 
7f211e95d000-7f211e960000 ---p 00000000 00:00 0 
7f211e960000-7f211ea5e000 rw-p 00000000 00:00 0 
7f211ea5e000-7f211ea61000 ---p 00000000 00:00 0 
7f211ea61000-7f211eb5f000 rw-p 00000000 00:00 0 
7f211eb5f000-7f211f1e9000 r--p 00000000 08:05 6037607                    /usr/lib/locale/locale-archive
7f211f1e9000-7f211f1ec000 ---p 00000000 00:00 0 
7f211f1ec000-7f211f2ea000 rw-p 00000000 00:00 0 
7f211f2ea000-7f211f2ed000 ---p 00000000 00:00 0 
7f211f2ed000-7f211f3eb000 rw-p 00000000 00:00 0 
7f211f3eb000-7f211f3ec000 ---p 00000000 00:00 0 
7f211f3ec000-7f21201ec000 rw-p 00000000 00:00 0 
7f21201ec000-7f21203a8000 r--s 039dc000 08:05 6044605                    /usr/lib/jvm/java-7-oracle/jre/lib/rt.jar
7f21203a8000-7f2125538000 rw-p 00000000 00:00 0 
7f2125538000-7f2125539000 ---p 00000000 00:00 0 
7f2125539000-7f2125639000 rw-p 00000000 00:00 0 
7f2125639000-7f212563a000 ---p 00000000 00:00 0 
7f212563a000-7f212573a000 rw-p 00000000 00:00 0 
7f212573a000-7f212573b000 ---p 00000000 00:00 0 
7f212573b000-7f2125846000 rw-p 00000000 00:00 0 
7f2125846000-7f2125864000 rw-p 00000000 00:00 0 
7f2125864000-7f212588e000 rw-p 00000000 00:00 0 
7f212588e000-7f2125b00000 rw-p 00000000 00:00 0 
7f2125b00000-7f2125b0b000 rw-p 00000000 00:00 0 
7f2125b0b000-7f2125b29000 rw-p 00000000 00:00 0 
7f2125b29000-7f2125b53000 rw-p 00000000 00:00 0 
7f2125b53000-7f2125dc4000 rw-p 00000000 00:00 0 
7f2125dc4000-7f2125dda000 rw-p 00000000 00:00 0 
7f2125dda000-7f2125f12000 rw-p 00000000 00:00 0 
7f2125f12000-7f2125f13000 rw-p 00000000 00:00 0 
7f2125f13000-7f2126183000 rwxp 00000000 00:00 0 
7f2126183000-7f2128f13000 rw-p 00000000 00:00 0 
7f2128f13000-7f2128f2d000 r-xp 00000000 08:05 6038770                    /usr/lib/jvm/java-7-oracle/jre/lib/amd64/libzip.so
7f2128f2d000-7f212912d000 ---p 0001a000 08:05 6038770                    /usr/lib/jvm/java-7-oracle/jre/lib/amd64/libzip.so
7f212912d000-7f212912e000 rw-p 0001a000 08:05 6038770                    /usr/lib/jvm/java-7-oracle/jre/lib/amd64/libzip.so
7f212912e000-7f212913a000 r-xp 00000000 08:05 7608085                    /lib/x86_64-linux-gnu/libnss_files-2.13.so
7f212913a000-7f2129339000 ---p 0000c000 08:05 7608085                    /lib/x86_64-linux-gnu/libnss_files-2.13.so
7f2129339000-7f212933a000 r--p 0000b000 08:05 7608085                    /lib/x86_64-linux-gnu/libnss_files-2.13.so
7f212933a000-7f212933b000 rw-p 0000c000 08:05 7608085                    /lib/x86_64-linux-gnu/libnss_files-2.13.so
7f212933b000-7f2129346000 r-xp 00000000 08:05 7607798                    /lib/x86_64-linux-gnu/libnss_nis-2.13.so
7f2129346000-7f2129545000 ---p 0000b000 08:05 7607798                    /lib/x86_64-linux-gnu/libnss_nis-2.13.so
7f2129545000-7f2129546000 r--p 0000a000 08:05 7607798                    /lib/x86_64-linux-gnu/libnss_nis-2.13.so
7f2129546000-7f2129547000 rw-p 0000b000 08:05 7607798                    /lib/x86_64-linux-gnu/libnss_nis-2.13.so
7f2129547000-7f212955e000 r-xp 00000000 08:05 7608087                    /lib/x86_64-linux-gnu/libnsl-2.13.so
7f212955e000-7f212975d000 ---p 00017000 08:05 7608087                    /lib/x86_64-linux-gnu/libnsl-2.13.so
7f212975d000-7f212975e000 r--p 00016000 08:05 7608087                    /lib/x86_64-linux-gnu/libnsl-2.13.so
7f212975e000-7f212975f000 rw-p 00017000 08:05 7608087                    /lib/x86_64-linux-gnu/libnsl-2.13.so
7f212975f000-7f2129761000 rw-p 00000000 00:00 0 
7f2129761000-7f2129769000 r-xp 00000000 08:05 7608084                    /lib/x86_64-linux-gnu/libnss_compat-2.13.so
7f2129769000-7f2129968000 ---p 00008000 08:05 7608084                    /lib/x86_64-linux-gnu/libnss_compat-2.13.so
7f2129968000-7f2129969000 r--p 00007000 08:05 7608084                    /lib/x86_64-linux-gnu/libnss_compat-2.13.so
7f2129969000-7f212996a000 rw-p 00008000 08:05 7608084                    /lib/x86_64-linux-gnu/libnss_compat-2.13.so
7f212996a000-7f2129993000 r-xp 00000000 08:05 6039003                    /usr/lib/jvm/java-7-oracle/jre/lib/amd64/libjava.so
7f2129993000-7f2129b93000 ---p 00029000 08:05 6039003                    /usr/lib/jvm/java-7-oracle/jre/lib/amd64/libjava.so
7f2129b93000-7f2129b95000 rw-p 00029000 08:05 6039003                    /usr/lib/jvm/java-7-oracle/jre/lib/amd64/libjava.so
7f2129b95000-7f2129ba2000 r-xp 00000000 08:05 6038937                    /usr/lib/jvm/java-7-oracle/jre/lib/amd64/libverify.so
7f2129ba2000-7f2129da1000 ---p 0000d000 08:05 6038937                    /usr/lib/jvm/java-7-oracle/jre/lib/amd64/libverify.so
7f2129da1000-7f2129da3000 rw-p 0000c000 08:05 6038937                    /usr/lib/jvm/java-7-oracle/jre/lib/amd64/libverify.so
7f2129da3000-7f2129daa000 r-xp 00000000 08:05 7607790                    /lib/x86_64-linux-gnu/librt-2.13.so
7f2129daa000-7f2129fa9000 ---p 00007000 08:05 7607790                    /lib/x86_64-linux-gnu/librt-2.13.so
7f2129fa9000-7f2129faa000 r--p 00006000 08:05 7607790                    /lib/x86_64-linux-gnu/librt-2.13.so
7f2129faa000-7f2129fab000 rw-p 00007000 08:05 7607790                    /lib/x86_64-linux-gnu/librt-2.13.so
7f2129fab000-7f212a02f000 r-xp 00000000 08:05 7608082                    /lib/x86_64-linux-gnu/libm-2.13.so
7f212a02f000-7f212a22e000 ---p 00084000 08:05 7608082                    /lib/x86_64-linux-gnu/libm-2.13.so
7f212a22e000-7f212a22f000 r--p 00083000 08:05 7608082                    /lib/x86_64-linux-gnu/libm-2.13.so
7f212a22f000-7f212a230000 rw-p 00084000 08:05 7608082                    /lib/x86_64-linux-gnu/libm-2.13.so
7f212a230000-7f212ac77000 r-xp 00000000 08:05 6038760                    /usr/lib/jvm/java-7-oracle/jre/lib/amd64/server/libjvm.so
7f212ac77000-7f212ae77000 ---p 00a47000 08:05 6038760                    /usr/lib/jvm/java-7-oracle/jre/lib/amd64/server/libjvm.so
7f212ae77000-7f212af1a000 rw-p 00a47000 08:05 6038760                    /usr/lib/jvm/java-7-oracle/jre/lib/amd64/server/libjvm.so
7f212af1a000-7f212af56000 rw-p 00000000 00:00 0 
7f212af56000-7f212b0e3000 r-xp 00000000 08:05 7605972                    /lib/x86_64-linux-gnu/libc-2.13.so
7f212b0e3000-7f212b2e3000 ---p 0018d000 08:05 7605972                    /lib/x86_64-linux-gnu/libc-2.13.so
7f212b2e3000-7f212b2e7000 r--p 0018d000 08:05 7605972                    /lib/x86_64-linux-gnu/libc-2.13.so
7f212b2e7000-7f212b2e8000 rw-p 00191000 08:05 7605972                    /lib/x86_64-linux-gnu/libc-2.13.so
7f212b2e8000-7f212b2ee000 rw-p 00000000 00:00 0 
7f212b2ee000-7f212b2f0000 r-xp 00000000 08:05 7607795                    /lib/x86_64-linux-gnu/libdl-2.13.so
7f212b2f0000-7f212b4f0000 ---p 00002000 08:05 7607795                    /lib/x86_64-linux-gnu/libdl-2.13.so
7f212b4f0000-7f212b4f1000 r--p 00002000 08:05 7607795                    /lib/x86_64-linux-gnu/libdl-2.13.so
7f212b4f1000-7f212b4f2000 rw-p 00003000 08:05 7607795                    /lib/x86_64-linux-gnu/libdl-2.13.so
7f212b4f2000-7f212b508000 r-xp 00000000 08:05 6037809                    /usr/lib/jvm/java-7-oracle/jre/lib/amd64/jli/libjli.so
7f212b508000-7f212b708000 ---p 00016000 08:05 6037809                    /usr/lib/jvm/java-7-oracle/jre/lib/amd64/jli/libjli.so
7f212b708000-7f212b709000 rw-p 00016000 08:05 6037809                    /usr/lib/jvm/java-7-oracle/jre/lib/amd64/jli/libjli.so
7f212b709000-7f212b721000 r-xp 00000000 08:05 7608086                    /lib/x86_64-linux-gnu/libpthread-2.13.so
7f212b721000-7f212b921000 ---p 00018000 08:05 7608086                    /lib/x86_64-linux-gnu/libpthread-2.13.so
7f212b921000-7f212b922000 r--p 00018000 08:05 7608086                    /lib/x86_64-linux-gnu/libpthread-2.13.so
7f212b922000-7f212b923000 rw-p 00019000 08:05 7608086                    /lib/x86_64-linux-gnu/libpthread-2.13.so
7f212b923000-7f212b927000 rw-p 00000000 00:00 0 
7f212b927000-7f212b948000 r-xp 00000000 08:05 7608083                    /lib/x86_64-linux-gnu/ld-2.13.so
7f212b953000-7f212b957000 rw-s 1eefa000 00:05 10304                      /dev/nvidia0
7f212b958000-7f212b962000 rw-p 00000000 00:00 0 
7f212b962000-7f212ba18000 rw-p 00000000 00:00 0 
7f212ba18000-7f212ba1b000 ---p 00000000 00:00 0 
7f212ba1b000-7f212bb1d000 rw-p 00000000 00:00 0 
7f212bb1f000-7f212bb20000 rw-p 00000000 00:00 0 
7f212bb20000-7f212bb21000 rw-s fc060000 00:05 10304                      /dev/nvidia0
7f212bb21000-7f212bb22000 r--s 00005000 00:15 4626718                    /home/skel/code/json-simple-1.1.1.jar
7f212bb22000-7f212bb29000 r--s 00039000 00:15 4588115                    /home/skel/code/commons-codec-1.7/commons-codec-1.7.jar
7f212bb29000-7f212bb34000 r--s 00093000 00:15 4589134                    /home/skel/code/slick/slick.jar
7f212bb34000-7f212bb36000 r--s 00016000 00:15 4589119                    /home/skel/code/slick/slick-util.jar
7f212bb36000-7f212bb38000 r--s 0000d000 00:15 4589118                    /home/skel/code/slick/jorbis-0.0.15.jar
7f212bb38000-7f212bb39000 r--s 00001000 00:15 4589115                    /home/skel/code/slick/jogg-0.0.7.jar
7f212bb39000-7f212bb3b000 r--s 00008000 00:15 4589004                    /home/skel/code/slick/ibxm.jar
7f212bb3b000-7f212bb43000 rw-s 00000000 08:05 4627022                    /tmp/hsperfdata_skel/23611
7f212bb43000-7f212bb44000 rw-p 00000000 00:00 0 
7f212bb44000-7f212bb45000 r--p 00000000 00:00 0 
7f212bb45000-7f212bb47000 rw-p 00000000 00:00 0 
7f212bb47000-7f212bb48000 r--p 00020000 08:05 7608083                    /lib/x86_64-linux-gnu/ld-2.13.so
7f212bb48000-7f212bb4a000 rw-p 00021000 08:05 7608083                    /lib/x86_64-linux-gnu/ld-2.13.so
7fffc0780000-7fffc07a1000 rw-p 00000000 00:00 0                          [stack]
7fffc07ff000-7fffc0800000 r-xp 00000000 00:00 0                          [vdso]
ffffffffff600000-ffffffffff601000 r-xp 00000000 00:00 0                  [vsyscall]

VM Arguments:
jvm_args: -Djava.library.path=/home/skel/code/lwjgl/lwjgl-2.8.5/native/linux -Dfile.encoding=UTF-8 
java_command: display.LevelMaker
Launcher Type: SUN_STANDARD

Environment Variables:
PATH=/usr/local/sbin:/usr/local/bin:/usr/sbin:/usr/bin:/sbin:/bin:/usr/games
USERNAME=skel
LD_LIBRARY_PATH=/usr/lib/jvm/java-7-oracle/jre/lib/amd64/server:/usr/lib/jvm/java-7-oracle/jre/lib/amd64:/usr/lib/jvm/java-7-oracle/jre/../lib/amd64:/usr/lib/jvm/java-6-sun-1.6.0.26/jre/lib/amd64/server:/usr/lib/jvm/java-6-sun-1.6.0.26/jre/lib/amd64:/usr/lib/jvm/java-6-sun-1.6.0.26/jre/../lib/amd64
SHELL=/bin/bash
DISPLAY=:0.0

Signal Handlers:
SIGSEGV: [libjvm.so+0x8a5d70], sa_mask[0]=0x7ffbfeff, sa_flags=0x10000004
SIGBUS: [libjvm.so+0x8a5d70], sa_mask[0]=0x7ffbfeff, sa_flags=0x10000004
SIGFPE: [libjvm.so+0x741e50], sa_mask[0]=0x7ffbfeff, sa_flags=0x10000004
SIGPIPE: [libjvm.so+0x741e50], sa_mask[0]=0x7ffbfeff, sa_flags=0x10000004
SIGXFSZ: [libjvm.so+0x741e50], sa_mask[0]=0x7ffbfeff, sa_flags=0x10000004
SIGILL: [libjvm.so+0x741e50], sa_mask[0]=0x7ffbfeff, sa_flags=0x10000004
SIGUSR1: SIG_DFL, sa_mask[0]=0x00000000, sa_flags=0x00000000
SIGUSR2: [libjvm.so+0x7417a0], sa_mask[0]=0x00000004, sa_flags=0x10000004
SIGHUP: [libjvm.so+0x743b30], sa_mask[0]=0x7ffbfeff, sa_flags=0x10000004
SIGINT: [libjvm.so+0x743b30], sa_mask[0]=0x7ffbfeff, sa_flags=0x10000004
SIGTERM: [libjvm.so+0x743b30], sa_mask[0]=0x7ffbfeff, sa_flags=0x10000004
SIGQUIT: [libjvm.so+0x743b30], sa_mask[0]=0x7ffbfeff, sa_flags=0x10000004


---------------  S Y S T E M  ---------------

OS:squeeze/sid

uname:Linux 2.6.38-8-generic #42-Ubuntu SMP Mon Apr 11 03:31:24 UTC 2011 x86_64
libc:glibc 2.13 NPTL 2.13 
rlimit: STACK 8192k, CORE 0k, NPROC infinity, NOFILE 4096, AS infinity
load average:2.16 2.13 2.09

/proc/meminfo:
MemTotal:        8192576 kB
MemFree:           61788 kB
Buffers:          182404 kB
Cached:          2243448 kB
SwapCached:         4436 kB
Active:          4993208 kB
Inactive:        1866380 kB
Active(anon):    3782576 kB
Inactive(anon):   674236 kB
Active(file):    1210632 kB
Inactive(file):  1192144 kB
Unevictable:           0 kB
Mlocked:               0 kB
SwapTotal:       8384508 kB
SwapFree:        8329056 kB
Dirty:               820 kB
Writeback:             0 kB
AnonPages:       4431288 kB
Mapped:           772504 kB
Shmem:             23076 kB
Slab:             251036 kB
SReclaimable:     167336 kB
SUnreclaim:        83700 kB
KernelStack:       13480 kB
PageTables:        70328 kB
NFS_Unstable:          0 kB
Bounce:                0 kB
WritebackTmp:          0 kB
CommitLimit:    12480796 kB
Committed_AS:   20403428 kB
VmallocTotal:   34359738367 kB
VmallocUsed:      370028 kB
VmallocChunk:   34359359356 kB
HardwareCorrupted:     0 kB
HugePages_Total:       0
HugePages_Free:        0
HugePages_Rsvd:        0
HugePages_Surp:        0
Hugepagesize:       2048 kB
DirectMap4k:     7985600 kB
DirectMap2M:      401408 kB
DirectMap1G:           0 kB


CPU:total 3 (3 cores per cpu, 1 threads per core) family 16 model 5 stepping 3, cmov, cx8, fxsr, mmx, sse, sse2, sse3, popcnt, mmxext, 3dnowpref, lzcnt, sse4a, tsc, tscinvbit, tscinv

/proc/cpuinfo:
processor	: 0
vendor_id	: AuthenticAMD
cpu family	: 16
model		: 5
model name	: AMD Athlon(tm) II X3 450 Processor
stepping	: 3
cpu MHz		: 3200.000
cache size	: 512 KB
physical id	: 0
siblings	: 3
core id		: 0
cpu cores	: 3
apicid		: 0
initial apicid	: 0
fpu		: yes
fpu_exception	: yes
cpuid level	: 5
wp		: yes
flags		: fpu vme de pse tsc msr pae mce cx8 apic sep mtrr pge mca cmov pat pse36 clflush mmx fxsr sse sse2 ht syscall nx mmxext fxsr_opt pdpe1gb rdtscp lm 3dnowext 3dnow constant_tsc rep_good nopl nonstop_tsc extd_apicid pni monitor cx16 popcnt lahf_lm cmp_legacy svm extapic cr8_legacy abm sse4a misalignsse 3dnowprefetch osvw ibs skinit wdt npt lbrv svm_lock nrip_save
bogomips	: 6429.36
TLB size	: 1024 4K pages
clflush size	: 64
cache_alignment	: 64
address sizes	: 48 bits physical, 48 bits virtual
power management: ts ttp tm stc 100mhzsteps hwpstate

processor	: 1
vendor_id	: AuthenticAMD
cpu family	: 16
model		: 5
model name	: AMD Athlon(tm) II X3 450 Processor
stepping	: 3
cpu MHz		: 2000.000
cache size	: 512 KB
physical id	: 0
siblings	: 3
core id		: 1
cpu cores	: 3
apicid		: 1
initial apicid	: 1
fpu		: yes
fpu_exception	: yes
cpuid level	: 5
wp		: yes
flags		: fpu vme de pse tsc msr pae mce cx8 apic sep mtrr pge mca cmov pat pse36 clflush mmx fxsr sse sse2 ht syscall nx mmxext fxsr_opt pdpe1gb rdtscp lm 3dnowext 3dnow constant_tsc rep_good nopl nonstop_tsc extd_apicid pni monitor cx16 popcnt lahf_lm cmp_legacy svm extapic cr8_legacy abm sse4a misalignsse 3dnowprefetch osvw ibs skinit wdt npt lbrv svm_lock nrip_save
bogomips	: 6428.93
TLB size	: 1024 4K pages
clflush size	: 64
cache_alignment	: 64
address sizes	: 48 bits physical, 48 bits virtual
power management: ts ttp tm stc 100mhzsteps hwpstate

processor	: 2
vendor_id	: AuthenticAMD
cpu family	: 16
model		: 5
model name	: AMD Athlon(tm) II X3 450 Processor
stepping	: 3
cpu MHz		: 3200.000
cache size	: 512 KB
physical id	: 0
siblings	: 3
core id		: 2
cpu cores	: 3
apicid		: 2
initial apicid	: 2
fpu		: yes
fpu_exception	: yes
cpuid level	: 5
wp		: yes
flags		: fpu vme de pse tsc msr pae mce cx8 apic sep mtrr pge mca cmov pat pse36 clflush mmx fxsr sse sse2 ht syscall nx mmxext fxsr_opt pdpe1gb rdtscp lm 3dnowext 3dnow constant_tsc rep_good nopl nonstop_tsc extd_apicid pni monitor cx16 popcnt lahf_lm cmp_legacy svm extapic cr8_legacy abm sse4a misalignsse 3dnowprefetch osvw ibs skinit wdt npt lbrv svm_lock nrip_save
bogomips	: 6428.93
TLB size	: 1024 4K pages
clflush size	: 64
cache_alignment	: 64
address sizes	: 48 bits physical, 48 bits virtual
power management: ts ttp tm stc 100mhzsteps hwpstate



Memory: 4k page, physical 8192576k(61788k free), swap 8384508k(8329056k free)

vm_info: Java HotSpot(TM) 64-Bit Server VM (23.7-b01) for linux-amd64 JRE (1.7.0_17-b02), built on Mar  1 2013 02:59:06 by "java_re" with gcc 4.3.0 20080428 (Red Hat 4.3.0-8)

time: Wed May 22 18:59:03 2013
elapsed time: 1 seconds

