#
# A fatal error has been detected by the Java Runtime Environment:
#
#  SIGSEGV (0xb) at pc=0x00007f56d14c9e10, pid=7516, tid=140011203028736
#
# JRE version: 7.0_17-b02
# Java VM: Java HotSpot(TM) 64-Bit Server VM (23.7-b01 mixed mode linux-amd64 compressed oops)
# Problematic frame:
# C  [libnvidia-glcore.so.270.41.06+0x10f9e10]  _nv005glcore+0x1d0d70
#
# Failed to write core dump. Core dumps have been disabled. To enable core dumping, try "ulimit -c unlimited" before starting Java again
#
# If you would like to submit a bug report, please visit:
#   http://bugreport.sun.com/bugreport/crash.jsp
# The crash happened outside the Java Virtual Machine in native code.
# See problematic frame for where to report the bug.
#

---------------  T H R E A D  ---------------

Current thread (0x0000000000d03000):  JavaThread "main" [_thread_in_native, id=7521, stack(0x00007f56e5f56000,0x00007f56e6057000)]

siginfo:si_signo=SIGSEGV: si_errno=0, si_code=1 (SEGV_MAPERR), si_addr=0x0000000000000000

Registers:
RAX=0x0000000000000000, RBX=0x00007f56d46fac80, RCX=0x0000000000000000, RDX=0x0000000000000000
RSP=0x00007f56e60554a0, RBP=0x0000000000000001, RSI=0x00000000ffffffff, RDI=0x00007f56d426f1e0
R8 =0x0000000000000001, R9 =0x0000000000000000, R10=0x0000000000000001, R11=0x00007f56d1193940
R12=0x00007f56d426f1e0, R13=0x0000000000000000, R14=0x00000000403b0000, R15=0x0000000000000000
RIP=0x00007f56d14c9e10, EFLAGS=0x0000000000010202, CSGSFS=0x0000000000000033, ERR=0x0000000000000006
  TRAPNO=0x000000000000000e

Top of Stack: (sp=0x00007f56e60554a0)
0x00007f56e60554a0:   00000004e6055728 0000000000000001
0x00007f56e60554b0:   0000000040800000 0000000000000001
0x00007f56e60554c0:   0000000000000000 0000000000000001
0x00007f56e60554d0:   0000000000000004 00007f56d10b51f6
0x00007f56e60554e0:   0000000000d031d8 00000000403b0000
0x00007f56e60554f0:   00007f56d46fac80 00000000403b0000
0x00007f56e6055500:   00007f56d46cddc0 0000000000000001
0x00007f56e6055510:   0000000000000001 0000000000000000
0x00007f56e6055520:   00007f56d46f8f78 00007f56d10b586e
0x00007f56e6055530:   0000000700000001 0000000000000001
0x00007f56e6055540:   0000000000000000 00007f5600000000
0x00007f56e6055550:   00007f56e0456410 0000000000000003
0x00007f56e6055560:   00007f56d2007160 00000000403b0000
0x00007f56e6055570:   000000077e257190 00007f56e6055668
0x00007f56e6055580:   0000000000d03000 00007f56d10b8527
0x00007f56e6055590:   00007f5600000001 00007f5600000000
0x00007f56e60555a0:   00007f56e0457333 40800000d64b4860
0x00007f56e60555b0:   000000077e257190 00007f56e6055630
0x00007f56e60555c0:   0000000000000000 00007f56e0462f90
0x00007f56e60555d0:   00007f56e6055610 000000077e0e1ed0
0x00007f56e60555e0:   0000000000000000 000000077e0e0680
0x00007f56e60555f0:   00007f56e60555f0 0000000000000000
0x00007f56e6055600:   00007f56e6055668 000000077e260c28
0x00007f56e6055610:   0000000000000000 000000077e257190
0x00007f56e6055620:   0000000000000000 00007f56e6055650
0x00007f56e6055630:   00007f56e60556b0 00007f56e0457158
0x00007f56e6055640:   00000007d6a785d8 00007f56e045fdd8
0x00007f56e6055650:   00007f56d250a2c0 00007f56e0457158
0x00007f56e6055660:   00007f5640800000 0000000000000003
0x00007f56e6055670:   00007f56e6055670 000000077e257080
0x00007f56e6055680:   00007f56e60556e0 000000077e260c28
0x00007f56e6055690:   0000000000000000 000000077e2570c0 

Instructions: (pc=0x00007f56d14c9e10)
0x00007f56d14c9df0:   14 c5 00 00 00 00 48 c1 e0 05 48 29 d0 48 8d 44
0x00007f56d14c9e00:   01 10 49 3b 44 24 70 0f 83 ad 00 00 00 49 63 c7
0x00007f56d14c9e10:   c7 01 e0 08 03 20 c7 41 04 00 41 00 00 49 8d 84
0x00007f56d14c9e20:   c4 b0 86 07 00 85 ed 48 8d 71 10 8b 50 0c 89 51 

Register to memory mapping:

RAX=0x0000000000000000 is an unknown value
RBX=0x00007f56d46fac80 is an unknown value
RCX=0x0000000000000000 is an unknown value
RDX=0x0000000000000000 is an unknown value
RSP=0x00007f56e60554a0 is pointing into the stack for thread: 0x0000000000d03000
RBP=0x0000000000000001 is an unknown value
RSI=0x00000000ffffffff is an unknown value
RDI=0x00007f56d426f1e0 is an unknown value
R8 =0x0000000000000001 is an unknown value
R9 =0x0000000000000000 is an unknown value
R10=0x0000000000000001 is an unknown value
R11=0x00007f56d1193940: <offset 0xdc3940> in /usr/lib/nvidia-current/libnvidia-glcore.so.270.41.06 at 0x00007f56d03d0000
R12=0x00007f56d426f1e0 is an unknown value
R13=0x0000000000000000 is an unknown value
R14=0x00000000403b0000 is an unknown value
R15=0x0000000000000000 is an unknown value


Stack: [0x00007f56e5f56000,0x00007f56e6057000],  sp=0x00007f56e60554a0,  free space=1021k
Native frames: (J=compiled Java code, j=interpreted, Vv=VM code, C=native code)
C  [libnvidia-glcore.so.270.41.06+0x10f9e10]  _nv005glcore+0x1d0d70

Java frames: (J=compiled Java code, j=interpreted, Vv=VM code)
j  org.lwjgl.opengl.GL20.nglUniform1f(IFJ)V+0
j  org.lwjgl.opengl.GL20.glUniform1f(IF)V+16
j  data.Rectangle.drawShape(FF)V+70
j  data.TwoDModel.draw(FF)V+48
j  data.StaticEntity.draw()V+18
j  display.FragChangeColor04.display()V+176
j  display.LWJGLWindow.start(II)V+237
j  display.LWJGLWindow.start()V+7
j  display.LevelMaker.main([Ljava/lang/String;)V+12
v  ~StubRoutines::call_stub

---------------  P R O C E S S  ---------------

Java Threads: ( => current thread )
  0x00007f56d473c800 JavaThread "pool-1-thread-1" [_thread_blocked, id=7543, stack(0x00007f56cfb88000,0x00007f56cfc89000)]
  0x00007f56d40e8800 JavaThread "process reaper" daemon [_thread_blocked, id=7536, stack(0x00007f56d863b000,0x00007f56d8663000)]
  0x00007f56d40d5000 JavaThread "AWT-XAWT" daemon [_thread_in_native, id=7534, stack(0x00007f56d2da8000,0x00007f56d2ea9000)]
  0x00007f56d40a0000 JavaThread "Java2D Disposer" daemon [_thread_blocked, id=7533, stack(0x00007f56d32b9000,0x00007f56d33ba000)]
  0x0000000000df7000 JavaThread "Service Thread" daemon [_thread_blocked, id=7531, stack(0x00007f56d8c99000,0x00007f56d8d9a000)]
  0x0000000000dec000 JavaThread "C2 CompilerThread1" daemon [_thread_blocked, id=7530, stack(0x00007f56d8d9a000,0x00007f56d8e9b000)]
  0x0000000000de9000 JavaThread "C2 CompilerThread0" daemon [_thread_blocked, id=7529, stack(0x00007f56d8e9b000,0x00007f56d8f9c000)]
  0x0000000000de6800 JavaThread "Signal Dispatcher" daemon [_thread_blocked, id=7528, stack(0x00007f56d8f9c000,0x00007f56d909d000)]
  0x0000000000d94000 JavaThread "Finalizer" daemon [_thread_blocked, id=7527, stack(0x00007f56d9727000,0x00007f56d9828000)]
  0x0000000000d91800 JavaThread "Reference Handler" daemon [_thread_blocked, id=7526, stack(0x00007f56d9828000,0x00007f56d9929000)]
=>0x0000000000d03000 JavaThread "main" [_thread_in_native, id=7521, stack(0x00007f56e5f56000,0x00007f56e6057000)]

Other Threads:
  0x0000000000d8a000 VMThread [stack: 0x00007f56d9929000,0x00007f56d9a2a000] [id=7525]
  0x0000000000e01800 WatcherThread [stack: 0x00007f56d8b98000,0x00007f56d8c99000] [id=7532]

VM state:not at safepoint (normal execution)

VM Mutex/Monitor currently owned by a thread: None

Heap
 PSYoungGen      total 37376K, used 8536K [0x00000007d64b0000, 0x00000007d8e60000, 0x0000000800000000)
  eden space 32064K, 26% used [0x00000007d64b0000,0x00000007d6d06360,0x00000007d8400000)
  from space 5312K, 0% used [0x00000007d8930000,0x00000007d8930000,0x00000007d8e60000)
  to   space 5312K, 0% used [0x00000007d8400000,0x00000007d8400000,0x00000007d8930000)
 ParOldGen       total 85376K, used 0K [0x0000000782e00000, 0x0000000788160000, 0x00000007d64b0000)
  object space 85376K, 0% used [0x0000000782e00000,0x0000000782e00000,0x0000000788160000)
 PSPermGen       total 21248K, used 7361K [0x000000077dc00000, 0x000000077f0c0000, 0x0000000782e00000)
  object space 21248K, 34% used [0x000000077dc00000,0x000000077e330558,0x000000077f0c0000)

Card table byte_map: [0x00007f56e003e000,0x00007f56e0451000] byte_map_base: 0x00007f56dc450000

Polling page: 0x00007f56e6082000

Code Cache  [0x00007f56e0451000, 0x00007f56e06c1000, 0x00007f56e3451000)
 total_blobs=469 nmethods=29 adapters=393 free_code_cache=48597Kb largest_free_block=49748608

Compilation events (10 events):
Event: 6.588 Thread 0x0000000000de9000 nmethod 25 0x00007f56e04da9d0 code [0x00007f56e04dab00, 0x00007f56e04dab58]
Event: 6.588 Thread 0x0000000000de9000   26             java.util.AbstractList::<init> (10 bytes)
Event: 6.588 Thread 0x0000000000de9000 nmethod 26 0x00007f56e04da7d0 code [0x00007f56e04da900, 0x00007f56e04da958]
Event: 6.589 Thread 0x0000000000de9000   27             java.util.ArrayList::<init> (44 bytes)
Event: 6.590 Thread 0x0000000000dec000 nmethod 23 0x00007f56e04da0d0 code [0x00007f56e04da240, 0x00007f56e04da548]
Event: 6.590 Thread 0x0000000000de9000 nmethod 27 0x00007f56e04d9d90 code [0x00007f56e04d9ee0, 0x00007f56e04da018]
Event: 6.590 Thread 0x0000000000dec000   28             java.util.ArrayList::<init> (7 bytes)
Event: 6.590 Thread 0x0000000000de9000   29             data.Zone::<init> (16 bytes)
Event: 6.591 Thread 0x0000000000dec000 nmethod 28 0x00007f56e04dad10 code [0x00007f56e04dae60, 0x00007f56e04daf58]
Event: 6.596 Thread 0x0000000000de9000 nmethod 29 0x00007f56e04d97d0 code [0x00007f56e04d9920, 0x00007f56e04d9a98]

GC Heap History (0 events):
No events

Deoptimization events (0 events):
No events

Internal exceptions (10 events):
Event: 6.599 Thread 0x0000000000d03000 Threw 0x00000007d6c28240 at /HUDSON/workspace/jdk7u17-2-build-linux-amd64-product/jdk7u17/hotspot/src/share/vm/prims/jvm.cpp:1166
Event: 6.601 Thread 0x0000000000d03000 Threw 0x00000007d6c2c118 at /HUDSON/workspace/jdk7u17-2-build-linux-amd64-product/jdk7u17/hotspot/src/share/vm/prims/jvm.cpp:1166
Event: 6.602 Thread 0x0000000000d03000 Threw 0x00000007d6c2f670 at /HUDSON/workspace/jdk7u17-2-build-linux-amd64-product/jdk7u17/hotspot/src/share/vm/prims/jvm.cpp:1166
Event: 6.607 Thread 0x0000000000d03000 Threw 0x00000007d6c397b0 at /HUDSON/workspace/jdk7u17-2-build-linux-amd64-product/jdk7u17/hotspot/src/share/vm/prims/jvm.cpp:1166
Event: 6.607 Thread 0x0000000000d03000 Threw 0x00000007d6c3b0a0 at /HUDSON/workspace/jdk7u17-2-build-linux-amd64-product/jdk7u17/hotspot/src/share/vm/prims/jvm.cpp:1166
Event: 6.608 Thread 0x0000000000d03000 Threw 0x00000007d6c3d330 at /HUDSON/workspace/jdk7u17-2-build-linux-amd64-product/jdk7u17/hotspot/src/share/vm/prims/jvm.cpp:1166
Event: 6.608 Thread 0x0000000000d03000 Threw 0x00000007d6c3ecf0 at /HUDSON/workspace/jdk7u17-2-build-linux-amd64-product/jdk7u17/hotspot/src/share/vm/prims/jvm.cpp:1166
Event: 6.626 Thread 0x0000000000d03000 Threw 0x00000007d6c52ba0 at /HUDSON/workspace/jdk7u17-2-build-linux-amd64-product/jdk7u17/hotspot/src/share/vm/prims/jvm.cpp:1166
Event: 6.626 Thread 0x0000000000d03000 Threw 0x00000007d6c55158 at /HUDSON/workspace/jdk7u17-2-build-linux-amd64-product/jdk7u17/hotspot/src/share/vm/prims/jvm.cpp:1166
Event: 6.629 Thread 0x00007f56d473c800 Threw 0x00000007d6c68648 at /HUDSON/workspace/jdk7u17-2-build-linux-amd64-product/jdk7u17/hotspot/src/share/vm/prims/jvm.cpp:1166

Events (10 events):
Event: 6.628 Executing VM operation: RevokeBias
Event: 6.628 Executing VM operation: RevokeBias done
Event: 6.629 loading class 0x00007f56d43889f0
Event: 6.629 loading class 0x00007f56d43889f0 done
Event: 6.632 loading class 0x0000000000e205a0
Event: 6.632 loading class 0x0000000000e205a0 done
Event: 6.633 loading class 0x0000000000e6ca60
Event: 6.633 loading class 0x0000000000ed8600
Event: 6.633 loading class 0x0000000000ed8600 done
Event: 6.634 loading class 0x0000000000e6ca60 done


Dynamic libraries:
00400000-00401000 r-xp 00000000 08:05 6034666                            /usr/lib/jvm/java-7-oracle/bin/java
00600000-00601000 rw-p 00000000 08:05 6034666                            /usr/lib/jvm/java-7-oracle/bin/java
00cf9000-0105a000 rw-p 00000000 00:00 0                                  [heap]
40198000-4019a000 r-xs 00000000 08:05 4626450                            /tmp/glOoE95a (deleted)
403b0000-40427000 rw-p 00000000 00:00 0 
77dc00000-77f0c0000 rw-p 00000000 00:00 0 
77f0c0000-782e00000 rw-p 00000000 00:00 0 
782e00000-788160000 rw-p 00000000 00:00 0 
788160000-7d64b0000 rw-p 00000000 00:00 0 
7d64b0000-7d8e60000 rw-p 00000000 00:00 0 
7d8e60000-800000000 rw-p 00000000 00:00 0 
7f56cfb88000-7f56cfb8b000 ---p 00000000 00:00 0 
7f56cfb8b000-7f56cfc89000 rw-p 00000000 00:00 0 
7f56cfc89000-7f56cfc9e000 r-xp 00000000 08:05 6038764                    /usr/lib/jvm/java-7-oracle/jre/lib/amd64/libnet.so
7f56cfc9e000-7f56cfe9e000 ---p 00015000 08:05 6038764                    /usr/lib/jvm/java-7-oracle/jre/lib/amd64/libnet.so
7f56cfe9e000-7f56cfe9f000 rw-p 00015000 08:05 6038764                    /usr/lib/jvm/java-7-oracle/jre/lib/amd64/libnet.so
7f56cfe9f000-7f56cfeaf000 r-xp 00000000 08:05 6039256                    /usr/lib/jvm/java-7-oracle/jre/lib/amd64/libnio.so
7f56cfeaf000-7f56d00af000 ---p 00010000 08:05 6039256                    /usr/lib/jvm/java-7-oracle/jre/lib/amd64/libnio.so
7f56d00af000-7f56d00b0000 rw-p 00010000 08:05 6039256                    /usr/lib/jvm/java-7-oracle/jre/lib/amd64/libnio.so
7f56d00b0000-7f56d02b0000 rw-s 1d12b6000 00:05 10304                     /dev/nvidia0
7f56d02b0000-7f56d0379000 rw-p 00000000 00:00 0 
7f56d0379000-7f56d03c6000 rw-p 00000000 00:00 0 
7f56d03d0000-7f56d181e000 r-xp 00000000 08:05 6032921                    /usr/lib/nvidia-current/libnvidia-glcore.so.270.41.06
7f56d181e000-7f56d1a1e000 ---p 0144e000 08:05 6032921                    /usr/lib/nvidia-current/libnvidia-glcore.so.270.41.06
7f56d1a1e000-7f56d2006000 rwxp 0144e000 08:05 6032921                    /usr/lib/nvidia-current/libnvidia-glcore.so.270.41.06
7f56d2006000-7f56d201d000 rwxp 00000000 00:00 0 
7f56d201d000-7f56d201e000 r-xp 00000000 08:05 6032924                    /usr/lib/nvidia-current/tls/libnvidia-tls.so.270.41.06
7f56d201e000-7f56d221e000 ---p 00001000 08:05 6032924                    /usr/lib/nvidia-current/tls/libnvidia-tls.so.270.41.06
7f56d221e000-7f56d221f000 rw-p 00001000 08:05 6032924                    /usr/lib/nvidia-current/tls/libnvidia-tls.so.270.41.06
7f56d221f000-7f56d22dc000 r-xp 00000000 08:05 6032925                    /usr/lib/nvidia-current/libGL.so.270.41.06
7f56d22dc000-7f56d24dc000 ---p 000bd000 08:05 6032925                    /usr/lib/nvidia-current/libGL.so.270.41.06
7f56d24dc000-7f56d2515000 rwxp 000bd000 08:05 6032925                    /usr/lib/nvidia-current/libGL.so.270.41.06
7f56d2515000-7f56d252b000 rwxp 00000000 00:00 0 
7f56d252b000-7f56d2530000 r-xp 00000000 08:05 6038842                    /usr/lib/x86_64-linux-gnu/libXxf86vm.so.1.0.0
7f56d2530000-7f56d272f000 ---p 00005000 08:05 6038842                    /usr/lib/x86_64-linux-gnu/libXxf86vm.so.1.0.0
7f56d272f000-7f56d2730000 r--p 00004000 08:05 6038842                    /usr/lib/x86_64-linux-gnu/libXxf86vm.so.1.0.0
7f56d2730000-7f56d2731000 rw-p 00005000 08:05 6038842                    /usr/lib/x86_64-linux-gnu/libXxf86vm.so.1.0.0
7f56d2731000-7f56d2739000 r-xp 00000000 08:05 6038836                    /usr/lib/x86_64-linux-gnu/libXrandr.so.2.2.0
7f56d2739000-7f56d2938000 ---p 00008000 08:05 6038836                    /usr/lib/x86_64-linux-gnu/libXrandr.so.2.2.0
7f56d2938000-7f56d2939000 r--p 00007000 08:05 6038836                    /usr/lib/x86_64-linux-gnu/libXrandr.so.2.2.0
7f56d2939000-7f56d293a000 rw-p 00008000 08:05 6038836                    /usr/lib/x86_64-linux-gnu/libXrandr.so.2.2.0
7f56d293a000-7f56d29a4000 r-xp 00000000 00:15 4589809                    /home/skel/code/lwjgl/lwjgl-2.8.5/native/linux/liblwjgl64.so
7f56d29a4000-7f56d2ba4000 ---p 0006a000 00:15 4589809                    /home/skel/code/lwjgl/lwjgl-2.8.5/native/linux/liblwjgl64.so
7f56d2ba4000-7f56d2ba6000 r--p 0006a000 00:15 4589809                    /home/skel/code/lwjgl/lwjgl-2.8.5/native/linux/liblwjgl64.so
7f56d2ba6000-7f56d2ba7000 rw-p 0006c000 00:15 4589809                    /home/skel/code/lwjgl/lwjgl-2.8.5/native/linux/liblwjgl64.so
7f56d2ba7000-7f56d2ba8000 r-xp 00000000 08:05 6039238                    /usr/lib/jvm/java-7-oracle/jre/lib/amd64/libjawt.so
7f56d2ba8000-7f56d2da7000 ---p 00001000 08:05 6039238                    /usr/lib/jvm/java-7-oracle/jre/lib/amd64/libjawt.so
7f56d2da7000-7f56d2da8000 rw-p 00000000 08:05 6039238                    /usr/lib/jvm/java-7-oracle/jre/lib/amd64/libjawt.so
7f56d2da8000-7f56d2dab000 ---p 00000000 00:00 0 
7f56d2dab000-7f56d2ea9000 rw-p 00000000 00:00 0 
7f56d2ea9000-7f56d2eae000 r-xp 00000000 08:05 6038828                    /usr/lib/x86_64-linux-gnu/libXfixes.so.3.1.0
7f56d2eae000-7f56d30ad000 ---p 00005000 08:05 6038828                    /usr/lib/x86_64-linux-gnu/libXfixes.so.3.1.0
7f56d30ad000-7f56d30ae000 r--p 00004000 08:05 6038828                    /usr/lib/x86_64-linux-gnu/libXfixes.so.3.1.0
7f56d30ae000-7f56d30af000 rw-p 00005000 08:05 6038828                    /usr/lib/x86_64-linux-gnu/libXfixes.so.3.1.0
7f56d30af000-7f56d30b8000 r-xp 00000000 08:05 6038818                    /usr/lib/x86_64-linux-gnu/libXcursor.so.1.0.2
7f56d30b8000-7f56d32b7000 ---p 00009000 08:05 6038818                    /usr/lib/x86_64-linux-gnu/libXcursor.so.1.0.2
7f56d32b7000-7f56d32b8000 r--p 00008000 08:05 6038818                    /usr/lib/x86_64-linux-gnu/libXcursor.so.1.0.2
7f56d32b8000-7f56d32b9000 rw-p 00009000 08:05 6038818                    /usr/lib/x86_64-linux-gnu/libXcursor.so.1.0.2
7f56d32b9000-7f56d32bc000 ---p 00000000 00:00 0 
7f56d32bc000-7f56d33ba000 rw-p 00000000 00:00 0 
7f56d33ba000-7f56d33bf000 r-xp 00000000 08:05 6038824                    /usr/lib/x86_64-linux-gnu/libXdmcp.so.6.0.0
7f56d33bf000-7f56d35be000 ---p 00005000 08:05 6038824                    /usr/lib/x86_64-linux-gnu/libXdmcp.so.6.0.0
7f56d35be000-7f56d35bf000 r--p 00004000 08:05 6038824                    /usr/lib/x86_64-linux-gnu/libXdmcp.so.6.0.0
7f56d35bf000-7f56d35c0000 rw-p 00005000 08:05 6038824                    /usr/lib/x86_64-linux-gnu/libXdmcp.so.6.0.0
7f56d35c0000-7f56d35c2000 r-xp 00000000 08:05 6038814                    /usr/lib/x86_64-linux-gnu/libXau.so.6.0.0
7f56d35c2000-7f56d37c1000 ---p 00002000 08:05 6038814                    /usr/lib/x86_64-linux-gnu/libXau.so.6.0.0
7f56d37c1000-7f56d37c2000 r--p 00001000 08:05 6038814                    /usr/lib/x86_64-linux-gnu/libXau.so.6.0.0
7f56d37c2000-7f56d37c3000 rw-p 00002000 08:05 6038814                    /usr/lib/x86_64-linux-gnu/libXau.so.6.0.0
7f56d37c3000-7f56d37de000 r-xp 00000000 08:05 6038970                    /usr/lib/x86_64-linux-gnu/libxcb.so.1.1.0
7f56d37de000-7f56d39dd000 ---p 0001b000 08:05 6038970                    /usr/lib/x86_64-linux-gnu/libxcb.so.1.1.0
7f56d39dd000-7f56d39de000 r--p 0001a000 08:05 6038970                    /usr/lib/x86_64-linux-gnu/libxcb.so.1.1.0
7f56d39de000-7f56d39df000 rw-p 0001b000 08:05 6038970                    /usr/lib/x86_64-linux-gnu/libxcb.so.1.1.0
7f56d39df000-7f56d39ee000 r-xp 00000000 08:05 6038832                    /usr/lib/x86_64-linux-gnu/libXi.so.6.1.0
7f56d39ee000-7f56d3bed000 ---p 0000f000 08:05 6038832                    /usr/lib/x86_64-linux-gnu/libXi.so.6.1.0
7f56d3bed000-7f56d3bee000 r--p 0000e000 08:05 6038832                    /usr/lib/x86_64-linux-gnu/libXi.so.6.1.0
7f56d3bee000-7f56d3bef000 rw-p 0000f000 08:05 6038832                    /usr/lib/x86_64-linux-gnu/libXi.so.6.1.0
7f56d3bef000-7f56d3bf4000 r-xp 00000000 08:05 6033420                    /usr/lib/libXtst.so.6.1.0
7f56d3bf4000-7f56d3df3000 ---p 00005000 08:05 6033420                    /usr/lib/libXtst.so.6.1.0
7f56d3df3000-7f56d3df4000 r--p 00004000 08:05 6033420                    /usr/lib/libXtst.so.6.1.0
7f56d3df4000-7f56d3df5000 rw-p 00005000 08:05 6033420                    /usr/lib/libXtst.so.6.1.0
7f56d3df5000-7f56d3dfe000 r-xp 00000000 08:05 6038838                    /usr/lib/x86_64-linux-gnu/libXrender.so.1.3.0
7f56d3dfe000-7f56d3ffe000 ---p 00009000 08:05 6038838                    /usr/lib/x86_64-linux-gnu/libXrender.so.1.3.0
7f56d3ffe000-7f56d3fff000 r--p 00009000 08:05 6038838                    /usr/lib/x86_64-linux-gnu/libXrender.so.1.3.0
7f56d3fff000-7f56d4000000 rw-p 0000a000 08:05 6038838                    /usr/lib/x86_64-linux-gnu/libXrender.so.1.3.0
7f56d4000000-7f56d47ff000 rw-p 00000000 00:00 0 
7f56d47ff000-7f56d8000000 ---p 00000000 00:00 0 
7f56d809e000-7f56d809f000 r--s 00005000 00:15 4626718                    /home/skel/code/json-simple-1.1.1.jar
7f56d809f000-7f56d80a6000 r--s 00039000 00:15 4588115                    /home/skel/code/commons-codec-1.7/commons-codec-1.7.jar
7f56d80a6000-7f56d80b1000 r--s 00093000 00:15 4589134                    /home/skel/code/slick/slick.jar
7f56d80b1000-7f56d80b3000 r--s 00016000 00:15 4589119                    /home/skel/code/slick/slick-util.jar
7f56d80b3000-7f56d80b5000 r--s 0000d000 00:15 4589118                    /home/skel/code/slick/jorbis-0.0.15.jar
7f56d80b5000-7f56d80b6000 r--s 00001000 00:15 4589115                    /home/skel/code/slick/jogg-0.0.7.jar
7f56d80b6000-7f56d80b8000 r--s 00008000 00:15 4589004                    /home/skel/code/slick/ibxm.jar
7f56d80b8000-7f56d80ef000 rw-p 00000000 00:00 0 
7f56d80ef000-7f56d8224000 r-xp 00000000 08:05 6038810                    /usr/lib/x86_64-linux-gnu/libX11.so.6.3.0
7f56d8224000-7f56d8424000 ---p 00135000 08:05 6038810                    /usr/lib/x86_64-linux-gnu/libX11.so.6.3.0
7f56d8424000-7f56d8425000 r--p 00135000 08:05 6038810                    /usr/lib/x86_64-linux-gnu/libX11.so.6.3.0
7f56d8425000-7f56d8429000 rw-p 00136000 08:05 6038810                    /usr/lib/x86_64-linux-gnu/libX11.so.6.3.0
7f56d8429000-7f56d843a000 r-xp 00000000 08:05 6038826                    /usr/lib/x86_64-linux-gnu/libXext.so.6.4.0
7f56d843a000-7f56d8639000 ---p 00011000 08:05 6038826                    /usr/lib/x86_64-linux-gnu/libXext.so.6.4.0
7f56d8639000-7f56d863a000 r--p 00010000 08:05 6038826                    /usr/lib/x86_64-linux-gnu/libXext.so.6.4.0
7f56d863a000-7f56d863b000 rw-p 00011000 08:05 6038826                    /usr/lib/x86_64-linux-gnu/libXext.so.6.4.0
7f56d863b000-7f56d863e000 ---p 00000000 00:00 0 
7f56d863e000-7f56d8663000 rw-p 00000000 00:00 0 
7f56d8663000-7f56d86b3000 r-xp 00000000 08:05 6039007                    /usr/lib/jvm/java-7-oracle/jre/lib/amd64/xawt/libmawt.so
7f56d86b3000-7f56d88b3000 ---p 00050000 08:05 6039007                    /usr/lib/jvm/java-7-oracle/jre/lib/amd64/xawt/libmawt.so
7f56d88b3000-7f56d88b7000 rw-p 00050000 08:05 6039007                    /usr/lib/jvm/java-7-oracle/jre/lib/amd64/xawt/libmawt.so
7f56d88b7000-7f56d88b8000 rw-p 00000000 00:00 0 
7f56d88b8000-7f56d895a000 r-xp 00000000 08:05 6039004                    /usr/lib/jvm/java-7-oracle/jre/lib/amd64/libawt.so
7f56d895a000-7f56d8b5a000 ---p 000a2000 08:05 6039004                    /usr/lib/jvm/java-7-oracle/jre/lib/amd64/libawt.so
7f56d8b5a000-7f56d8b66000 rw-p 000a2000 08:05 6039004                    /usr/lib/jvm/java-7-oracle/jre/lib/amd64/libawt.so
7f56d8b66000-7f56d8b8a000 rw-p 00000000 00:00 0 
7f56d8b8a000-7f56d8b98000 r--s 000e3000 00:15 4589791                    /home/skel/code/lwjgl/lwjgl-2.8.5/jar/lwjgl.jar
7f56d8b98000-7f56d8b99000 ---p 00000000 00:00 0 
7f56d8b99000-7f56d8c99000 rw-p 00000000 00:00 0 
7f56d8c99000-7f56d8c9c000 ---p 00000000 00:00 0 
7f56d8c9c000-7f56d8d9a000 rw-p 00000000 00:00 0 
7f56d8d9a000-7f56d8d9d000 ---p 00000000 00:00 0 
7f56d8d9d000-7f56d8e9b000 rw-p 00000000 00:00 0 
7f56d8e9b000-7f56d8e9e000 ---p 00000000 00:00 0 
7f56d8e9e000-7f56d8f9c000 rw-p 00000000 00:00 0 
7f56d8f9c000-7f56d8f9f000 ---p 00000000 00:00 0 
7f56d8f9f000-7f56d909d000 rw-p 00000000 00:00 0 
7f56d909d000-7f56d9727000 r--p 00000000 08:05 6037607                    /usr/lib/locale/locale-archive
7f56d9727000-7f56d972a000 ---p 00000000 00:00 0 
7f56d972a000-7f56d9828000 rw-p 00000000 00:00 0 
7f56d9828000-7f56d982b000 ---p 00000000 00:00 0 
7f56d982b000-7f56d9929000 rw-p 00000000 00:00 0 
7f56d9929000-7f56d992a000 ---p 00000000 00:00 0 
7f56d992a000-7f56da72a000 rw-p 00000000 00:00 0 
7f56da72a000-7f56da8e6000 r--s 039dc000 08:05 6044605                    /usr/lib/jvm/java-7-oracle/jre/lib/rt.jar
7f56da8e6000-7f56dfa76000 rw-p 00000000 00:00 0 
7f56dfa76000-7f56dfa77000 ---p 00000000 00:00 0 
7f56dfa77000-7f56dfb77000 rw-p 00000000 00:00 0 
7f56dfb77000-7f56dfb78000 ---p 00000000 00:00 0 
7f56dfb78000-7f56dfc78000 rw-p 00000000 00:00 0 
7f56dfc78000-7f56dfc79000 ---p 00000000 00:00 0 
7f56dfc79000-7f56dfd84000 rw-p 00000000 00:00 0 
7f56dfd84000-7f56dfda2000 rw-p 00000000 00:00 0 
7f56dfda2000-7f56dfdcc000 rw-p 00000000 00:00 0 
7f56dfdcc000-7f56e003e000 rw-p 00000000 00:00 0 
7f56e003e000-7f56e0049000 rw-p 00000000 00:00 0 
7f56e0049000-7f56e0067000 rw-p 00000000 00:00 0 
7f56e0067000-7f56e0091000 rw-p 00000000 00:00 0 
7f56e0091000-7f56e0302000 rw-p 00000000 00:00 0 
7f56e0302000-7f56e0318000 rw-p 00000000 00:00 0 
7f56e0318000-7f56e0450000 rw-p 00000000 00:00 0 
7f56e0450000-7f56e0451000 rw-p 00000000 00:00 0 
7f56e0451000-7f56e06c1000 rwxp 00000000 00:00 0 
7f56e06c1000-7f56e3451000 rw-p 00000000 00:00 0 
7f56e3451000-7f56e346b000 r-xp 00000000 08:05 6038770                    /usr/lib/jvm/java-7-oracle/jre/lib/amd64/libzip.so
7f56e346b000-7f56e366b000 ---p 0001a000 08:05 6038770                    /usr/lib/jvm/java-7-oracle/jre/lib/amd64/libzip.so
7f56e366b000-7f56e366c000 rw-p 0001a000 08:05 6038770                    /usr/lib/jvm/java-7-oracle/jre/lib/amd64/libzip.so
7f56e366c000-7f56e3678000 r-xp 00000000 08:05 7608085                    /lib/x86_64-linux-gnu/libnss_files-2.13.so
7f56e3678000-7f56e3877000 ---p 0000c000 08:05 7608085                    /lib/x86_64-linux-gnu/libnss_files-2.13.so
7f56e3877000-7f56e3878000 r--p 0000b000 08:05 7608085                    /lib/x86_64-linux-gnu/libnss_files-2.13.so
7f56e3878000-7f56e3879000 rw-p 0000c000 08:05 7608085                    /lib/x86_64-linux-gnu/libnss_files-2.13.so
7f56e3879000-7f56e3884000 r-xp 00000000 08:05 7607798                    /lib/x86_64-linux-gnu/libnss_nis-2.13.so
7f56e3884000-7f56e3a83000 ---p 0000b000 08:05 7607798                    /lib/x86_64-linux-gnu/libnss_nis-2.13.so
7f56e3a83000-7f56e3a84000 r--p 0000a000 08:05 7607798                    /lib/x86_64-linux-gnu/libnss_nis-2.13.so
7f56e3a84000-7f56e3a85000 rw-p 0000b000 08:05 7607798                    /lib/x86_64-linux-gnu/libnss_nis-2.13.so
7f56e3a85000-7f56e3a9c000 r-xp 00000000 08:05 7608087                    /lib/x86_64-linux-gnu/libnsl-2.13.so
7f56e3a9c000-7f56e3c9b000 ---p 00017000 08:05 7608087                    /lib/x86_64-linux-gnu/libnsl-2.13.so
7f56e3c9b000-7f56e3c9c000 r--p 00016000 08:05 7608087                    /lib/x86_64-linux-gnu/libnsl-2.13.so
7f56e3c9c000-7f56e3c9d000 rw-p 00017000 08:05 7608087                    /lib/x86_64-linux-gnu/libnsl-2.13.so
7f56e3c9d000-7f56e3c9f000 rw-p 00000000 00:00 0 
7f56e3c9f000-7f56e3ca7000 r-xp 00000000 08:05 7608084                    /lib/x86_64-linux-gnu/libnss_compat-2.13.so
7f56e3ca7000-7f56e3ea6000 ---p 00008000 08:05 7608084                    /lib/x86_64-linux-gnu/libnss_compat-2.13.so
7f56e3ea6000-7f56e3ea7000 r--p 00007000 08:05 7608084                    /lib/x86_64-linux-gnu/libnss_compat-2.13.so
7f56e3ea7000-7f56e3ea8000 rw-p 00008000 08:05 7608084                    /lib/x86_64-linux-gnu/libnss_compat-2.13.so
7f56e3ea8000-7f56e3ed1000 r-xp 00000000 08:05 6039003                    /usr/lib/jvm/java-7-oracle/jre/lib/amd64/libjava.so
7f56e3ed1000-7f56e40d1000 ---p 00029000 08:05 6039003                    /usr/lib/jvm/java-7-oracle/jre/lib/amd64/libjava.so
7f56e40d1000-7f56e40d3000 rw-p 00029000 08:05 6039003                    /usr/lib/jvm/java-7-oracle/jre/lib/amd64/libjava.so
7f56e40d3000-7f56e40e0000 r-xp 00000000 08:05 6038937                    /usr/lib/jvm/java-7-oracle/jre/lib/amd64/libverify.so
7f56e40e0000-7f56e42df000 ---p 0000d000 08:05 6038937                    /usr/lib/jvm/java-7-oracle/jre/lib/amd64/libverify.so
7f56e42df000-7f56e42e1000 rw-p 0000c000 08:05 6038937                    /usr/lib/jvm/java-7-oracle/jre/lib/amd64/libverify.so
7f56e42e1000-7f56e42e8000 r-xp 00000000 08:05 7607790                    /lib/x86_64-linux-gnu/librt-2.13.so
7f56e42e8000-7f56e44e7000 ---p 00007000 08:05 7607790                    /lib/x86_64-linux-gnu/librt-2.13.so
7f56e44e7000-7f56e44e8000 r--p 00006000 08:05 7607790                    /lib/x86_64-linux-gnu/librt-2.13.so
7f56e44e8000-7f56e44e9000 rw-p 00007000 08:05 7607790                    /lib/x86_64-linux-gnu/librt-2.13.so
7f56e44e9000-7f56e456d000 r-xp 00000000 08:05 7608082                    /lib/x86_64-linux-gnu/libm-2.13.so
7f56e456d000-7f56e476c000 ---p 00084000 08:05 7608082                    /lib/x86_64-linux-gnu/libm-2.13.so
7f56e476c000-7f56e476d000 r--p 00083000 08:05 7608082                    /lib/x86_64-linux-gnu/libm-2.13.so
7f56e476d000-7f56e476e000 rw-p 00084000 08:05 7608082                    /lib/x86_64-linux-gnu/libm-2.13.so
7f56e476e000-7f56e51b5000 r-xp 00000000 08:05 6038760                    /usr/lib/jvm/java-7-oracle/jre/lib/amd64/server/libjvm.so
7f56e51b5000-7f56e53b5000 ---p 00a47000 08:05 6038760                    /usr/lib/jvm/java-7-oracle/jre/lib/amd64/server/libjvm.so
7f56e53b5000-7f56e5458000 rw-p 00a47000 08:05 6038760                    /usr/lib/jvm/java-7-oracle/jre/lib/amd64/server/libjvm.so
7f56e5458000-7f56e5494000 rw-p 00000000 00:00 0 
7f56e5494000-7f56e5621000 r-xp 00000000 08:05 7605972                    /lib/x86_64-linux-gnu/libc-2.13.so
7f56e5621000-7f56e5821000 ---p 0018d000 08:05 7605972                    /lib/x86_64-linux-gnu/libc-2.13.so
7f56e5821000-7f56e5825000 r--p 0018d000 08:05 7605972                    /lib/x86_64-linux-gnu/libc-2.13.so
7f56e5825000-7f56e5826000 rw-p 00191000 08:05 7605972                    /lib/x86_64-linux-gnu/libc-2.13.so
7f56e5826000-7f56e582c000 rw-p 00000000 00:00 0 
7f56e582c000-7f56e582e000 r-xp 00000000 08:05 7607795                    /lib/x86_64-linux-gnu/libdl-2.13.so
7f56e582e000-7f56e5a2e000 ---p 00002000 08:05 7607795                    /lib/x86_64-linux-gnu/libdl-2.13.so
7f56e5a2e000-7f56e5a2f000 r--p 00002000 08:05 7607795                    /lib/x86_64-linux-gnu/libdl-2.13.so
7f56e5a2f000-7f56e5a30000 rw-p 00003000 08:05 7607795                    /lib/x86_64-linux-gnu/libdl-2.13.so
7f56e5a30000-7f56e5a46000 r-xp 00000000 08:05 6037809                    /usr/lib/jvm/java-7-oracle/jre/lib/amd64/jli/libjli.so
7f56e5a46000-7f56e5c46000 ---p 00016000 08:05 6037809                    /usr/lib/jvm/java-7-oracle/jre/lib/amd64/jli/libjli.so
7f56e5c46000-7f56e5c47000 rw-p 00016000 08:05 6037809                    /usr/lib/jvm/java-7-oracle/jre/lib/amd64/jli/libjli.so
7f56e5c47000-7f56e5c5f000 r-xp 00000000 08:05 7608086                    /lib/x86_64-linux-gnu/libpthread-2.13.so
7f56e5c5f000-7f56e5e5f000 ---p 00018000 08:05 7608086                    /lib/x86_64-linux-gnu/libpthread-2.13.so
7f56e5e5f000-7f56e5e60000 r--p 00018000 08:05 7608086                    /lib/x86_64-linux-gnu/libpthread-2.13.so
7f56e5e60000-7f56e5e61000 rw-p 00019000 08:05 7608086                    /lib/x86_64-linux-gnu/libpthread-2.13.so
7f56e5e61000-7f56e5e65000 rw-p 00000000 00:00 0 
7f56e5e65000-7f56e5e86000 r-xp 00000000 08:05 7608083                    /lib/x86_64-linux-gnu/ld-2.13.so
7f56e5e8d000-7f56e5e90000 r--s 000f7000 08:05 6037708                    /usr/lib/jvm/java-7-oracle/jre/lib/ext/localedata.jar
7f56e5e90000-7f56e5e94000 rw-s 10054d000 00:05 10304                     /dev/nvidia0
7f56e5e95000-7f56e5ea0000 rw-p 00000000 00:00 0 
7f56e5ea0000-7f56e5f56000 rw-p 00000000 00:00 0 
7f56e5f56000-7f56e5f59000 ---p 00000000 00:00 0 
7f56e5f59000-7f56e605b000 rw-p 00000000 00:00 0 
7f56e605b000-7f56e605d000 rw-s 00000000 08:05 4626450                    /tmp/glOoE95a (deleted)
7f56e605d000-7f56e605e000 rw-s fc060000 00:05 10304                      /dev/nvidia0
7f56e605e000-7f56e6079000 rw-s 101a60000 00:05 10304                     /dev/nvidia0
7f56e6079000-7f56e6081000 rw-s 00000000 08:05 4626449                    /tmp/hsperfdata_skel/7516
7f56e6081000-7f56e6082000 rw-p 00000000 00:00 0 
7f56e6082000-7f56e6083000 r--p 00000000 00:00 0 
7f56e6083000-7f56e6085000 rw-p 00000000 00:00 0 
7f56e6085000-7f56e6086000 r--p 00020000 08:05 7608083                    /lib/x86_64-linux-gnu/ld-2.13.so
7f56e6086000-7f56e6088000 rw-p 00021000 08:05 7608083                    /lib/x86_64-linux-gnu/ld-2.13.so
7fff1f234000-7fff1f255000 rw-p 00000000 00:00 0                          [stack]
7fff1f3c7000-7fff1f3c8000 r-xp 00000000 00:00 0                          [vdso]
ffffffffff600000-ffffffffff601000 r-xp 00000000 00:00 0                  [vsyscall]

VM Arguments:
jvm_args: -Djava.library.path=/home/skel/code/lwjgl/lwjgl-2.8.5/native/linux -Dfile.encoding=UTF-8 
java_command: display.LevelMaker
Launcher Type: SUN_STANDARD

Environment Variables:
PATH=/usr/local/sbin:/usr/local/bin:/usr/sbin:/usr/bin:/sbin:/bin:/usr/games
USERNAME=skel
LD_LIBRARY_PATH=/usr/lib/jvm/java-7-oracle/jre/lib/amd64/server:/usr/lib/jvm/java-7-oracle/jre/lib/amd64:/usr/lib/jvm/java-7-oracle/jre/../lib/amd64:/usr/lib/jvm/java-6-sun-1.6.0.26/jre/lib/amd64/server:/usr/lib/jvm/java-6-sun-1.6.0.26/jre/lib/amd64:/usr/lib/jvm/java-6-sun-1.6.0.26/jre/../lib/amd64
SHELL=/bin/bash
DISPLAY=:0.0

Signal Handlers:
SIGSEGV: [libjvm.so+0x8a5d70], sa_mask[0]=0x7ffbfeff, sa_flags=0x10000004
SIGBUS: [libjvm.so+0x8a5d70], sa_mask[0]=0x7ffbfeff, sa_flags=0x10000004
SIGFPE: [libjvm.so+0x741e50], sa_mask[0]=0x7ffbfeff, sa_flags=0x10000004
SIGPIPE: [libjvm.so+0x741e50], sa_mask[0]=0x7ffbfeff, sa_flags=0x10000004
SIGXFSZ: [libjvm.so+0x741e50], sa_mask[0]=0x7ffbfeff, sa_flags=0x10000004
SIGILL: [libjvm.so+0x741e50], sa_mask[0]=0x7ffbfeff, sa_flags=0x10000004
SIGUSR1: SIG_DFL, sa_mask[0]=0x00000000, sa_flags=0x00000000
SIGUSR2: [libjvm.so+0x7417a0], sa_mask[0]=0x00000004, sa_flags=0x10000004
SIGHUP: [libjvm.so+0x743b30], sa_mask[0]=0x7ffbfeff, sa_flags=0x10000004
SIGINT: [libjvm.so+0x743b30], sa_mask[0]=0x7ffbfeff, sa_flags=0x10000004
SIGTERM: [libjvm.so+0x743b30], sa_mask[0]=0x7ffbfeff, sa_flags=0x10000004
SIGQUIT: [libjvm.so+0x743b30], sa_mask[0]=0x7ffbfeff, sa_flags=0x10000004


---------------  S Y S T E M  ---------------

OS:squeeze/sid

uname:Linux 2.6.38-8-generic #42-Ubuntu SMP Mon Apr 11 03:31:24 UTC 2011 x86_64
libc:glibc 2.13 NPTL 2.13 
rlimit: STACK 8192k, CORE 0k, NPROC infinity, NOFILE 4096, AS infinity
load average:2.05 2.06 2.05

/proc/meminfo:
MemTotal:        8192576 kB
MemFree:           57324 kB
Buffers:          189168 kB
Cached:          2063700 kB
SwapCached:         9228 kB
Active:          5102012 kB
Inactive:        1814388 kB
Active(anon):    4008208 kB
Inactive(anon):   716048 kB
Active(file):    1093804 kB
Inactive(file):  1098340 kB
Unevictable:          80 kB
Mlocked:              80 kB
SwapTotal:       8384508 kB
SwapFree:        8185128 kB
Dirty:              1996 kB
Writeback:             0 kB
AnonPages:       4656976 kB
Mapped:           718896 kB
Shmem:             60576 kB
Slab:             276716 kB
SReclaimable:     188084 kB
SUnreclaim:        88632 kB
KernelStack:       11664 kB
PageTables:        72780 kB
NFS_Unstable:          0 kB
Bounce:                0 kB
WritebackTmp:          0 kB
CommitLimit:    12480796 kB
Committed_AS:   18086776 kB
VmallocTotal:   34359738367 kB
VmallocUsed:      368196 kB
VmallocChunk:   34359362428 kB
HardwareCorrupted:     0 kB
HugePages_Total:       0
HugePages_Free:        0
HugePages_Rsvd:        0
HugePages_Surp:        0
Hugepagesize:       2048 kB
DirectMap4k:     7985600 kB
DirectMap2M:      401408 kB
DirectMap1G:           0 kB


CPU:total 3 (3 cores per cpu, 1 threads per core) family 16 model 5 stepping 3, cmov, cx8, fxsr, mmx, sse, sse2, sse3, popcnt, mmxext, 3dnowpref, lzcnt, sse4a, tsc, tscinvbit, tscinv

/proc/cpuinfo:
processor	: 0
vendor_id	: AuthenticAMD
cpu family	: 16
model		: 5
model name	: AMD Athlon(tm) II X3 450 Processor
stepping	: 3
cpu MHz		: 2000.000
cache size	: 512 KB
physical id	: 0
siblings	: 3
core id		: 0
cpu cores	: 3
apicid		: 0
initial apicid	: 0
fpu		: yes
fpu_exception	: yes
cpuid level	: 5
wp		: yes
flags		: fpu vme de pse tsc msr pae mce cx8 apic sep mtrr pge mca cmov pat pse36 clflush mmx fxsr sse sse2 ht syscall nx mmxext fxsr_opt pdpe1gb rdtscp lm 3dnowext 3dnow constant_tsc rep_good nopl nonstop_tsc extd_apicid pni monitor cx16 popcnt lahf_lm cmp_legacy svm extapic cr8_legacy abm sse4a misalignsse 3dnowprefetch osvw ibs skinit wdt npt lbrv svm_lock nrip_save
bogomips	: 6429.36
TLB size	: 1024 4K pages
clflush size	: 64
cache_alignment	: 64
address sizes	: 48 bits physical, 48 bits virtual
power management: ts ttp tm stc 100mhzsteps hwpstate

processor	: 1
vendor_id	: AuthenticAMD
cpu family	: 16
model		: 5
model name	: AMD Athlon(tm) II X3 450 Processor
stepping	: 3
cpu MHz		: 800.000
cache size	: 512 KB
physical id	: 0
siblings	: 3
core id		: 1
cpu cores	: 3
apicid		: 1
initial apicid	: 1
fpu		: yes
fpu_exception	: yes
cpuid level	: 5
wp		: yes
flags		: fpu vme de pse tsc msr pae mce cx8 apic sep mtrr pge mca cmov pat pse36 clflush mmx fxsr sse sse2 ht syscall nx mmxext fxsr_opt pdpe1gb rdtscp lm 3dnowext 3dnow constant_tsc rep_good nopl nonstop_tsc extd_apicid pni monitor cx16 popcnt lahf_lm cmp_legacy svm extapic cr8_legacy abm sse4a misalignsse 3dnowprefetch osvw ibs skinit wdt npt lbrv svm_lock nrip_save
bogomips	: 6428.93
TLB size	: 1024 4K pages
clflush size	: 64
cache_alignment	: 64
address sizes	: 48 bits physical, 48 bits virtual
power management: ts ttp tm stc 100mhzsteps hwpstate

processor	: 2
vendor_id	: AuthenticAMD
cpu family	: 16
model		: 5
model name	: AMD Athlon(tm) II X3 450 Processor
stepping	: 3
cpu MHz		: 2000.000
cache size	: 512 KB
physical id	: 0
siblings	: 3
core id		: 2
cpu cores	: 3
apicid		: 2
initial apicid	: 2
fpu		: yes
fpu_exception	: yes
cpuid level	: 5
wp		: yes
flags		: fpu vme de pse tsc msr pae mce cx8 apic sep mtrr pge mca cmov pat pse36 clflush mmx fxsr sse sse2 ht syscall nx mmxext fxsr_opt pdpe1gb rdtscp lm 3dnowext 3dnow constant_tsc rep_good nopl nonstop_tsc extd_apicid pni monitor cx16 popcnt lahf_lm cmp_legacy svm extapic cr8_legacy abm sse4a misalignsse 3dnowprefetch osvw ibs skinit wdt npt lbrv svm_lock nrip_save
bogomips	: 6428.93
TLB size	: 1024 4K pages
clflush size	: 64
cache_alignment	: 64
address sizes	: 48 bits physical, 48 bits virtual
power management: ts ttp tm stc 100mhzsteps hwpstate



Memory: 4k page, physical 8192576k(57324k free), swap 8384508k(8185128k free)

vm_info: Java HotSpot(TM) 64-Bit Server VM (23.7-b01) for linux-amd64 JRE (1.7.0_17-b02), built on Mar  1 2013 02:59:06 by "java_re" with gcc 4.3.0 20080428 (Red Hat 4.3.0-8)

time: Sat Jun  1 11:50:42 2013
elapsed time: 6 seconds

